2026-01-04 01:21:47,199 - __main__ - INFO - ============================================================
2026-01-04 01:21:47,199 - __main__ - INFO - Starting cache warmer job
2026-01-04 01:21:47,199 - cache_manager - INFO - Cache manager initialized: .cache
2026-01-04 01:21:47,200 - cache_manager - INFO - Default TTL: 86400 seconds (24.0 hours)
2026-01-04 01:21:47,200 - netshot_api - INFO - Caching enabled: TTL=86400s, dir=.cache
2026-01-04 01:21:47,312 - dhcp_database - INFO - Connected to DHCP database at 127.0.0.1:3306
2026-01-04 01:21:47,403 - app_cache - INFO - Connected to cache database: localhost:3307/li_xml
2026-01-04 01:21:47,403 - __main__ - INFO - Fetching CMTS devices from Netshot...
2026-01-04 01:21:47,403 - netshot_api - INFO - Fetching CMTS devices from Netshot group 207
2026-01-04 01:22:52,783 - netshot_api - INFO - Found 459 CMTS devices in group 207
2026-01-04 01:22:52,800 - __main__ - INFO - Found 459 CMTS devices
2026-01-04 01:22:52,899 - __main__ - INFO - [1/459] lw05cbr65: DHCP=✓ (8 scopes)
2026-01-04 01:22:53,014 - __main__ - INFO - [2/459] BVK-LC0001-CCAP001: DHCP=✓ (73 scopes)
2026-01-04 01:22:53,164 - __main__ - INFO - [3/459] WS-RC0001-CCAP002: DHCP=✓ (28 scopes)
2026-01-04 01:22:53,343 - __main__ - INFO - [4/459] SSH-RC0004-CCAP005: DHCP=✓ (35 scopes)
2026-01-04 01:22:53,461 - __main__ - INFO - [5/459] rt33cbr61: DHCP=✓ (25 scopes)
2026-01-04 01:22:53,561 - __main__ - INFO - [6/459] ERB-LC0012-CCAP201: DHCP=✓ (8 scopes)
2026-01-04 01:22:53,677 - __main__ - INFO - [7/459] ad32abr48: DHCP=✓ (66 scopes)
2026-01-04 01:22:53,785 - __main__ - INFO - [8/459] ASD-LC0107-CCAP201: DHCP=✓ (33 scopes)
2026-01-04 01:22:53,891 - __main__ - INFO - [9/459] WM-LC0112-CCAP202: DHCP=✓ (13 scopes)
2026-01-04 01:22:53,996 - __main__ - INFO - [10/459] ZH-LC0001-CCAP001: DHCP=✓ (29 scopes)
2026-01-04 01:22:54,111 - __main__ - INFO - [11/459] UT-LC0002-CCAP001: DHCP=✓ (67 scopes)
2026-01-04 01:22:54,226 - __main__ - INFO - [12/459] RML-LC0022-CCAP201: DHCP=✓ (30 scopes)
2026-01-04 01:22:54,328 - __main__ - INFO - [13/459] GN-LC0006-CCAP001: DHCP=✓ (45 scopes)
2026-01-04 01:22:54,430 - __main__ - INFO - [14/459] RY-LC0031-CCAP201: DHCP=✓ (18 scopes)
2026-01-04 01:22:54,545 - __main__ - INFO - [15/459] HGL-RC0001-CCAP201: DHCP=✓ (38 scopes)
2026-01-04 01:22:54,650 - __main__ - INFO - [16/459] OV-LC0001-CCAP001: DHCP=✓ (20 scopes)
2026-01-04 01:22:54,778 - __main__ - INFO - [17/459] HVS-RC0002-CCAP001: DHCP=✓ (55 scopes)
2026-01-04 01:22:54,779 - __main__ - WARNING - [18/459] [NONAME]: Missing primary subnet or hostname
2026-01-04 01:22:54,904 - __main__ - INFO - [19/459] zv01cbr63: DHCP=✓ (39 scopes)
2026-01-04 01:22:55,008 - __main__ - INFO - [20/459] ah00cbr67: DHCP=✓ (32 scopes)
2026-01-04 01:22:55,113 - __main__ - INFO - [21/459] ZVB-LC0022-CCAP201: DHCP=✓ (25 scopes)
2026-01-04 01:22:55,219 - __main__ - INFO - [22/459] nm05cbr69: DHCP=✓ (9 scopes)
2026-01-04 01:22:55,329 - __main__ - INFO - [23/459] GR-RC0001-CCAP202: DHCP=✓ (39 scopes)
2026-01-04 01:22:55,439 - __main__ - INFO - [24/459] NV-LC0001-CCAP001: DHCP=✓ (30 scopes)
2026-01-04 01:22:55,557 - __main__ - INFO - [25/459] ZTM-LC0002-CCAP001: DHCP=✓ (39 scopes)
2026-01-04 01:22:55,664 - __main__ - INFO - [26/459] TB-LC0013-CCAP001: DHCP=✓ (27 scopes)
2026-01-04 01:22:55,765 - __main__ - INFO - [27/459] VT-LC0051-CCAP001: DHCP=✓ (22 scopes)
2026-01-04 01:22:55,877 - __main__ - INFO - [28/459] ad32abr49: DHCP=✓ (5 scopes)
2026-01-04 01:22:55,985 - __main__ - INFO - [29/459] ASN-LC0001-CCAP001: DHCP=✓ (33 scopes)
2026-01-04 01:22:56,099 - __main__ - INFO - [30/459] HVS-RC0002-CCAP201: DHCP=✓ (45 scopes)
2026-01-04 01:22:56,202 - __main__ - INFO - [31/459] BGNH-LC0001-CCAP001: DHCP=✓ (29 scopes)
2026-01-04 01:22:56,296 - __main__ - INFO - [32/459] LML-RC0001-CCAP001: DHCP=✓ (49 scopes)
2026-01-04 01:22:56,395 - __main__ - INFO - [33/459] HV-LC0052-CCAP201: DHCP=✓ (17 scopes)
2026-01-04 01:22:56,395 - __main__ - WARNING - [34/459] GV-RC0011-VCAS001: Missing primary subnet or hostname
2026-01-04 01:22:56,503 - __main__ - INFO - [35/459] NM-LC0100-CCAP202: DHCP=✓ (16 scopes)
2026-01-04 01:22:56,609 - __main__ - INFO - [36/459] HT-LC0014-CCAP001: DHCP=✓ (20 scopes)
2026-01-04 01:22:56,724 - __main__ - INFO - [37/459] ad00cbr68: DHCP=✓ (24 scopes)
2026-01-04 01:22:56,837 - __main__ - INFO - [38/459] zv26cbr64: DHCP=✓ (21 scopes)
2026-01-04 01:22:56,940 - __main__ - INFO - [39/459] TB-LC0051-CCAP201: DHCP=✓ (15 scopes)
2026-01-04 01:22:57,043 - __main__ - INFO - [40/459] hm10cbr66: DHCP=✓ (29 scopes)
2026-01-04 01:22:57,145 - __main__ - INFO - [41/459] HT-LC0011-CCAP001: DHCP=✓ (30 scopes)
2026-01-04 01:22:57,260 - __main__ - INFO - [42/459] lw11cbr61: DHCP=✓ (24 scopes)
2026-01-04 01:22:57,370 - __main__ - INFO - [43/459] rt72cbr65: DHCP=✓ (33 scopes)
2026-01-04 01:22:57,472 - __main__ - INFO - [44/459] nm01cbr62: DHCP=✓ (37 scopes)
2026-01-04 01:22:57,577 - __main__ - INFO - [45/459] DBR-LC0001-CCAP001: DHCP=✓ (23 scopes)
2026-01-04 01:22:57,682 - __main__ - INFO - [46/459] rt01abr47: DHCP=✓ (17 scopes)
2026-01-04 01:22:57,782 - __main__ - INFO - [47/459] nm04cbr62: DHCP=✓ (16 scopes)
2026-01-04 01:22:57,890 - __main__ - INFO - [48/459] BD-RC0002-CCAP002: DHCP=✓ (53 scopes)
2026-01-04 01:22:58,012 - __main__ - INFO - [49/459] MND-RC0001-CCAP202: DHCP=✓ (33 scopes)
2026-01-04 01:22:58,119 - __main__ - INFO - [50/459] ad00cbr65: DHCP=✓ (47 scopes)
2026-01-04 01:22:58,237 - __main__ - INFO - [51/459] TB-RC0001-CCAP003: DHCP=✓ (71 scopes)
2026-01-04 01:22:58,345 - __main__ - INFO - [52/459] VENR-RC0001-CCAP201: DHCP=✓ (41 scopes)
2026-01-04 01:22:58,450 - __main__ - INFO - [53/459] MP-LC0001-CCAP201: DHCP=✓ (55 scopes)
2026-01-04 01:22:58,544 - __main__ - INFO - [54/459] zv33cbr60: DHCP=✓ (16 scopes)
2026-01-04 01:22:58,645 - __main__ - INFO - [55/459] zv54abr44: DHCP=✓ (18 scopes)
2026-01-04 01:22:58,752 - __main__ - INFO - [56/459] BERH-LC0001-CCAP001: DHCP=✓ (15 scopes)
2026-01-04 01:22:58,859 - __main__ - INFO - [57/459] ES-LC0006-CCAP001: DHCP=✓ (35 scopes)
2026-01-04 01:22:58,963 - __main__ - INFO - [58/459] DV-LC0001-CCAP001: DHCP=✓ (21 scopes)
2026-01-04 01:22:59,064 - __main__ - INFO - [59/459] BRGN-LC0012-CCAP201: DHCP=✓ (28 scopes)
2026-01-04 01:22:59,176 - __main__ - INFO - [60/459] HLO-LC0001-CCAP201: DHCP=✓ (56 scopes)
2026-01-04 01:22:59,309 - __main__ - INFO - [61/459] AL-RC0263-CCAP001: DHCP=✓ (64 scopes)
2026-01-04 01:22:59,410 - __main__ - INFO - [62/459] rt43cbr64: DHCP=✓ (14 scopes)
2026-01-04 01:22:59,515 - __main__ - INFO - [63/459] hm14cbr61: DHCP=✓ (28 scopes)
2026-01-04 01:22:59,623 - __main__ - INFO - [64/459] ASV-RC0004-CCAP001: DHCP=✓ (50 scopes)
2026-01-04 01:22:59,723 - __main__ - INFO - [65/459] LPK-LC0001-CCAP001: DHCP=✓ (34 scopes)
2026-01-04 01:22:59,830 - __main__ - INFO - [66/459] TB-LC0043-CCAP001: DHCP=✓ (26 scopes)
2026-01-04 01:22:59,924 - __main__ - INFO - [67/459] AL-RC0263-CCAP003: DHCP=✓ (8 scopes)
2026-01-04 01:23:00,038 - __main__ - INFO - [68/459] OTH-LC0007-CCAP003: DHCP=✓ (69 scopes)
2026-01-04 01:23:00,135 - __main__ - INFO - [69/459] WVN-LC0001-CCAP001: DHCP=✓ (26 scopes)
2026-01-04 01:23:00,260 - __main__ - INFO - [70/459] LD-LC0001-CCAP001: DHCP=✓ (65 scopes)
2026-01-04 01:23:00,370 - __main__ - INFO - [71/459] rt72cbr66: DHCP=✓ (34 scopes)
2026-01-04 01:23:00,492 - __main__ - INFO - [72/459] KP-LC0001-CCAP002: DHCP=✓ (53 scopes)
2026-01-04 01:23:00,607 - __main__ - INFO - [73/459] hv00cbr60: DHCP=✓ (21 scopes)
2026-01-04 01:23:00,724 - __main__ - INFO - [74/459] LEDN-LC0001-CCAP001: DHCP=✓ (59 scopes)
2026-01-04 01:23:00,836 - __main__ - INFO - [75/459] HEDR-LC0001-CCAP001: DHCP=✓ (58 scopes)
2026-01-04 01:23:00,941 - __main__ - INFO - [76/459] HGV-LC0001-CCAP201: DHCP=✓ (52 scopes)
2026-01-04 01:23:01,036 - __main__ - INFO - [77/459] VND-RC0001-CCAP002: DHCP=✓ (44 scopes)
2026-01-04 01:23:01,143 - __main__ - INFO - [78/459] SK-RC0001-CCAP001: DHCP=✓ (63 scopes)
2026-01-04 01:23:01,255 - __main__ - INFO - [79/459] GV-LC0005-CCAP001: DHCP=✓ (57 scopes)
2026-01-04 01:23:01,359 - __main__ - INFO - [80/459] rt18cbr69: DHCP=✓ (33 scopes)
2026-01-04 01:23:01,453 - __main__ - INFO - [81/459] ad11cbr65: DHCP=✓ (29 scopes)
2026-01-04 01:23:01,453 - __main__ - WARNING - [82/459] [NONAME]: Missing primary subnet or hostname
2026-01-04 01:23:01,560 - __main__ - INFO - [83/459] VAAL-LC0011-CCAP201: DHCP=✓ (15 scopes)
2026-01-04 01:23:01,676 - __main__ - INFO - [84/459] YM-LC0001-CCAP001: DHCP=✓ (47 scopes)
2026-01-04 01:23:01,789 - __main__ - INFO - [85/459] nm01cbr63: DHCP=✓ (16 scopes)
2026-01-04 01:23:01,894 - __main__ - INFO - [86/459] hm03abr48: DHCP=✓ (19 scopes)
2026-01-04 01:23:02,004 - __main__ - INFO - [87/459] rt30cbr61: DHCP=✓ (16 scopes)
2026-01-04 01:23:02,121 - __main__ - INFO - [88/459] KH-LC0035-CCAP001: DHCP=✓ (30 scopes)
2026-01-04 01:23:02,233 - __main__ - INFO - [89/459] BV-LC0001-CCAP001: DHCP=✓ (49 scopes)
2026-01-04 01:23:02,351 - __main__ - INFO - [90/459] GN-RC0001-CCAP001: DHCP=✓ (53 scopes)
2026-01-04 01:23:02,466 - __main__ - INFO - [91/459] lw00cbr68: DHCP=✓ (32 scopes)
2026-01-04 01:23:02,466 - __main__ - WARNING - [92/459] [NONAME]: Missing primary subnet or hostname
2026-01-04 01:23:02,585 - __main__ - INFO - [93/459] ZL-RC0001-CCAP002: DHCP=✓ (66 scopes)
2026-01-04 01:23:02,688 - __main__ - INFO - [94/459] ap04cbr64: DHCP=✓ (31 scopes)
2026-01-04 01:23:02,817 - __main__ - INFO - [95/459] DT-LC0002-CCAP001: DHCP=✓ (51 scopes)
2026-01-04 01:23:02,925 - __main__ - INFO - [96/459] UD-LC0014-CCAP201: DHCP=✓ (31 scopes)
2026-01-04 01:23:03,020 - __main__ - INFO - [97/459] LEK-LC0001-CCAP001: DHCP=✓ (28 scopes)
2026-01-04 01:23:03,119 - __main__ - INFO - [98/459] al01cbr61: DHCP=✓ (30 scopes)
2026-01-04 01:23:03,223 - __main__ - INFO - [99/459] ML-RC0002-CCAP201: DHCP=✓ (20 scopes)
2026-01-04 01:23:03,331 - __main__ - INFO - [100/459] ad33abr49: DHCP=✓ (12 scopes)
2026-01-04 01:23:03,425 - __main__ - INFO - [101/459] GENN-LC0031-CCAP201: DHCP=✓ (28 scopes)
2026-01-04 01:23:03,526 - __main__ - INFO - [102/459] GN-LC0003-CCAP001: DHCP=✓ (41 scopes)
2026-01-04 01:23:03,632 - __main__ - INFO - [103/459] VENL-RC0003-CCAP001: DHCP=✓ (44 scopes)
2026-01-04 01:23:03,752 - __main__ - INFO - [104/459] SOS-LC0001-CCAP001: DHCP=✓ (36 scopes)
2026-01-04 01:23:04,080 - __main__ - INFO - [105/459] BLT-LC0011-CCAP001: DHCP=✓ (52 scopes)
2026-01-04 01:23:05,056 - __main__ - INFO - [106/459] GV-RC0052-CCAP002: DHCP=✓ (57 scopes)
2026-01-04 01:23:05,700 - __main__ - INFO - [107/459] zv02abr41: DHCP=✓ (37 scopes)
2026-01-04 01:23:06,381 - __main__ - INFO - [108/459] ap05abr41: DHCP=✓ (15 scopes)
2026-01-04 01:23:06,499 - __main__ - INFO - [109/459] ah02cbr63: DHCP=✓ (40 scopes)
2026-01-04 01:23:06,611 - __main__ - INFO - [110/459] BBK-LC0011-CCAP201: DHCP=✓ (29 scopes)
2026-01-04 01:23:06,718 - __main__ - INFO - [111/459] BORN-LC0021-CCAP201: DHCP=✓ (33 scopes)
2026-01-04 01:23:06,819 - __main__ - INFO - [112/459] RSH-LC0001-CCAP001: DHCP=✓ (10 scopes)
2026-01-04 01:23:06,919 - __main__ - INFO - [113/459] hm03abr47: DHCP=✓ (39 scopes)
2026-01-04 01:23:07,012 - __main__ - INFO - [114/459] ROER-LC0021-CCAP001: DHCP=✓ (25 scopes)
2026-01-04 01:23:07,117 - __main__ - INFO - [115/459] lw10cbr60: DHCP=✓ (31 scopes)
2026-01-04 01:23:07,225 - __main__ - INFO - [116/459] ls02abr43: DHCP=✓ (28 scopes)
2026-01-04 01:23:07,330 - __main__ - INFO - [117/459] hm02cbr62: DHCP=✓ (34 scopes)
2026-01-04 01:23:07,454 - __main__ - INFO - [118/459] NKK-LC0053-CCAP001: DHCP=✓ (44 scopes)
2026-01-04 01:23:07,564 - __main__ - INFO - [119/459] ES-LC0001-CCAP001: DHCP=✓ (34 scopes)
2026-01-04 01:23:07,673 - __main__ - INFO - [120/459] ad16abr45: DHCP=✓ (36 scopes)
2026-01-04 01:23:07,789 - __main__ - INFO - [121/459] ap09cbr69: DHCP=✓ (10 scopes)
2026-01-04 01:23:07,910 - __main__ - INFO - [122/459] rt72cbr67: DHCP=✓ (41 scopes)
2026-01-04 01:23:08,027 - __main__ - INFO - [123/459] lw03cbr67: DHCP=✓ (17 scopes)
2026-01-04 01:23:08,139 - __main__ - INFO - [124/459] rt37abr49: DHCP=✓ (41 scopes)
2026-01-04 01:23:08,240 - __main__ - INFO - [125/459] hm05abr42: DHCP=✓ (15 scopes)
2026-01-04 01:23:08,345 - __main__ - INFO - [126/459] hm23cbr63: DHCP=✓ (17 scopes)
2026-01-04 01:23:08,447 - __main__ - INFO - [127/459] rt53cbr68: DHCP=✓ (16 scopes)
2026-01-04 01:23:08,558 - __main__ - INFO - [128/459] GN-RC0001-CCAP002: DHCP=✓ (62 scopes)
2026-01-04 01:23:08,694 - __main__ - INFO - [129/459] HHW-LC0001-CCAP001: DHCP=✓ (67 scopes)
2026-01-04 01:23:08,788 - __main__ - INFO - [130/459] rt13cbr68: DHCP=✓ (37 scopes)
2026-01-04 01:23:08,892 - __main__ - INFO - [131/459] rt23cbr63: DHCP=✓ (37 scopes)
2026-01-04 01:23:08,999 - __main__ - INFO - [132/459] ZWDK-LC0001-CCAP001: DHCP=✓ (44 scopes)
2026-01-04 01:23:09,092 - __main__ - INFO - [133/459] WRW-LC0001-CCAP001: DHCP=✓ (17 scopes)
2026-01-04 01:23:09,186 - __main__ - INFO - [134/459] ap08abr48: DHCP=✓ (18 scopes)
2026-01-04 01:23:09,289 - __main__ - INFO - [135/459] zv19abr43: DHCP=✓ (19 scopes)
2026-01-04 01:23:09,401 - __main__ - INFO - [136/459] ed02cbr62: DHCP=✓ (28 scopes)
2026-01-04 01:23:09,522 - __main__ - INFO - [137/459] rt12cbr69: DHCP=✓ (39 scopes)
2026-01-04 01:23:09,650 - __main__ - INFO - [138/459] HGZ-LC0001-CCAP001: DHCP=✓ (45 scopes)
2026-01-04 01:23:09,763 - __main__ - INFO - [139/459] SBRN-RC0001-CCAP202: DHCP=✓ (22 scopes)
2026-01-04 01:23:09,868 - __main__ - INFO - [140/459] HMS-LC0001-CCAP001: DHCP=✓ (27 scopes)
2026-01-04 01:23:09,988 - __main__ - INFO - [141/459] ad05abr44: DHCP=✓ (46 scopes)
2026-01-04 01:23:10,111 - __main__ - INFO - [142/459] HFD-LC0011-CCAP201: DHCP=✓ (22 scopes)
2026-01-04 01:23:10,226 - __main__ - INFO - [143/459] VB-LC0001-CCAP002: DHCP=✓ (39 scopes)
2026-01-04 01:23:10,339 - __main__ - INFO - [144/459] SMH-LC0001-CCAP001: DHCP=✓ (13 scopes)
2026-01-04 01:23:10,464 - __main__ - INFO - [145/459] MAS-LC0002-CCAP001: DHCP=✓ (31 scopes)
2026-01-04 01:23:10,574 - __main__ - INFO - [146/459] DV-LC0003-CCAP001: DHCP=✓ (21 scopes)
2026-01-04 01:23:10,685 - __main__ - INFO - [147/459] rt26cbr67: DHCP=✓ (31 scopes)
2026-01-04 01:23:10,782 - __main__ - INFO - [148/459] ASD-LC0107-CCAP202: DHCP=✓ (30 scopes)
2026-01-04 01:23:10,884 - __main__ - INFO - [149/459] SAK-LC0021-CCAP001: DHCP=✓ (27 scopes)
2026-01-04 01:23:10,990 - __main__ - INFO - [150/459] TL-LC0108-CCAP201: DHCP=✓ (28 scopes)
2026-01-04 01:23:11,093 - __main__ - INFO - [151/459] hm06cbr66: DHCP=✓ (21 scopes)
2026-01-04 01:23:11,222 - __main__ - INFO - [152/459] MP-LC0001-CCAP202: DHCP=✓ (7 scopes)
2026-01-04 01:23:11,322 - __main__ - INFO - [153/459] HLM-LC0122-CCAP202: DHCP=✓ (22 scopes)
2026-01-04 01:23:11,426 - __main__ - INFO - [154/459] rt72cbr64: DHCP=✓ (34 scopes)
2026-01-04 01:23:11,528 - __main__ - INFO - [155/459] HRST-LC0022-CCAP201: DHCP=✓ (34 scopes)
2026-01-04 01:23:11,626 - __main__ - INFO - [156/459] zv02abr42: DHCP=✓ (23 scopes)
2026-01-04 01:23:11,740 - __main__ - INFO - [157/459] ap02cbr62: DHCP=✓ (12 scopes)
2026-01-04 01:23:11,836 - __main__ - INFO - [158/459] er76cbr65: DHCP=✓ (14 scopes)
2026-01-04 01:23:11,940 - __main__ - INFO - [159/459] HEDR-LC0002-CCAP201: DHCP=✓ (41 scopes)
2026-01-04 01:23:12,057 - __main__ - INFO - [160/459] VB-LC0001-CCAP001: DHCP=✓ (53 scopes)
2026-01-04 01:23:12,159 - __main__ - INFO - [161/459] hm07cbr68: DHCP=✓ (25 scopes)
2026-01-04 01:23:12,256 - __main__ - INFO - [162/459] HL-LC0001-CCAP201: DHCP=✓ (24 scopes)
2026-01-04 01:23:12,352 - __main__ - INFO - [163/459] DV-RC0001-CCAP001: DHCP=✓ (18 scopes)
2026-01-04 01:23:12,458 - __main__ - INFO - [164/459] ah00cbr68: DHCP=✓ (34 scopes)
2026-01-04 01:23:12,563 - __main__ - INFO - [165/459] CA-RC0002-CCAP002: DHCP=✓ (10 scopes)
2026-01-04 01:23:12,676 - __main__ - INFO - [166/459] HL-LC0001-CCAP001: DHCP=✓ (14 scopes)
2026-01-04 01:23:12,784 - __main__ - INFO - [167/459] RSN-LC0004-CCAP001: DHCP=✓ (16 scopes)
2026-01-04 01:23:12,887 - __main__ - INFO - [168/459] MSDK-LC0031-CCAP001: DHCP=✓ (18 scopes)
2026-01-04 01:23:12,987 - __main__ - INFO - [169/459] DBR-RC0133-CCAP001: DHCP=✓ (16 scopes)
2026-01-04 01:23:13,080 - __main__ - INFO - [170/459] rt27cbr63: DHCP=✓ (14 scopes)
2026-01-04 01:23:13,197 - __main__ - INFO - [171/459] GV-RC0011-CCAPV001: DHCP=✓ (68 scopes)
2026-01-04 01:23:13,305 - __main__ - INFO - [172/459] nm03cbr63: DHCP=✓ (36 scopes)
2026-01-04 01:23:13,436 - __main__ - INFO - [173/459] MAS-LC0001-CCAP001: DHCP=✓ (25 scopes)
2026-01-04 01:23:13,554 - __main__ - INFO - [174/459] hv01cbr69: DHCP=✓ (21 scopes)
2026-01-04 01:23:13,674 - __main__ - INFO - [175/459] rt51cbr67: DHCP=✓ (16 scopes)
2026-01-04 01:23:13,796 - __main__ - INFO - [176/459] rt35cbr65: DHCP=✓ (42 scopes)
2026-01-04 01:23:13,908 - __main__ - INFO - [177/459] ZL-RC0001-CCAP001: DHCP=✓ (60 scopes)
2026-01-04 01:23:14,036 - __main__ - INFO - [178/459] GV-LC0003-CCAP001: DHCP=✓ (42 scopes)
2026-01-04 01:23:14,147 - __main__ - INFO - [179/459] HDB-LC0001-CCAP201: DHCP=✓ (41 scopes)
2026-01-04 01:23:14,244 - __main__ - INFO - [180/459] rt73cbr60: DHCP=✓ (37 scopes)
2026-01-04 01:23:14,339 - __main__ - INFO - [181/459] ES-LC0004-CCAP201: DHCP=✓ (29 scopes)
2026-01-04 01:23:14,448 - __main__ - INFO - [182/459] mt01cbr61: DHCP=✓ (27 scopes)
2026-01-04 01:23:14,553 - __main__ - INFO - [183/459] rt06cbr62: DHCP=✓ (26 scopes)
2026-01-04 01:23:14,664 - __main__ - INFO - [184/459] zv01cbr64: DHCP=✓ (9 scopes)
2026-01-04 01:23:14,772 - __main__ - INFO - [185/459] MA-LC0001-CCAP001: DHCP=✓ (24 scopes)
2026-01-04 01:23:14,882 - __main__ - INFO - [186/459] GV-RC0011-CCAP006: DHCP=✓ (51 scopes)
2026-01-04 01:23:14,992 - __main__ - INFO - [187/459] er60cbr69: DHCP=✓ (34 scopes)
2026-01-04 01:23:15,118 - __main__ - INFO - [188/459] LS-LC0001-CCAP201: DHCP=✓ (25 scopes)
2026-01-04 01:23:15,241 - __main__ - INFO - [189/459] ASD-LC0104-CCAP202: DHCP=✓ (22 scopes)
2026-01-04 01:23:15,350 - __main__ - INFO - [190/459] MOE-LC0022-CCAP201: DHCP=✓ (37 scopes)
2026-01-04 01:23:15,461 - __main__ - INFO - [191/459] GV-RC0011-CCAP005: DHCP=✓ (56 scopes)
2026-01-04 01:23:15,567 - __main__ - INFO - [192/459] BLT-LC0011-CCAP002: DHCP=✓ (38 scopes)
2026-01-04 01:23:15,671 - __main__ - INFO - [193/459] MND-RC0001-CCAP001: DHCP=✓ (23 scopes)
2026-01-04 01:23:15,795 - __main__ - INFO - [194/459] ASV-RC0004-CCAP002: DHCP=✓ (55 scopes)
2026-01-04 01:23:15,918 - __main__ - INFO - [195/459] hm27cbr66: DHCP=✓ (40 scopes)
2026-01-04 01:23:16,030 - __main__ - INFO - [196/459] rt13cbr69: DHCP=✓ (20 scopes)
2026-01-04 01:23:16,135 - __main__ - INFO - [197/459] lw08cbr68: DHCP=✓ (29 scopes)
2026-01-04 01:23:16,246 - __main__ - INFO - [198/459] UT-LC0005-CCAP001: DHCP=✓ (31 scopes)
2026-01-04 01:23:16,348 - __main__ - INFO - [199/459] rt25cbr62: DHCP=✓ (7 scopes)
2026-01-04 01:23:16,461 - __main__ - INFO - [200/459] STWK-LC0001-CCAP001: DHCP=✓ (39 scopes)
2026-01-04 01:23:16,556 - __main__ - INFO - [201/459] ap03cbr69: DHCP=✓ (27 scopes)
2026-01-04 01:23:16,655 - __main__ - INFO - [202/459] hm13cbr66: DHCP=✓ (13 scopes)
2026-01-04 01:23:16,762 - __main__ - INFO - [203/459] GN-RC0001-CCAP201: DHCP=✓ (34 scopes)
2026-01-04 01:23:16,864 - __main__ - INFO - [204/459] HDR-LC0111-CCAP201: DHCP=✓ (37 scopes)
2026-01-04 01:23:16,973 - __main__ - INFO - [205/459] GV-RC0011-CCAP004: DHCP=✓ (57 scopes)
2026-01-04 01:23:17,090 - __main__ - INFO - [206/459] VENL-RC0003-CCAP002: DHCP=✓ (53 scopes)
2026-01-04 01:23:17,205 - __main__ - INFO - [207/459] zv38abr48: DHCP=✓ (43 scopes)
2026-01-04 01:23:17,318 - __main__ - INFO - [208/459] hm18cbr61: DHCP=✓ (31 scopes)
2026-01-04 01:23:17,426 - __main__ - INFO - [209/459] rt28abr44: DHCP=✓ (18 scopes)
2026-01-04 01:23:17,522 - __main__ - INFO - [210/459] AH-LC0105-CCAP202: DHCP=✓ (4 scopes)
2026-01-04 01:23:17,628 - __main__ - INFO - [211/459] ah06cbr66: DHCP=✓ (17 scopes)
2026-01-04 01:23:17,729 - __main__ - INFO - [212/459] rt42cbr69: DHCP=✓ (26 scopes)
2026-01-04 01:23:17,840 - __main__ - INFO - [213/459] APG-LC0001-CCAP001: DHCP=✓ (51 scopes)
2026-01-04 01:23:17,939 - __main__ - INFO - [214/459] rt19abr44: DHCP=✓ (41 scopes)
2026-01-04 01:23:18,045 - __main__ - INFO - [215/459] DBR-RC0133-CCAP002: DHCP=✓ (23 scopes)
2026-01-04 01:23:18,152 - __main__ - INFO - [216/459] ls05abr42: DHCP=✓ (15 scopes)
2026-01-04 01:23:18,260 - __main__ - INFO - [217/459] BDH-LC0001-CCAP001: DHCP=✓ (18 scopes)
2026-01-04 01:23:18,376 - __main__ - INFO - [218/459] GV-LC0009-CCAP001: DHCP=✓ (48 scopes)
2026-01-04 01:23:18,491 - __main__ - INFO - [219/459] GELE-RC0002-CCAP202: DHCP=✓ (44 scopes)
2026-01-04 01:23:18,603 - __main__ - INFO - [220/459] nm03cbr64: DHCP=✓ (5 scopes)
2026-01-04 01:23:18,715 - __main__ - INFO - [221/459] NM-LC0100-CCAP201: DHCP=✓ (40 scopes)
2026-01-04 01:23:18,832 - __main__ - INFO - [222/459] rt52cbr67: DHCP=✓ (18 scopes)
2026-01-04 01:23:18,940 - __main__ - INFO - [223/459] zv30cbr64: DHCP=✓ (18 scopes)
2026-01-04 01:23:19,047 - __main__ - INFO - [224/459] HLM-LC0122-CCAP203: DHCP=✓ (58 scopes)
2026-01-04 01:23:19,151 - __main__ - INFO - [225/459] HFD-LC0002-CCAP001: DHCP=✓ (18 scopes)
2026-01-04 01:23:19,256 - __main__ - INFO - [226/459] BD-LC0004-CCAP002: DHCP=✓ (52 scopes)
2026-01-04 01:23:19,358 - __main__ - INFO - [227/459] hm27cbr65: DHCP=✓ (34 scopes)
2026-01-04 01:23:19,461 - __main__ - INFO - [228/459] ad16abr43: DHCP=✓ (52 scopes)
2026-01-04 01:23:19,567 - __main__ - INFO - [229/459] rt04abr43: DHCP=✓ (26 scopes)
2026-01-04 01:23:19,664 - __main__ - INFO - [230/459] TTR-LC0001-CCAP001: DHCP=✓ (12 scopes)
2026-01-04 01:23:19,768 - __main__ - INFO - [231/459] nm09cbr67: DHCP=✓ (25 scopes)
2026-01-04 01:23:19,881 - __main__ - INFO - [232/459] GV-RC0011-CCAP003: DHCP=✓ (62 scopes)
2026-01-04 01:23:19,988 - __main__ - INFO - [233/459] MARG-LC0022-CCAP201: DHCP=✓ (39 scopes)
2026-01-04 01:23:20,100 - __main__ - INFO - [234/459] hm02cbr61: DHCP=✓ (15 scopes)
2026-01-04 01:23:20,211 - __main__ - INFO - [235/459] rt14cbr61: DHCP=✓ (36 scopes)
2026-01-04 01:23:20,343 - __main__ - INFO - [236/459] NUTH-LC0034-CCAP201: DHCP=✓ (32 scopes)
2026-01-04 01:23:20,452 - __main__ - INFO - [237/459] er72cbr62: DHCP=✓ (29 scopes)
2026-01-04 01:23:20,564 - __main__ - INFO - [238/459] nm10cbr62: DHCP=✓ (29 scopes)
2026-01-04 01:23:20,669 - __main__ - INFO - [239/459] zv08cbr65: DHCP=✓ (15 scopes)
2026-01-04 01:23:20,779 - __main__ - INFO - [240/459] TB-LC0041-CCAP201: DHCP=✓ (39 scopes)
2026-01-04 01:23:20,886 - __main__ - INFO - [241/459] RSD-RC0001-CCAP001: DHCP=✓ (49 scopes)
2026-01-04 01:23:21,009 - __main__ - INFO - [242/459] hm10cbr69: DHCP=✓ (18 scopes)
2026-01-04 01:23:21,107 - __main__ - INFO - [243/459] RWK-LC0001-CCAP001: DHCP=✓ (56 scopes)
2026-01-04 01:23:21,220 - __main__ - INFO - [244/459] ROD-LC0001-CCAP001: DHCP=✓ (28 scopes)
2026-01-04 01:23:21,326 - __main__ - INFO - [245/459] BD-RC0002-CCAP001: DHCP=✓ (55 scopes)
2026-01-04 01:23:21,436 - __main__ - INFO - [246/459] OS-LC0033-CCAP003: DHCP=✓ (61 scopes)
2026-01-04 01:23:21,530 - __main__ - INFO - [247/459] ls01cbr65: DHCP=✓ (17 scopes)
2026-01-04 01:23:21,631 - __main__ - INFO - [248/459] rt41cbr62: DHCP=✓ (28 scopes)
2026-01-04 01:23:21,739 - __main__ - INFO - [249/459] CO-LC0001-CCAP001: DHCP=✓ (20 scopes)
2026-01-04 01:23:21,846 - __main__ - INFO - [250/459] AL-RC0263-CCAP004: DHCP=✓ (56 scopes)
2026-01-04 01:23:21,954 - __main__ - INFO - [251/459] er82cbr64: DHCP=✓ (14 scopes)
2026-01-04 01:23:22,085 - __main__ - INFO - [252/459] SPK-LC0001-CCAP001: DHCP=✓ (23 scopes)
2026-01-04 01:23:22,195 - __main__ - INFO - [253/459] RSD-LC0003-CCAP001: DHCP=✓ (33 scopes)
2026-01-04 01:23:22,302 - __main__ - INFO - [254/459] FA-LC0021-CCAP201: DHCP=✓ (17 scopes)
2026-01-04 01:23:22,433 - __main__ - INFO - [255/459] HT-RC0001-CCAP002: DHCP=✓ (65 scopes)
2026-01-04 01:23:22,533 - __main__ - INFO - [256/459] HLM-LC0001-CCAP201: DHCP=✓ (26 scopes)
2026-01-04 01:23:22,643 - __main__ - INFO - [257/459] BEEK-LC0012-CCAP201: DHCP=✓ (43 scopes)
2026-01-04 01:23:22,756 - __main__ - INFO - [258/459] GV-LC0001-CCAP001: DHCP=✓ (52 scopes)
2026-01-04 01:23:22,870 - __main__ - INFO - [259/459] WAR-LC0001-CCAP001: DHCP=✓ (14 scopes)
2026-01-04 01:23:22,981 - __main__ - INFO - [260/459] KERK-LC0031-CCAP201: DHCP=✓ (62 scopes)
2026-01-04 01:23:23,092 - __main__ - INFO - [261/459] ap10cbr60: DHCP=✓ (41 scopes)
2026-01-04 01:23:23,208 - __main__ - INFO - [262/459] rt19abr45: DHCP=✓ (8 scopes)
2026-01-04 01:23:23,321 - __main__ - INFO - [263/459] HM-LC0111-CCAP201: DHCP=✓ (36 scopes)
2026-01-04 01:23:23,443 - __main__ - INFO - [264/459] ah01abr40: DHCP=✓ (13 scopes)
2026-01-04 01:23:23,573 - __main__ - INFO - [265/459] LAND-RC0001-CCAP202: DHCP=✓ (52 scopes)
2026-01-04 01:23:23,688 - __main__ - INFO - [266/459] OWD-LC0001-CCAP001: DHCP=✓ (23 scopes)
2026-01-04 01:23:23,820 - __main__ - INFO - [267/459] WS-RC0001-CCAP001: DHCP=✓ (55 scopes)
2026-01-04 01:23:23,933 - __main__ - INFO - [268/459] BDG-LC0001-CCAP001: DHCP=✓ (21 scopes)
2026-01-04 01:23:24,031 - __main__ - INFO - [269/459] NVEN-LC0001-CCAP001: DHCP=✓ (26 scopes)
2026-01-04 01:23:24,146 - __main__ - INFO - [270/459] BOL-LC0001-CCAP001: DHCP=✓ (36 scopes)
2026-01-04 01:23:24,244 - __main__ - INFO - [271/459] rt54abr46: DHCP=✓ (20 scopes)
2026-01-04 01:23:24,364 - __main__ - INFO - [272/459] AMF-RC0004-CCAP004: DHCP=✓ (83 scopes)
2026-01-04 01:23:24,463 - __main__ - INFO - [273/459] ak00cbr60: DHCP=✓ (44 scopes)
2026-01-04 01:23:24,572 - __main__ - INFO - [274/459] mt06cbr69: DHCP=✓ (18 scopes)
2026-01-04 01:23:24,685 - __main__ - INFO - [275/459] HT-LC0024-CCAP001: DHCP=✓ (29 scopes)
2026-01-04 01:23:24,806 - __main__ - INFO - [276/459] WM-LC0112-CCAP201: DHCP=✓ (50 scopes)
2026-01-04 01:23:24,921 - __main__ - INFO - [277/459] VENL-RC0003-CCAP003: DHCP=✓ (56 scopes)
2026-01-04 01:23:25,038 - __main__ - INFO - [278/459] er66cbr64: DHCP=✓ (27 scopes)
2026-01-04 01:23:25,143 - __main__ - INFO - [279/459] BD-RC0002-CCAP202: DHCP=✓ (44 scopes)
2026-01-04 01:23:25,260 - __main__ - INFO - [280/459] hv02abr42: DHCP=✓ (6 scopes)
2026-01-04 01:23:25,358 - __main__ - INFO - [281/459] rt46cbr64: DHCP=✓ (26 scopes)
2026-01-04 01:23:25,472 - __main__ - INFO - [282/459] HVS-LC0108-CCAP202: DHCP=✓ (21 scopes)
2026-01-04 01:23:25,570 - __main__ - INFO - [283/459] SIMP-LC0032-CCAP201: DHCP=✓ (15 scopes)
2026-01-04 01:23:25,683 - __main__ - INFO - [284/459] ed02cbr63: DHCP=✓ (14 scopes)
2026-01-04 01:23:25,792 - __main__ - INFO - [285/459] ed03abr43: DHCP=✓ (25 scopes)
2026-01-04 01:23:25,911 - __main__ - INFO - [286/459] TB-RC0001-CCAP001: DHCP=✓ (60 scopes)
2026-01-04 01:23:26,036 - __main__ - INFO - [287/459] EMN-RC0001-CCAP002: DHCP=✓ (50 scopes)
2026-01-04 01:23:26,148 - __main__ - INFO - [288/459] HFD-LC0013-CCAP201: DHCP=✓ (28 scopes)
2026-01-04 01:23:26,252 - __main__ - INFO - [289/459] MRLO-LC0021-CCAP001: DHCP=✓ (11 scopes)
2026-01-04 01:23:26,360 - __main__ - INFO - [290/459] HGL-RC0001-CCAP202: DHCP=✓ (39 scopes)
2026-01-04 01:23:26,462 - __main__ - INFO - [291/459] rt01abr46: DHCP=✓ (49 scopes)
2026-01-04 01:23:26,573 - __main__ - INFO - [292/459] ES-LC0003-CCAP001: DHCP=✓ (24 scopes)
2026-01-04 01:23:26,673 - __main__ - INFO - [293/459] GV-LC0006-CCAP002: DHCP=✓ (9 scopes)
2026-01-04 01:23:26,781 - __main__ - INFO - [294/459] lw07cbr62: DHCP=✓ (25 scopes)
2026-01-04 01:23:26,898 - __main__ - INFO - [295/459] ad11abr47: DHCP=✓ (89 scopes)
2026-01-04 01:23:27,019 - __main__ - INFO - [296/459] LML-RC0001-CCAP002: DHCP=✓ (51 scopes)
2026-01-04 01:23:27,125 - __main__ - INFO - [297/459] MND-RC0001-CCAP004: DHCP=✓ (70 scopes)
2026-01-04 01:23:27,236 - __main__ - INFO - [298/459] TL-LC0108-CCAP202: DHCP=✓ (17 scopes)
2026-01-04 01:23:27,355 - __main__ - INFO - [299/459] hm20cbr63: DHCP=✓ (24 scopes)
2026-01-04 01:23:27,455 - __main__ - INFO - [300/459] HOO-LC0011-CCAP201: DHCP=✓ (20 scopes)
2026-01-04 01:23:27,557 - __main__ - INFO - [301/459] al03cbr63: DHCP=✓ (20 scopes)
2026-01-04 01:23:27,655 - __main__ - INFO - [302/459] GLE-LC0024-CCAP001: DHCP=✓ (31 scopes)
2026-01-04 01:23:27,753 - __main__ - INFO - [303/459] hm21cbr67: DHCP=✓ (18 scopes)
2026-01-04 01:23:27,868 - __main__ - INFO - [304/459] rt44abr46: DHCP=✓ (51 scopes)
2026-01-04 01:23:27,985 - __main__ - INFO - [305/459] ZTM-LC0003-CCAP001: DHCP=✓ (44 scopes)
2026-01-04 01:23:28,094 - __main__ - INFO - [306/459] HZ-LC0002-CCAP001: DHCP=✓ (26 scopes)
2026-01-04 01:23:28,223 - __main__ - INFO - [307/459] ah04cbr68: DHCP=✓ (26 scopes)
2026-01-04 01:23:28,339 - __main__ - INFO - [308/459] ad05abr46: DHCP=✓ (31 scopes)
2026-01-04 01:23:28,462 - __main__ - INFO - [309/459] rt47cbr68: DHCP=✓ (17 scopes)
2026-01-04 01:23:28,582 - __main__ - INFO - [310/459] VESB-LC0001-CCAP001: DHCP=✓ (32 scopes)
2026-01-04 01:23:28,680 - __main__ - INFO - [311/459] er78cbr66: DHCP=✓ (12 scopes)
2026-01-04 01:23:28,807 - __main__ - INFO - [312/459] NW-LC0001-CCAP001: DHCP=✓ (50 scopes)
2026-01-04 01:23:28,924 - __main__ - INFO - [313/459] lw06cbr63: DHCP=✓ (7 scopes)
2026-01-04 01:23:29,027 - __main__ - INFO - [314/459] hm16cbr67: DHCP=✓ (32 scopes)
2026-01-04 01:23:29,129 - __main__ - INFO - [315/459] SDL-LC0042-CCAP001: DHCP=✓ (18 scopes)
2026-01-04 01:23:29,239 - __main__ - INFO - [316/459] ad01cbr61: DHCP=✓ (33 scopes)
2026-01-04 01:23:29,339 - __main__ - INFO - [317/459] HVS-LC0108-CCAP201: DHCP=✓ (36 scopes)
2026-01-04 01:23:29,429 - __main__ - INFO - [318/459] al04cbr61: DHCP=✓ (8 scopes)
2026-01-04 01:23:29,534 - __main__ - INFO - [319/459] GN-LC0002-CCAP201: DHCP=✓ (40 scopes)
2026-01-04 01:23:29,635 - __main__ - INFO - [320/459] ed01cbr61: DHCP=✓ (38 scopes)
2026-01-04 01:23:29,759 - __main__ - INFO - [321/459] ZL-RC0001-CCAP003: DHCP=✓ (70 scopes)
2026-01-04 01:23:29,871 - __main__ - INFO - [322/459] HEEM-LC0002-CCAP001: DHCP=✓ (65 scopes)
2026-01-04 01:23:29,976 - __main__ - INFO - [323/459] ad13cbr60: DHCP=✓ (29 scopes)
2026-01-04 01:23:30,080 - __main__ - INFO - [324/459] ap10cbr61: DHCP=✓ (26 scopes)
2026-01-04 01:23:30,188 - __main__ - INFO - [325/459] HM-LC0111-CCAP202: DHCP=✓ (18 scopes)
2026-01-04 01:23:30,292 - __main__ - INFO - [326/459] ad33abr47: DHCP=✓ (62 scopes)
2026-01-04 01:23:30,393 - __main__ - INFO - [327/459] rt25cbr61: DHCP=✓ (36 scopes)
2026-01-04 01:23:30,504 - __main__ - INFO - [328/459] zv32cbr65: DHCP=✓ (10 scopes)
2026-01-04 01:23:30,626 - __main__ - INFO - [329/459] SK-RC0001-CCAP002: DHCP=✓ (75 scopes)
2026-01-04 01:23:30,750 - __main__ - INFO - [330/459] hm04cbr65: DHCP=✓ (12 scopes)
2026-01-04 01:23:30,861 - __main__ - INFO - [331/459] hm24cbr64: DHCP=✓ (13 scopes)
2026-01-04 01:23:31,626 - __main__ - INFO - [332/459] ASD-LC0104-CCAP201: DHCP=✓ (54 scopes)
2026-01-04 01:23:32,571 - __main__ - INFO - [333/459] MND-RC0001-CCAP005: DHCP=✓ (71 scopes)
2026-01-04 01:23:33,059 - __main__ - INFO - [334/459] LW-LC0102-CCAP201: DHCP=✓ (43 scopes)
2026-01-04 01:23:33,170 - __main__ - INFO - [335/459] ZOB-LC0002-CCAP001: DHCP=✓ (48 scopes)
2026-01-04 01:23:33,288 - __main__ - INFO - [336/459] ad33abr48: DHCP=✓ (63 scopes)
2026-01-04 01:23:33,398 - __main__ - INFO - [337/459] SSH-RC0004-CCAP004: DHCP=✓ (54 scopes)
2026-01-04 01:23:33,527 - __main__ - INFO - [338/459] SK-RC0001-CCAP003: DHCP=✓ (55 scopes)
2026-01-04 01:23:33,638 - __main__ - INFO - [339/459] rt05abr40: DHCP=✓ (62 scopes)
2026-01-04 01:23:33,741 - __main__ - INFO - [340/459] SCHN-LC0013-CCAP201: DHCP=✓ (29 scopes)
2026-01-04 01:23:33,848 - __main__ - INFO - [341/459] CU-LC0024-CCAP001: DHCP=✓ (27 scopes)
2026-01-04 01:23:33,960 - __main__ - INFO - [342/459] WR-LC0001-CCAP001: DHCP=✓ (43 scopes)
2026-01-04 01:23:34,070 - __main__ - INFO - [343/459] ZW-LC0001-CCAP001: DHCP=✓ (42 scopes)
2026-01-04 01:23:34,182 - __main__ - INFO - [344/459] BD-RC0002-CCAP201: DHCP=✓ (54 scopes)
2026-01-04 01:23:34,280 - __main__ - INFO - [345/459] VEG-LC0013-CCAP001: DHCP=✓ (27 scopes)
2026-01-04 01:23:34,380 - __main__ - INFO - [346/459] BEN-LC0001-CCAP001: DHCP=✓ (9 scopes)
2026-01-04 01:23:34,491 - __main__ - INFO - [347/459] HLM-LC0122-CCAP201: DHCP=✓ (46 scopes)
2026-01-04 01:23:34,581 - __main__ - INFO - [348/459] NVEN-LC0002-CCAP001: DHCP=✓ (18 scopes)
2026-01-04 01:23:34,671 - __main__ - INFO - [349/459] VHZ-LC0001-CCAP001: DHCP=✓ (5 scopes)
2026-01-04 01:23:34,769 - __main__ - INFO - [350/459] al04cbr64: DHCP=✓ (39 scopes)
2026-01-04 01:23:34,860 - __main__ - INFO - [351/459] PM-LC0110-CCAP202: DHCP=✓ (35 scopes)
2026-01-04 01:23:34,966 - __main__ - INFO - [352/459] ad32abr47: DHCP=✓ (70 scopes)
2026-01-04 01:23:35,079 - __main__ - INFO - [353/459] ad00cbr66: DHCP=✓ (51 scopes)
2026-01-04 01:23:35,186 - __main__ - INFO - [354/459] OGT-LC0007-CCAP201: DHCP=✓ (34 scopes)
2026-01-04 01:23:35,280 - __main__ - INFO - [355/459] hm09cbr60: DHCP=✓ (15 scopes)
2026-01-04 01:23:35,374 - __main__ - INFO - [356/459] hm27cbr67: DHCP=✓ (5 scopes)
2026-01-04 01:23:35,469 - __main__ - INFO - [357/459] BKP-LC0001-CCAP001: DHCP=✓ (18 scopes)
2026-01-04 01:23:35,572 - __main__ - INFO - [358/459] EMN-RC0001-CCAP001: DHCP=✓ (60 scopes)
2026-01-04 01:23:35,683 - __main__ - INFO - [359/459] ad16abr44: DHCP=✓ (48 scopes)
2026-01-04 01:23:35,788 - __main__ - INFO - [360/459] rt29abr44: DHCP=✓ (22 scopes)
2026-01-04 01:23:35,889 - __main__ - INFO - [361/459] MTRI-RC0001-CCAP202: DHCP=✓ (19 scopes)
2026-01-04 01:23:36,003 - __main__ - INFO - [362/459] GN-LC0005-CCAP001: DHCP=✓ (35 scopes)
2026-01-04 01:23:36,113 - __main__ - INFO - [363/459] ASN-RC0002-CCAP001: DHCP=✓ (62 scopes)
2026-01-04 01:23:36,218 - __main__ - INFO - [364/459] GRD-LC0001-CCAP201: DHCP=✓ (27 scopes)
2026-01-04 01:23:36,321 - __main__ - INFO - [365/459] ls04cbr61: DHCP=✓ (19 scopes)
2026-01-04 01:23:36,423 - __main__ - INFO - [366/459] BT-LC0044-CCAP001: DHCP=✓ (18 scopes)
2026-01-04 01:23:36,517 - __main__ - INFO - [367/459] AMF-RC0004-CCAP003: DHCP=✓ (39 scopes)
2026-01-04 01:23:36,619 - __main__ - INFO - [368/459] ls00cbr60: DHCP=✓ (5 scopes)
2026-01-04 01:23:36,726 - __main__ - INFO - [369/459] BLOK-LC0002-CCAP001: DHCP=✓ (56 scopes)
2026-01-04 01:23:36,844 - __main__ - INFO - [370/459] HAEL-LC0012-CCAP001: DHCP=✓ (41 scopes)
2026-01-04 01:23:36,945 - __main__ - INFO - [371/459] TB-LC0052-CCAP001: DHCP=✓ (39 scopes)
2026-01-04 01:23:37,035 - __main__ - INFO - [372/459] mt00cbr69: DHCP=✓ (8 scopes)
2026-01-04 01:23:37,132 - __main__ - INFO - [373/459] VENL-RC0003-CCAP201: DHCP=✓ (14 scopes)
2026-01-04 01:23:37,239 - __main__ - INFO - [374/459] MND-RC0001-CCAP201: DHCP=✓ (36 scopes)
2026-01-04 01:23:37,343 - __main__ - INFO - [375/459] NWK-LC0001-CCAP001: DHCP=✓ (33 scopes)
2026-01-04 01:23:37,443 - __main__ - INFO - [376/459] TB-RC0001-CCAP002: DHCP=✓ (4 scopes)
2026-01-04 01:23:37,557 - __main__ - INFO - [377/459] ZTM-LC0004-CCAP001: DHCP=✓ (43 scopes)
2026-01-04 01:23:37,672 - __main__ - INFO - [378/459] SSH-RC0004-CCAP001: DHCP=✓ (46 scopes)
2026-01-04 01:23:37,778 - __main__ - INFO - [379/459] EYSD-LC0001-CCAP201: DHCP=✓ (18 scopes)
2026-01-04 01:23:37,883 - __main__ - INFO - [380/459] rt31cbr69: DHCP=✓ (22 scopes)
2026-01-04 01:23:37,987 - __main__ - INFO - [381/459] SGN-LC0001-CCAP001: DHCP=✓ (27 scopes)
2026-01-04 01:23:38,089 - __main__ - INFO - [382/459] SB-LC0013-CCAP001: DHCP=✓ (24 scopes)
2026-01-04 01:23:38,184 - __main__ - INFO - [383/459] lw01cbr63: DHCP=✓ (15 scopes)
2026-01-04 01:23:38,283 - __main__ - INFO - [384/459] rt32cbr64: DHCP=✓ (31 scopes)
2026-01-04 01:23:38,388 - __main__ - INFO - [385/459] HT-RC0001-CCAP001: DHCP=✓ (22 scopes)
2026-01-04 01:23:38,490 - __main__ - INFO - [386/459] RUP-LC0033-CCAP001: DHCP=✓ (37 scopes)
2026-01-04 01:23:38,594 - __main__ - INFO - [387/459] GV-LC0008-CCAP001: DHCP=✓ (47 scopes)
2026-01-04 01:23:38,709 - __main__ - INFO - [388/459] rt56cbr62: DHCP=✓ (33 scopes)
2026-01-04 01:23:38,815 - __main__ - INFO - [389/459] BWD-LC0001-CCAP001: DHCP=✓ (28 scopes)
2026-01-04 01:23:38,920 - __main__ - INFO - [390/459] GN-LC0004-CCAP201: DHCP=✓ (34 scopes)
2026-01-04 01:23:39,029 - __main__ - INFO - [391/459] MSBT-RC0001-CCAP201: DHCP=✓ (36 scopes)
2026-01-04 01:23:39,149 - __main__ - INFO - [392/459] GV-LC0011-CCAP001: DHCP=✓ (36 scopes)
2026-01-04 01:23:39,262 - __main__ - INFO - [393/459] CA-RC0002-CCAP001: DHCP=✓ (66 scopes)
2026-01-04 01:23:39,381 - __main__ - INFO - [394/459] BEES-LC0011-CCAP201: DHCP=✓ (29 scopes)
2026-01-04 01:23:39,483 - __main__ - INFO - [395/459] ad00cbr67: DHCP=✓ (43 scopes)
2026-01-04 01:23:39,585 - __main__ - INFO - [396/459] NDK-LC0001-CCAP001: DHCP=✓ (40 scopes)
2026-01-04 01:23:39,680 - __main__ - INFO - [397/459] hm15cbr65: DHCP=✓ (32 scopes)
2026-01-04 01:23:39,785 - __main__ - INFO - [398/459] lw09cbr69: DHCP=✓ (29 scopes)
2026-01-04 01:23:39,889 - __main__ - INFO - [399/459] GN-LC0001-CCAP201: DHCP=✓ (47 scopes)
2026-01-04 01:23:39,982 - __main__ - INFO - [400/459] KERK-LC0031-CCAP202: DHCP=✓ (11 scopes)
2026-01-04 01:23:40,087 - __main__ - INFO - [401/459] MND-RC0001-CCAP003: DHCP=✓ (60 scopes)
2026-01-04 01:23:40,206 - __main__ - INFO - [402/459] MTRI-LC0002-CCAP001: DHCP=✓ (40 scopes)
2026-01-04 01:23:40,318 - __main__ - INFO - [403/459] HKB-LC0001-CCAP001: DHCP=✓ (18 scopes)
2026-01-04 01:23:40,437 - __main__ - INFO - [404/459] HLEN-LC0023-CCAP001: DHCP=✓ (48 scopes)
2026-01-04 01:23:40,539 - __main__ - INFO - [405/459] al00abr49: DHCP=✓ (25 scopes)
2026-01-04 01:23:40,636 - __main__ - INFO - [406/459] VND-RC0001-CCAP001: DHCP=✓ (29 scopes)
2026-01-04 01:23:40,735 - __main__ - INFO - [407/459] WD-LC0002-CCAP001: DHCP=✓ (41 scopes)
2026-01-04 01:23:40,832 - __main__ - INFO - [408/459] rt50cbr66: DHCP=✓ (26 scopes)
2026-01-04 01:23:40,923 - __main__ - INFO - [409/459] ls03cbr65: DHCP=✓ (17 scopes)
2026-01-04 01:23:41,034 - __main__ - INFO - [410/459] AH-LC0105-CCAP201: DHCP=✓ (34 scopes)
2026-01-04 01:23:41,157 - __main__ - INFO - [411/459] hm12abr45: DHCP=✓ (15 scopes)
2026-01-04 01:23:41,266 - __main__ - INFO - [412/459] ad01cbr60: DHCP=✓ (38 scopes)
2026-01-04 01:23:41,370 - __main__ - INFO - [413/459] GV-LC0006-CCAP001: DHCP=✓ (51 scopes)
2026-01-04 01:23:41,468 - __main__ - INFO - [414/459] UT-LC0003-CCAP001: DHCP=✓ (47 scopes)
2026-01-04 01:23:41,562 - __main__ - INFO - [415/459] HGV-LC0001-CCAP202: DHCP=✓ (22 scopes)
2026-01-04 01:23:41,663 - __main__ - INFO - [416/459] ad14cbr60: DHCP=✓ (20 scopes)
2026-01-04 01:23:41,760 - __main__ - INFO - [417/459] HRN-LC0001-CCAP201: DHCP=✓ (27 scopes)
2026-01-04 01:23:41,864 - __main__ - INFO - [418/459] BOZ-RC0001-CCAP003: DHCP=✓ (62 scopes)
2026-01-04 01:23:41,966 - __main__ - INFO - [419/459] lw04abr45: DHCP=✓ (20 scopes)
2026-01-04 01:23:42,065 - __main__ - INFO - [420/459] al02cbr62: DHCP=✓ (25 scopes)
2026-01-04 01:23:42,163 - __main__ - INFO - [421/459] ASD-LC0107-CCAP203: DHCP=✓ (25 scopes)
2026-01-04 01:23:42,257 - __main__ - INFO - [422/459] TB-LC0042-CCAP201: DHCP=✓ (24 scopes)
2026-01-04 01:23:42,350 - __main__ - INFO - [423/459] rt39cbr63: DHCP=✓ (26 scopes)
2026-01-04 01:23:42,442 - __main__ - INFO - [424/459] ad01cbr62: DHCP=✓ (6 scopes)
2026-01-04 01:23:42,546 - __main__ - INFO - [425/459] ASN-RC0002-CCAP002: DHCP=✓ (77 scopes)
2026-01-04 01:23:42,649 - __main__ - INFO - [426/459] ah07cbr61: DHCP=✓ (30 scopes)
2026-01-04 01:23:42,755 - __main__ - INFO - [427/459] BN-LC0001-CCAP201: DHCP=✓ (20 scopes)
2026-01-04 01:23:42,859 - __main__ - INFO - [428/459] PM-LC0110-CCAP201: DHCP=✓ (40 scopes)
2026-01-04 01:23:42,957 - __main__ - INFO - [429/459] DV-LC0002-CCAP001: DHCP=✓ (16 scopes)
2026-01-04 01:23:43,051 - __main__ - INFO - [430/459] GV-RC0011-CCAP001: DHCP=✓ (5 scopes)
2026-01-04 01:23:43,157 - __main__ - INFO - [431/459] WEER-LC0022-CCAP201: DHCP=✓ (46 scopes)
2026-01-04 01:23:43,258 - __main__ - INFO - [432/459] CAS-LC0001-CCAP001: DHCP=✓ (31 scopes)
2026-01-04 01:23:43,362 - __main__ - INFO - [433/459] nm08cbr69: DHCP=✓ (15 scopes)
2026-01-04 01:23:43,462 - __main__ - INFO - [434/459] MI-LC0041-CCAP001: DHCP=✓ (26 scopes)
2026-01-04 01:23:43,568 - __main__ - INFO - [435/459] hm17cbr60: DHCP=✓ (13 scopes)
2026-01-04 01:23:43,670 - __main__ - INFO - [436/459] RMND-RC0001-CCAP202: DHCP=✓ (33 scopes)
2026-01-04 01:23:43,780 - __main__ - INFO - [437/459] mt04cbr68: DHCP=✓ (16 scopes)
2026-01-04 01:23:43,893 - __main__ - INFO - [438/459] ah03cbr63: DHCP=✓ (22 scopes)
2026-01-04 01:23:44,002 - __main__ - INFO - [439/459] hm19cbr66: DHCP=✓ (14 scopes)
2026-01-04 01:23:44,108 - __main__ - INFO - [440/459] ak00cbr62: DHCP=✓ (24 scopes)
2026-01-04 01:23:44,206 - __main__ - INFO - [441/459] nm07cbr62: DHCP=✓ (22 scopes)
2026-01-04 01:23:44,315 - __main__ - INFO - [442/459] RMND-RC0001-CCAP201: DHCP=✓ (57 scopes)
2026-01-04 01:23:44,418 - __main__ - INFO - [443/459] ZNB-LC0001-CCAP001: DHCP=✓ (15 scopes)
2026-01-04 01:23:44,523 - __main__ - INFO - [444/459] ad11cbr60: DHCP=✓ (21 scopes)
2026-01-04 01:23:44,636 - __main__ - INFO - [445/459] rt03cbr62: DHCP=✓ (30 scopes)
2026-01-04 01:23:44,729 - __main__ - INFO - [446/459] ak00cbr61: DHCP=✓ (36 scopes)
2026-01-04 01:23:44,830 - __main__ - INFO - [447/459] mt02cbr68: DHCP=✓ (7 scopes)
2026-01-04 01:23:44,931 - __main__ - INFO - [448/459] rt48cbr68: DHCP=✓ (24 scopes)
2026-01-04 01:23:45,049 - __main__ - INFO - [449/459] LEDN-LC0002-CCAP001: DHCP=✓ (73 scopes)
2026-01-04 01:23:45,159 - __main__ - INFO - [450/459] GELE-RC0002-CCAP001: DHCP=✓ (63 scopes)
2026-01-04 01:23:45,288 - __main__ - INFO - [451/459] HTN-LC0002-CCAP201: DHCP=✓ (38 scopes)
2026-01-04 01:23:45,411 - __main__ - INFO - [452/459] HT-LC0013-CCAP001: DHCP=✓ (27 scopes)
2026-01-04 01:23:45,510 - __main__ - INFO - [453/459] HZ-LC0001-CCAP002: DHCP=✓ (40 scopes)
2026-01-04 01:23:45,623 - __main__ - INFO - [454/459] ZND-LC0032-CCAP001: DHCP=✓ (25 scopes)
2026-01-04 01:23:45,740 - __main__ - INFO - [455/459] EDM-LC0001-CCAP001: DHCP=✓ (29 scopes)
2026-01-04 01:23:45,867 - __main__ - INFO - [456/459] LAND-RC0001-CCAP001: DHCP=✓ (101 scopes)
2026-01-04 01:23:45,968 - __main__ - INFO - [457/459] rt40cbr65: DHCP=✓ (27 scopes)
2026-01-04 01:23:46,084 - __main__ - INFO - [458/459] DT-LC0001-CCAP001: DHCP=✓ (47 scopes)
2026-01-04 01:23:46,185 - __main__ - INFO - [459/459] ad05abr40: DHCP=✓ (42 scopes)
2026-01-04 01:23:46,185 - __main__ - INFO - Cleaning up expired cache entries...
2026-01-04 01:23:46,232 - app_cache - INFO - Cleaned up 0 expired cache entries
2026-01-04 01:23:46,233 - __main__ - INFO - ============================================================
2026-01-04 01:23:46,233 - __main__ - INFO - Cache warmer completed in 119.0s
2026-01-04 01:23:46,233 - __main__ - INFO - Success: 455, Errors: 0
2026-01-04 01:23:46,233 - __main__ - INFO - ============================================================
