2026-01-03 23:46:49,214 - __main__ - INFO - ============================================================
2026-01-03 23:46:49,215 - __main__ - INFO - Starting cache warmer job
2026-01-03 23:46:49,215 - cache_manager - INFO - Cache manager initialized: .cache
2026-01-03 23:46:49,215 - cache_manager - INFO - Default TTL: 86400 seconds (24.0 hours)
2026-01-03 23:46:49,215 - netshot_api - INFO - Caching enabled: TTL=86400s, dir=.cache
2026-01-03 23:46:49,331 - dhcp_database - INFO - Connected to DHCP database at 127.0.0.1:3306
2026-01-03 23:46:49,441 - app_cache - INFO - Connected to cache database: localhost:3307/li_xml
2026-01-03 23:46:49,441 - __main__ - INFO - Fetching CMTS devices from Netshot...
2026-01-03 23:46:49,441 - netshot_api - INFO - Fetching CMTS devices from Netshot group 207
2026-01-03 23:46:49,781 - netshot_api - INFO - Found 8 subnets from CMTS_LI_SUBNETS diagnostic for lw05cbr65
2026-01-03 23:46:50,169 - netshot_api - INFO - Found 73 subnets from CMTS_LI_SUBNETS diagnostic for BVK-LC0001-CCAP001
2026-01-03 23:46:50,458 - netshot_api - INFO - Found 28 subnets from CMTS_LI_SUBNETS diagnostic for WS-RC0001-CCAP002
2026-01-03 23:46:50,745 - netshot_api - INFO - Found 35 subnets from CMTS_LI_SUBNETS diagnostic for SSH-RC0004-CCAP005
2026-01-03 23:46:51,021 - netshot_api - INFO - Found 25 subnets from CMTS_LI_SUBNETS diagnostic for rt33cbr61
2026-01-03 23:46:51,434 - netshot_api - INFO - Found 8 subnets from CMTS_LI_SUBNETS diagnostic for ERB-LC0012-CCAP201
2026-01-03 23:46:51,691 - netshot_api - INFO - Found 66 subnets from CMTS_LI_SUBNETS diagnostic for ad32abr48
2026-01-03 23:46:52,119 - netshot_api - INFO - Found 33 subnets from CMTS_LI_SUBNETS diagnostic for ASD-LC0107-CCAP201
2026-01-03 23:46:52,428 - netshot_api - INFO - Found 13 subnets from CMTS_LI_SUBNETS diagnostic for WM-LC0112-CCAP202
2026-01-03 23:46:52,726 - netshot_api - INFO - Found 29 subnets from CMTS_LI_SUBNETS diagnostic for ZH-LC0001-CCAP001
2026-01-03 23:46:53,009 - netshot_api - INFO - Found 67 subnets from CMTS_LI_SUBNETS diagnostic for UT-LC0002-CCAP001
2026-01-03 23:46:53,275 - netshot_api - INFO - Found 30 subnets from CMTS_LI_SUBNETS diagnostic for RML-LC0022-CCAP201
2026-01-03 23:46:53,528 - netshot_api - INFO - Found 45 subnets from CMTS_LI_SUBNETS diagnostic for GN-LC0006-CCAP001
2026-01-03 23:46:53,803 - netshot_api - INFO - Found 18 subnets from CMTS_LI_SUBNETS diagnostic for RY-LC0031-CCAP201
2026-01-03 23:46:54,089 - netshot_api - INFO - Found 38 subnets from CMTS_LI_SUBNETS diagnostic for HGL-RC0001-CCAP201
2026-01-03 23:46:54,358 - netshot_api - INFO - Found 20 subnets from CMTS_LI_SUBNETS diagnostic for OV-LC0001-CCAP001
2026-01-03 23:46:54,618 - netshot_api - INFO - Found 55 subnets from CMTS_LI_SUBNETS diagnostic for HVS-RC0002-CCAP001
2026-01-03 23:46:54,876 - netshot_api - WARNING - CMTS_LI_SUBNETS diagnostic not found for [NONAME] (found 0 other diagnostics)
2026-01-03 23:46:55,164 - netshot_api - INFO - Found 39 subnets from CMTS_LI_SUBNETS diagnostic for zv01cbr63
2026-01-03 23:46:55,553 - netshot_api - INFO - Found 32 subnets from CMTS_LI_SUBNETS diagnostic for ah00cbr67
2026-01-03 23:46:55,937 - netshot_api - INFO - Found 25 subnets from CMTS_LI_SUBNETS diagnostic for ZVB-LC0022-CCAP201
2026-01-03 23:46:56,206 - netshot_api - INFO - Found 9 subnets from CMTS_LI_SUBNETS diagnostic for nm05cbr69
2026-01-03 23:46:56,607 - netshot_api - INFO - Found 39 subnets from CMTS_LI_SUBNETS diagnostic for GR-RC0001-CCAP202
2026-01-03 23:46:56,863 - netshot_api - INFO - Found 30 subnets from CMTS_LI_SUBNETS diagnostic for NV-LC0001-CCAP001
2026-01-03 23:46:57,129 - netshot_api - INFO - Found 39 subnets from CMTS_LI_SUBNETS diagnostic for ZTM-LC0002-CCAP001
2026-01-03 23:46:57,396 - netshot_api - INFO - Found 27 subnets from CMTS_LI_SUBNETS diagnostic for TB-LC0013-CCAP001
2026-01-03 23:46:57,648 - netshot_api - INFO - Found 22 subnets from CMTS_LI_SUBNETS diagnostic for VT-LC0051-CCAP001
2026-01-03 23:46:57,889 - netshot_api - INFO - Found 5 subnets from CMTS_LI_SUBNETS diagnostic for ad32abr49
2026-01-03 23:46:58,281 - netshot_api - INFO - Found 33 subnets from CMTS_LI_SUBNETS diagnostic for ASN-LC0001-CCAP001
2026-01-03 23:46:58,544 - netshot_api - INFO - Found 45 subnets from CMTS_LI_SUBNETS diagnostic for HVS-RC0002-CCAP201
2026-01-03 23:46:58,831 - netshot_api - INFO - Found 29 subnets from CMTS_LI_SUBNETS diagnostic for BGNH-LC0001-CCAP001
2026-01-03 23:46:59,117 - netshot_api - INFO - Found 49 subnets from CMTS_LI_SUBNETS diagnostic for LML-RC0001-CCAP001
2026-01-03 23:46:59,369 - netshot_api - INFO - Found 17 subnets from CMTS_LI_SUBNETS diagnostic for HV-LC0052-CCAP201
2026-01-03 23:46:59,636 - netshot_api - WARNING - CMTS_LI_SUBNETS diagnostic exists but returned no subnets for GV-RC0011-VCAS001
2026-01-03 23:46:59,917 - netshot_api - INFO - Found 16 subnets from CMTS_LI_SUBNETS diagnostic for NM-LC0100-CCAP202
2026-01-03 23:47:00,188 - netshot_api - INFO - Found 20 subnets from CMTS_LI_SUBNETS diagnostic for HT-LC0014-CCAP001
2026-01-03 23:47:00,462 - netshot_api - INFO - Found 24 subnets from CMTS_LI_SUBNETS diagnostic for ad00cbr68
2026-01-03 23:47:00,879 - netshot_api - INFO - Found 21 subnets from CMTS_LI_SUBNETS diagnostic for zv26cbr64
2026-01-03 23:47:01,275 - netshot_api - INFO - Found 15 subnets from CMTS_LI_SUBNETS diagnostic for TB-LC0051-CCAP201
2026-01-03 23:47:01,570 - netshot_api - INFO - Found 29 subnets from CMTS_LI_SUBNETS diagnostic for hm10cbr66
2026-01-03 23:47:02,007 - netshot_api - INFO - Found 30 subnets from CMTS_LI_SUBNETS diagnostic for HT-LC0011-CCAP001
2026-01-03 23:47:02,277 - netshot_api - INFO - Found 24 subnets from CMTS_LI_SUBNETS diagnostic for lw11cbr61
2026-01-03 23:47:02,677 - netshot_api - INFO - Found 33 subnets from CMTS_LI_SUBNETS diagnostic for rt72cbr65
2026-01-03 23:47:03,078 - netshot_api - INFO - Found 37 subnets from CMTS_LI_SUBNETS diagnostic for nm01cbr62
2026-01-03 23:47:03,494 - netshot_api - INFO - Found 23 subnets from CMTS_LI_SUBNETS diagnostic for DBR-LC0001-CCAP001
2026-01-03 23:47:03,763 - netshot_api - INFO - Found 17 subnets from CMTS_LI_SUBNETS diagnostic for rt01abr47
2026-01-03 23:47:04,192 - netshot_api - INFO - Found 16 subnets from CMTS_LI_SUBNETS diagnostic for nm04cbr62
2026-01-03 23:47:04,612 - netshot_api - INFO - Found 53 subnets from CMTS_LI_SUBNETS diagnostic for BD-RC0002-CCAP002
2026-01-03 23:47:04,878 - netshot_api - INFO - Found 33 subnets from CMTS_LI_SUBNETS diagnostic for MND-RC0001-CCAP202
2026-01-03 23:47:05,157 - netshot_api - INFO - Found 47 subnets from CMTS_LI_SUBNETS diagnostic for ad00cbr65
2026-01-03 23:47:05,570 - netshot_api - INFO - Found 71 subnets from CMTS_LI_SUBNETS diagnostic for TB-RC0001-CCAP003
2026-01-03 23:47:05,870 - netshot_api - INFO - Found 41 subnets from CMTS_LI_SUBNETS diagnostic for VENR-RC0001-CCAP201
2026-01-03 23:47:06,142 - netshot_api - INFO - Found 55 subnets from CMTS_LI_SUBNETS diagnostic for MP-LC0001-CCAP201
2026-01-03 23:47:06,425 - netshot_api - INFO - Found 16 subnets from CMTS_LI_SUBNETS diagnostic for zv33cbr60
2026-01-03 23:47:06,829 - netshot_api - INFO - Found 18 subnets from CMTS_LI_SUBNETS diagnostic for zv54abr44
2026-01-03 23:47:07,260 - netshot_api - INFO - Found 15 subnets from CMTS_LI_SUBNETS diagnostic for BERH-LC0001-CCAP001
2026-01-03 23:47:07,536 - netshot_api - INFO - Found 35 subnets from CMTS_LI_SUBNETS diagnostic for ES-LC0006-CCAP001
2026-01-03 23:47:07,812 - netshot_api - INFO - Found 21 subnets from CMTS_LI_SUBNETS diagnostic for DV-LC0001-CCAP001
2026-01-03 23:47:08,090 - netshot_api - INFO - Found 28 subnets from CMTS_LI_SUBNETS diagnostic for BRGN-LC0012-CCAP201
2026-01-03 23:47:08,401 - netshot_api - INFO - Found 56 subnets from CMTS_LI_SUBNETS diagnostic for HLO-LC0001-CCAP201
2026-01-03 23:47:08,659 - netshot_api - INFO - Found 64 subnets from CMTS_LI_SUBNETS diagnostic for AL-RC0263-CCAP001
2026-01-03 23:47:08,926 - netshot_api - INFO - Found 14 subnets from CMTS_LI_SUBNETS diagnostic for rt43cbr64
2026-01-03 23:47:09,326 - netshot_api - INFO - Found 28 subnets from CMTS_LI_SUBNETS diagnostic for hm14cbr61
2026-01-03 23:47:09,707 - netshot_api - INFO - Found 50 subnets from CMTS_LI_SUBNETS diagnostic for ASV-RC0004-CCAP001
2026-01-03 23:47:09,973 - netshot_api - INFO - Found 34 subnets from CMTS_LI_SUBNETS diagnostic for LPK-LC0001-CCAP001
2026-01-03 23:47:10,264 - netshot_api - INFO - Found 26 subnets from CMTS_LI_SUBNETS diagnostic for TB-LC0043-CCAP001
2026-01-03 23:47:10,548 - netshot_api - INFO - Found 8 subnets from CMTS_LI_SUBNETS diagnostic for AL-RC0263-CCAP003
2026-01-03 23:47:10,866 - netshot_api - INFO - Found 69 subnets from CMTS_LI_SUBNETS diagnostic for OTH-LC0007-CCAP003
2026-01-03 23:47:11,137 - netshot_api - INFO - Found 26 subnets from CMTS_LI_SUBNETS diagnostic for WVN-LC0001-CCAP001
2026-01-03 23:47:11,417 - netshot_api - INFO - Found 65 subnets from CMTS_LI_SUBNETS diagnostic for LD-LC0001-CCAP001
2026-01-03 23:47:11,735 - netshot_api - INFO - Found 34 subnets from CMTS_LI_SUBNETS diagnostic for rt72cbr66
2026-01-03 23:47:12,150 - netshot_api - INFO - Found 53 subnets from CMTS_LI_SUBNETS diagnostic for KP-LC0001-CCAP002
2026-01-03 23:47:12,522 - netshot_api - INFO - Found 21 subnets from CMTS_LI_SUBNETS diagnostic for hv00cbr60
2026-01-03 23:47:12,948 - netshot_api - INFO - Found 59 subnets from CMTS_LI_SUBNETS diagnostic for LEDN-LC0001-CCAP001
2026-01-03 23:47:13,263 - netshot_api - INFO - Found 58 subnets from CMTS_LI_SUBNETS diagnostic for HEDR-LC0001-CCAP001
2026-01-03 23:47:13,556 - netshot_api - INFO - Found 52 subnets from CMTS_LI_SUBNETS diagnostic for HGV-LC0001-CCAP201
2026-01-03 23:47:13,818 - netshot_api - INFO - Found 44 subnets from CMTS_LI_SUBNETS diagnostic for VND-RC0001-CCAP002
2026-01-03 23:47:14,161 - netshot_api - INFO - Found 63 subnets from CMTS_LI_SUBNETS diagnostic for SK-RC0001-CCAP001
2026-01-03 23:47:14,418 - netshot_api - INFO - Found 57 subnets from CMTS_LI_SUBNETS diagnostic for GV-LC0005-CCAP001
2026-01-03 23:47:14,690 - netshot_api - INFO - Found 33 subnets from CMTS_LI_SUBNETS diagnostic for rt18cbr69
2026-01-03 23:47:15,087 - netshot_api - INFO - Found 29 subnets from CMTS_LI_SUBNETS diagnostic for ad11cbr65
2026-01-03 23:47:15,473 - netshot_api - WARNING - CMTS_LI_SUBNETS diagnostic exists but returned no subnets for [NONAME]
2026-01-03 23:47:15,726 - netshot_api - INFO - Found 15 subnets from CMTS_LI_SUBNETS diagnostic for VAAL-LC0011-CCAP201
2026-01-03 23:47:16,011 - netshot_api - INFO - Found 47 subnets from CMTS_LI_SUBNETS diagnostic for YM-LC0001-CCAP001
2026-01-03 23:47:16,276 - netshot_api - INFO - Found 16 subnets from CMTS_LI_SUBNETS diagnostic for nm01cbr63
2026-01-03 23:47:16,649 - netshot_api - INFO - Found 19 subnets from CMTS_LI_SUBNETS diagnostic for hm03abr48
2026-01-03 23:47:17,045 - netshot_api - INFO - Found 16 subnets from CMTS_LI_SUBNETS diagnostic for rt30cbr61
2026-01-03 23:47:17,416 - netshot_api - INFO - Found 30 subnets from CMTS_LI_SUBNETS diagnostic for KH-LC0035-CCAP001
2026-01-03 23:47:17,685 - netshot_api - INFO - Found 49 subnets from CMTS_LI_SUBNETS diagnostic for BV-LC0001-CCAP001
2026-01-03 23:47:17,938 - netshot_api - INFO - Found 53 subnets from CMTS_LI_SUBNETS diagnostic for GN-RC0001-CCAP001
2026-01-03 23:47:18,231 - netshot_api - INFO - Found 32 subnets from CMTS_LI_SUBNETS diagnostic for lw00cbr68
2026-01-03 23:47:18,765 - netshot_api - WARNING - CMTS_LI_SUBNETS diagnostic not found for [NONAME] (found 0 other diagnostics)
2026-01-03 23:47:19,097 - netshot_api - INFO - Found 66 subnets from CMTS_LI_SUBNETS diagnostic for ZL-RC0001-CCAP002
2026-01-03 23:47:19,420 - netshot_api - INFO - Found 31 subnets from CMTS_LI_SUBNETS diagnostic for ap04cbr64
2026-01-03 23:47:19,827 - netshot_api - INFO - Found 51 subnets from CMTS_LI_SUBNETS diagnostic for DT-LC0002-CCAP001
2026-01-03 23:47:20,116 - netshot_api - INFO - Found 31 subnets from CMTS_LI_SUBNETS diagnostic for UD-LC0014-CCAP201
2026-01-03 23:47:20,395 - netshot_api - INFO - Found 28 subnets from CMTS_LI_SUBNETS diagnostic for LEK-LC0001-CCAP001
2026-01-03 23:47:20,702 - netshot_api - INFO - Found 30 subnets from CMTS_LI_SUBNETS diagnostic for al01cbr61
2026-01-03 23:47:21,119 - netshot_api - INFO - Found 20 subnets from CMTS_LI_SUBNETS diagnostic for ML-RC0002-CCAP201
2026-01-03 23:47:21,392 - netshot_api - INFO - Found 12 subnets from CMTS_LI_SUBNETS diagnostic for ad33abr49
2026-01-03 23:47:21,805 - netshot_api - INFO - Found 28 subnets from CMTS_LI_SUBNETS diagnostic for GENN-LC0031-CCAP201
2026-01-03 23:47:22,065 - netshot_api - INFO - Found 41 subnets from CMTS_LI_SUBNETS diagnostic for GN-LC0003-CCAP001
2026-01-03 23:47:22,322 - netshot_api - INFO - Found 44 subnets from CMTS_LI_SUBNETS diagnostic for VENL-RC0003-CCAP001
2026-01-03 23:47:22,594 - netshot_api - INFO - Found 36 subnets from CMTS_LI_SUBNETS diagnostic for SOS-LC0001-CCAP001
2026-01-03 23:47:22,895 - netshot_api - INFO - Found 52 subnets from CMTS_LI_SUBNETS diagnostic for BLT-LC0011-CCAP001
2026-01-03 23:47:23,177 - netshot_api - INFO - Found 57 subnets from CMTS_LI_SUBNETS diagnostic for GV-RC0052-CCAP002
2026-01-03 23:47:23,454 - netshot_api - INFO - Found 37 subnets from CMTS_LI_SUBNETS diagnostic for zv02abr41
2026-01-03 23:47:23,869 - netshot_api - INFO - Found 15 subnets from CMTS_LI_SUBNETS diagnostic for ap05abr41
2026-01-03 23:47:24,319 - netshot_api - INFO - Found 40 subnets from CMTS_LI_SUBNETS diagnostic for ah02cbr63
2026-01-03 23:47:24,712 - netshot_api - INFO - Found 29 subnets from CMTS_LI_SUBNETS diagnostic for BBK-LC0011-CCAP201
2026-01-03 23:47:24,998 - netshot_api - INFO - Found 33 subnets from CMTS_LI_SUBNETS diagnostic for BORN-LC0021-CCAP201
2026-01-03 23:47:25,308 - netshot_api - INFO - Found 10 subnets from CMTS_LI_SUBNETS diagnostic for RSH-LC0001-CCAP001
2026-01-03 23:47:25,573 - netshot_api - INFO - Found 39 subnets from CMTS_LI_SUBNETS diagnostic for hm03abr47
2026-01-03 23:47:25,975 - netshot_api - INFO - Found 25 subnets from CMTS_LI_SUBNETS diagnostic for ROER-LC0021-CCAP001
2026-01-03 23:47:26,277 - netshot_api - INFO - Found 31 subnets from CMTS_LI_SUBNETS diagnostic for lw10cbr60
2026-01-03 23:47:26,686 - netshot_api - INFO - Found 28 subnets from CMTS_LI_SUBNETS diagnostic for ls02abr43
2026-01-03 23:47:27,113 - netshot_api - INFO - Found 34 subnets from CMTS_LI_SUBNETS diagnostic for hm02cbr62
2026-01-03 23:47:27,496 - netshot_api - INFO - Found 44 subnets from CMTS_LI_SUBNETS diagnostic for NKK-LC0053-CCAP001
2026-01-03 23:47:27,775 - netshot_api - INFO - Found 34 subnets from CMTS_LI_SUBNETS diagnostic for ES-LC0001-CCAP001
2026-01-03 23:47:28,025 - netshot_api - INFO - Found 36 subnets from CMTS_LI_SUBNETS diagnostic for ad16abr45
2026-01-03 23:47:28,431 - netshot_api - INFO - Found 10 subnets from CMTS_LI_SUBNETS diagnostic for ap09cbr69
2026-01-03 23:47:28,850 - netshot_api - INFO - Found 41 subnets from CMTS_LI_SUBNETS diagnostic for rt72cbr67
2026-01-03 23:47:29,249 - netshot_api - INFO - Found 17 subnets from CMTS_LI_SUBNETS diagnostic for lw03cbr67
2026-01-03 23:47:29,628 - netshot_api - INFO - Found 41 subnets from CMTS_LI_SUBNETS diagnostic for rt37abr49
2026-01-03 23:47:30,036 - netshot_api - INFO - Found 15 subnets from CMTS_LI_SUBNETS diagnostic for hm05abr42
2026-01-03 23:47:30,572 - netshot_api - INFO - Found 17 subnets from CMTS_LI_SUBNETS diagnostic for hm23cbr63
2026-01-03 23:47:31,005 - netshot_api - INFO - Found 16 subnets from CMTS_LI_SUBNETS diagnostic for rt53cbr68
2026-01-03 23:47:31,462 - netshot_api - INFO - Found 62 subnets from CMTS_LI_SUBNETS diagnostic for GN-RC0001-CCAP002
2026-01-03 23:47:31,742 - netshot_api - INFO - Found 67 subnets from CMTS_LI_SUBNETS diagnostic for HHW-LC0001-CCAP001
2026-01-03 23:47:32,065 - netshot_api - INFO - Found 37 subnets from CMTS_LI_SUBNETS diagnostic for rt13cbr68
2026-01-03 23:47:32,510 - netshot_api - INFO - Found 37 subnets from CMTS_LI_SUBNETS diagnostic for rt23cbr63
2026-01-03 23:47:32,907 - netshot_api - INFO - Found 44 subnets from CMTS_LI_SUBNETS diagnostic for ZWDK-LC0001-CCAP001
2026-01-03 23:47:33,198 - netshot_api - INFO - Found 17 subnets from CMTS_LI_SUBNETS diagnostic for WRW-LC0001-CCAP001
2026-01-03 23:47:33,477 - netshot_api - INFO - Found 18 subnets from CMTS_LI_SUBNETS diagnostic for ap08abr48
2026-01-03 23:47:33,877 - netshot_api - INFO - Found 19 subnets from CMTS_LI_SUBNETS diagnostic for zv19abr43
2026-01-03 23:47:34,295 - netshot_api - INFO - Found 28 subnets from CMTS_LI_SUBNETS diagnostic for ed02cbr62
2026-01-03 23:47:34,702 - netshot_api - INFO - Found 39 subnets from CMTS_LI_SUBNETS diagnostic for rt12cbr69
2026-01-03 23:47:35,100 - netshot_api - INFO - Found 45 subnets from CMTS_LI_SUBNETS diagnostic for HGZ-LC0001-CCAP001
2026-01-03 23:47:35,520 - netshot_api - INFO - Found 22 subnets from CMTS_LI_SUBNETS diagnostic for SBRN-RC0001-CCAP202
2026-01-03 23:47:35,819 - netshot_api - INFO - Found 27 subnets from CMTS_LI_SUBNETS diagnostic for HMS-LC0001-CCAP001
2026-01-03 23:47:36,136 - netshot_api - INFO - Found 46 subnets from CMTS_LI_SUBNETS diagnostic for ad05abr44
2026-01-03 23:47:36,535 - netshot_api - INFO - Found 22 subnets from CMTS_LI_SUBNETS diagnostic for HFD-LC0011-CCAP201
2026-01-03 23:47:36,799 - netshot_api - INFO - Found 39 subnets from CMTS_LI_SUBNETS diagnostic for VB-LC0001-CCAP002
2026-01-03 23:47:37,075 - netshot_api - INFO - Found 13 subnets from CMTS_LI_SUBNETS diagnostic for SMH-LC0001-CCAP001
2026-01-03 23:47:37,354 - netshot_api - INFO - Found 31 subnets from CMTS_LI_SUBNETS diagnostic for MAS-LC0002-CCAP001
2026-01-03 23:47:37,631 - netshot_api - INFO - Found 21 subnets from CMTS_LI_SUBNETS diagnostic for DV-LC0003-CCAP001
2026-01-03 23:47:37,938 - netshot_api - INFO - Found 31 subnets from CMTS_LI_SUBNETS diagnostic for rt26cbr67
2026-01-03 23:47:38,355 - netshot_api - INFO - Found 30 subnets from CMTS_LI_SUBNETS diagnostic for ASD-LC0107-CCAP202
2026-01-03 23:47:38,633 - netshot_api - INFO - Found 27 subnets from CMTS_LI_SUBNETS diagnostic for SAK-LC0021-CCAP001
2026-01-03 23:47:38,906 - netshot_api - INFO - Found 28 subnets from CMTS_LI_SUBNETS diagnostic for TL-LC0108-CCAP201
2026-01-03 23:47:39,191 - netshot_api - INFO - Found 21 subnets from CMTS_LI_SUBNETS diagnostic for hm06cbr66
2026-01-03 23:47:39,605 - netshot_api - INFO - Found 7 subnets from CMTS_LI_SUBNETS diagnostic for MP-LC0001-CCAP202
2026-01-03 23:47:39,872 - netshot_api - INFO - Found 22 subnets from CMTS_LI_SUBNETS diagnostic for HLM-LC0122-CCAP202
2026-01-03 23:47:40,157 - netshot_api - INFO - Found 34 subnets from CMTS_LI_SUBNETS diagnostic for rt72cbr64
2026-01-03 23:47:40,552 - netshot_api - INFO - Found 34 subnets from CMTS_LI_SUBNETS diagnostic for HRST-LC0022-CCAP201
2026-01-03 23:47:40,832 - netshot_api - INFO - Found 23 subnets from CMTS_LI_SUBNETS diagnostic for zv02abr42
2026-01-03 23:47:41,241 - netshot_api - INFO - Found 12 subnets from CMTS_LI_SUBNETS diagnostic for ap02cbr62
2026-01-03 23:47:41,664 - netshot_api - INFO - Found 14 subnets from CMTS_LI_SUBNETS diagnostic for er76cbr65
2026-01-03 23:47:42,088 - netshot_api - INFO - Found 41 subnets from CMTS_LI_SUBNETS diagnostic for HEDR-LC0002-CCAP201
2026-01-03 23:47:42,365 - netshot_api - INFO - Found 53 subnets from CMTS_LI_SUBNETS diagnostic for VB-LC0001-CCAP001
2026-01-03 23:47:42,643 - netshot_api - INFO - Found 25 subnets from CMTS_LI_SUBNETS diagnostic for hm07cbr68
2026-01-03 23:47:43,072 - netshot_api - INFO - Found 24 subnets from CMTS_LI_SUBNETS diagnostic for HL-LC0001-CCAP201
2026-01-03 23:47:43,365 - netshot_api - INFO - Found 18 subnets from CMTS_LI_SUBNETS diagnostic for DV-RC0001-CCAP001
2026-01-03 23:47:43,643 - netshot_api - INFO - Found 34 subnets from CMTS_LI_SUBNETS diagnostic for ah00cbr68
2026-01-03 23:47:44,075 - netshot_api - INFO - Found 10 subnets from CMTS_LI_SUBNETS diagnostic for CA-RC0002-CCAP002
2026-01-03 23:47:44,375 - netshot_api - INFO - Found 14 subnets from CMTS_LI_SUBNETS diagnostic for HL-LC0001-CCAP001
2026-01-03 23:47:44,650 - netshot_api - INFO - Found 16 subnets from CMTS_LI_SUBNETS diagnostic for RSN-LC0004-CCAP001
2026-01-03 23:47:44,978 - netshot_api - INFO - Found 18 subnets from CMTS_LI_SUBNETS diagnostic for MSDK-LC0031-CCAP001
2026-01-03 23:47:45,269 - netshot_api - INFO - Found 16 subnets from CMTS_LI_SUBNETS diagnostic for DBR-RC0133-CCAP001
2026-01-03 23:47:45,617 - netshot_api - INFO - Found 14 subnets from CMTS_LI_SUBNETS diagnostic for rt27cbr63
2026-01-03 23:47:46,236 - netshot_api - INFO - Found 68 subnets from CMTS_LI_SUBNETS diagnostic for GV-RC0011-CCAPV001
2026-01-03 23:47:46,737 - netshot_api - INFO - Found 36 subnets from CMTS_LI_SUBNETS diagnostic for nm03cbr63
2026-01-03 23:47:47,223 - netshot_api - INFO - Found 25 subnets from CMTS_LI_SUBNETS diagnostic for MAS-LC0001-CCAP001
2026-01-03 23:47:47,775 - netshot_api - INFO - Found 21 subnets from CMTS_LI_SUBNETS diagnostic for hv01cbr69
2026-01-03 23:47:48,603 - netshot_api - INFO - Found 16 subnets from CMTS_LI_SUBNETS diagnostic for rt51cbr67
2026-01-03 23:47:49,246 - netshot_api - INFO - Found 42 subnets from CMTS_LI_SUBNETS diagnostic for rt35cbr65
2026-01-03 23:47:49,678 - netshot_api - INFO - Found 60 subnets from CMTS_LI_SUBNETS diagnostic for ZL-RC0001-CCAP001
2026-01-03 23:47:49,957 - netshot_api - INFO - Found 42 subnets from CMTS_LI_SUBNETS diagnostic for GV-LC0003-CCAP001
2026-01-03 23:47:50,249 - netshot_api - INFO - Found 41 subnets from CMTS_LI_SUBNETS diagnostic for HDB-LC0001-CCAP201
2026-01-03 23:47:50,547 - netshot_api - INFO - Found 37 subnets from CMTS_LI_SUBNETS diagnostic for rt73cbr60
2026-01-03 23:47:50,981 - netshot_api - INFO - Found 29 subnets from CMTS_LI_SUBNETS diagnostic for ES-LC0004-CCAP201
2026-01-03 23:47:51,260 - netshot_api - INFO - Found 27 subnets from CMTS_LI_SUBNETS diagnostic for mt01cbr61
2026-01-03 23:47:51,659 - netshot_api - INFO - Found 26 subnets from CMTS_LI_SUBNETS diagnostic for rt06cbr62
2026-01-03 23:47:52,055 - netshot_api - INFO - Found 9 subnets from CMTS_LI_SUBNETS diagnostic for zv01cbr64
2026-01-03 23:47:52,467 - netshot_api - INFO - Found 24 subnets from CMTS_LI_SUBNETS diagnostic for MA-LC0001-CCAP001
2026-01-03 23:47:52,733 - netshot_api - INFO - Found 51 subnets from CMTS_LI_SUBNETS diagnostic for GV-RC0011-CCAP006
2026-01-03 23:47:53,006 - netshot_api - INFO - Found 34 subnets from CMTS_LI_SUBNETS diagnostic for er60cbr69
2026-01-03 23:47:53,405 - netshot_api - INFO - Found 25 subnets from CMTS_LI_SUBNETS diagnostic for LS-LC0001-CCAP201
2026-01-03 23:47:53,673 - netshot_api - INFO - Found 22 subnets from CMTS_LI_SUBNETS diagnostic for ASD-LC0104-CCAP202
2026-01-03 23:47:53,933 - netshot_api - INFO - Found 37 subnets from CMTS_LI_SUBNETS diagnostic for MOE-LC0022-CCAP201
2026-01-03 23:47:54,214 - netshot_api - INFO - Found 56 subnets from CMTS_LI_SUBNETS diagnostic for GV-RC0011-CCAP005
2026-01-03 23:47:54,498 - netshot_api - INFO - Found 38 subnets from CMTS_LI_SUBNETS diagnostic for BLT-LC0011-CCAP002
2026-01-03 23:47:54,760 - netshot_api - INFO - Found 23 subnets from CMTS_LI_SUBNETS diagnostic for MND-RC0001-CCAP001
2026-01-03 23:47:55,033 - netshot_api - INFO - Found 55 subnets from CMTS_LI_SUBNETS diagnostic for ASV-RC0004-CCAP002
2026-01-03 23:47:55,317 - netshot_api - INFO - Found 40 subnets from CMTS_LI_SUBNETS diagnostic for hm27cbr66
2026-01-03 23:47:55,717 - netshot_api - INFO - Found 20 subnets from CMTS_LI_SUBNETS diagnostic for rt13cbr69
2026-01-03 23:47:56,176 - netshot_api - INFO - Found 29 subnets from CMTS_LI_SUBNETS diagnostic for lw08cbr68
2026-01-03 23:47:56,586 - netshot_api - INFO - Found 31 subnets from CMTS_LI_SUBNETS diagnostic for UT-LC0005-CCAP001
2026-01-03 23:47:56,868 - netshot_api - INFO - Found 7 subnets from CMTS_LI_SUBNETS diagnostic for rt25cbr62
2026-01-03 23:47:57,264 - netshot_api - INFO - Found 39 subnets from CMTS_LI_SUBNETS diagnostic for STWK-LC0001-CCAP001
2026-01-03 23:47:57,554 - netshot_api - INFO - Found 27 subnets from CMTS_LI_SUBNETS diagnostic for ap03cbr69
2026-01-03 23:47:57,936 - netshot_api - INFO - Found 13 subnets from CMTS_LI_SUBNETS diagnostic for hm13cbr66
2026-01-03 23:47:58,324 - netshot_api - INFO - Found 34 subnets from CMTS_LI_SUBNETS diagnostic for GN-RC0001-CCAP201
2026-01-03 23:47:58,601 - netshot_api - INFO - Found 37 subnets from CMTS_LI_SUBNETS diagnostic for HDR-LC0111-CCAP201
2026-01-03 23:47:58,894 - netshot_api - INFO - Found 57 subnets from CMTS_LI_SUBNETS diagnostic for GV-RC0011-CCAP004
2026-01-03 23:47:59,162 - netshot_api - INFO - Found 53 subnets from CMTS_LI_SUBNETS diagnostic for VENL-RC0003-CCAP002
2026-01-03 23:47:59,435 - netshot_api - INFO - Found 43 subnets from CMTS_LI_SUBNETS diagnostic for zv38abr48
2026-01-03 23:47:59,864 - netshot_api - INFO - Found 31 subnets from CMTS_LI_SUBNETS diagnostic for hm18cbr61
2026-01-03 23:48:00,291 - netshot_api - INFO - Found 18 subnets from CMTS_LI_SUBNETS diagnostic for rt28abr44
2026-01-03 23:48:00,737 - netshot_api - INFO - Found 4 subnets from CMTS_LI_SUBNETS diagnostic for AH-LC0105-CCAP202
2026-01-03 23:48:01,017 - netshot_api - INFO - Found 17 subnets from CMTS_LI_SUBNETS diagnostic for ah06cbr66
2026-01-03 23:48:01,459 - netshot_api - INFO - Found 26 subnets from CMTS_LI_SUBNETS diagnostic for rt42cbr69
2026-01-03 23:48:01,906 - netshot_api - INFO - Found 51 subnets from CMTS_LI_SUBNETS diagnostic for APG-LC0001-CCAP001
2026-01-03 23:48:02,202 - netshot_api - INFO - Found 41 subnets from CMTS_LI_SUBNETS diagnostic for rt19abr44
2026-01-03 23:48:02,612 - netshot_api - INFO - Found 23 subnets from CMTS_LI_SUBNETS diagnostic for DBR-RC0133-CCAP002
2026-01-03 23:48:02,888 - netshot_api - INFO - Found 15 subnets from CMTS_LI_SUBNETS diagnostic for ls05abr42
2026-01-03 23:48:03,292 - netshot_api - INFO - Found 18 subnets from CMTS_LI_SUBNETS diagnostic for BDH-LC0001-CCAP001
2026-01-03 23:48:03,578 - netshot_api - INFO - Found 48 subnets from CMTS_LI_SUBNETS diagnostic for GV-LC0009-CCAP001
2026-01-03 23:48:03,870 - netshot_api - INFO - Found 44 subnets from CMTS_LI_SUBNETS diagnostic for GELE-RC0002-CCAP202
2026-01-03 23:48:04,163 - netshot_api - INFO - Found 5 subnets from CMTS_LI_SUBNETS diagnostic for nm03cbr64
2026-01-03 23:48:04,583 - netshot_api - INFO - Found 40 subnets from CMTS_LI_SUBNETS diagnostic for NM-LC0100-CCAP201
2026-01-03 23:48:04,862 - netshot_api - INFO - Found 18 subnets from CMTS_LI_SUBNETS diagnostic for rt52cbr67
2026-01-03 23:48:05,296 - netshot_api - INFO - Found 18 subnets from CMTS_LI_SUBNETS diagnostic for zv30cbr64
2026-01-03 23:48:05,728 - netshot_api - INFO - Found 66 subnets from CMTS_LI_SUBNETS diagnostic for HLM-LC0122-CCAP203
2026-01-03 23:48:06,017 - netshot_api - INFO - Found 18 subnets from CMTS_LI_SUBNETS diagnostic for HFD-LC0002-CCAP001
2026-01-03 23:48:06,303 - netshot_api - INFO - Found 52 subnets from CMTS_LI_SUBNETS diagnostic for BD-LC0004-CCAP002
2026-01-03 23:48:06,560 - netshot_api - INFO - Found 34 subnets from CMTS_LI_SUBNETS diagnostic for hm27cbr65
2026-01-03 23:48:07,002 - netshot_api - INFO - Found 52 subnets from CMTS_LI_SUBNETS diagnostic for ad16abr43
2026-01-03 23:48:07,443 - netshot_api - INFO - Found 26 subnets from CMTS_LI_SUBNETS diagnostic for rt04abr43
2026-01-03 23:48:07,848 - netshot_api - INFO - Found 12 subnets from CMTS_LI_SUBNETS diagnostic for TTR-LC0001-CCAP001
2026-01-03 23:48:08,157 - netshot_api - INFO - Found 25 subnets from CMTS_LI_SUBNETS diagnostic for nm09cbr67
2026-01-03 23:48:08,591 - netshot_api - INFO - Found 62 subnets from CMTS_LI_SUBNETS diagnostic for GV-RC0011-CCAP003
2026-01-03 23:48:08,870 - netshot_api - INFO - Found 39 subnets from CMTS_LI_SUBNETS diagnostic for MARG-LC0022-CCAP201
2026-01-03 23:48:09,179 - netshot_api - INFO - Found 16 subnets from CMTS_LI_SUBNETS diagnostic for hm02cbr61
2026-01-03 23:48:09,603 - netshot_api - INFO - Found 36 subnets from CMTS_LI_SUBNETS diagnostic for rt14cbr61
2026-01-03 23:48:10,016 - netshot_api - INFO - Found 32 subnets from CMTS_LI_SUBNETS diagnostic for NUTH-LC0034-CCAP201
2026-01-03 23:48:10,295 - netshot_api - INFO - Found 29 subnets from CMTS_LI_SUBNETS diagnostic for er72cbr62
2026-01-03 23:48:10,703 - netshot_api - INFO - Found 29 subnets from CMTS_LI_SUBNETS diagnostic for nm10cbr62
2026-01-03 23:48:11,134 - netshot_api - INFO - Found 15 subnets from CMTS_LI_SUBNETS diagnostic for zv08cbr65
2026-01-03 23:48:11,550 - netshot_api - INFO - Found 39 subnets from CMTS_LI_SUBNETS diagnostic for TB-LC0041-CCAP201
2026-01-03 23:48:11,843 - netshot_api - INFO - Found 49 subnets from CMTS_LI_SUBNETS diagnostic for RSD-RC0001-CCAP001
2026-01-03 23:48:12,123 - netshot_api - INFO - Found 18 subnets from CMTS_LI_SUBNETS diagnostic for hm10cbr69
2026-01-03 23:48:12,535 - netshot_api - INFO - Found 56 subnets from CMTS_LI_SUBNETS diagnostic for RWK-LC0001-CCAP001
2026-01-03 23:48:12,811 - netshot_api - INFO - Found 28 subnets from CMTS_LI_SUBNETS diagnostic for ROD-LC0001-CCAP001
2026-01-03 23:48:13,089 - netshot_api - INFO - Found 55 subnets from CMTS_LI_SUBNETS diagnostic for BD-RC0002-CCAP001
2026-01-03 23:48:13,364 - netshot_api - INFO - Found 61 subnets from CMTS_LI_SUBNETS diagnostic for OS-LC0033-CCAP003
2026-01-03 23:48:13,662 - netshot_api - INFO - Found 17 subnets from CMTS_LI_SUBNETS diagnostic for ls01cbr65
2026-01-03 23:48:14,080 - netshot_api - INFO - Found 28 subnets from CMTS_LI_SUBNETS diagnostic for rt41cbr62
2026-01-03 23:48:14,519 - netshot_api - INFO - Found 20 subnets from CMTS_LI_SUBNETS diagnostic for CO-LC0001-CCAP001
2026-01-03 23:48:14,785 - netshot_api - INFO - Found 56 subnets from CMTS_LI_SUBNETS diagnostic for AL-RC0263-CCAP004
2026-01-03 23:48:15,073 - netshot_api - INFO - Found 14 subnets from CMTS_LI_SUBNETS diagnostic for er82cbr64
2026-01-03 23:48:15,488 - netshot_api - INFO - Found 23 subnets from CMTS_LI_SUBNETS diagnostic for SPK-LC0001-CCAP001
2026-01-03 23:48:15,783 - netshot_api - INFO - Found 33 subnets from CMTS_LI_SUBNETS diagnostic for RSD-LC0003-CCAP001
2026-01-03 23:48:16,078 - netshot_api - INFO - Found 17 subnets from CMTS_LI_SUBNETS diagnostic for FA-LC0021-CCAP201
2026-01-03 23:48:16,356 - netshot_api - INFO - Found 65 subnets from CMTS_LI_SUBNETS diagnostic for HT-RC0001-CCAP002
2026-01-03 23:48:16,639 - netshot_api - INFO - Found 26 subnets from CMTS_LI_SUBNETS diagnostic for HLM-LC0001-CCAP201
2026-01-03 23:48:16,911 - netshot_api - INFO - Found 43 subnets from CMTS_LI_SUBNETS diagnostic for BEEK-LC0012-CCAP201
2026-01-03 23:48:17,201 - netshot_api - INFO - Found 52 subnets from CMTS_LI_SUBNETS diagnostic for GV-LC0001-CCAP001
2026-01-03 23:48:17,484 - netshot_api - INFO - Found 14 subnets from CMTS_LI_SUBNETS diagnostic for WAR-LC0001-CCAP001
2026-01-03 23:48:17,758 - netshot_api - INFO - Found 62 subnets from CMTS_LI_SUBNETS diagnostic for KERK-LC0031-CCAP201
2026-01-03 23:48:18,052 - netshot_api - INFO - Found 41 subnets from CMTS_LI_SUBNETS diagnostic for ap10cbr60
2026-01-03 23:48:18,482 - netshot_api - INFO - Found 8 subnets from CMTS_LI_SUBNETS diagnostic for rt19abr45
2026-01-03 23:48:18,885 - netshot_api - INFO - Found 36 subnets from CMTS_LI_SUBNETS diagnostic for HM-LC0111-CCAP201
2026-01-03 23:48:19,172 - netshot_api - INFO - Found 13 subnets from CMTS_LI_SUBNETS diagnostic for ah01abr40
2026-01-03 23:48:19,560 - netshot_api - INFO - Found 52 subnets from CMTS_LI_SUBNETS diagnostic for LAND-RC0001-CCAP202
2026-01-03 23:48:19,828 - netshot_api - INFO - Found 23 subnets from CMTS_LI_SUBNETS diagnostic for OWD-LC0001-CCAP001
2026-01-03 23:48:20,115 - netshot_api - INFO - Found 55 subnets from CMTS_LI_SUBNETS diagnostic for WS-RC0001-CCAP001
2026-01-03 23:48:20,394 - netshot_api - INFO - Found 21 subnets from CMTS_LI_SUBNETS diagnostic for BDG-LC0001-CCAP001
2026-01-03 23:48:20,665 - netshot_api - INFO - Found 26 subnets from CMTS_LI_SUBNETS diagnostic for NVEN-LC0001-CCAP001
2026-01-03 23:48:20,930 - netshot_api - WARNING - CMTS_LI_SUBNETS diagnostic not found for AMF-RC0004-CCAP002 (found 1 other diagnostics)
2026-01-03 23:48:21,189 - netshot_api - INFO - Found 36 subnets from CMTS_LI_SUBNETS diagnostic for BOL-LC0001-CCAP001
2026-01-03 23:48:21,445 - netshot_api - INFO - Found 20 subnets from CMTS_LI_SUBNETS diagnostic for rt54abr46
2026-01-03 23:48:21,859 - netshot_api - INFO - Found 83 subnets from CMTS_LI_SUBNETS diagnostic for AMF-RC0004-CCAP004
2026-01-03 23:48:22,130 - netshot_api - INFO - Found 44 subnets from CMTS_LI_SUBNETS diagnostic for ak00cbr60
2026-01-03 23:48:22,558 - netshot_api - INFO - Found 18 subnets from CMTS_LI_SUBNETS diagnostic for mt06cbr69
2026-01-03 23:48:22,980 - netshot_api - INFO - Found 29 subnets from CMTS_LI_SUBNETS diagnostic for HT-LC0024-CCAP001
2026-01-03 23:48:23,234 - netshot_api - INFO - Found 50 subnets from CMTS_LI_SUBNETS diagnostic for WM-LC0112-CCAP201
2026-01-03 23:48:23,488 - netshot_api - INFO - Found 56 subnets from CMTS_LI_SUBNETS diagnostic for VENL-RC0003-CCAP003
2026-01-03 23:48:23,767 - netshot_api - INFO - Found 27 subnets from CMTS_LI_SUBNETS diagnostic for er66cbr64
2026-01-03 23:48:24,164 - netshot_api - INFO - Found 44 subnets from CMTS_LI_SUBNETS diagnostic for BD-RC0002-CCAP202
2026-01-03 23:48:24,428 - netshot_api - INFO - Found 6 subnets from CMTS_LI_SUBNETS diagnostic for hv02abr42
2026-01-03 23:48:24,849 - netshot_api - INFO - Found 26 subnets from CMTS_LI_SUBNETS diagnostic for rt46cbr64
2026-01-03 23:48:25,257 - netshot_api - INFO - Found 21 subnets from CMTS_LI_SUBNETS diagnostic for HVS-LC0108-CCAP202
2026-01-03 23:48:25,541 - netshot_api - INFO - Found 15 subnets from CMTS_LI_SUBNETS diagnostic for SIMP-LC0032-CCAP201
2026-01-03 23:48:25,805 - netshot_api - INFO - Found 14 subnets from CMTS_LI_SUBNETS diagnostic for ed02cbr63
2026-01-03 23:48:26,219 - netshot_api - INFO - Found 25 subnets from CMTS_LI_SUBNETS diagnostic for ed03abr43
2026-01-03 23:48:26,637 - netshot_api - INFO - Found 60 subnets from CMTS_LI_SUBNETS diagnostic for TB-RC0001-CCAP001
2026-01-03 23:48:26,899 - netshot_api - INFO - Found 50 subnets from CMTS_LI_SUBNETS diagnostic for EMN-RC0001-CCAP002
2026-01-03 23:48:27,170 - netshot_api - INFO - Found 28 subnets from CMTS_LI_SUBNETS diagnostic for HFD-LC0013-CCAP201
2026-01-03 23:48:27,441 - netshot_api - INFO - Found 11 subnets from CMTS_LI_SUBNETS diagnostic for MRLO-LC0021-CCAP001
2026-01-03 23:48:27,705 - netshot_api - INFO - Found 39 subnets from CMTS_LI_SUBNETS diagnostic for HGL-RC0001-CCAP202
2026-01-03 23:48:27,949 - netshot_api - INFO - Found 49 subnets from CMTS_LI_SUBNETS diagnostic for rt01abr46
2026-01-03 23:48:28,352 - netshot_api - INFO - Found 24 subnets from CMTS_LI_SUBNETS diagnostic for ES-LC0003-CCAP001
2026-01-03 23:48:28,625 - netshot_api - INFO - Found 9 subnets from CMTS_LI_SUBNETS diagnostic for GV-LC0006-CCAP002
2026-01-03 23:48:28,920 - netshot_api - INFO - Found 25 subnets from CMTS_LI_SUBNETS diagnostic for lw07cbr62
2026-01-03 23:48:29,325 - netshot_api - INFO - Found 90 subnets from CMTS_LI_SUBNETS diagnostic for ad11abr47
2026-01-03 23:48:29,744 - netshot_api - INFO - Found 51 subnets from CMTS_LI_SUBNETS diagnostic for LML-RC0001-CCAP002
2026-01-03 23:48:30,022 - netshot_api - INFO - Found 70 subnets from CMTS_LI_SUBNETS diagnostic for MND-RC0001-CCAP004
2026-01-03 23:48:30,306 - netshot_api - INFO - Found 17 subnets from CMTS_LI_SUBNETS diagnostic for TL-LC0108-CCAP202
2026-01-03 23:48:30,588 - netshot_api - INFO - Found 24 subnets from CMTS_LI_SUBNETS diagnostic for hm20cbr63
2026-01-03 23:48:30,986 - netshot_api - INFO - Found 20 subnets from CMTS_LI_SUBNETS diagnostic for HOO-LC0011-CCAP201
2026-01-03 23:48:31,261 - netshot_api - INFO - Found 20 subnets from CMTS_LI_SUBNETS diagnostic for al03cbr63
2026-01-03 23:48:31,652 - netshot_api - INFO - Found 31 subnets from CMTS_LI_SUBNETS diagnostic for GLE-LC0024-CCAP001
2026-01-03 23:48:31,922 - netshot_api - INFO - Found 18 subnets from CMTS_LI_SUBNETS diagnostic for hm21cbr67
2026-01-03 23:48:32,355 - netshot_api - INFO - Found 51 subnets from CMTS_LI_SUBNETS diagnostic for rt44abr46
2026-01-03 23:48:32,770 - netshot_api - INFO - Found 44 subnets from CMTS_LI_SUBNETS diagnostic for ZTM-LC0003-CCAP001
2026-01-03 23:48:33,044 - netshot_api - INFO - Found 26 subnets from CMTS_LI_SUBNETS diagnostic for HZ-LC0002-CCAP001
2026-01-03 23:48:33,319 - netshot_api - INFO - Found 26 subnets from CMTS_LI_SUBNETS diagnostic for ah04cbr68
2026-01-03 23:48:33,724 - netshot_api - INFO - Found 31 subnets from CMTS_LI_SUBNETS diagnostic for ad05abr46
2026-01-03 23:48:34,110 - netshot_api - INFO - Found 17 subnets from CMTS_LI_SUBNETS diagnostic for rt47cbr68
2026-01-03 23:48:34,521 - netshot_api - INFO - Found 32 subnets from CMTS_LI_SUBNETS diagnostic for VESB-LC0001-CCAP001
2026-01-03 23:48:34,799 - netshot_api - INFO - Found 12 subnets from CMTS_LI_SUBNETS diagnostic for er78cbr66
2026-01-03 23:48:35,217 - netshot_api - INFO - Found 50 subnets from CMTS_LI_SUBNETS diagnostic for NW-LC0001-CCAP001
2026-01-03 23:48:35,491 - netshot_api - INFO - Found 7 subnets from CMTS_LI_SUBNETS diagnostic for lw06cbr63
2026-01-03 23:48:35,925 - netshot_api - INFO - Found 32 subnets from CMTS_LI_SUBNETS diagnostic for hm16cbr67
2026-01-03 23:48:36,328 - netshot_api - INFO - Found 18 subnets from CMTS_LI_SUBNETS diagnostic for SDL-LC0042-CCAP001
2026-01-03 23:48:36,598 - netshot_api - INFO - Found 33 subnets from CMTS_LI_SUBNETS diagnostic for ad01cbr61
2026-01-03 23:48:37,026 - netshot_api - INFO - Found 36 subnets from CMTS_LI_SUBNETS diagnostic for HVS-LC0108-CCAP201
2026-01-03 23:48:37,276 - netshot_api - INFO - Found 8 subnets from CMTS_LI_SUBNETS diagnostic for al04cbr61
2026-01-03 23:48:37,686 - netshot_api - INFO - Found 40 subnets from CMTS_LI_SUBNETS diagnostic for GN-LC0002-CCAP201
2026-01-03 23:48:37,952 - netshot_api - INFO - Found 38 subnets from CMTS_LI_SUBNETS diagnostic for ed01cbr61
2026-01-03 23:48:38,373 - netshot_api - INFO - Found 70 subnets from CMTS_LI_SUBNETS diagnostic for ZL-RC0001-CCAP003
2026-01-03 23:48:38,656 - netshot_api - INFO - Found 65 subnets from CMTS_LI_SUBNETS diagnostic for HEEM-LC0002-CCAP001
2026-01-03 23:48:38,944 - netshot_api - INFO - Found 29 subnets from CMTS_LI_SUBNETS diagnostic for ad13cbr60
2026-01-03 23:48:39,367 - netshot_api - INFO - Found 26 subnets from CMTS_LI_SUBNETS diagnostic for ap10cbr61
2026-01-03 23:48:39,799 - netshot_api - INFO - Found 18 subnets from CMTS_LI_SUBNETS diagnostic for HM-LC0111-CCAP202
2026-01-03 23:48:40,065 - netshot_api - INFO - Found 68 subnets from CMTS_LI_SUBNETS diagnostic for ad33abr47
2026-01-03 23:48:40,510 - netshot_api - INFO - Found 37 subnets from CMTS_LI_SUBNETS diagnostic for rt25cbr61
2026-01-03 23:48:40,939 - netshot_api - INFO - Found 10 subnets from CMTS_LI_SUBNETS diagnostic for zv32cbr65
2026-01-03 23:48:41,339 - netshot_api - INFO - Found 75 subnets from CMTS_LI_SUBNETS diagnostic for SK-RC0001-CCAP002
2026-01-03 23:48:41,641 - netshot_api - INFO - Found 12 subnets from CMTS_LI_SUBNETS diagnostic for hm04cbr65
2026-01-03 23:48:42,067 - netshot_api - INFO - Found 13 subnets from CMTS_LI_SUBNETS diagnostic for hm24cbr64
2026-01-03 23:48:42,646 - netshot_api - INFO - Found 54 subnets from CMTS_LI_SUBNETS diagnostic for ASD-LC0104-CCAP201
2026-01-03 23:48:42,933 - netshot_api - INFO - Found 71 subnets from CMTS_LI_SUBNETS diagnostic for MND-RC0001-CCAP005
2026-01-03 23:48:43,226 - netshot_api - INFO - Found 44 subnets from CMTS_LI_SUBNETS diagnostic for LW-LC0102-CCAP201
2026-01-03 23:48:43,528 - netshot_api - INFO - Found 48 subnets from CMTS_LI_SUBNETS diagnostic for ZOB-LC0002-CCAP001
2026-01-03 23:48:43,816 - netshot_api - INFO - Found 63 subnets from CMTS_LI_SUBNETS diagnostic for ad33abr48
2026-01-03 23:48:44,247 - netshot_api - INFO - Found 54 subnets from CMTS_LI_SUBNETS diagnostic for SSH-RC0004-CCAP004
2026-01-03 23:48:44,551 - netshot_api - INFO - Found 55 subnets from CMTS_LI_SUBNETS diagnostic for SK-RC0001-CCAP003
2026-01-03 23:48:44,835 - netshot_api - INFO - Found 62 subnets from CMTS_LI_SUBNETS diagnostic for rt05abr40
2026-01-03 23:48:45,236 - netshot_api - INFO - Found 29 subnets from CMTS_LI_SUBNETS diagnostic for SCHN-LC0013-CCAP201
2026-01-03 23:48:45,501 - netshot_api - INFO - Found 27 subnets from CMTS_LI_SUBNETS diagnostic for CU-LC0024-CCAP001
2026-01-03 23:48:45,802 - netshot_api - INFO - Found 43 subnets from CMTS_LI_SUBNETS diagnostic for WR-LC0001-CCAP001
2026-01-03 23:48:46,045 - netshot_api - INFO - Found 42 subnets from CMTS_LI_SUBNETS diagnostic for ZW-LC0001-CCAP001
2026-01-03 23:48:46,339 - netshot_api - INFO - Found 54 subnets from CMTS_LI_SUBNETS diagnostic for BD-RC0002-CCAP201
2026-01-03 23:48:46,618 - netshot_api - INFO - Found 27 subnets from CMTS_LI_SUBNETS diagnostic for VEG-LC0013-CCAP001
2026-01-03 23:48:46,906 - netshot_api - INFO - Found 9 subnets from CMTS_LI_SUBNETS diagnostic for BEN-LC0001-CCAP001
2026-01-03 23:48:47,187 - netshot_api - INFO - Found 47 subnets from CMTS_LI_SUBNETS diagnostic for HLM-LC0122-CCAP201
2026-01-03 23:48:47,462 - netshot_api - INFO - Found 18 subnets from CMTS_LI_SUBNETS diagnostic for NVEN-LC0002-CCAP001
2026-01-03 23:48:47,736 - netshot_api - INFO - Found 5 subnets from CMTS_LI_SUBNETS diagnostic for VHZ-LC0001-CCAP001
2026-01-03 23:48:48,008 - netshot_api - INFO - Found 39 subnets from CMTS_LI_SUBNETS diagnostic for al04cbr64
2026-01-03 23:48:48,436 - netshot_api - INFO - Found 35 subnets from CMTS_LI_SUBNETS diagnostic for PM-LC0110-CCAP202
2026-01-03 23:48:48,700 - netshot_api - INFO - Found 74 subnets from CMTS_LI_SUBNETS diagnostic for ad32abr47
2026-01-03 23:48:49,123 - netshot_api - INFO - Found 51 subnets from CMTS_LI_SUBNETS diagnostic for ad00cbr66
2026-01-03 23:48:49,522 - netshot_api - INFO - Found 34 subnets from CMTS_LI_SUBNETS diagnostic for OGT-LC0007-CCAP201
2026-01-03 23:48:49,774 - netshot_api - INFO - Found 15 subnets from CMTS_LI_SUBNETS diagnostic for hm09cbr60
2026-01-03 23:48:50,189 - netshot_api - INFO - Found 6 subnets from CMTS_LI_SUBNETS diagnostic for hm27cbr67
2026-01-03 23:48:50,630 - netshot_api - INFO - Found 18 subnets from CMTS_LI_SUBNETS diagnostic for BKP-LC0001-CCAP001
2026-01-03 23:48:50,913 - netshot_api - INFO - Found 60 subnets from CMTS_LI_SUBNETS diagnostic for EMN-RC0001-CCAP001
2026-01-03 23:48:51,208 - netshot_api - INFO - Found 48 subnets from CMTS_LI_SUBNETS diagnostic for ad16abr44
2026-01-03 23:48:51,646 - netshot_api - INFO - Found 22 subnets from CMTS_LI_SUBNETS diagnostic for rt29abr44
2026-01-03 23:48:52,080 - netshot_api - INFO - Found 19 subnets from CMTS_LI_SUBNETS diagnostic for MTRI-RC0001-CCAP202
2026-01-03 23:48:52,371 - netshot_api - INFO - Found 35 subnets from CMTS_LI_SUBNETS diagnostic for GN-LC0005-CCAP001
2026-01-03 23:48:52,644 - netshot_api - INFO - Found 62 subnets from CMTS_LI_SUBNETS diagnostic for ASN-RC0002-CCAP001
2026-01-03 23:48:52,918 - netshot_api - INFO - Found 27 subnets from CMTS_LI_SUBNETS diagnostic for GRD-LC0001-CCAP201
2026-01-03 23:48:53,207 - netshot_api - INFO - Found 19 subnets from CMTS_LI_SUBNETS diagnostic for ls04cbr61
2026-01-03 23:48:53,603 - netshot_api - INFO - Found 18 subnets from CMTS_LI_SUBNETS diagnostic for BT-LC0044-CCAP001
2026-01-03 23:48:53,872 - netshot_api - INFO - Found 39 subnets from CMTS_LI_SUBNETS diagnostic for AMF-RC0004-CCAP003
2026-01-03 23:48:54,193 - netshot_api - INFO - Found 5 subnets from CMTS_LI_SUBNETS diagnostic for ls00cbr60
2026-01-03 23:48:54,602 - netshot_api - INFO - Found 56 subnets from CMTS_LI_SUBNETS diagnostic for BLOK-LC0002-CCAP001
2026-01-03 23:48:54,888 - netshot_api - INFO - Found 41 subnets from CMTS_LI_SUBNETS diagnostic for HAEL-LC0012-CCAP001
2026-01-03 23:48:55,176 - netshot_api - INFO - Found 39 subnets from CMTS_LI_SUBNETS diagnostic for TB-LC0052-CCAP001
2026-01-03 23:48:55,465 - netshot_api - INFO - Found 8 subnets from CMTS_LI_SUBNETS diagnostic for mt00cbr69
2026-01-03 23:48:55,875 - netshot_api - INFO - Found 14 subnets from CMTS_LI_SUBNETS diagnostic for VENL-RC0003-CCAP201
2026-01-03 23:48:56,146 - netshot_api - INFO - Found 36 subnets from CMTS_LI_SUBNETS diagnostic for MND-RC0001-CCAP201
2026-01-03 23:48:56,419 - netshot_api - INFO - Found 33 subnets from CMTS_LI_SUBNETS diagnostic for NWK-LC0001-CCAP001
2026-01-03 23:48:56,715 - netshot_api - INFO - Found 4 subnets from CMTS_LI_SUBNETS diagnostic for TB-RC0001-CCAP002
2026-01-03 23:48:56,988 - netshot_api - INFO - Found 43 subnets from CMTS_LI_SUBNETS diagnostic for ZTM-LC0004-CCAP001
2026-01-03 23:48:57,284 - netshot_api - INFO - Found 46 subnets from CMTS_LI_SUBNETS diagnostic for SSH-RC0004-CCAP001
2026-01-03 23:48:57,598 - netshot_api - INFO - Found 18 subnets from CMTS_LI_SUBNETS diagnostic for EYSD-LC0001-CCAP201
2026-01-03 23:48:57,860 - netshot_api - INFO - Found 22 subnets from CMTS_LI_SUBNETS diagnostic for rt31cbr69
2026-01-03 23:48:58,257 - netshot_api - INFO - Found 27 subnets from CMTS_LI_SUBNETS diagnostic for SGN-LC0001-CCAP001
2026-01-03 23:48:58,512 - netshot_api - INFO - Found 24 subnets from CMTS_LI_SUBNETS diagnostic for SB-LC0013-CCAP001
2026-01-03 23:48:58,796 - netshot_api - INFO - Found 15 subnets from CMTS_LI_SUBNETS diagnostic for lw01cbr63
2026-01-03 23:48:59,195 - netshot_api - INFO - Found 31 subnets from CMTS_LI_SUBNETS diagnostic for rt32cbr64
2026-01-03 23:48:59,598 - netshot_api - INFO - Found 22 subnets from CMTS_LI_SUBNETS diagnostic for HT-RC0001-CCAP001
2026-01-03 23:48:59,879 - netshot_api - INFO - Found 37 subnets from CMTS_LI_SUBNETS diagnostic for RUP-LC0033-CCAP001
2026-01-03 23:49:00,175 - netshot_api - INFO - Found 47 subnets from CMTS_LI_SUBNETS diagnostic for GV-LC0008-CCAP001
2026-01-03 23:49:00,460 - netshot_api - INFO - Found 33 subnets from CMTS_LI_SUBNETS diagnostic for rt56cbr62
2026-01-03 23:49:00,828 - netshot_api - INFO - Found 28 subnets from CMTS_LI_SUBNETS diagnostic for BWD-LC0001-CCAP001
2026-01-03 23:49:01,120 - netshot_api - INFO - Found 34 subnets from CMTS_LI_SUBNETS diagnostic for GN-LC0004-CCAP201
2026-01-03 23:49:01,393 - netshot_api - INFO - Found 36 subnets from CMTS_LI_SUBNETS diagnostic for MSBT-RC0001-CCAP201
2026-01-03 23:49:01,651 - netshot_api - INFO - Found 36 subnets from CMTS_LI_SUBNETS diagnostic for GV-LC0011-CCAP001
2026-01-03 23:49:01,926 - netshot_api - INFO - Found 66 subnets from CMTS_LI_SUBNETS diagnostic for CA-RC0002-CCAP001
2026-01-03 23:49:02,200 - netshot_api - INFO - Found 29 subnets from CMTS_LI_SUBNETS diagnostic for BEES-LC0011-CCAP201
2026-01-03 23:49:02,524 - netshot_api - INFO - Found 45 subnets from CMTS_LI_SUBNETS diagnostic for ad00cbr67
2026-01-03 23:49:02,933 - netshot_api - INFO - Found 40 subnets from CMTS_LI_SUBNETS diagnostic for NDK-LC0001-CCAP001
2026-01-03 23:49:03,220 - netshot_api - INFO - Found 32 subnets from CMTS_LI_SUBNETS diagnostic for hm15cbr65
2026-01-03 23:49:03,637 - netshot_api - INFO - Found 29 subnets from CMTS_LI_SUBNETS diagnostic for lw09cbr69
2026-01-03 23:49:04,060 - netshot_api - INFO - Found 47 subnets from CMTS_LI_SUBNETS diagnostic for GN-LC0001-CCAP201
2026-01-03 23:49:04,332 - netshot_api - INFO - Found 11 subnets from CMTS_LI_SUBNETS diagnostic for KERK-LC0031-CCAP202
2026-01-03 23:49:04,644 - netshot_api - INFO - Found 60 subnets from CMTS_LI_SUBNETS diagnostic for MND-RC0001-CCAP003
2026-01-03 23:49:04,924 - netshot_api - WARNING - CMTS_LI_SUBNETS diagnostic not found for BRN-LC0011-CCAP001 (found 1 other diagnostics)
2026-01-03 23:49:05,237 - netshot_api - INFO - Found 40 subnets from CMTS_LI_SUBNETS diagnostic for MTRI-LC0002-CCAP001
2026-01-03 23:49:05,522 - netshot_api - INFO - Found 18 subnets from CMTS_LI_SUBNETS diagnostic for HKB-LC0001-CCAP001
2026-01-03 23:49:05,831 - netshot_api - INFO - Found 48 subnets from CMTS_LI_SUBNETS diagnostic for HLEN-LC0023-CCAP001
2026-01-03 23:49:06,110 - netshot_api - INFO - Found 25 subnets from CMTS_LI_SUBNETS diagnostic for al00abr49
2026-01-03 23:49:06,527 - netshot_api - INFO - Found 29 subnets from CMTS_LI_SUBNETS diagnostic for VND-RC0001-CCAP001
2026-01-03 23:49:06,802 - netshot_api - INFO - Found 41 subnets from CMTS_LI_SUBNETS diagnostic for WD-LC0002-CCAP001
2026-01-03 23:49:07,111 - netshot_api - INFO - Found 26 subnets from CMTS_LI_SUBNETS diagnostic for rt50cbr66
2026-01-03 23:49:07,530 - netshot_api - INFO - Found 17 subnets from CMTS_LI_SUBNETS diagnostic for ls03cbr65
2026-01-03 23:49:07,912 - netshot_api - INFO - Found 34 subnets from CMTS_LI_SUBNETS diagnostic for AH-LC0105-CCAP201
2026-01-03 23:49:08,191 - netshot_api - INFO - Found 15 subnets from CMTS_LI_SUBNETS diagnostic for hm12abr45
2026-01-03 23:49:08,610 - netshot_api - INFO - Found 38 subnets from CMTS_LI_SUBNETS diagnostic for ad01cbr60
2026-01-03 23:49:09,029 - netshot_api - INFO - Found 51 subnets from CMTS_LI_SUBNETS diagnostic for GV-LC0006-CCAP001
2026-01-03 23:49:09,364 - netshot_api - INFO - Found 47 subnets from CMTS_LI_SUBNETS diagnostic for UT-LC0003-CCAP001
2026-01-03 23:49:09,654 - netshot_api - INFO - Found 22 subnets from CMTS_LI_SUBNETS diagnostic for HGV-LC0001-CCAP202
2026-01-03 23:49:09,958 - netshot_api - INFO - Found 20 subnets from CMTS_LI_SUBNETS diagnostic for ad14cbr60
2026-01-03 23:49:10,350 - netshot_api - INFO - Found 27 subnets from CMTS_LI_SUBNETS diagnostic for HRN-LC0001-CCAP201
2026-01-03 23:49:10,645 - netshot_api - INFO - Found 62 subnets from CMTS_LI_SUBNETS diagnostic for BOZ-RC0001-CCAP003
2026-01-03 23:49:10,926 - netshot_api - INFO - Found 20 subnets from CMTS_LI_SUBNETS diagnostic for lw04abr45
2026-01-03 23:49:11,392 - netshot_api - INFO - Found 25 subnets from CMTS_LI_SUBNETS diagnostic for al02cbr62
2026-01-03 23:49:11,779 - netshot_api - INFO - Found 25 subnets from CMTS_LI_SUBNETS diagnostic for ASD-LC0107-CCAP203
2026-01-03 23:49:12,065 - netshot_api - INFO - Found 24 subnets from CMTS_LI_SUBNETS diagnostic for TB-LC0042-CCAP201
2026-01-03 23:49:12,402 - netshot_api - INFO - Found 26 subnets from CMTS_LI_SUBNETS diagnostic for rt39cbr63
2026-01-03 23:49:12,848 - netshot_api - INFO - Found 6 subnets from CMTS_LI_SUBNETS diagnostic for ad01cbr62
2026-01-03 23:49:13,251 - netshot_api - INFO - Found 77 subnets from CMTS_LI_SUBNETS diagnostic for ASN-RC0002-CCAP002
2026-01-03 23:49:13,534 - netshot_api - INFO - Found 30 subnets from CMTS_LI_SUBNETS diagnostic for ah07cbr61
2026-01-03 23:49:13,920 - netshot_api - INFO - Found 20 subnets from CMTS_LI_SUBNETS diagnostic for BN-LC0001-CCAP201
2026-01-03 23:49:14,234 - netshot_api - INFO - Found 40 subnets from CMTS_LI_SUBNETS diagnostic for PM-LC0110-CCAP201
2026-01-03 23:49:14,511 - netshot_api - INFO - Found 16 subnets from CMTS_LI_SUBNETS diagnostic for DV-LC0002-CCAP001
2026-01-03 23:49:14,776 - netshot_api - INFO - Found 5 subnets from CMTS_LI_SUBNETS diagnostic for GV-RC0011-CCAP001
2026-01-03 23:49:15,064 - netshot_api - INFO - Found 46 subnets from CMTS_LI_SUBNETS diagnostic for WEER-LC0022-CCAP201
2026-01-03 23:49:15,319 - netshot_api - INFO - Found 31 subnets from CMTS_LI_SUBNETS diagnostic for CAS-LC0001-CCAP001
2026-01-03 23:49:15,621 - netshot_api - INFO - Found 15 subnets from CMTS_LI_SUBNETS diagnostic for nm08cbr69
2026-01-03 23:49:16,046 - netshot_api - INFO - Found 26 subnets from CMTS_LI_SUBNETS diagnostic for MI-LC0041-CCAP001
2026-01-03 23:49:16,330 - netshot_api - INFO - Found 13 subnets from CMTS_LI_SUBNETS diagnostic for hm17cbr60
2026-01-03 23:49:16,791 - netshot_api - INFO - Found 33 subnets from CMTS_LI_SUBNETS diagnostic for RMND-RC0001-CCAP202
2026-01-03 23:49:17,059 - netshot_api - INFO - Found 16 subnets from CMTS_LI_SUBNETS diagnostic for mt04cbr68
2026-01-03 23:49:17,472 - netshot_api - INFO - Found 22 subnets from CMTS_LI_SUBNETS diagnostic for ah03cbr63
2026-01-03 23:49:17,871 - netshot_api - INFO - Found 14 subnets from CMTS_LI_SUBNETS diagnostic for hm19cbr66
2026-01-03 23:49:18,281 - netshot_api - INFO - Found 24 subnets from CMTS_LI_SUBNETS diagnostic for ak00cbr62
2026-01-03 23:49:18,693 - netshot_api - INFO - Found 22 subnets from CMTS_LI_SUBNETS diagnostic for nm07cbr62
2026-01-03 23:49:19,203 - netshot_api - INFO - Found 57 subnets from CMTS_LI_SUBNETS diagnostic for RMND-RC0001-CCAP201
2026-01-03 23:49:19,467 - netshot_api - INFO - Found 15 subnets from CMTS_LI_SUBNETS diagnostic for ZNB-LC0001-CCAP001
2026-01-03 23:49:19,755 - netshot_api - INFO - Found 21 subnets from CMTS_LI_SUBNETS diagnostic for ad11cbr60
2026-01-03 23:49:20,144 - netshot_api - INFO - Found 30 subnets from CMTS_LI_SUBNETS diagnostic for rt03cbr62
2026-01-03 23:49:20,579 - netshot_api - INFO - Found 36 subnets from CMTS_LI_SUBNETS diagnostic for ak00cbr61
2026-01-03 23:49:20,952 - netshot_api - INFO - Found 7 subnets from CMTS_LI_SUBNETS diagnostic for mt02cbr68
2026-01-03 23:49:21,365 - netshot_api - INFO - Found 24 subnets from CMTS_LI_SUBNETS diagnostic for rt48cbr68
2026-01-03 23:49:21,799 - netshot_api - INFO - Found 73 subnets from CMTS_LI_SUBNETS diagnostic for LEDN-LC0002-CCAP001
2026-01-03 23:49:22,046 - netshot_api - INFO - Found 63 subnets from CMTS_LI_SUBNETS diagnostic for GELE-RC0002-CCAP001
2026-01-03 23:49:22,334 - netshot_api - INFO - Found 38 subnets from CMTS_LI_SUBNETS diagnostic for HTN-LC0002-CCAP201
2026-01-03 23:49:22,622 - netshot_api - INFO - Found 27 subnets from CMTS_LI_SUBNETS diagnostic for HT-LC0013-CCAP001
2026-01-03 23:49:22,894 - netshot_api - INFO - Found 40 subnets from CMTS_LI_SUBNETS diagnostic for HZ-LC0001-CCAP002
2026-01-03 23:49:23,174 - netshot_api - INFO - Found 25 subnets from CMTS_LI_SUBNETS diagnostic for ZND-LC0032-CCAP001
2026-01-03 23:49:23,490 - netshot_api - INFO - Found 29 subnets from CMTS_LI_SUBNETS diagnostic for EDM-LC0001-CCAP001
2026-01-03 23:49:23,779 - netshot_api - INFO - Found 101 subnets from CMTS_LI_SUBNETS diagnostic for LAND-RC0001-CCAP001
2026-01-03 23:49:24,053 - netshot_api - INFO - Found 27 subnets from CMTS_LI_SUBNETS diagnostic for rt40cbr65
2026-01-03 23:49:24,464 - netshot_api - INFO - Found 47 subnets from CMTS_LI_SUBNETS diagnostic for DT-LC0001-CCAP001
2026-01-03 23:49:24,716 - netshot_api - INFO - Found 42 subnets from CMTS_LI_SUBNETS diagnostic for ad05abr40
2026-01-03 23:49:24,957 - netshot_api - INFO - Found 461 CMTS devices in group 207
2026-01-03 23:49:24,979 - __main__ - INFO - Found 461 CMTS devices
2026-01-03 23:49:25,092 - __main__ - INFO - [1/461] lw05cbr65: DHCP= (9 scopes)
2026-01-03 23:49:25,220 - __main__ - INFO - [2/461] BVK-LC0001-CCAP001: DHCP= (74 scopes)
2026-01-03 23:49:25,337 - __main__ - INFO - [3/461] WS-RC0001-CCAP002: DHCP= (29 scopes)
2026-01-03 23:49:25,446 - __main__ - INFO - [4/461] SSH-RC0004-CCAP005: DHCP= (36 scopes)
2026-01-03 23:49:25,562 - __main__ - INFO - [5/461] rt33cbr61: DHCP= (26 scopes)
2026-01-03 23:49:25,667 - __main__ - INFO - [6/461] ERB-LC0012-CCAP201: DHCP= (9 scopes)
2026-01-03 23:49:25,789 - __main__ - INFO - [7/461] ad32abr48: DHCP= (67 scopes)
2026-01-03 23:49:25,902 - __main__ - INFO - [8/461] ASD-LC0107-CCAP201: DHCP= (34 scopes)
2026-01-03 23:49:26,012 - __main__ - INFO - [9/461] WM-LC0112-CCAP202: DHCP= (14 scopes)
2026-01-03 23:49:26,146 - __main__ - INFO - [10/461] ZH-LC0001-CCAP001: DHCP= (30 scopes)
2026-01-03 23:49:26,271 - __main__ - INFO - [11/461] UT-LC0002-CCAP001: DHCP= (68 scopes)
2026-01-03 23:49:26,384 - __main__ - INFO - [12/461] RML-LC0022-CCAP201: DHCP= (31 scopes)
2026-01-03 23:49:26,505 - __main__ - INFO - [13/461] GN-LC0006-CCAP001: DHCP= (46 scopes)
2026-01-03 23:49:26,617 - __main__ - INFO - [14/461] RY-LC0031-CCAP201: DHCP= (19 scopes)
2026-01-03 23:49:26,728 - __main__ - INFO - [15/461] HGL-RC0001-CCAP201: DHCP= (39 scopes)
2026-01-03 23:49:26,842 - __main__ - INFO - [16/461] OV-LC0001-CCAP001: DHCP= (21 scopes)
2026-01-03 23:49:26,962 - __main__ - INFO - [17/461] HVS-RC0002-CCAP001: DHCP= (56 scopes)
2026-01-03 23:49:26,963 - __main__ - WARNING - [18/461] [NONAME]: Missing primary subnet or hostname
2026-01-03 23:49:27,075 - __main__ - INFO - [19/461] zv01cbr63: DHCP= (40 scopes)
2026-01-03 23:49:27,187 - __main__ - INFO - [20/461] ah00cbr67: DHCP= (33 scopes)
2026-01-03 23:49:27,306 - __main__ - INFO - [21/461] ZVB-LC0022-CCAP201: DHCP= (26 scopes)
2026-01-03 23:49:27,408 - __main__ - INFO - [22/461] nm05cbr69: DHCP= (10 scopes)
2026-01-03 23:49:27,532 - __main__ - INFO - [23/461] GR-RC0001-CCAP202: DHCP= (40 scopes)
2026-01-03 23:49:27,651 - __main__ - INFO - [24/461] NV-LC0001-CCAP001: DHCP= (31 scopes)
2026-01-03 23:49:27,780 - __main__ - INFO - [25/461] ZTM-LC0002-CCAP001: DHCP= (40 scopes)
2026-01-03 23:49:27,900 - __main__ - INFO - [26/461] TB-LC0013-CCAP001: DHCP= (28 scopes)
2026-01-03 23:49:28,032 - __main__ - INFO - [27/461] VT-LC0051-CCAP001: DHCP= (23 scopes)
2026-01-03 23:49:28,157 - __main__ - INFO - [28/461] ad32abr49: DHCP= (6 scopes)
2026-01-03 23:49:28,296 - __main__ - INFO - [29/461] ASN-LC0001-CCAP001: DHCP= (34 scopes)
2026-01-03 23:49:28,414 - __main__ - INFO - [30/461] HVS-RC0002-CCAP201: DHCP= (46 scopes)
2026-01-03 23:49:28,538 - __main__ - INFO - [31/461] BGNH-LC0001-CCAP001: DHCP= (30 scopes)
2026-01-03 23:49:28,664 - __main__ - INFO - [32/461] LML-RC0001-CCAP001: DHCP= (50 scopes)
2026-01-03 23:49:28,785 - __main__ - INFO - [33/461] HV-LC0052-CCAP201: DHCP= (18 scopes)
2026-01-03 23:49:28,785 - __main__ - WARNING - [34/461] GV-RC0011-VCAS001: Missing primary subnet or hostname
2026-01-03 23:49:28,895 - __main__ - INFO - [35/461] NM-LC0100-CCAP202: DHCP= (17 scopes)
2026-01-03 23:49:29,009 - __main__ - INFO - [36/461] HT-LC0014-CCAP001: DHCP= (21 scopes)
2026-01-03 23:49:29,130 - __main__ - INFO - [37/461] ad00cbr68: DHCP= (25 scopes)
2026-01-03 23:49:29,247 - __main__ - INFO - [38/461] zv26cbr64: DHCP= (22 scopes)
2026-01-03 23:49:29,355 - __main__ - INFO - [39/461] TB-LC0051-CCAP201: DHCP= (16 scopes)
2026-01-03 23:49:29,478 - __main__ - INFO - [40/461] hm10cbr66: DHCP= (30 scopes)
2026-01-03 23:49:29,593 - __main__ - INFO - [41/461] HT-LC0011-CCAP001: DHCP= (31 scopes)
2026-01-03 23:49:29,717 - __main__ - INFO - [42/461] lw11cbr61: DHCP= (25 scopes)
2026-01-03 23:49:29,839 - __main__ - INFO - [43/461] rt72cbr65: DHCP= (34 scopes)
2026-01-03 23:49:29,956 - __main__ - INFO - [44/461] nm01cbr62: DHCP= (38 scopes)
2026-01-03 23:49:30,076 - __main__ - INFO - [45/461] DBR-LC0001-CCAP001: DHCP= (24 scopes)
2026-01-03 23:49:30,193 - __main__ - INFO - [46/461] rt01abr47: DHCP= (18 scopes)
2026-01-03 23:49:30,314 - __main__ - INFO - [47/461] nm04cbr62: DHCP= (17 scopes)
2026-01-03 23:49:30,446 - __main__ - INFO - [48/461] BD-RC0002-CCAP002: DHCP= (54 scopes)
2026-01-03 23:49:30,566 - __main__ - INFO - [49/461] MND-RC0001-CCAP202: DHCP= (34 scopes)
2026-01-03 23:49:30,685 - __main__ - INFO - [50/461] ad00cbr65: DHCP= (48 scopes)
2026-01-03 23:49:30,822 - __main__ - INFO - [51/461] TB-RC0001-CCAP003: DHCP= (72 scopes)
2026-01-03 23:49:30,943 - __main__ - INFO - [52/461] VENR-RC0001-CCAP201: DHCP= (42 scopes)
2026-01-03 23:49:31,074 - __main__ - INFO - [53/461] MP-LC0001-CCAP201: DHCP= (56 scopes)
2026-01-03 23:49:31,179 - __main__ - INFO - [54/461] zv33cbr60: DHCP= (17 scopes)
2026-01-03 23:49:31,302 - __main__ - INFO - [55/461] zv54abr44: DHCP= (19 scopes)
2026-01-03 23:49:31,437 - __main__ - INFO - [56/461] BERH-LC0001-CCAP001: DHCP= (16 scopes)
2026-01-03 23:49:31,547 - __main__ - INFO - [57/461] ES-LC0006-CCAP001: DHCP= (36 scopes)
2026-01-03 23:49:31,658 - __main__ - INFO - [58/461] DV-LC0001-CCAP001: DHCP= (22 scopes)
2026-01-03 23:49:31,771 - __main__ - INFO - [59/461] BRGN-LC0012-CCAP201: DHCP= (29 scopes)
2026-01-03 23:49:31,893 - __main__ - INFO - [60/461] HLO-LC0001-CCAP201: DHCP= (57 scopes)
2026-01-03 23:49:32,025 - __main__ - INFO - [61/461] AL-RC0263-CCAP001: DHCP= (65 scopes)
2026-01-03 23:49:32,131 - __main__ - INFO - [62/461] rt43cbr64: DHCP= (15 scopes)
2026-01-03 23:49:32,241 - __main__ - INFO - [63/461] hm14cbr61: DHCP= (29 scopes)
2026-01-03 23:49:32,361 - __main__ - INFO - [64/461] ASV-RC0004-CCAP001: DHCP= (51 scopes)
2026-01-03 23:49:32,541 - __main__ - INFO - [65/461] LPK-LC0001-CCAP001: DHCP= (35 scopes)
2026-01-03 23:49:32,684 - __main__ - INFO - [66/461] TB-LC0043-CCAP001: DHCP= (27 scopes)
2026-01-03 23:49:32,789 - __main__ - INFO - [67/461] AL-RC0263-CCAP003: DHCP= (9 scopes)
2026-01-03 23:49:32,914 - __main__ - INFO - [68/461] OTH-LC0007-CCAP003: DHCP= (70 scopes)
2026-01-03 23:49:33,018 - __main__ - INFO - [69/461] WVN-LC0001-CCAP001: DHCP= (27 scopes)
2026-01-03 23:49:33,145 - __main__ - INFO - [70/461] LD-LC0001-CCAP001: DHCP= (66 scopes)
2026-01-03 23:49:33,262 - __main__ - INFO - [71/461] rt72cbr66: DHCP= (35 scopes)
2026-01-03 23:49:33,389 - __main__ - INFO - [72/461] KP-LC0001-CCAP002: DHCP= (54 scopes)
2026-01-03 23:49:33,515 - __main__ - INFO - [73/461] hv00cbr60: DHCP= (22 scopes)
2026-01-03 23:49:33,645 - __main__ - INFO - [74/461] LEDN-LC0001-CCAP001: DHCP= (60 scopes)
2026-01-03 23:49:33,777 - __main__ - INFO - [75/461] HEDR-LC0001-CCAP001: DHCP= (59 scopes)
2026-01-03 23:49:33,897 - __main__ - INFO - [76/461] HGV-LC0001-CCAP201: DHCP= (53 scopes)
2026-01-03 23:49:34,009 - __main__ - INFO - [77/461] VND-RC0001-CCAP002: DHCP= (45 scopes)
2026-01-03 23:49:34,127 - __main__ - INFO - [78/461] SK-RC0001-CCAP001: DHCP= (64 scopes)
2026-01-03 23:49:34,245 - __main__ - INFO - [79/461] GV-LC0005-CCAP001: DHCP= (58 scopes)
2026-01-03 23:49:34,364 - __main__ - INFO - [80/461] rt18cbr69: DHCP= (34 scopes)
2026-01-03 23:49:34,497 - __main__ - INFO - [81/461] ad11cbr65: DHCP= (30 scopes)
2026-01-03 23:49:34,498 - __main__ - WARNING - [82/461] [NONAME]: Missing primary subnet or hostname
2026-01-03 23:49:34,611 - __main__ - INFO - [83/461] VAAL-LC0011-CCAP201: DHCP= (16 scopes)
2026-01-03 23:49:34,734 - __main__ - INFO - [84/461] YM-LC0001-CCAP001: DHCP= (48 scopes)
2026-01-03 23:49:34,845 - __main__ - INFO - [85/461] nm01cbr63: DHCP= (17 scopes)
2026-01-03 23:49:34,971 - __main__ - INFO - [86/461] hm03abr48: DHCP= (20 scopes)
2026-01-03 23:49:35,086 - __main__ - INFO - [87/461] rt30cbr61: DHCP= (17 scopes)
2026-01-03 23:49:35,198 - __main__ - INFO - [88/461] KH-LC0035-CCAP001: DHCP= (31 scopes)
2026-01-03 23:49:35,335 - __main__ - INFO - [89/461] BV-LC0001-CCAP001: DHCP= (50 scopes)
2026-01-03 23:49:35,461 - __main__ - INFO - [90/461] GN-RC0001-CCAP001: DHCP= (54 scopes)
2026-01-03 23:49:35,588 - __main__ - INFO - [91/461] lw00cbr68: DHCP= (33 scopes)
2026-01-03 23:49:35,589 - __main__ - WARNING - [92/461] [NONAME]: Missing primary subnet or hostname
2026-01-03 23:49:35,719 - __main__ - INFO - [93/461] ZL-RC0001-CCAP002: DHCP= (67 scopes)
2026-01-03 23:49:35,832 - __main__ - INFO - [94/461] ap04cbr64: DHCP= (32 scopes)
2026-01-03 23:49:35,967 - __main__ - INFO - [95/461] DT-LC0002-CCAP001: DHCP= (52 scopes)
2026-01-03 23:49:36,090 - __main__ - INFO - [96/461] UD-LC0014-CCAP201: DHCP= (32 scopes)
2026-01-03 23:49:36,221 - __main__ - INFO - [97/461] LEK-LC0001-CCAP001: DHCP= (29 scopes)
2026-01-03 23:49:36,330 - __main__ - INFO - [98/461] al01cbr61: DHCP= (31 scopes)
2026-01-03 23:49:36,443 - __main__ - INFO - [99/461] ML-RC0002-CCAP201: DHCP= (21 scopes)
2026-01-03 23:49:36,550 - __main__ - INFO - [100/461] ad33abr49: DHCP= (13 scopes)
2026-01-03 23:49:36,661 - __main__ - INFO - [101/461] GENN-LC0031-CCAP201: DHCP= (29 scopes)
2026-01-03 23:49:36,777 - __main__ - INFO - [102/461] GN-LC0003-CCAP001: DHCP= (42 scopes)
2026-01-03 23:49:36,896 - __main__ - INFO - [103/461] VENL-RC0003-CCAP001: DHCP= (45 scopes)
2026-01-03 23:49:37,012 - __main__ - INFO - [104/461] SOS-LC0001-CCAP001: DHCP= (37 scopes)
2026-01-03 23:49:37,137 - __main__ - INFO - [105/461] BLT-LC0011-CCAP001: DHCP= (53 scopes)
2026-01-03 23:49:37,254 - __main__ - INFO - [106/461] GV-RC0052-CCAP002: DHCP= (58 scopes)
2026-01-03 23:49:37,380 - __main__ - INFO - [107/461] zv02abr41: DHCP= (38 scopes)
2026-01-03 23:49:37,498 - __main__ - INFO - [108/461] ap05abr41: DHCP= (16 scopes)
2026-01-03 23:49:37,614 - __main__ - INFO - [109/461] ah02cbr63: DHCP= (41 scopes)
2026-01-03 23:49:37,717 - __main__ - INFO - [110/461] BBK-LC0011-CCAP201: DHCP= (30 scopes)
2026-01-03 23:49:37,837 - __main__ - INFO - [111/461] BORN-LC0021-CCAP201: DHCP= (34 scopes)
2026-01-03 23:49:37,948 - __main__ - INFO - [112/461] RSH-LC0001-CCAP001: DHCP= (11 scopes)
2026-01-03 23:49:38,079 - __main__ - INFO - [113/461] hm03abr47: DHCP= (40 scopes)
2026-01-03 23:49:38,212 - __main__ - INFO - [114/461] ROER-LC0021-CCAP001: DHCP= (26 scopes)
2026-01-03 23:49:38,334 - __main__ - INFO - [115/461] lw10cbr60: DHCP= (32 scopes)
2026-01-03 23:49:38,451 - __main__ - INFO - [116/461] ls02abr43: DHCP= (29 scopes)
2026-01-03 23:49:38,569 - __main__ - INFO - [117/461] hm02cbr62: DHCP= (35 scopes)
2026-01-03 23:49:38,679 - __main__ - INFO - [118/461] NKK-LC0053-CCAP001: DHCP= (45 scopes)
2026-01-03 23:49:38,794 - __main__ - INFO - [119/461] ES-LC0001-CCAP001: DHCP= (35 scopes)
2026-01-03 23:49:38,914 - __main__ - INFO - [120/461] ad16abr45: DHCP= (37 scopes)
2026-01-03 23:49:39,030 - __main__ - INFO - [121/461] ap09cbr69: DHCP= (11 scopes)
2026-01-03 23:49:39,156 - __main__ - INFO - [122/461] rt72cbr67: DHCP= (42 scopes)
2026-01-03 23:49:39,272 - __main__ - INFO - [123/461] lw03cbr67: DHCP= (18 scopes)
2026-01-03 23:49:39,399 - __main__ - INFO - [124/461] rt37abr49: DHCP= (42 scopes)
2026-01-03 23:49:39,518 - __main__ - INFO - [125/461] hm05abr42: DHCP= (16 scopes)
2026-01-03 23:49:39,631 - __main__ - INFO - [126/461] hm23cbr63: DHCP= (18 scopes)
2026-01-03 23:49:39,741 - __main__ - INFO - [127/461] rt53cbr68: DHCP= (17 scopes)
2026-01-03 23:49:39,868 - __main__ - INFO - [128/461] GN-RC0001-CCAP002: DHCP= (63 scopes)
2026-01-03 23:49:39,988 - __main__ - INFO - [129/461] HHW-LC0001-CCAP001: DHCP= (68 scopes)
2026-01-03 23:49:40,098 - __main__ - INFO - [130/461] rt13cbr68: DHCP= (38 scopes)
2026-01-03 23:49:40,198 - __main__ - INFO - [131/461] rt23cbr63: DHCP= (38 scopes)
2026-01-03 23:49:40,303 - __main__ - INFO - [132/461] ZWDK-LC0001-CCAP001: DHCP= (45 scopes)
2026-01-03 23:49:40,420 - __main__ - INFO - [133/461] WRW-LC0001-CCAP001: DHCP= (18 scopes)
2026-01-03 23:49:40,537 - __main__ - INFO - [134/461] ap08abr48: DHCP= (19 scopes)
2026-01-03 23:49:40,643 - __main__ - INFO - [135/461] zv19abr43: DHCP= (20 scopes)
2026-01-03 23:49:40,776 - __main__ - INFO - [136/461] ed02cbr62: DHCP= (29 scopes)
2026-01-03 23:49:40,887 - __main__ - INFO - [137/461] rt12cbr69: DHCP= (40 scopes)
2026-01-03 23:49:41,008 - __main__ - INFO - [138/461] HGZ-LC0001-CCAP001: DHCP= (46 scopes)
2026-01-03 23:49:41,114 - __main__ - INFO - [139/461] SBRN-RC0001-CCAP202: DHCP= (23 scopes)
2026-01-03 23:49:41,225 - __main__ - INFO - [140/461] HMS-LC0001-CCAP001: DHCP= (28 scopes)
2026-01-03 23:49:41,342 - __main__ - INFO - [141/461] ad05abr44: DHCP= (47 scopes)
2026-01-03 23:49:41,466 - __main__ - INFO - [142/461] HFD-LC0011-CCAP201: DHCP= (23 scopes)
2026-01-03 23:49:41,597 - __main__ - INFO - [143/461] VB-LC0001-CCAP002: DHCP= (40 scopes)
2026-01-03 23:49:41,724 - __main__ - INFO - [144/461] SMH-LC0001-CCAP001: DHCP= (14 scopes)
2026-01-03 23:49:41,838 - __main__ - INFO - [145/461] MAS-LC0002-CCAP001: DHCP= (32 scopes)
2026-01-03 23:49:41,962 - __main__ - INFO - [146/461] DV-LC0003-CCAP001: DHCP= (22 scopes)
2026-01-03 23:49:42,088 - __main__ - INFO - [147/461] rt26cbr67: DHCP= (32 scopes)
2026-01-03 23:49:42,209 - __main__ - INFO - [148/461] ASD-LC0107-CCAP202: DHCP= (31 scopes)
2026-01-03 23:49:42,329 - __main__ - INFO - [149/461] SAK-LC0021-CCAP001: DHCP= (28 scopes)
2026-01-03 23:49:42,446 - __main__ - INFO - [150/461] TL-LC0108-CCAP201: DHCP= (29 scopes)
2026-01-03 23:49:42,560 - __main__ - INFO - [151/461] hm06cbr66: DHCP= (22 scopes)
2026-01-03 23:49:42,664 - __main__ - INFO - [152/461] MP-LC0001-CCAP202: DHCP= (8 scopes)
2026-01-03 23:49:42,776 - __main__ - INFO - [153/461] HLM-LC0122-CCAP202: DHCP= (23 scopes)
2026-01-03 23:49:42,893 - __main__ - INFO - [154/461] rt72cbr64: DHCP= (35 scopes)
2026-01-03 23:49:43,003 - __main__ - INFO - [155/461] HRST-LC0022-CCAP201: DHCP= (35 scopes)
2026-01-03 23:49:43,108 - __main__ - INFO - [156/461] zv02abr42: DHCP= (24 scopes)
2026-01-03 23:49:43,207 - __main__ - INFO - [157/461] ap02cbr62: DHCP= (13 scopes)
2026-01-03 23:49:43,317 - __main__ - INFO - [158/461] er76cbr65: DHCP= (15 scopes)
2026-01-03 23:49:43,443 - __main__ - INFO - [159/461] HEDR-LC0002-CCAP201: DHCP= (42 scopes)
2026-01-03 23:49:43,556 - __main__ - INFO - [160/461] VB-LC0001-CCAP001: DHCP= (54 scopes)
2026-01-03 23:49:43,680 - __main__ - INFO - [161/461] hm07cbr68: DHCP= (26 scopes)
2026-01-03 23:49:43,785 - __main__ - INFO - [162/461] HL-LC0001-CCAP201: DHCP= (25 scopes)
2026-01-03 23:49:43,894 - __main__ - INFO - [163/461] DV-RC0001-CCAP001: DHCP= (19 scopes)
2026-01-03 23:49:44,010 - __main__ - INFO - [164/461] ah00cbr68: DHCP= (35 scopes)
2026-01-03 23:49:44,124 - __main__ - INFO - [165/461] CA-RC0002-CCAP002: DHCP= (11 scopes)
2026-01-03 23:49:44,248 - __main__ - INFO - [166/461] HL-LC0001-CCAP001: DHCP= (15 scopes)
2026-01-03 23:49:44,364 - __main__ - INFO - [167/461] RSN-LC0004-CCAP001: DHCP= (17 scopes)
2026-01-03 23:49:44,521 - __main__ - INFO - [168/461] MSDK-LC0031-CCAP001: DHCP= (19 scopes)
2026-01-03 23:49:44,642 - __main__ - INFO - [169/461] DBR-RC0133-CCAP001: DHCP= (17 scopes)
2026-01-03 23:49:44,753 - __main__ - INFO - [170/461] rt27cbr63: DHCP= (15 scopes)
2026-01-03 23:49:44,867 - __main__ - INFO - [171/461] GV-RC0011-CCAPV001: DHCP= (69 scopes)
2026-01-03 23:49:44,981 - __main__ - INFO - [172/461] nm03cbr63: DHCP= (37 scopes)
2026-01-03 23:49:45,094 - __main__ - INFO - [173/461] MAS-LC0001-CCAP001: DHCP= (26 scopes)
2026-01-03 23:49:45,210 - __main__ - INFO - [174/461] hv01cbr69: DHCP= (22 scopes)
2026-01-03 23:49:45,326 - __main__ - INFO - [175/461] rt51cbr67: DHCP= (17 scopes)
2026-01-03 23:49:45,449 - __main__ - INFO - [176/461] rt35cbr65: DHCP= (43 scopes)
2026-01-03 23:49:45,583 - __main__ - INFO - [177/461] ZL-RC0001-CCAP001: DHCP= (61 scopes)
2026-01-03 23:49:45,715 - __main__ - INFO - [178/461] GV-LC0003-CCAP001: DHCP= (43 scopes)
2026-01-03 23:49:45,842 - __main__ - INFO - [179/461] HDB-LC0001-CCAP201: DHCP= (42 scopes)
2026-01-03 23:49:45,954 - __main__ - INFO - [180/461] rt73cbr60: DHCP= (38 scopes)
2026-01-03 23:49:46,065 - __main__ - INFO - [181/461] ES-LC0004-CCAP201: DHCP= (30 scopes)
2026-01-03 23:49:46,181 - __main__ - INFO - [182/461] mt01cbr61: DHCP= (28 scopes)
2026-01-03 23:49:46,300 - __main__ - INFO - [183/461] rt06cbr62: DHCP= (27 scopes)
2026-01-03 23:49:46,406 - __main__ - INFO - [184/461] zv01cbr64: DHCP= (10 scopes)
2026-01-03 23:49:46,514 - __main__ - INFO - [185/461] MA-LC0001-CCAP001: DHCP= (25 scopes)
2026-01-03 23:49:46,638 - __main__ - INFO - [186/461] GV-RC0011-CCAP006: DHCP= (52 scopes)
2026-01-03 23:49:46,763 - __main__ - INFO - [187/461] er60cbr69: DHCP= (35 scopes)
2026-01-03 23:49:46,876 - __main__ - INFO - [188/461] LS-LC0001-CCAP201: DHCP= (26 scopes)
2026-01-03 23:49:46,989 - __main__ - INFO - [189/461] ASD-LC0104-CCAP202: DHCP= (23 scopes)
2026-01-03 23:49:47,104 - __main__ - INFO - [190/461] MOE-LC0022-CCAP201: DHCP= (38 scopes)
2026-01-03 23:49:47,213 - __main__ - INFO - [191/461] GV-RC0011-CCAP005: DHCP= (57 scopes)
2026-01-03 23:49:47,326 - __main__ - INFO - [192/461] BLT-LC0011-CCAP002: DHCP= (39 scopes)
2026-01-03 23:49:47,429 - __main__ - INFO - [193/461] MND-RC0001-CCAP001: DHCP= (24 scopes)
2026-01-03 23:49:47,546 - __main__ - INFO - [194/461] ASV-RC0004-CCAP002: DHCP= (56 scopes)
2026-01-03 23:49:47,658 - __main__ - INFO - [195/461] hm27cbr66: DHCP= (41 scopes)
2026-01-03 23:49:47,775 - __main__ - INFO - [196/461] rt13cbr69: DHCP= (21 scopes)
2026-01-03 23:49:47,895 - __main__ - INFO - [197/461] lw08cbr68: DHCP= (30 scopes)
2026-01-03 23:49:47,999 - __main__ - INFO - [198/461] UT-LC0005-CCAP001: DHCP= (32 scopes)
2026-01-03 23:49:48,107 - __main__ - INFO - [199/461] rt25cbr62: DHCP= (8 scopes)
2026-01-03 23:49:48,234 - __main__ - INFO - [200/461] STWK-LC0001-CCAP001: DHCP= (40 scopes)
2026-01-03 23:49:48,340 - __main__ - INFO - [201/461] ap03cbr69: DHCP= (28 scopes)
2026-01-03 23:49:48,455 - __main__ - INFO - [202/461] hm13cbr66: DHCP= (14 scopes)
2026-01-03 23:49:48,559 - __main__ - INFO - [203/461] GN-RC0001-CCAP201: DHCP= (35 scopes)
2026-01-03 23:49:48,674 - __main__ - INFO - [204/461] HDR-LC0111-CCAP201: DHCP= (38 scopes)
2026-01-03 23:49:48,795 - __main__ - INFO - [205/461] GV-RC0011-CCAP004: DHCP= (58 scopes)
2026-01-03 23:49:48,929 - __main__ - INFO - [206/461] VENL-RC0003-CCAP002: DHCP= (54 scopes)
2026-01-03 23:49:49,055 - __main__ - INFO - [207/461] zv38abr48: DHCP= (44 scopes)
2026-01-03 23:49:49,189 - __main__ - INFO - [208/461] hm18cbr61: DHCP= (32 scopes)
2026-01-03 23:49:49,308 - __main__ - INFO - [209/461] rt28abr44: DHCP= (19 scopes)
2026-01-03 23:49:49,414 - __main__ - INFO - [210/461] AH-LC0105-CCAP202: DHCP= (5 scopes)
2026-01-03 23:49:49,530 - __main__ - INFO - [211/461] ah06cbr66: DHCP= (18 scopes)
2026-01-03 23:49:49,641 - __main__ - INFO - [212/461] rt42cbr69: DHCP= (27 scopes)
2026-01-03 23:49:49,749 - __main__ - INFO - [213/461] APG-LC0001-CCAP001: DHCP= (52 scopes)
2026-01-03 23:49:49,872 - __main__ - INFO - [214/461] rt19abr44: DHCP= (42 scopes)
2026-01-03 23:49:49,992 - __main__ - INFO - [215/461] DBR-RC0133-CCAP002: DHCP= (24 scopes)
2026-01-03 23:49:50,129 - __main__ - INFO - [216/461] ls05abr42: DHCP= (16 scopes)
2026-01-03 23:49:50,242 - __main__ - INFO - [217/461] BDH-LC0001-CCAP001: DHCP= (19 scopes)
2026-01-03 23:49:50,352 - __main__ - INFO - [218/461] GV-LC0009-CCAP001: DHCP= (49 scopes)
2026-01-03 23:49:50,465 - __main__ - INFO - [219/461] GELE-RC0002-CCAP202: DHCP= (45 scopes)
2026-01-03 23:49:50,580 - __main__ - INFO - [220/461] nm03cbr64: DHCP= (6 scopes)
2026-01-03 23:49:50,704 - __main__ - INFO - [221/461] NM-LC0100-CCAP201: DHCP= (41 scopes)
2026-01-03 23:49:50,804 - __main__ - INFO - [222/461] rt52cbr67: DHCP= (19 scopes)
2026-01-03 23:49:50,920 - __main__ - INFO - [223/461] zv30cbr64: DHCP= (19 scopes)
2026-01-03 23:49:51,035 - __main__ - INFO - [224/461] HLM-LC0122-CCAP203: DHCP= (59 scopes)
2026-01-03 23:49:51,147 - __main__ - INFO - [225/461] HFD-LC0002-CCAP001: DHCP= (19 scopes)
2026-01-03 23:49:51,307 - __main__ - INFO - [226/461] BD-LC0004-CCAP002: DHCP= (53 scopes)
2026-01-03 23:49:51,437 - __main__ - INFO - [227/461] hm27cbr65: DHCP= (35 scopes)
2026-01-03 23:49:51,575 - __main__ - INFO - [228/461] ad16abr43: DHCP= (53 scopes)
2026-01-03 23:49:51,693 - __main__ - INFO - [229/461] rt04abr43: DHCP= (27 scopes)
2026-01-03 23:49:51,804 - __main__ - INFO - [230/461] TTR-LC0001-CCAP001: DHCP= (13 scopes)
2026-01-03 23:49:51,966 - __main__ - INFO - [231/461] nm09cbr67: DHCP= (26 scopes)
2026-01-03 23:49:52,085 - __main__ - INFO - [232/461] GV-RC0011-CCAP003: DHCP= (63 scopes)
2026-01-03 23:49:52,198 - __main__ - INFO - [233/461] MARG-LC0022-CCAP201: DHCP= (40 scopes)
2026-01-03 23:49:52,313 - __main__ - INFO - [234/461] hm02cbr61: DHCP= (15 scopes)
2026-01-03 23:49:52,424 - __main__ - INFO - [235/461] rt14cbr61: DHCP= (37 scopes)
2026-01-03 23:49:52,542 - __main__ - INFO - [236/461] NUTH-LC0034-CCAP201: DHCP= (33 scopes)
2026-01-03 23:49:52,657 - __main__ - INFO - [237/461] er72cbr62: DHCP= (30 scopes)
2026-01-03 23:49:52,767 - __main__ - INFO - [238/461] nm10cbr62: DHCP= (30 scopes)
2026-01-03 23:49:52,880 - __main__ - INFO - [239/461] zv08cbr65: DHCP= (16 scopes)
2026-01-03 23:49:52,995 - __main__ - INFO - [240/461] TB-LC0041-CCAP201: DHCP= (40 scopes)
2026-01-03 23:49:53,106 - __main__ - INFO - [241/461] RSD-RC0001-CCAP001: DHCP= (50 scopes)
2026-01-03 23:49:53,209 - __main__ - INFO - [242/461] hm10cbr69: DHCP= (19 scopes)
2026-01-03 23:49:53,319 - __main__ - INFO - [243/461] RWK-LC0001-CCAP001: DHCP= (57 scopes)
2026-01-03 23:49:53,439 - __main__ - INFO - [244/461] ROD-LC0001-CCAP001: DHCP= (29 scopes)
2026-01-03 23:49:53,554 - __main__ - INFO - [245/461] BD-RC0002-CCAP001: DHCP= (56 scopes)
2026-01-03 23:49:53,670 - __main__ - INFO - [246/461] OS-LC0033-CCAP003: DHCP= (62 scopes)
2026-01-03 23:49:53,829 - __main__ - INFO - [247/461] ls01cbr65: DHCP= (18 scopes)
2026-01-03 23:49:53,932 - __main__ - INFO - [248/461] rt41cbr62: DHCP= (29 scopes)
2026-01-03 23:49:54,047 - __main__ - INFO - [249/461] CO-LC0001-CCAP001: DHCP= (21 scopes)
2026-01-03 23:49:54,175 - __main__ - INFO - [250/461] AL-RC0263-CCAP004: DHCP= (57 scopes)
2026-01-03 23:49:54,298 - __main__ - INFO - [251/461] er82cbr64: DHCP= (15 scopes)
2026-01-03 23:49:54,412 - __main__ - INFO - [252/461] SPK-LC0001-CCAP001: DHCP= (24 scopes)
2026-01-03 23:49:54,526 - __main__ - INFO - [253/461] RSD-LC0003-CCAP001: DHCP= (34 scopes)
2026-01-03 23:49:54,640 - __main__ - INFO - [254/461] FA-LC0021-CCAP201: DHCP= (18 scopes)
2026-01-03 23:49:54,773 - __main__ - INFO - [255/461] HT-RC0001-CCAP002: DHCP= (66 scopes)
2026-01-03 23:49:54,895 - __main__ - INFO - [256/461] HLM-LC0001-CCAP201: DHCP= (27 scopes)
2026-01-03 23:49:55,020 - __main__ - INFO - [257/461] BEEK-LC0012-CCAP201: DHCP= (44 scopes)
2026-01-03 23:49:55,150 - __main__ - INFO - [258/461] GV-LC0001-CCAP001: DHCP= (53 scopes)
2026-01-03 23:49:55,252 - __main__ - INFO - [259/461] WAR-LC0001-CCAP001: DHCP= (15 scopes)
2026-01-03 23:49:55,368 - __main__ - INFO - [260/461] KERK-LC0031-CCAP201: DHCP= (63 scopes)
2026-01-03 23:49:55,487 - __main__ - INFO - [261/461] ap10cbr60: DHCP= (42 scopes)
2026-01-03 23:49:55,594 - __main__ - INFO - [262/461] rt19abr45: DHCP= (9 scopes)
2026-01-03 23:49:55,705 - __main__ - INFO - [263/461] HM-LC0111-CCAP201: DHCP= (37 scopes)
2026-01-03 23:49:55,817 - __main__ - INFO - [264/461] ah01abr40: DHCP= (14 scopes)
2026-01-03 23:49:55,939 - __main__ - INFO - [265/461] LAND-RC0001-CCAP202: DHCP= (53 scopes)
2026-01-03 23:49:56,045 - __main__ - INFO - [266/461] OWD-LC0001-CCAP001: DHCP= (24 scopes)
2026-01-03 23:49:56,171 - __main__ - INFO - [267/461] WS-RC0001-CCAP001: DHCP= (56 scopes)
2026-01-03 23:49:56,288 - __main__ - INFO - [268/461] BDG-LC0001-CCAP001: DHCP= (22 scopes)
2026-01-03 23:49:56,403 - __main__ - INFO - [269/461] NVEN-LC0001-CCAP001: DHCP= (27 scopes)
2026-01-03 23:49:56,403 - __main__ - WARNING - [270/461] AMF-RC0004-CCAP002: Missing primary subnet or hostname
2026-01-03 23:49:56,509 - __main__ - INFO - [271/461] BOL-LC0001-CCAP001: DHCP= (37 scopes)
2026-01-03 23:49:56,638 - __main__ - INFO - [272/461] rt54abr46: DHCP= (21 scopes)
2026-01-03 23:49:56,759 - __main__ - INFO - [273/461] AMF-RC0004-CCAP004: DHCP= (84 scopes)
2026-01-03 23:49:56,872 - __main__ - INFO - [274/461] ak00cbr60: DHCP= (45 scopes)
2026-01-03 23:49:56,985 - __main__ - INFO - [275/461] mt06cbr69: DHCP= (19 scopes)
2026-01-03 23:49:57,101 - __main__ - INFO - [276/461] HT-LC0024-CCAP001: DHCP= (30 scopes)
2026-01-03 23:49:57,217 - __main__ - INFO - [277/461] WM-LC0112-CCAP201: DHCP= (51 scopes)
2026-01-03 23:49:57,336 - __main__ - INFO - [278/461] VENL-RC0003-CCAP003: DHCP= (57 scopes)
2026-01-03 23:49:57,458 - __main__ - INFO - [279/461] er66cbr64: DHCP= (28 scopes)
2026-01-03 23:49:57,593 - __main__ - INFO - [280/461] BD-RC0002-CCAP202: DHCP= (45 scopes)
2026-01-03 23:49:57,717 - __main__ - INFO - [281/461] hv02abr42: DHCP= (7 scopes)
2026-01-03 23:49:57,838 - __main__ - INFO - [282/461] rt46cbr64: DHCP= (27 scopes)
2026-01-03 23:49:57,952 - __main__ - INFO - [283/461] HVS-LC0108-CCAP202: DHCP= (22 scopes)
2026-01-03 23:49:58,069 - __main__ - INFO - [284/461] SIMP-LC0032-CCAP201: DHCP= (16 scopes)
2026-01-03 23:49:58,174 - __main__ - INFO - [285/461] ed02cbr63: DHCP= (15 scopes)
2026-01-03 23:49:58,300 - __main__ - INFO - [286/461] ed03abr43: DHCP= (26 scopes)
2026-01-03 23:49:58,424 - __main__ - INFO - [287/461] TB-RC0001-CCAP001: DHCP= (61 scopes)
2026-01-03 23:49:58,542 - __main__ - INFO - [288/461] EMN-RC0001-CCAP002: DHCP= (51 scopes)
2026-01-03 23:49:58,673 - __main__ - INFO - [289/461] HFD-LC0013-CCAP201: DHCP= (29 scopes)
2026-01-03 23:49:58,780 - __main__ - INFO - [290/461] MRLO-LC0021-CCAP001: DHCP= (12 scopes)
2026-01-03 23:49:58,902 - __main__ - INFO - [291/461] HGL-RC0001-CCAP202: DHCP= (40 scopes)
2026-01-03 23:49:59,030 - __main__ - INFO - [292/461] rt01abr46: DHCP= (50 scopes)
2026-01-03 23:49:59,143 - __main__ - INFO - [293/461] ES-LC0003-CCAP001: DHCP= (25 scopes)
2026-01-03 23:49:59,249 - __main__ - INFO - [294/461] GV-LC0006-CCAP002: DHCP= (10 scopes)
2026-01-03 23:49:59,354 - __main__ - INFO - [295/461] lw07cbr62: DHCP= (26 scopes)
2026-01-03 23:49:59,482 - __main__ - INFO - [296/461] ad11abr47: DHCP= (89 scopes)
2026-01-03 23:49:59,601 - __main__ - INFO - [297/461] LML-RC0001-CCAP002: DHCP= (52 scopes)
2026-01-03 23:49:59,724 - __main__ - INFO - [298/461] MND-RC0001-CCAP004: DHCP= (71 scopes)
2026-01-03 23:49:59,837 - __main__ - INFO - [299/461] TL-LC0108-CCAP202: DHCP= (18 scopes)
2026-01-03 23:49:59,960 - __main__ - INFO - [300/461] hm20cbr63: DHCP= (25 scopes)
2026-01-03 23:50:00,062 - __main__ - INFO - [301/461] HOO-LC0011-CCAP201: DHCP= (21 scopes)
2026-01-03 23:50:00,175 - __main__ - INFO - [302/461] al03cbr63: DHCP= (21 scopes)
2026-01-03 23:50:00,288 - __main__ - INFO - [303/461] GLE-LC0024-CCAP001: DHCP= (32 scopes)
2026-01-03 23:50:00,401 - __main__ - INFO - [304/461] hm21cbr67: DHCP= (19 scopes)
2026-01-03 23:50:00,522 - __main__ - INFO - [305/461] rt44abr46: DHCP= (52 scopes)
2026-01-03 23:50:00,635 - __main__ - INFO - [306/461] ZTM-LC0003-CCAP001: DHCP= (45 scopes)
2026-01-03 23:50:00,750 - __main__ - INFO - [307/461] HZ-LC0002-CCAP001: DHCP= (27 scopes)
2026-01-03 23:50:00,867 - __main__ - INFO - [308/461] ah04cbr68: DHCP= (27 scopes)
2026-01-03 23:50:00,986 - __main__ - INFO - [309/461] ad05abr46: DHCP= (32 scopes)
2026-01-03 23:50:01,096 - __main__ - INFO - [310/461] rt47cbr68: DHCP= (18 scopes)
2026-01-03 23:50:01,211 - __main__ - INFO - [311/461] VESB-LC0001-CCAP001: DHCP= (33 scopes)
2026-01-03 23:50:01,318 - __main__ - INFO - [312/461] er78cbr66: DHCP= (13 scopes)
2026-01-03 23:50:01,447 - __main__ - INFO - [313/461] NW-LC0001-CCAP001: DHCP= (51 scopes)
2026-01-03 23:50:01,546 - __main__ - INFO - [314/461] lw06cbr63: DHCP= (8 scopes)
2026-01-03 23:50:01,655 - __main__ - INFO - [315/461] hm16cbr67: DHCP= (33 scopes)
2026-01-03 23:50:01,768 - __main__ - INFO - [316/461] SDL-LC0042-CCAP001: DHCP= (19 scopes)
2026-01-03 23:50:01,879 - __main__ - INFO - [317/461] ad01cbr61: DHCP= (34 scopes)
2026-01-03 23:50:02,019 - __main__ - INFO - [318/461] HVS-LC0108-CCAP201: DHCP= (37 scopes)
2026-01-03 23:50:02,141 - __main__ - INFO - [319/461] al04cbr61: DHCP= (9 scopes)
2026-01-03 23:50:02,264 - __main__ - INFO - [320/461] GN-LC0002-CCAP201: DHCP= (41 scopes)
2026-01-03 23:50:02,382 - __main__ - INFO - [321/461] ed01cbr61: DHCP= (39 scopes)
2026-01-03 23:50:02,510 - __main__ - INFO - [322/461] ZL-RC0001-CCAP003: DHCP= (71 scopes)
2026-01-03 23:50:02,643 - __main__ - INFO - [323/461] HEEM-LC0002-CCAP001: DHCP= (66 scopes)
2026-01-03 23:50:02,760 - __main__ - INFO - [324/461] ad13cbr60: DHCP= (30 scopes)
2026-01-03 23:50:02,869 - __main__ - INFO - [325/461] ap10cbr61: DHCP= (27 scopes)
2026-01-03 23:50:02,975 - __main__ - INFO - [326/461] HM-LC0111-CCAP202: DHCP= (19 scopes)
2026-01-03 23:50:03,096 - __main__ - INFO - [327/461] ad33abr47: DHCP= (63 scopes)
2026-01-03 23:50:03,214 - __main__ - INFO - [328/461] rt25cbr61: DHCP= (37 scopes)
2026-01-03 23:50:03,325 - __main__ - INFO - [329/461] zv32cbr65: DHCP= (11 scopes)
2026-01-03 23:50:03,457 - __main__ - INFO - [330/461] SK-RC0001-CCAP002: DHCP= (76 scopes)
2026-01-03 23:50:03,566 - __main__ - INFO - [331/461] hm04cbr65: DHCP= (13 scopes)
2026-01-03 23:50:03,676 - __main__ - INFO - [332/461] hm24cbr64: DHCP= (14 scopes)
2026-01-03 23:50:03,800 - __main__ - INFO - [333/461] ASD-LC0104-CCAP201: DHCP= (55 scopes)
2026-01-03 23:50:03,918 - __main__ - INFO - [334/461] MND-RC0001-CCAP005: DHCP= (72 scopes)
2026-01-03 23:50:04,029 - __main__ - INFO - [335/461] LW-LC0102-CCAP201: DHCP= (44 scopes)
2026-01-03 23:50:04,154 - __main__ - INFO - [336/461] ZOB-LC0002-CCAP001: DHCP= (49 scopes)
2026-01-03 23:50:04,276 - __main__ - INFO - [337/461] ad33abr48: DHCP= (64 scopes)
2026-01-03 23:50:04,392 - __main__ - INFO - [338/461] SSH-RC0004-CCAP004: DHCP= (55 scopes)
2026-01-03 23:50:04,515 - __main__ - INFO - [339/461] SK-RC0001-CCAP003: DHCP= (56 scopes)
2026-01-03 23:50:04,639 - __main__ - INFO - [340/461] rt05abr40: DHCP= (63 scopes)
2026-01-03 23:50:04,753 - __main__ - INFO - [341/461] SCHN-LC0013-CCAP201: DHCP= (30 scopes)
2026-01-03 23:50:04,870 - __main__ - INFO - [342/461] CU-LC0024-CCAP001: DHCP= (28 scopes)
2026-01-03 23:50:04,993 - __main__ - INFO - [343/461] WR-LC0001-CCAP001: DHCP= (44 scopes)
2026-01-03 23:50:05,126 - __main__ - INFO - [344/461] ZW-LC0001-CCAP001: DHCP= (43 scopes)
2026-01-03 23:50:05,246 - __main__ - INFO - [345/461] BD-RC0002-CCAP201: DHCP= (55 scopes)
2026-01-03 23:50:05,349 - __main__ - INFO - [346/461] VEG-LC0013-CCAP001: DHCP= (28 scopes)
2026-01-03 23:50:05,460 - __main__ - INFO - [347/461] BEN-LC0001-CCAP001: DHCP= (10 scopes)
2026-01-03 23:50:05,585 - __main__ - INFO - [348/461] HLM-LC0122-CCAP201: DHCP= (47 scopes)
2026-01-03 23:50:05,700 - __main__ - INFO - [349/461] NVEN-LC0002-CCAP001: DHCP= (19 scopes)
2026-01-03 23:50:05,805 - __main__ - INFO - [350/461] VHZ-LC0001-CCAP001: DHCP= (6 scopes)
2026-01-03 23:50:05,913 - __main__ - INFO - [351/461] al04cbr64: DHCP= (40 scopes)
2026-01-03 23:50:06,027 - __main__ - INFO - [352/461] PM-LC0110-CCAP202: DHCP= (36 scopes)
2026-01-03 23:50:06,159 - __main__ - INFO - [353/461] ad32abr47: DHCP= (71 scopes)
2026-01-03 23:50:06,286 - __main__ - INFO - [354/461] ad00cbr66: DHCP= (52 scopes)
2026-01-03 23:50:06,408 - __main__ - INFO - [355/461] OGT-LC0007-CCAP201: DHCP= (35 scopes)
2026-01-03 23:50:06,519 - __main__ - INFO - [356/461] hm09cbr60: DHCP= (16 scopes)
2026-01-03 23:50:06,621 - __main__ - INFO - [357/461] hm27cbr67: DHCP= (5 scopes)
2026-01-03 23:50:06,729 - __main__ - INFO - [358/461] BKP-LC0001-CCAP001: DHCP= (19 scopes)
2026-01-03 23:50:06,857 - __main__ - INFO - [359/461] EMN-RC0001-CCAP001: DHCP= (61 scopes)
2026-01-03 23:50:07,002 - __main__ - INFO - [360/461] ad16abr44: DHCP= (49 scopes)
2026-01-03 23:50:07,119 - __main__ - INFO - [361/461] rt29abr44: DHCP= (23 scopes)
2026-01-03 23:50:07,240 - __main__ - INFO - [362/461] MTRI-RC0001-CCAP202: DHCP= (20 scopes)
2026-01-03 23:50:07,354 - __main__ - INFO - [363/461] GN-LC0005-CCAP001: DHCP= (36 scopes)
2026-01-03 23:50:07,472 - __main__ - INFO - [364/461] ASN-RC0002-CCAP001: DHCP= (63 scopes)
2026-01-03 23:50:07,597 - __main__ - INFO - [365/461] GRD-LC0001-CCAP201: DHCP= (28 scopes)
2026-01-03 23:50:07,698 - __main__ - INFO - [366/461] ls04cbr61: DHCP= (20 scopes)
2026-01-03 23:50:07,810 - __main__ - INFO - [367/461] BT-LC0044-CCAP001: DHCP= (19 scopes)
2026-01-03 23:50:07,930 - __main__ - INFO - [368/461] AMF-RC0004-CCAP003: DHCP= (40 scopes)
2026-01-03 23:50:08,035 - __main__ - INFO - [369/461] ls00cbr60: DHCP= (6 scopes)
2026-01-03 23:50:08,154 - __main__ - INFO - [370/461] BLOK-LC0002-CCAP001: DHCP= (57 scopes)
2026-01-03 23:50:08,280 - __main__ - INFO - [371/461] HAEL-LC0012-CCAP001: DHCP= (42 scopes)
2026-01-03 23:50:08,405 - __main__ - INFO - [372/461] TB-LC0052-CCAP001: DHCP= (40 scopes)
2026-01-03 23:50:08,515 - __main__ - INFO - [373/461] mt00cbr69: DHCP= (9 scopes)
2026-01-03 23:50:08,617 - __main__ - INFO - [374/461] VENL-RC0003-CCAP201: DHCP= (15 scopes)
2026-01-03 23:50:08,739 - __main__ - INFO - [375/461] MND-RC0001-CCAP201: DHCP= (37 scopes)
2026-01-03 23:50:08,870 - __main__ - INFO - [376/461] NWK-LC0001-CCAP001: DHCP= (34 scopes)
2026-01-03 23:50:08,972 - __main__ - INFO - [377/461] TB-RC0001-CCAP002: DHCP= (5 scopes)
2026-01-03 23:50:09,086 - __main__ - INFO - [378/461] ZTM-LC0004-CCAP001: DHCP= (44 scopes)
2026-01-03 23:50:09,201 - __main__ - INFO - [379/461] SSH-RC0004-CCAP001: DHCP= (47 scopes)
2026-01-03 23:50:09,302 - __main__ - INFO - [380/461] EYSD-LC0001-CCAP201: DHCP= (19 scopes)
2026-01-03 23:50:09,406 - __main__ - INFO - [381/461] rt31cbr69: DHCP= (23 scopes)
2026-01-03 23:50:09,531 - __main__ - INFO - [382/461] SGN-LC0001-CCAP001: DHCP= (28 scopes)
2026-01-03 23:50:09,658 - __main__ - INFO - [383/461] SB-LC0013-CCAP001: DHCP= (25 scopes)
2026-01-03 23:50:09,768 - __main__ - INFO - [384/461] lw01cbr63: DHCP= (16 scopes)
2026-01-03 23:50:09,886 - __main__ - INFO - [385/461] rt32cbr64: DHCP= (32 scopes)
2026-01-03 23:50:09,996 - __main__ - INFO - [386/461] HT-RC0001-CCAP001: DHCP= (23 scopes)
2026-01-03 23:50:10,117 - __main__ - INFO - [387/461] RUP-LC0033-CCAP001: DHCP= (38 scopes)
2026-01-03 23:50:10,236 - __main__ - INFO - [388/461] GV-LC0008-CCAP001: DHCP= (48 scopes)
2026-01-03 23:50:10,373 - __main__ - INFO - [389/461] rt56cbr62: DHCP= (34 scopes)
2026-01-03 23:50:10,516 - __main__ - INFO - [390/461] BWD-LC0001-CCAP001: DHCP= (29 scopes)
2026-01-03 23:50:10,634 - __main__ - INFO - [391/461] GN-LC0004-CCAP201: DHCP= (35 scopes)
2026-01-03 23:50:10,751 - __main__ - INFO - [392/461] MSBT-RC0001-CCAP201: DHCP= (37 scopes)
2026-01-03 23:50:10,867 - __main__ - INFO - [393/461] GV-LC0011-CCAP001: DHCP= (37 scopes)
2026-01-03 23:50:10,993 - __main__ - INFO - [394/461] CA-RC0002-CCAP001: DHCP= (67 scopes)
2026-01-03 23:50:11,103 - __main__ - INFO - [395/461] BEES-LC0011-CCAP201: DHCP= (30 scopes)
2026-01-03 23:50:11,223 - __main__ - INFO - [396/461] ad00cbr67: DHCP= (44 scopes)
2026-01-03 23:50:11,337 - __main__ - INFO - [397/461] NDK-LC0001-CCAP001: DHCP= (41 scopes)
2026-01-03 23:50:11,451 - __main__ - INFO - [398/461] hm15cbr65: DHCP= (33 scopes)
2026-01-03 23:50:11,568 - __main__ - INFO - [399/461] lw09cbr69: DHCP= (30 scopes)
2026-01-03 23:50:11,684 - __main__ - INFO - [400/461] GN-LC0001-CCAP201: DHCP= (48 scopes)
2026-01-03 23:50:11,800 - __main__ - INFO - [401/461] KERK-LC0031-CCAP202: DHCP= (12 scopes)
2026-01-03 23:50:11,925 - __main__ - INFO - [402/461] MND-RC0001-CCAP003: DHCP= (61 scopes)
2026-01-03 23:50:11,926 - __main__ - WARNING - [403/461] BRN-LC0011-CCAP001: Missing primary subnet or hostname
2026-01-03 23:50:12,029 - __main__ - INFO - [404/461] MTRI-LC0002-CCAP001: DHCP= (41 scopes)
2026-01-03 23:50:12,142 - __main__ - INFO - [405/461] HKB-LC0001-CCAP001: DHCP= (19 scopes)
2026-01-03 23:50:12,266 - __main__ - INFO - [406/461] HLEN-LC0023-CCAP001: DHCP= (49 scopes)
2026-01-03 23:50:12,381 - __main__ - INFO - [407/461] al00abr49: DHCP= (26 scopes)
2026-01-03 23:50:12,493 - __main__ - INFO - [408/461] VND-RC0001-CCAP001: DHCP= (30 scopes)
2026-01-03 23:50:12,612 - __main__ - INFO - [409/461] WD-LC0002-CCAP001: DHCP= (42 scopes)
2026-01-03 23:50:12,736 - __main__ - INFO - [410/461] rt50cbr66: DHCP= (27 scopes)
2026-01-03 23:50:12,862 - __main__ - INFO - [411/461] ls03cbr65: DHCP= (18 scopes)
2026-01-03 23:50:12,977 - __main__ - INFO - [412/461] AH-LC0105-CCAP201: DHCP= (35 scopes)
2026-01-03 23:50:13,088 - __main__ - INFO - [413/461] hm12abr45: DHCP= (16 scopes)
2026-01-03 23:50:13,221 - __main__ - INFO - [414/461] ad01cbr60: DHCP= (39 scopes)
2026-01-03 23:50:13,340 - __main__ - INFO - [415/461] GV-LC0006-CCAP001: DHCP= (52 scopes)
2026-01-03 23:50:13,467 - __main__ - INFO - [416/461] UT-LC0003-CCAP001: DHCP= (48 scopes)
2026-01-03 23:50:13,588 - __main__ - INFO - [417/461] HGV-LC0001-CCAP202: DHCP= (23 scopes)
2026-01-03 23:50:13,695 - __main__ - INFO - [418/461] ad14cbr60: DHCP= (21 scopes)
2026-01-03 23:50:13,810 - __main__ - INFO - [419/461] HRN-LC0001-CCAP201: DHCP= (28 scopes)
2026-01-03 23:50:13,929 - __main__ - INFO - [420/461] BOZ-RC0001-CCAP003: DHCP= (63 scopes)
2026-01-03 23:50:14,044 - __main__ - INFO - [421/461] lw04abr45: DHCP= (21 scopes)
2026-01-03 23:50:14,159 - __main__ - INFO - [422/461] al02cbr62: DHCP= (26 scopes)
2026-01-03 23:50:14,282 - __main__ - INFO - [423/461] ASD-LC0107-CCAP203: DHCP= (26 scopes)
2026-01-03 23:50:14,406 - __main__ - INFO - [424/461] TB-LC0042-CCAP201: DHCP= (25 scopes)
2026-01-03 23:50:14,532 - __main__ - INFO - [425/461] rt39cbr63: DHCP= (27 scopes)
2026-01-03 23:50:14,639 - __main__ - INFO - [426/461] ad01cbr62: DHCP= (7 scopes)
2026-01-03 23:50:14,765 - __main__ - INFO - [427/461] ASN-RC0002-CCAP002: DHCP= (78 scopes)
2026-01-03 23:50:14,877 - __main__ - INFO - [428/461] ah07cbr61: DHCP= (31 scopes)
2026-01-03 23:50:14,998 - __main__ - INFO - [429/461] BN-LC0001-CCAP201: DHCP= (21 scopes)
2026-01-03 23:50:15,117 - __main__ - INFO - [430/461] PM-LC0110-CCAP201: DHCP= (41 scopes)
2026-01-03 23:50:15,236 - __main__ - INFO - [431/461] DV-LC0002-CCAP001: DHCP= (17 scopes)
2026-01-03 23:50:15,345 - __main__ - INFO - [432/461] GV-RC0011-CCAP001: DHCP= (6 scopes)
2026-01-03 23:50:15,468 - __main__ - INFO - [433/461] WEER-LC0022-CCAP201: DHCP= (47 scopes)
2026-01-03 23:50:15,589 - __main__ - INFO - [434/461] CAS-LC0001-CCAP001: DHCP= (32 scopes)
2026-01-03 23:50:15,702 - __main__ - INFO - [435/461] nm08cbr69: DHCP= (16 scopes)
2026-01-03 23:50:15,836 - __main__ - INFO - [436/461] MI-LC0041-CCAP001: DHCP= (27 scopes)
2026-01-03 23:50:15,952 - __main__ - INFO - [437/461] hm17cbr60: DHCP= (14 scopes)
2026-01-03 23:50:16,071 - __main__ - INFO - [438/461] RMND-RC0001-CCAP202: DHCP= (34 scopes)
2026-01-03 23:50:16,185 - __main__ - INFO - [439/461] mt04cbr68: DHCP= (17 scopes)
2026-01-03 23:50:16,302 - __main__ - INFO - [440/461] ah03cbr63: DHCP= (23 scopes)
2026-01-03 23:50:16,408 - __main__ - INFO - [441/461] hm19cbr66: DHCP= (15 scopes)
2026-01-03 23:50:16,522 - __main__ - INFO - [442/461] ak00cbr62: DHCP= (25 scopes)
2026-01-03 23:50:16,645 - __main__ - INFO - [443/461] nm07cbr62: DHCP= (23 scopes)
2026-01-03 23:50:16,782 - __main__ - INFO - [444/461] RMND-RC0001-CCAP201: DHCP= (58 scopes)
2026-01-03 23:50:16,901 - __main__ - INFO - [445/461] ZNB-LC0001-CCAP001: DHCP= (16 scopes)
2026-01-03 23:50:17,022 - __main__ - INFO - [446/461] ad11cbr60: DHCP= (22 scopes)
2026-01-03 23:50:17,134 - __main__ - INFO - [447/461] rt03cbr62: DHCP= (31 scopes)
2026-01-03 23:50:17,255 - __main__ - INFO - [448/461] ak00cbr61: DHCP= (37 scopes)
2026-01-03 23:50:17,373 - __main__ - INFO - [449/461] mt02cbr68: DHCP= (8 scopes)
2026-01-03 23:50:17,492 - __main__ - INFO - [450/461] rt48cbr68: DHCP= (25 scopes)
2026-01-03 23:50:17,613 - __main__ - INFO - [451/461] LEDN-LC0002-CCAP001: DHCP= (74 scopes)
2026-01-03 23:50:17,742 - __main__ - INFO - [452/461] GELE-RC0002-CCAP001: DHCP= (64 scopes)
2026-01-03 23:50:17,873 - __main__ - INFO - [453/461] HTN-LC0002-CCAP201: DHCP= (39 scopes)
2026-01-03 23:50:17,988 - __main__ - INFO - [454/461] HT-LC0013-CCAP001: DHCP= (28 scopes)
2026-01-03 23:50:18,100 - __main__ - INFO - [455/461] HZ-LC0001-CCAP002: DHCP= (41 scopes)
2026-01-03 23:50:18,228 - __main__ - INFO - [456/461] ZND-LC0032-CCAP001: DHCP= (26 scopes)
2026-01-03 23:50:18,351 - __main__ - INFO - [457/461] EDM-LC0001-CCAP001: DHCP= (30 scopes)
2026-01-03 23:50:18,484 - __main__ - INFO - [458/461] LAND-RC0001-CCAP001: DHCP= (102 scopes)
2026-01-03 23:50:18,604 - __main__ - INFO - [459/461] rt40cbr65: DHCP= (28 scopes)
2026-01-03 23:50:18,733 - __main__ - INFO - [460/461] DT-LC0001-CCAP001: DHCP= (48 scopes)
2026-01-03 23:50:18,854 - __main__ - INFO - [461/461] ad05abr40: DHCP= (43 scopes)
2026-01-03 23:50:18,854 - __main__ - INFO - Cleaning up expired cache entries...
2026-01-03 23:50:18,909 - app_cache - INFO - Cleaned up 0 expired cache entries
2026-01-03 23:50:18,910 - __main__ - INFO - ============================================================
2026-01-03 23:50:18,910 - __main__ - INFO - Cache warmer completed in 209.7s
2026-01-03 23:50:18,910 - __main__ - INFO - Success: 455, Errors: 0
2026-01-03 23:50:18,910 - __main__ - INFO - ============================================================
