2026-01-04 00:06:07,395 - __main__ - INFO - ============================================================
2026-01-04 00:06:07,395 - __main__ - INFO - Starting cache warmer job
2026-01-04 00:06:07,396 - cache_manager - INFO - Cache manager initialized: .cache
2026-01-04 00:06:07,396 - cache_manager - INFO - Default TTL: 86400 seconds (24.0 hours)
2026-01-04 00:06:07,396 - netshot_api - INFO - Caching enabled: TTL=86400s, dir=.cache
2026-01-04 00:06:07,506 - dhcp_database - INFO - Connected to DHCP database at 127.0.0.1:3306
2026-01-04 00:06:07,617 - app_cache - INFO - Connected to cache database: localhost:3307/li_xml
2026-01-04 00:06:07,617 - __main__ - INFO - Fetching CMTS devices from Netshot...
2026-01-04 00:06:07,622 - __main__ - INFO - Found 461 CMTS devices
2026-01-04 00:06:07,749 - __main__ - INFO - [1/461] lw05cbr65: DHCP=✓ (8 scopes)
2026-01-04 00:06:07,872 - __main__ - INFO - [2/461] BVK-LC0001-CCAP001: DHCP=✓ (73 scopes)
2026-01-04 00:06:07,983 - __main__ - INFO - [3/461] WS-RC0001-CCAP002: DHCP=✓ (28 scopes)
2026-01-04 00:06:08,100 - __main__ - INFO - [4/461] SSH-RC0004-CCAP005: DHCP=✓ (35 scopes)
2026-01-04 00:06:08,215 - __main__ - INFO - [5/461] rt33cbr61: DHCP=✓ (25 scopes)
2026-01-04 00:06:08,317 - __main__ - INFO - [6/461] ERB-LC0012-CCAP201: DHCP=✓ (8 scopes)
2026-01-04 00:06:08,429 - __main__ - INFO - [7/461] ad32abr48: DHCP=✓ (66 scopes)
2026-01-04 00:06:08,536 - __main__ - INFO - [8/461] ASD-LC0107-CCAP201: DHCP=✓ (33 scopes)
2026-01-04 00:06:08,644 - __main__ - INFO - [9/461] WM-LC0112-CCAP202: DHCP=✓ (13 scopes)
2026-01-04 00:06:08,752 - __main__ - INFO - [10/461] ZH-LC0001-CCAP001: DHCP=✓ (29 scopes)
2026-01-04 00:06:08,860 - __main__ - INFO - [11/461] UT-LC0002-CCAP001: DHCP=✓ (67 scopes)
2026-01-04 00:06:08,963 - __main__ - INFO - [12/461] RML-LC0022-CCAP201: DHCP=✓ (30 scopes)
2026-01-04 00:06:09,068 - __main__ - INFO - [13/461] GN-LC0006-CCAP001: DHCP=✓ (45 scopes)
2026-01-04 00:06:09,166 - __main__ - INFO - [14/461] RY-LC0031-CCAP201: DHCP=✓ (18 scopes)
2026-01-04 00:06:09,280 - __main__ - INFO - [15/461] HGL-RC0001-CCAP201: DHCP=✓ (38 scopes)
2026-01-04 00:06:09,401 - __main__ - INFO - [16/461] OV-LC0001-CCAP001: DHCP=✓ (20 scopes)
2026-01-04 00:06:09,519 - __main__ - INFO - [17/461] HVS-RC0002-CCAP001: DHCP=✓ (55 scopes)
2026-01-04 00:06:09,520 - __main__ - WARNING - [18/461] [NONAME]: Missing primary subnet or hostname
2026-01-04 00:06:09,646 - __main__ - INFO - [19/461] zv01cbr63: DHCP=✓ (39 scopes)
2026-01-04 00:06:09,768 - __main__ - INFO - [20/461] ah00cbr67: DHCP=✓ (32 scopes)
2026-01-04 00:06:09,893 - __main__ - INFO - [21/461] ZVB-LC0022-CCAP201: DHCP=✓ (25 scopes)
2026-01-04 00:06:10,030 - __main__ - INFO - [22/461] nm05cbr69: DHCP=✓ (9 scopes)
2026-01-04 00:06:10,161 - __main__ - INFO - [23/461] GR-RC0001-CCAP202: DHCP=✓ (39 scopes)
2026-01-04 00:06:10,284 - __main__ - INFO - [24/461] NV-LC0001-CCAP001: DHCP=✓ (30 scopes)
2026-01-04 00:06:10,411 - __main__ - INFO - [25/461] ZTM-LC0002-CCAP001: DHCP=✓ (39 scopes)
2026-01-04 00:06:10,543 - __main__ - INFO - [26/461] TB-LC0013-CCAP001: DHCP=✓ (27 scopes)
2026-01-04 00:06:10,664 - __main__ - INFO - [27/461] VT-LC0051-CCAP001: DHCP=✓ (22 scopes)
2026-01-04 00:06:10,784 - __main__ - INFO - [28/461] ad32abr49: DHCP=✓ (5 scopes)
2026-01-04 00:06:10,903 - __main__ - INFO - [29/461] ASN-LC0001-CCAP001: DHCP=✓ (33 scopes)
2026-01-04 00:06:11,029 - __main__ - INFO - [30/461] HVS-RC0002-CCAP201: DHCP=✓ (45 scopes)
2026-01-04 00:06:11,156 - __main__ - INFO - [31/461] BGNH-LC0001-CCAP001: DHCP=✓ (29 scopes)
2026-01-04 00:06:11,297 - __main__ - INFO - [32/461] LML-RC0001-CCAP001: DHCP=✓ (49 scopes)
2026-01-04 00:06:11,424 - __main__ - INFO - [33/461] HV-LC0052-CCAP201: DHCP=✓ (17 scopes)
2026-01-04 00:06:11,425 - __main__ - WARNING - [34/461] GV-RC0011-VCAS001: Missing primary subnet or hostname
2026-01-04 00:06:11,544 - __main__ - INFO - [35/461] NM-LC0100-CCAP202: DHCP=✓ (16 scopes)
2026-01-04 00:06:11,662 - __main__ - INFO - [36/461] HT-LC0014-CCAP001: DHCP=✓ (20 scopes)
2026-01-04 00:06:11,777 - __main__ - INFO - [37/461] ad00cbr68: DHCP=✓ (24 scopes)
2026-01-04 00:06:11,895 - __main__ - INFO - [38/461] zv26cbr64: DHCP=✓ (21 scopes)
2026-01-04 00:06:12,014 - __main__ - INFO - [39/461] TB-LC0051-CCAP201: DHCP=✓ (15 scopes)
2026-01-04 00:06:12,144 - __main__ - INFO - [40/461] hm10cbr66: DHCP=✓ (29 scopes)
2026-01-04 00:06:12,269 - __main__ - INFO - [41/461] HT-LC0011-CCAP001: DHCP=✓ (30 scopes)
2026-01-04 00:06:12,388 - __main__ - INFO - [42/461] lw11cbr61: DHCP=✓ (24 scopes)
2026-01-04 00:06:12,514 - __main__ - INFO - [43/461] rt72cbr65: DHCP=✓ (33 scopes)
2026-01-04 00:06:12,634 - __main__ - INFO - [44/461] nm01cbr62: DHCP=✓ (37 scopes)
2026-01-04 00:06:12,752 - __main__ - INFO - [45/461] DBR-LC0001-CCAP001: DHCP=✓ (23 scopes)
2026-01-04 00:06:12,872 - __main__ - INFO - [46/461] rt01abr47: DHCP=✓ (17 scopes)
2026-01-04 00:06:12,988 - __main__ - INFO - [47/461] nm04cbr62: DHCP=✓ (16 scopes)
2026-01-04 00:06:13,112 - __main__ - INFO - [48/461] BD-RC0002-CCAP002: DHCP=✓ (53 scopes)
2026-01-04 00:06:13,220 - __main__ - INFO - [49/461] MND-RC0001-CCAP202: DHCP=✓ (33 scopes)
2026-01-04 00:06:13,339 - __main__ - INFO - [50/461] ad00cbr65: DHCP=✓ (47 scopes)
2026-01-04 00:06:13,450 - __main__ - INFO - [51/461] TB-RC0001-CCAP003: DHCP=✓ (71 scopes)
2026-01-04 00:06:13,559 - __main__ - INFO - [52/461] VENR-RC0001-CCAP201: DHCP=✓ (41 scopes)
2026-01-04 00:06:13,676 - __main__ - INFO - [53/461] MP-LC0001-CCAP201: DHCP=✓ (55 scopes)
2026-01-04 00:06:13,780 - __main__ - INFO - [54/461] zv33cbr60: DHCP=✓ (16 scopes)
2026-01-04 00:06:13,883 - __main__ - INFO - [55/461] zv54abr44: DHCP=✓ (18 scopes)
2026-01-04 00:06:13,986 - __main__ - INFO - [56/461] BERH-LC0001-CCAP001: DHCP=✓ (15 scopes)
2026-01-04 00:06:14,087 - __main__ - INFO - [57/461] ES-LC0006-CCAP001: DHCP=✓ (35 scopes)
2026-01-04 00:06:14,196 - __main__ - INFO - [58/461] DV-LC0001-CCAP001: DHCP=✓ (21 scopes)
2026-01-04 00:06:14,302 - __main__ - INFO - [59/461] BRGN-LC0012-CCAP201: DHCP=✓ (28 scopes)
2026-01-04 00:06:14,415 - __main__ - INFO - [60/461] HLO-LC0001-CCAP201: DHCP=✓ (56 scopes)
2026-01-04 00:06:14,536 - __main__ - INFO - [61/461] AL-RC0263-CCAP001: DHCP=✓ (64 scopes)
2026-01-04 00:06:14,641 - __main__ - INFO - [62/461] rt43cbr64: DHCP=✓ (14 scopes)
2026-01-04 00:06:14,759 - __main__ - INFO - [63/461] hm14cbr61: DHCP=✓ (28 scopes)
2026-01-04 00:06:14,867 - __main__ - INFO - [64/461] ASV-RC0004-CCAP001: DHCP=✓ (50 scopes)
2026-01-04 00:06:14,972 - __main__ - INFO - [65/461] LPK-LC0001-CCAP001: DHCP=✓ (34 scopes)
2026-01-04 00:06:15,080 - __main__ - INFO - [66/461] TB-LC0043-CCAP001: DHCP=✓ (26 scopes)
2026-01-04 00:06:15,182 - __main__ - INFO - [67/461] AL-RC0263-CCAP003: DHCP=✓ (8 scopes)
2026-01-04 00:06:15,286 - __main__ - INFO - [68/461] OTH-LC0007-CCAP003: DHCP=✓ (69 scopes)
2026-01-04 00:06:15,399 - __main__ - INFO - [69/461] WVN-LC0001-CCAP001: DHCP=✓ (26 scopes)
2026-01-04 00:06:15,509 - __main__ - INFO - [70/461] LD-LC0001-CCAP001: DHCP=✓ (65 scopes)
2026-01-04 00:06:15,611 - __main__ - INFO - [71/461] rt72cbr66: DHCP=✓ (34 scopes)
2026-01-04 00:06:15,727 - __main__ - INFO - [72/461] KP-LC0001-CCAP002: DHCP=✓ (53 scopes)
2026-01-04 00:06:15,833 - __main__ - INFO - [73/461] hv00cbr60: DHCP=✓ (21 scopes)
2026-01-04 00:06:15,939 - __main__ - INFO - [74/461] LEDN-LC0001-CCAP001: DHCP=✓ (59 scopes)
2026-01-04 00:06:16,055 - __main__ - INFO - [75/461] HEDR-LC0001-CCAP001: DHCP=✓ (58 scopes)
2026-01-04 00:06:16,163 - __main__ - INFO - [76/461] HGV-LC0001-CCAP201: DHCP=✓ (52 scopes)
2026-01-04 00:06:16,263 - __main__ - INFO - [77/461] VND-RC0001-CCAP002: DHCP=✓ (44 scopes)
2026-01-04 00:06:16,394 - __main__ - INFO - [78/461] SK-RC0001-CCAP001: DHCP=✓ (63 scopes)
2026-01-04 00:06:16,518 - __main__ - INFO - [79/461] GV-LC0005-CCAP001: DHCP=✓ (57 scopes)
2026-01-04 00:06:16,638 - __main__ - INFO - [80/461] rt18cbr69: DHCP=✓ (33 scopes)
2026-01-04 00:06:16,751 - __main__ - INFO - [81/461] ad11cbr65: DHCP=✓ (29 scopes)
2026-01-04 00:06:16,753 - __main__ - WARNING - [82/461] [NONAME]: Missing primary subnet or hostname
2026-01-04 00:06:16,873 - __main__ - INFO - [83/461] VAAL-LC0011-CCAP201: DHCP=✓ (15 scopes)
2026-01-04 00:06:16,996 - __main__ - INFO - [84/461] YM-LC0001-CCAP001: DHCP=✓ (47 scopes)
2026-01-04 00:06:17,105 - __main__ - INFO - [85/461] nm01cbr63: DHCP=✓ (16 scopes)
2026-01-04 00:06:17,219 - __main__ - INFO - [86/461] hm03abr48: DHCP=✓ (19 scopes)
2026-01-04 00:06:17,329 - __main__ - INFO - [87/461] rt30cbr61: DHCP=✓ (16 scopes)
2026-01-04 00:06:17,450 - __main__ - INFO - [88/461] KH-LC0035-CCAP001: DHCP=✓ (30 scopes)
2026-01-04 00:06:17,567 - __main__ - INFO - [89/461] BV-LC0001-CCAP001: DHCP=✓ (49 scopes)
2026-01-04 00:06:17,691 - __main__ - INFO - [90/461] GN-RC0001-CCAP001: DHCP=✓ (53 scopes)
2026-01-04 00:06:17,791 - __main__ - INFO - [91/461] lw00cbr68: DHCP=✓ (32 scopes)
2026-01-04 00:06:17,792 - __main__ - WARNING - [92/461] [NONAME]: Missing primary subnet or hostname
2026-01-04 00:06:17,918 - __main__ - INFO - [93/461] ZL-RC0001-CCAP002: DHCP=✓ (66 scopes)
2026-01-04 00:06:18,028 - __main__ - INFO - [94/461] ap04cbr64: DHCP=✓ (31 scopes)
2026-01-04 00:06:18,145 - __main__ - INFO - [95/461] DT-LC0002-CCAP001: DHCP=✓ (51 scopes)
2026-01-04 00:06:18,261 - __main__ - INFO - [96/461] UD-LC0014-CCAP201: DHCP=✓ (31 scopes)
2026-01-04 00:06:18,363 - __main__ - INFO - [97/461] LEK-LC0001-CCAP001: DHCP=✓ (28 scopes)
2026-01-04 00:06:18,467 - __main__ - INFO - [98/461] al01cbr61: DHCP=✓ (30 scopes)
2026-01-04 00:06:18,574 - __main__ - INFO - [99/461] ML-RC0002-CCAP201: DHCP=✓ (20 scopes)
2026-01-04 00:06:18,692 - __main__ - INFO - [100/461] ad33abr49: DHCP=✓ (12 scopes)
2026-01-04 00:06:18,809 - __main__ - INFO - [101/461] GENN-LC0031-CCAP201: DHCP=✓ (28 scopes)
2026-01-04 00:06:18,932 - __main__ - INFO - [102/461] GN-LC0003-CCAP001: DHCP=✓ (41 scopes)
2026-01-04 00:06:19,062 - __main__ - INFO - [103/461] VENL-RC0003-CCAP001: DHCP=✓ (44 scopes)
2026-01-04 00:06:19,213 - __main__ - INFO - [104/461] SOS-LC0001-CCAP001: DHCP=✓ (36 scopes)
2026-01-04 00:06:19,352 - __main__ - INFO - [105/461] BLT-LC0011-CCAP001: DHCP=✓ (52 scopes)
2026-01-04 00:06:19,455 - __main__ - INFO - [106/461] GV-RC0052-CCAP002: DHCP=✓ (57 scopes)
2026-01-04 00:06:19,567 - __main__ - INFO - [107/461] zv02abr41: DHCP=✓ (37 scopes)
2026-01-04 00:06:19,672 - __main__ - INFO - [108/461] ap05abr41: DHCP=✓ (15 scopes)
2026-01-04 00:06:19,772 - __main__ - INFO - [109/461] ah02cbr63: DHCP=✓ (40 scopes)
2026-01-04 00:06:19,882 - __main__ - INFO - [110/461] BBK-LC0011-CCAP201: DHCP=✓ (29 scopes)
2026-01-04 00:06:19,999 - __main__ - INFO - [111/461] BORN-LC0021-CCAP201: DHCP=✓ (33 scopes)
2026-01-04 00:06:20,120 - __main__ - INFO - [112/461] RSH-LC0001-CCAP001: DHCP=✓ (10 scopes)
2026-01-04 00:06:20,239 - __main__ - INFO - [113/461] hm03abr47: DHCP=✓ (39 scopes)
2026-01-04 00:06:20,364 - __main__ - INFO - [114/461] ROER-LC0021-CCAP001: DHCP=✓ (25 scopes)
2026-01-04 00:06:20,484 - __main__ - INFO - [115/461] lw10cbr60: DHCP=✓ (31 scopes)
2026-01-04 00:06:20,589 - __main__ - INFO - [116/461] ls02abr43: DHCP=✓ (28 scopes)
2026-01-04 00:06:20,685 - __main__ - INFO - [117/461] hm02cbr62: DHCP=✓ (34 scopes)
2026-01-04 00:06:20,784 - __main__ - INFO - [118/461] NKK-LC0053-CCAP001: DHCP=✓ (44 scopes)
2026-01-04 00:06:20,888 - __main__ - INFO - [119/461] ES-LC0001-CCAP001: DHCP=✓ (34 scopes)
2026-01-04 00:06:20,992 - __main__ - INFO - [120/461] ad16abr45: DHCP=✓ (36 scopes)
2026-01-04 00:06:21,101 - __main__ - INFO - [121/461] ap09cbr69: DHCP=✓ (10 scopes)
2026-01-04 00:06:21,209 - __main__ - INFO - [122/461] rt72cbr67: DHCP=✓ (41 scopes)
2026-01-04 00:06:21,324 - __main__ - INFO - [123/461] lw03cbr67: DHCP=✓ (17 scopes)
2026-01-04 00:06:21,441 - __main__ - INFO - [124/461] rt37abr49: DHCP=✓ (41 scopes)
2026-01-04 00:06:21,538 - __main__ - INFO - [125/461] hm05abr42: DHCP=✓ (15 scopes)
2026-01-04 00:06:21,642 - __main__ - INFO - [126/461] hm23cbr63: DHCP=✓ (17 scopes)
2026-01-04 00:06:21,744 - __main__ - INFO - [127/461] rt53cbr68: DHCP=✓ (16 scopes)
2026-01-04 00:06:21,845 - __main__ - INFO - [128/461] GN-RC0001-CCAP002: DHCP=✓ (62 scopes)
2026-01-04 00:06:21,945 - __main__ - INFO - [129/461] HHW-LC0001-CCAP001: DHCP=✓ (67 scopes)
2026-01-04 00:06:22,048 - __main__ - INFO - [130/461] rt13cbr68: DHCP=✓ (37 scopes)
2026-01-04 00:06:22,149 - __main__ - INFO - [131/461] rt23cbr63: DHCP=✓ (37 scopes)
2026-01-04 00:06:22,251 - __main__ - INFO - [132/461] ZWDK-LC0001-CCAP001: DHCP=✓ (44 scopes)
2026-01-04 00:06:22,354 - __main__ - INFO - [133/461] WRW-LC0001-CCAP001: DHCP=✓ (17 scopes)
2026-01-04 00:06:22,464 - __main__ - INFO - [134/461] ap08abr48: DHCP=✓ (18 scopes)
2026-01-04 00:06:22,559 - __main__ - INFO - [135/461] zv19abr43: DHCP=✓ (19 scopes)
2026-01-04 00:06:22,660 - __main__ - INFO - [136/461] ed02cbr62: DHCP=✓ (28 scopes)
2026-01-04 00:06:22,766 - __main__ - INFO - [137/461] rt12cbr69: DHCP=✓ (39 scopes)
2026-01-04 00:06:22,873 - __main__ - INFO - [138/461] HGZ-LC0001-CCAP001: DHCP=✓ (45 scopes)
2026-01-04 00:06:22,988 - __main__ - INFO - [139/461] SBRN-RC0001-CCAP202: DHCP=✓ (22 scopes)
2026-01-04 00:06:23,092 - __main__ - INFO - [140/461] HMS-LC0001-CCAP001: DHCP=✓ (27 scopes)
2026-01-04 00:06:23,193 - __main__ - INFO - [141/461] ad05abr44: DHCP=✓ (46 scopes)
2026-01-04 00:06:23,288 - __main__ - INFO - [142/461] HFD-LC0011-CCAP201: DHCP=✓ (22 scopes)
2026-01-04 00:06:23,397 - __main__ - INFO - [143/461] VB-LC0001-CCAP002: DHCP=✓ (39 scopes)
2026-01-04 00:06:23,509 - __main__ - INFO - [144/461] SMH-LC0001-CCAP001: DHCP=✓ (13 scopes)
2026-01-04 00:06:23,605 - __main__ - INFO - [145/461] MAS-LC0002-CCAP001: DHCP=✓ (31 scopes)
2026-01-04 00:06:23,713 - __main__ - INFO - [146/461] DV-LC0003-CCAP001: DHCP=✓ (21 scopes)
2026-01-04 00:06:23,808 - __main__ - INFO - [147/461] rt26cbr67: DHCP=✓ (31 scopes)
2026-01-04 00:06:23,911 - __main__ - INFO - [148/461] ASD-LC0107-CCAP202: DHCP=✓ (30 scopes)
2026-01-04 00:06:24,008 - __main__ - INFO - [149/461] SAK-LC0021-CCAP001: DHCP=✓ (27 scopes)
2026-01-04 00:06:24,113 - __main__ - INFO - [150/461] TL-LC0108-CCAP201: DHCP=✓ (28 scopes)
2026-01-04 00:06:24,223 - __main__ - INFO - [151/461] hm06cbr66: DHCP=✓ (21 scopes)
2026-01-04 00:06:24,325 - __main__ - INFO - [152/461] MP-LC0001-CCAP202: DHCP=✓ (7 scopes)
2026-01-04 00:06:24,419 - __main__ - INFO - [153/461] HLM-LC0122-CCAP202: DHCP=✓ (22 scopes)
2026-01-04 00:06:24,510 - __main__ - INFO - [154/461] rt72cbr64: DHCP=✓ (34 scopes)
2026-01-04 00:06:24,614 - __main__ - INFO - [155/461] HRST-LC0022-CCAP201: DHCP=✓ (34 scopes)
2026-01-04 00:06:24,716 - __main__ - INFO - [156/461] zv02abr42: DHCP=✓ (23 scopes)
2026-01-04 00:06:24,818 - __main__ - INFO - [157/461] ap02cbr62: DHCP=✓ (12 scopes)
2026-01-04 00:06:24,920 - __main__ - INFO - [158/461] er76cbr65: DHCP=✓ (14 scopes)
2026-01-04 00:06:25,037 - __main__ - INFO - [159/461] HEDR-LC0002-CCAP201: DHCP=✓ (41 scopes)
2026-01-04 00:06:25,154 - __main__ - INFO - [160/461] VB-LC0001-CCAP001: DHCP=✓ (53 scopes)
2026-01-04 00:06:25,271 - __main__ - INFO - [161/461] hm07cbr68: DHCP=✓ (25 scopes)
2026-01-04 00:06:25,384 - __main__ - INFO - [162/461] HL-LC0001-CCAP201: DHCP=✓ (24 scopes)
2026-01-04 00:06:25,497 - __main__ - INFO - [163/461] DV-RC0001-CCAP001: DHCP=✓ (18 scopes)
2026-01-04 00:06:25,612 - __main__ - INFO - [164/461] ah00cbr68: DHCP=✓ (34 scopes)
2026-01-04 00:06:25,709 - __main__ - INFO - [165/461] CA-RC0002-CCAP002: DHCP=✓ (10 scopes)
2026-01-04 00:06:25,807 - __main__ - INFO - [166/461] HL-LC0001-CCAP001: DHCP=✓ (14 scopes)
2026-01-04 00:06:25,903 - __main__ - INFO - [167/461] RSN-LC0004-CCAP001: DHCP=✓ (16 scopes)
2026-01-04 00:06:26,008 - __main__ - INFO - [168/461] MSDK-LC0031-CCAP001: DHCP=✓ (18 scopes)
2026-01-04 00:06:26,122 - __main__ - INFO - [169/461] DBR-RC0133-CCAP001: DHCP=✓ (16 scopes)
2026-01-04 00:06:26,228 - __main__ - INFO - [170/461] rt27cbr63: DHCP=✓ (14 scopes)
2026-01-04 00:06:26,336 - __main__ - INFO - [171/461] GV-RC0011-CCAPV001: DHCP=✓ (68 scopes)
2026-01-04 00:06:26,438 - __main__ - INFO - [172/461] nm03cbr63: DHCP=✓ (36 scopes)
2026-01-04 00:06:26,563 - __main__ - INFO - [173/461] MAS-LC0001-CCAP001: DHCP=✓ (25 scopes)
2026-01-04 00:06:26,659 - __main__ - INFO - [174/461] hv01cbr69: DHCP=✓ (21 scopes)
2026-01-04 00:06:26,759 - __main__ - INFO - [175/461] rt51cbr67: DHCP=✓ (16 scopes)
2026-01-04 00:06:26,855 - __main__ - INFO - [176/461] rt35cbr65: DHCP=✓ (42 scopes)
2026-01-04 00:06:26,971 - __main__ - INFO - [177/461] ZL-RC0001-CCAP001: DHCP=✓ (60 scopes)
2026-01-04 00:06:27,077 - __main__ - INFO - [178/461] GV-LC0003-CCAP001: DHCP=✓ (42 scopes)
2026-01-04 00:06:27,196 - __main__ - INFO - [179/461] HDB-LC0001-CCAP201: DHCP=✓ (41 scopes)
2026-01-04 00:06:27,308 - __main__ - INFO - [180/461] rt73cbr60: DHCP=✓ (37 scopes)
2026-01-04 00:06:27,403 - __main__ - INFO - [181/461] ES-LC0004-CCAP201: DHCP=✓ (29 scopes)
2026-01-04 00:06:27,516 - __main__ - INFO - [182/461] mt01cbr61: DHCP=✓ (27 scopes)
2026-01-04 00:06:27,620 - __main__ - INFO - [183/461] rt06cbr62: DHCP=✓ (26 scopes)
2026-01-04 00:06:27,725 - __main__ - INFO - [184/461] zv01cbr64: DHCP=✓ (9 scopes)
2026-01-04 00:06:27,831 - __main__ - INFO - [185/461] MA-LC0001-CCAP001: DHCP=✓ (24 scopes)
2026-01-04 00:06:27,946 - __main__ - INFO - [186/461] GV-RC0011-CCAP006: DHCP=✓ (51 scopes)
2026-01-04 00:06:28,058 - __main__ - INFO - [187/461] er60cbr69: DHCP=✓ (34 scopes)
2026-01-04 00:06:28,155 - __main__ - INFO - [188/461] LS-LC0001-CCAP201: DHCP=✓ (25 scopes)
2026-01-04 00:06:28,269 - __main__ - INFO - [189/461] ASD-LC0104-CCAP202: DHCP=✓ (22 scopes)
2026-01-04 00:06:28,396 - __main__ - INFO - [190/461] MOE-LC0022-CCAP201: DHCP=✓ (37 scopes)
2026-01-04 00:06:28,514 - __main__ - INFO - [191/461] GV-RC0011-CCAP005: DHCP=✓ (56 scopes)
2026-01-04 00:06:28,624 - __main__ - INFO - [192/461] BLT-LC0011-CCAP002: DHCP=✓ (38 scopes)
2026-01-04 00:06:28,732 - __main__ - INFO - [193/461] MND-RC0001-CCAP001: DHCP=✓ (23 scopes)
2026-01-04 00:06:28,855 - __main__ - INFO - [194/461] ASV-RC0004-CCAP002: DHCP=✓ (55 scopes)
2026-01-04 00:06:28,967 - __main__ - INFO - [195/461] hm27cbr66: DHCP=✓ (40 scopes)
2026-01-04 00:06:29,079 - __main__ - INFO - [196/461] rt13cbr69: DHCP=✓ (20 scopes)
2026-01-04 00:06:29,178 - __main__ - INFO - [197/461] lw08cbr68: DHCP=✓ (29 scopes)
2026-01-04 00:06:29,281 - __main__ - INFO - [198/461] UT-LC0005-CCAP001: DHCP=✓ (31 scopes)
2026-01-04 00:06:29,383 - __main__ - INFO - [199/461] rt25cbr62: DHCP=✓ (7 scopes)
2026-01-04 00:06:29,489 - __main__ - INFO - [200/461] STWK-LC0001-CCAP001: DHCP=✓ (39 scopes)
2026-01-04 00:06:29,603 - __main__ - INFO - [201/461] ap03cbr69: DHCP=✓ (27 scopes)
2026-01-04 00:06:29,711 - __main__ - INFO - [202/461] hm13cbr66: DHCP=✓ (13 scopes)
2026-01-04 00:06:29,836 - __main__ - INFO - [203/461] GN-RC0001-CCAP201: DHCP=✓ (34 scopes)
2026-01-04 00:06:29,955 - __main__ - INFO - [204/461] HDR-LC0111-CCAP201: DHCP=✓ (37 scopes)
2026-01-04 00:06:30,071 - __main__ - INFO - [205/461] GV-RC0011-CCAP004: DHCP=✓ (57 scopes)
2026-01-04 00:06:30,194 - __main__ - INFO - [206/461] VENL-RC0003-CCAP002: DHCP=✓ (53 scopes)
2026-01-04 00:06:30,304 - __main__ - INFO - [207/461] zv38abr48: DHCP=✓ (43 scopes)
2026-01-04 00:06:30,420 - __main__ - INFO - [208/461] hm18cbr61: DHCP=✓ (31 scopes)
2026-01-04 00:06:30,527 - __main__ - INFO - [209/461] rt28abr44: DHCP=✓ (18 scopes)
2026-01-04 00:06:30,631 - __main__ - INFO - [210/461] AH-LC0105-CCAP202: DHCP=✓ (4 scopes)
2026-01-04 00:06:30,751 - __main__ - INFO - [211/461] ah06cbr66: DHCP=✓ (17 scopes)
2026-01-04 00:06:30,861 - __main__ - INFO - [212/461] rt42cbr69: DHCP=✓ (26 scopes)
2026-01-04 00:06:30,975 - __main__ - INFO - [213/461] APG-LC0001-CCAP001: DHCP=✓ (51 scopes)
2026-01-04 00:06:31,087 - __main__ - INFO - [214/461] rt19abr44: DHCP=✓ (41 scopes)
2026-01-04 00:06:31,189 - __main__ - INFO - [215/461] DBR-RC0133-CCAP002: DHCP=✓ (23 scopes)
2026-01-04 00:06:31,302 - __main__ - INFO - [216/461] ls05abr42: DHCP=✓ (15 scopes)
2026-01-04 00:06:31,415 - __main__ - INFO - [217/461] BDH-LC0001-CCAP001: DHCP=✓ (18 scopes)
2026-01-04 00:06:31,531 - __main__ - INFO - [218/461] GV-LC0009-CCAP001: DHCP=✓ (48 scopes)
2026-01-04 00:06:31,639 - __main__ - INFO - [219/461] GELE-RC0002-CCAP202: DHCP=✓ (44 scopes)
2026-01-04 00:06:31,744 - __main__ - INFO - [220/461] nm03cbr64: DHCP=✓ (5 scopes)
2026-01-04 00:06:31,841 - __main__ - INFO - [221/461] NM-LC0100-CCAP201: DHCP=✓ (40 scopes)
2026-01-04 00:06:31,950 - __main__ - INFO - [222/461] rt52cbr67: DHCP=✓ (18 scopes)
2026-01-04 00:06:32,059 - __main__ - INFO - [223/461] zv30cbr64: DHCP=✓ (18 scopes)
2026-01-04 00:06:32,183 - __main__ - INFO - [224/461] HLM-LC0122-CCAP203: DHCP=✓ (58 scopes)
2026-01-04 00:06:32,309 - __main__ - INFO - [225/461] HFD-LC0002-CCAP001: DHCP=✓ (18 scopes)
2026-01-04 00:06:32,426 - __main__ - INFO - [226/461] BD-LC0004-CCAP002: DHCP=✓ (52 scopes)
2026-01-04 00:06:32,544 - __main__ - INFO - [227/461] hm27cbr65: DHCP=✓ (34 scopes)
2026-01-04 00:06:32,667 - __main__ - INFO - [228/461] ad16abr43: DHCP=✓ (52 scopes)
2026-01-04 00:06:32,777 - __main__ - INFO - [229/461] rt04abr43: DHCP=✓ (26 scopes)
2026-01-04 00:06:32,868 - __main__ - INFO - [230/461] TTR-LC0001-CCAP001: DHCP=✓ (12 scopes)
2026-01-04 00:06:32,973 - __main__ - INFO - [231/461] nm09cbr67: DHCP=✓ (25 scopes)
2026-01-04 00:06:33,092 - __main__ - INFO - [232/461] GV-RC0011-CCAP003: DHCP=✓ (62 scopes)
2026-01-04 00:06:33,207 - __main__ - INFO - [233/461] MARG-LC0022-CCAP201: DHCP=✓ (39 scopes)
2026-01-04 00:06:33,318 - __main__ - INFO - [234/461] hm02cbr61: DHCP=✓ (15 scopes)
2026-01-04 00:06:33,428 - __main__ - INFO - [235/461] rt14cbr61: DHCP=✓ (36 scopes)
2026-01-04 00:06:33,539 - __main__ - INFO - [236/461] NUTH-LC0034-CCAP201: DHCP=✓ (32 scopes)
2026-01-04 00:06:33,640 - __main__ - INFO - [237/461] er72cbr62: DHCP=✓ (29 scopes)
2026-01-04 00:06:33,751 - __main__ - INFO - [238/461] nm10cbr62: DHCP=✓ (29 scopes)
2026-01-04 00:06:33,867 - __main__ - INFO - [239/461] zv08cbr65: DHCP=✓ (15 scopes)
2026-01-04 00:06:33,986 - __main__ - INFO - [240/461] TB-LC0041-CCAP201: DHCP=✓ (39 scopes)
2026-01-04 00:06:34,095 - __main__ - INFO - [241/461] RSD-RC0001-CCAP001: DHCP=✓ (49 scopes)
2026-01-04 00:06:34,212 - __main__ - INFO - [242/461] hm10cbr69: DHCP=✓ (18 scopes)
2026-01-04 00:06:34,324 - __main__ - INFO - [243/461] RWK-LC0001-CCAP001: DHCP=✓ (56 scopes)
2026-01-04 00:06:34,426 - __main__ - INFO - [244/461] ROD-LC0001-CCAP001: DHCP=✓ (28 scopes)
2026-01-04 00:06:34,550 - __main__ - INFO - [245/461] BD-RC0002-CCAP001: DHCP=✓ (55 scopes)
2026-01-04 00:06:34,675 - __main__ - INFO - [246/461] OS-LC0033-CCAP003: DHCP=✓ (61 scopes)
2026-01-04 00:06:34,776 - __main__ - INFO - [247/461] ls01cbr65: DHCP=✓ (17 scopes)
2026-01-04 00:06:34,877 - __main__ - INFO - [248/461] rt41cbr62: DHCP=✓ (28 scopes)
2026-01-04 00:06:34,974 - __main__ - INFO - [249/461] CO-LC0001-CCAP001: DHCP=✓ (20 scopes)
2026-01-04 00:06:35,081 - __main__ - INFO - [250/461] AL-RC0263-CCAP004: DHCP=✓ (56 scopes)
2026-01-04 00:06:35,181 - __main__ - INFO - [251/461] er82cbr64: DHCP=✓ (14 scopes)
2026-01-04 00:06:35,280 - __main__ - INFO - [252/461] SPK-LC0001-CCAP001: DHCP=✓ (23 scopes)
2026-01-04 00:06:35,382 - __main__ - INFO - [253/461] RSD-LC0003-CCAP001: DHCP=✓ (33 scopes)
2026-01-04 00:06:35,481 - __main__ - INFO - [254/461] FA-LC0021-CCAP201: DHCP=✓ (17 scopes)
2026-01-04 00:06:35,598 - __main__ - INFO - [255/461] HT-RC0001-CCAP002: DHCP=✓ (65 scopes)
2026-01-04 00:06:35,720 - __main__ - INFO - [256/461] HLM-LC0001-CCAP201: DHCP=✓ (26 scopes)
2026-01-04 00:06:35,828 - __main__ - INFO - [257/461] BEEK-LC0012-CCAP201: DHCP=✓ (43 scopes)
2026-01-04 00:06:35,958 - __main__ - INFO - [258/461] GV-LC0001-CCAP001: DHCP=✓ (52 scopes)
2026-01-04 00:06:36,076 - __main__ - INFO - [259/461] WAR-LC0001-CCAP001: DHCP=✓ (14 scopes)
2026-01-04 00:06:36,197 - __main__ - INFO - [260/461] KERK-LC0031-CCAP201: DHCP=✓ (62 scopes)
2026-01-04 00:06:36,313 - __main__ - INFO - [261/461] ap10cbr60: DHCP=✓ (41 scopes)
2026-01-04 00:06:36,410 - __main__ - INFO - [262/461] rt19abr45: DHCP=✓ (8 scopes)
2026-01-04 00:06:36,516 - __main__ - INFO - [263/461] HM-LC0111-CCAP201: DHCP=✓ (36 scopes)
2026-01-04 00:06:36,618 - __main__ - INFO - [264/461] ah01abr40: DHCP=✓ (13 scopes)
2026-01-04 00:06:36,724 - __main__ - INFO - [265/461] LAND-RC0001-CCAP202: DHCP=✓ (52 scopes)
2026-01-04 00:06:36,824 - __main__ - INFO - [266/461] OWD-LC0001-CCAP001: DHCP=✓ (23 scopes)
2026-01-04 00:06:36,942 - __main__ - INFO - [267/461] WS-RC0001-CCAP001: DHCP=✓ (55 scopes)
2026-01-04 00:06:37,051 - __main__ - INFO - [268/461] BDG-LC0001-CCAP001: DHCP=✓ (21 scopes)
2026-01-04 00:06:37,157 - __main__ - INFO - [269/461] NVEN-LC0001-CCAP001: DHCP=✓ (26 scopes)
2026-01-04 00:06:37,158 - __main__ - WARNING - [270/461] AMF-RC0004-CCAP002: Missing primary subnet or hostname
2026-01-04 00:06:37,280 - __main__ - INFO - [271/461] BOL-LC0001-CCAP001: DHCP=✓ (36 scopes)
2026-01-04 00:06:37,390 - __main__ - INFO - [272/461] rt54abr46: DHCP=✓ (20 scopes)
2026-01-04 00:06:37,522 - __main__ - INFO - [273/461] AMF-RC0004-CCAP004: DHCP=✓ (83 scopes)
2026-01-04 00:06:37,639 - __main__ - INFO - [274/461] ak00cbr60: DHCP=✓ (44 scopes)
2026-01-04 00:06:37,747 - __main__ - INFO - [275/461] mt06cbr69: DHCP=✓ (18 scopes)
2026-01-04 00:06:37,852 - __main__ - INFO - [276/461] HT-LC0024-CCAP001: DHCP=✓ (29 scopes)
2026-01-04 00:06:37,962 - __main__ - INFO - [277/461] WM-LC0112-CCAP201: DHCP=✓ (50 scopes)
2026-01-04 00:06:38,077 - __main__ - INFO - [278/461] VENL-RC0003-CCAP003: DHCP=✓ (56 scopes)
2026-01-04 00:06:38,190 - __main__ - INFO - [279/461] er66cbr64: DHCP=✓ (27 scopes)
2026-01-04 00:06:38,310 - __main__ - INFO - [280/461] BD-RC0002-CCAP202: DHCP=✓ (44 scopes)
2026-01-04 00:06:38,413 - __main__ - INFO - [281/461] hv02abr42: DHCP=✓ (6 scopes)
2026-01-04 00:06:38,519 - __main__ - INFO - [282/461] rt46cbr64: DHCP=✓ (26 scopes)
2026-01-04 00:06:38,624 - __main__ - INFO - [283/461] HVS-LC0108-CCAP202: DHCP=✓ (21 scopes)
2026-01-04 00:06:38,724 - __main__ - INFO - [284/461] SIMP-LC0032-CCAP201: DHCP=✓ (15 scopes)
2026-01-04 00:06:38,829 - __main__ - INFO - [285/461] ed02cbr63: DHCP=✓ (14 scopes)
2026-01-04 00:06:38,933 - __main__ - INFO - [286/461] ed03abr43: DHCP=✓ (25 scopes)
2026-01-04 00:06:39,046 - __main__ - INFO - [287/461] TB-RC0001-CCAP001: DHCP=✓ (60 scopes)
2026-01-04 00:06:39,154 - __main__ - INFO - [288/461] EMN-RC0001-CCAP002: DHCP=✓ (50 scopes)
2026-01-04 00:06:39,276 - __main__ - INFO - [289/461] HFD-LC0013-CCAP201: DHCP=✓ (28 scopes)
2026-01-04 00:06:39,392 - __main__ - INFO - [290/461] MRLO-LC0021-CCAP001: DHCP=✓ (11 scopes)
2026-01-04 00:06:39,508 - __main__ - INFO - [291/461] HGL-RC0001-CCAP202: DHCP=✓ (39 scopes)
2026-01-04 00:06:39,629 - __main__ - INFO - [292/461] rt01abr46: DHCP=✓ (49 scopes)
2026-01-04 00:06:39,767 - __main__ - INFO - [293/461] ES-LC0003-CCAP001: DHCP=✓ (24 scopes)
2026-01-04 00:06:39,871 - __main__ - INFO - [294/461] GV-LC0006-CCAP002: DHCP=✓ (9 scopes)
2026-01-04 00:06:39,990 - __main__ - INFO - [295/461] lw07cbr62: DHCP=✓ (25 scopes)
2026-01-04 00:06:40,113 - __main__ - INFO - [296/461] ad11abr47: DHCP=✓ (89 scopes)
2026-01-04 00:06:40,241 - __main__ - INFO - [297/461] LML-RC0001-CCAP002: DHCP=✓ (51 scopes)
2026-01-04 00:06:40,368 - __main__ - INFO - [298/461] MND-RC0001-CCAP004: DHCP=✓ (70 scopes)
2026-01-04 00:06:40,484 - __main__ - INFO - [299/461] TL-LC0108-CCAP202: DHCP=✓ (17 scopes)
2026-01-04 00:06:40,591 - __main__ - INFO - [300/461] hm20cbr63: DHCP=✓ (24 scopes)
2026-01-04 00:06:40,701 - __main__ - INFO - [301/461] HOO-LC0011-CCAP201: DHCP=✓ (20 scopes)
2026-01-04 00:06:40,805 - __main__ - INFO - [302/461] al03cbr63: DHCP=✓ (20 scopes)
2026-01-04 00:06:40,919 - __main__ - INFO - [303/461] GLE-LC0024-CCAP001: DHCP=✓ (31 scopes)
2026-01-04 00:06:41,033 - __main__ - INFO - [304/461] hm21cbr67: DHCP=✓ (18 scopes)
2026-01-04 00:06:41,156 - __main__ - INFO - [305/461] rt44abr46: DHCP=✓ (51 scopes)
2026-01-04 00:06:41,286 - __main__ - INFO - [306/461] ZTM-LC0003-CCAP001: DHCP=✓ (44 scopes)
2026-01-04 00:06:41,400 - __main__ - INFO - [307/461] HZ-LC0002-CCAP001: DHCP=✓ (26 scopes)
2026-01-04 00:06:41,516 - __main__ - INFO - [308/461] ah04cbr68: DHCP=✓ (26 scopes)
2026-01-04 00:06:41,634 - __main__ - INFO - [309/461] ad05abr46: DHCP=✓ (31 scopes)
2026-01-04 00:06:41,743 - __main__ - INFO - [310/461] rt47cbr68: DHCP=✓ (17 scopes)
2026-01-04 00:06:41,862 - __main__ - INFO - [311/461] VESB-LC0001-CCAP001: DHCP=✓ (32 scopes)
2026-01-04 00:06:41,968 - __main__ - INFO - [312/461] er78cbr66: DHCP=✓ (12 scopes)
2026-01-04 00:06:42,087 - __main__ - INFO - [313/461] NW-LC0001-CCAP001: DHCP=✓ (50 scopes)
2026-01-04 00:06:42,197 - __main__ - INFO - [314/461] lw06cbr63: DHCP=✓ (7 scopes)
2026-01-04 00:06:42,310 - __main__ - INFO - [315/461] hm16cbr67: DHCP=✓ (32 scopes)
2026-01-04 00:06:42,413 - __main__ - INFO - [316/461] SDL-LC0042-CCAP001: DHCP=✓ (18 scopes)
2026-01-04 00:06:42,531 - __main__ - INFO - [317/461] ad01cbr61: DHCP=✓ (33 scopes)
2026-01-04 00:06:42,644 - __main__ - INFO - [318/461] HVS-LC0108-CCAP201: DHCP=✓ (36 scopes)
2026-01-04 00:06:42,751 - __main__ - INFO - [319/461] al04cbr61: DHCP=✓ (8 scopes)
2026-01-04 00:06:42,862 - __main__ - INFO - [320/461] GN-LC0002-CCAP201: DHCP=✓ (40 scopes)
2026-01-04 00:06:42,975 - __main__ - INFO - [321/461] ed01cbr61: DHCP=✓ (38 scopes)
2026-01-04 00:06:43,097 - __main__ - INFO - [322/461] ZL-RC0001-CCAP003: DHCP=✓ (70 scopes)
2026-01-04 00:06:43,216 - __main__ - INFO - [323/461] HEEM-LC0002-CCAP001: DHCP=✓ (65 scopes)
2026-01-04 00:06:43,324 - __main__ - INFO - [324/461] ad13cbr60: DHCP=✓ (29 scopes)
2026-01-04 00:06:43,454 - __main__ - INFO - [325/461] ap10cbr61: DHCP=✓ (26 scopes)
2026-01-04 00:06:43,562 - __main__ - INFO - [326/461] HM-LC0111-CCAP202: DHCP=✓ (18 scopes)
2026-01-04 00:06:43,666 - __main__ - INFO - [327/461] ad33abr47: DHCP=✓ (62 scopes)
2026-01-04 00:06:43,763 - __main__ - INFO - [328/461] rt25cbr61: DHCP=✓ (36 scopes)
2026-01-04 00:06:43,867 - __main__ - INFO - [329/461] zv32cbr65: DHCP=✓ (10 scopes)
2026-01-04 00:06:43,995 - __main__ - INFO - [330/461] SK-RC0001-CCAP002: DHCP=✓ (75 scopes)
2026-01-04 00:06:44,113 - __main__ - INFO - [331/461] hm04cbr65: DHCP=✓ (12 scopes)
2026-01-04 00:06:44,221 - __main__ - INFO - [332/461] hm24cbr64: DHCP=✓ (13 scopes)
2026-01-04 00:06:44,342 - __main__ - INFO - [333/461] ASD-LC0104-CCAP201: DHCP=✓ (54 scopes)
2026-01-04 00:06:44,463 - __main__ - INFO - [334/461] MND-RC0001-CCAP005: DHCP=✓ (71 scopes)
2026-01-04 00:06:44,591 - __main__ - INFO - [335/461] LW-LC0102-CCAP201: DHCP=✓ (43 scopes)
2026-01-04 00:06:44,713 - __main__ - INFO - [336/461] ZOB-LC0002-CCAP001: DHCP=✓ (48 scopes)
2026-01-04 00:06:44,831 - __main__ - INFO - [337/461] ad33abr48: DHCP=✓ (63 scopes)
2026-01-04 00:06:44,953 - __main__ - INFO - [338/461] SSH-RC0004-CCAP004: DHCP=✓ (54 scopes)
2026-01-04 00:06:45,071 - __main__ - INFO - [339/461] SK-RC0001-CCAP003: DHCP=✓ (55 scopes)
2026-01-04 00:06:45,189 - __main__ - INFO - [340/461] rt05abr40: DHCP=✓ (62 scopes)
2026-01-04 00:06:45,313 - __main__ - INFO - [341/461] SCHN-LC0013-CCAP201: DHCP=✓ (29 scopes)
2026-01-04 00:06:45,431 - __main__ - INFO - [342/461] CU-LC0024-CCAP001: DHCP=✓ (27 scopes)
2026-01-04 00:06:45,552 - __main__ - INFO - [343/461] WR-LC0001-CCAP001: DHCP=✓ (43 scopes)
2026-01-04 00:06:45,677 - __main__ - INFO - [344/461] ZW-LC0001-CCAP001: DHCP=✓ (42 scopes)
2026-01-04 00:06:45,788 - __main__ - INFO - [345/461] BD-RC0002-CCAP201: DHCP=✓ (54 scopes)
2026-01-04 00:06:45,898 - __main__ - INFO - [346/461] VEG-LC0013-CCAP001: DHCP=✓ (27 scopes)
2026-01-04 00:06:46,011 - __main__ - INFO - [347/461] BEN-LC0001-CCAP001: DHCP=✓ (9 scopes)
2026-01-04 00:06:46,132 - __main__ - INFO - [348/461] HLM-LC0122-CCAP201: DHCP=✓ (46 scopes)
2026-01-04 00:06:46,253 - __main__ - INFO - [349/461] NVEN-LC0002-CCAP001: DHCP=✓ (18 scopes)
2026-01-04 00:06:46,354 - __main__ - INFO - [350/461] VHZ-LC0001-CCAP001: DHCP=✓ (5 scopes)
2026-01-04 00:06:46,473 - __main__ - INFO - [351/461] al04cbr64: DHCP=✓ (39 scopes)
2026-01-04 00:06:46,591 - __main__ - INFO - [352/461] PM-LC0110-CCAP202: DHCP=✓ (35 scopes)
2026-01-04 00:06:46,713 - __main__ - INFO - [353/461] ad32abr47: DHCP=✓ (70 scopes)
2026-01-04 00:06:46,835 - __main__ - INFO - [354/461] ad00cbr66: DHCP=✓ (51 scopes)
2026-01-04 00:06:46,957 - __main__ - INFO - [355/461] OGT-LC0007-CCAP201: DHCP=✓ (34 scopes)
2026-01-04 00:06:47,066 - __main__ - INFO - [356/461] hm09cbr60: DHCP=✓ (15 scopes)
2026-01-04 00:06:47,178 - __main__ - INFO - [357/461] hm27cbr67: DHCP=✓ (5 scopes)
2026-01-04 00:06:47,293 - __main__ - INFO - [358/461] BKP-LC0001-CCAP001: DHCP=✓ (18 scopes)
2026-01-04 00:06:47,406 - __main__ - INFO - [359/461] EMN-RC0001-CCAP001: DHCP=✓ (60 scopes)
2026-01-04 00:06:47,532 - __main__ - INFO - [360/461] ad16abr44: DHCP=✓ (48 scopes)
2026-01-04 00:06:47,645 - __main__ - INFO - [361/461] rt29abr44: DHCP=✓ (22 scopes)
2026-01-04 00:06:47,758 - __main__ - INFO - [362/461] MTRI-RC0001-CCAP202: DHCP=✓ (19 scopes)
2026-01-04 00:06:47,877 - __main__ - INFO - [363/461] GN-LC0005-CCAP001: DHCP=✓ (35 scopes)
2026-01-04 00:06:47,991 - __main__ - INFO - [364/461] ASN-RC0002-CCAP001: DHCP=✓ (62 scopes)
2026-01-04 00:06:48,090 - __main__ - INFO - [365/461] GRD-LC0001-CCAP201: DHCP=✓ (27 scopes)
2026-01-04 00:06:48,194 - __main__ - INFO - [366/461] ls04cbr61: DHCP=✓ (19 scopes)
2026-01-04 00:06:48,305 - __main__ - INFO - [367/461] BT-LC0044-CCAP001: DHCP=✓ (18 scopes)
2026-01-04 00:06:48,428 - __main__ - INFO - [368/461] AMF-RC0004-CCAP003: DHCP=✓ (39 scopes)
2026-01-04 00:06:48,532 - __main__ - INFO - [369/461] ls00cbr60: DHCP=✓ (5 scopes)
2026-01-04 00:06:48,653 - __main__ - INFO - [370/461] BLOK-LC0002-CCAP001: DHCP=✓ (56 scopes)
2026-01-04 00:06:48,774 - __main__ - INFO - [371/461] HAEL-LC0012-CCAP001: DHCP=✓ (41 scopes)
2026-01-04 00:06:48,898 - __main__ - INFO - [372/461] TB-LC0052-CCAP001: DHCP=✓ (39 scopes)
2026-01-04 00:06:49,008 - __main__ - INFO - [373/461] mt00cbr69: DHCP=✓ (8 scopes)
2026-01-04 00:06:49,114 - __main__ - INFO - [374/461] VENL-RC0003-CCAP201: DHCP=✓ (14 scopes)
2026-01-04 00:06:49,255 - __main__ - INFO - [375/461] MND-RC0001-CCAP201: DHCP=✓ (36 scopes)
2026-01-04 00:06:49,363 - __main__ - INFO - [376/461] NWK-LC0001-CCAP001: DHCP=✓ (33 scopes)
2026-01-04 00:06:49,473 - __main__ - INFO - [377/461] TB-RC0001-CCAP002: DHCP=✓ (4 scopes)
2026-01-04 00:06:49,583 - __main__ - INFO - [378/461] ZTM-LC0004-CCAP001: DHCP=✓ (43 scopes)
2026-01-04 00:06:49,708 - __main__ - INFO - [379/461] SSH-RC0004-CCAP001: DHCP=✓ (46 scopes)
2026-01-04 00:06:49,829 - __main__ - INFO - [380/461] EYSD-LC0001-CCAP201: DHCP=✓ (18 scopes)
2026-01-04 00:06:49,953 - __main__ - INFO - [381/461] rt31cbr69: DHCP=✓ (22 scopes)
2026-01-04 00:06:50,061 - __main__ - INFO - [382/461] SGN-LC0001-CCAP001: DHCP=✓ (27 scopes)
2026-01-04 00:06:50,193 - __main__ - INFO - [383/461] SB-LC0013-CCAP001: DHCP=✓ (24 scopes)
2026-01-04 00:06:50,310 - __main__ - INFO - [384/461] lw01cbr63: DHCP=✓ (15 scopes)
2026-01-04 00:06:50,434 - __main__ - INFO - [385/461] rt32cbr64: DHCP=✓ (31 scopes)
2026-01-04 00:06:50,541 - __main__ - INFO - [386/461] HT-RC0001-CCAP001: DHCP=✓ (22 scopes)
2026-01-04 00:06:50,660 - __main__ - INFO - [387/461] RUP-LC0033-CCAP001: DHCP=✓ (37 scopes)
2026-01-04 00:06:50,783 - __main__ - INFO - [388/461] GV-LC0008-CCAP001: DHCP=✓ (47 scopes)
2026-01-04 00:06:50,903 - __main__ - INFO - [389/461] rt56cbr62: DHCP=✓ (33 scopes)
2026-01-04 00:06:51,014 - __main__ - INFO - [390/461] BWD-LC0001-CCAP001: DHCP=✓ (28 scopes)
2026-01-04 00:06:51,130 - __main__ - INFO - [391/461] GN-LC0004-CCAP201: DHCP=✓ (34 scopes)
2026-01-04 00:06:51,254 - __main__ - INFO - [392/461] MSBT-RC0001-CCAP201: DHCP=✓ (36 scopes)
2026-01-04 00:06:51,378 - __main__ - INFO - [393/461] GV-LC0011-CCAP001: DHCP=✓ (36 scopes)
2026-01-04 00:06:51,494 - __main__ - INFO - [394/461] CA-RC0002-CCAP001: DHCP=✓ (66 scopes)
2026-01-04 00:06:51,613 - __main__ - INFO - [395/461] BEES-LC0011-CCAP201: DHCP=✓ (29 scopes)
2026-01-04 00:06:51,734 - __main__ - INFO - [396/461] ad00cbr67: DHCP=✓ (43 scopes)
2026-01-04 00:06:51,856 - __main__ - INFO - [397/461] NDK-LC0001-CCAP001: DHCP=✓ (40 scopes)
2026-01-04 00:06:51,973 - __main__ - INFO - [398/461] hm15cbr65: DHCP=✓ (32 scopes)
2026-01-04 00:06:52,085 - __main__ - INFO - [399/461] lw09cbr69: DHCP=✓ (29 scopes)
2026-01-04 00:06:52,202 - __main__ - INFO - [400/461] GN-LC0001-CCAP201: DHCP=✓ (47 scopes)
2026-01-04 00:06:52,304 - __main__ - INFO - [401/461] KERK-LC0031-CCAP202: DHCP=✓ (11 scopes)
2026-01-04 00:06:52,422 - __main__ - INFO - [402/461] MND-RC0001-CCAP003: DHCP=✓ (60 scopes)
2026-01-04 00:06:52,422 - __main__ - WARNING - [403/461] BRN-LC0011-CCAP001: Missing primary subnet or hostname
2026-01-04 00:06:52,536 - __main__ - INFO - [404/461] MTRI-LC0002-CCAP001: DHCP=✓ (40 scopes)
2026-01-04 00:06:52,652 - __main__ - INFO - [405/461] HKB-LC0001-CCAP001: DHCP=✓ (18 scopes)
2026-01-04 00:06:52,768 - __main__ - INFO - [406/461] HLEN-LC0023-CCAP001: DHCP=✓ (48 scopes)
2026-01-04 00:06:52,879 - __main__ - INFO - [407/461] al00abr49: DHCP=✓ (25 scopes)
2026-01-04 00:06:53,003 - __main__ - INFO - [408/461] VND-RC0001-CCAP001: DHCP=✓ (29 scopes)
2026-01-04 00:06:53,123 - __main__ - INFO - [409/461] WD-LC0002-CCAP001: DHCP=✓ (41 scopes)
2026-01-04 00:06:53,236 - __main__ - INFO - [410/461] rt50cbr66: DHCP=✓ (26 scopes)
2026-01-04 00:06:53,337 - __main__ - INFO - [411/461] ls03cbr65: DHCP=✓ (17 scopes)
2026-01-04 00:06:53,459 - __main__ - INFO - [412/461] AH-LC0105-CCAP201: DHCP=✓ (34 scopes)
2026-01-04 00:06:53,569 - __main__ - INFO - [413/461] hm12abr45: DHCP=✓ (15 scopes)
2026-01-04 00:06:53,684 - __main__ - INFO - [414/461] ad01cbr60: DHCP=✓ (38 scopes)
2026-01-04 00:06:53,806 - __main__ - INFO - [415/461] GV-LC0006-CCAP001: DHCP=✓ (51 scopes)
2026-01-04 00:06:53,929 - __main__ - INFO - [416/461] UT-LC0003-CCAP001: DHCP=✓ (47 scopes)
2026-01-04 00:06:54,058 - __main__ - INFO - [417/461] HGV-LC0001-CCAP202: DHCP=✓ (22 scopes)
2026-01-04 00:06:54,177 - __main__ - INFO - [418/461] ad14cbr60: DHCP=✓ (20 scopes)
2026-01-04 00:06:54,295 - __main__ - INFO - [419/461] HRN-LC0001-CCAP201: DHCP=✓ (27 scopes)
2026-01-04 00:06:54,415 - __main__ - INFO - [420/461] BOZ-RC0001-CCAP003: DHCP=✓ (62 scopes)
2026-01-04 00:06:54,533 - __main__ - INFO - [421/461] lw04abr45: DHCP=✓ (20 scopes)
2026-01-04 00:06:54,653 - __main__ - INFO - [422/461] al02cbr62: DHCP=✓ (25 scopes)
2026-01-04 00:06:54,770 - __main__ - INFO - [423/461] ASD-LC0107-CCAP203: DHCP=✓ (25 scopes)
2026-01-04 00:06:54,885 - __main__ - INFO - [424/461] TB-LC0042-CCAP201: DHCP=✓ (24 scopes)
2026-01-04 00:06:54,997 - __main__ - INFO - [425/461] rt39cbr63: DHCP=✓ (26 scopes)
2026-01-04 00:06:55,100 - __main__ - INFO - [426/461] ad01cbr62: DHCP=✓ (6 scopes)
2026-01-04 00:06:55,213 - __main__ - INFO - [427/461] ASN-RC0002-CCAP002: DHCP=✓ (77 scopes)
2026-01-04 00:06:55,339 - __main__ - INFO - [428/461] ah07cbr61: DHCP=✓ (30 scopes)
2026-01-04 00:06:55,444 - __main__ - INFO - [429/461] BN-LC0001-CCAP201: DHCP=✓ (20 scopes)
2026-01-04 00:06:55,557 - __main__ - INFO - [430/461] PM-LC0110-CCAP201: DHCP=✓ (40 scopes)
2026-01-04 00:06:55,663 - __main__ - INFO - [431/461] DV-LC0002-CCAP001: DHCP=✓ (16 scopes)
2026-01-04 00:06:55,771 - __main__ - INFO - [432/461] GV-RC0011-CCAP001: DHCP=✓ (5 scopes)
2026-01-04 00:06:55,897 - __main__ - INFO - [433/461] WEER-LC0022-CCAP201: DHCP=✓ (46 scopes)
2026-01-04 00:06:56,006 - __main__ - INFO - [434/461] CAS-LC0001-CCAP001: DHCP=✓ (31 scopes)
2026-01-04 00:06:56,110 - __main__ - INFO - [435/461] nm08cbr69: DHCP=✓ (15 scopes)
2026-01-04 00:06:56,213 - __main__ - INFO - [436/461] MI-LC0041-CCAP001: DHCP=✓ (26 scopes)
2026-01-04 00:06:56,319 - __main__ - INFO - [437/461] hm17cbr60: DHCP=✓ (13 scopes)
2026-01-04 00:06:56,437 - __main__ - INFO - [438/461] RMND-RC0001-CCAP202: DHCP=✓ (33 scopes)
2026-01-04 00:06:56,549 - __main__ - INFO - [439/461] mt04cbr68: DHCP=✓ (16 scopes)
2026-01-04 00:06:56,658 - __main__ - INFO - [440/461] ah03cbr63: DHCP=✓ (22 scopes)
2026-01-04 00:06:56,759 - __main__ - INFO - [441/461] hm19cbr66: DHCP=✓ (14 scopes)
2026-01-04 00:06:56,864 - __main__ - INFO - [442/461] ak00cbr62: DHCP=✓ (24 scopes)
2026-01-04 00:06:56,970 - __main__ - INFO - [443/461] nm07cbr62: DHCP=✓ (22 scopes)
2026-01-04 00:06:57,082 - __main__ - INFO - [444/461] RMND-RC0001-CCAP201: DHCP=✓ (57 scopes)
2026-01-04 00:06:57,182 - __main__ - INFO - [445/461] ZNB-LC0001-CCAP001: DHCP=✓ (15 scopes)
2026-01-04 00:06:57,293 - __main__ - INFO - [446/461] ad11cbr60: DHCP=✓ (21 scopes)
2026-01-04 00:06:57,411 - __main__ - INFO - [447/461] rt03cbr62: DHCP=✓ (30 scopes)
2026-01-04 00:06:57,519 - __main__ - INFO - [448/461] ak00cbr61: DHCP=✓ (36 scopes)
2026-01-04 00:06:57,618 - __main__ - INFO - [449/461] mt02cbr68: DHCP=✓ (7 scopes)
2026-01-04 00:06:57,722 - __main__ - INFO - [450/461] rt48cbr68: DHCP=✓ (24 scopes)
2026-01-04 00:06:57,835 - __main__ - INFO - [451/461] LEDN-LC0002-CCAP001: DHCP=✓ (73 scopes)
2026-01-04 00:06:57,937 - __main__ - INFO - [452/461] GELE-RC0002-CCAP001: DHCP=✓ (63 scopes)
2026-01-04 00:06:58,043 - __main__ - INFO - [453/461] HTN-LC0002-CCAP201: DHCP=✓ (38 scopes)
2026-01-04 00:06:58,155 - __main__ - INFO - [454/461] HT-LC0013-CCAP001: DHCP=✓ (27 scopes)
2026-01-04 00:06:58,262 - __main__ - INFO - [455/461] HZ-LC0001-CCAP002: DHCP=✓ (40 scopes)
2026-01-04 00:06:58,367 - __main__ - INFO - [456/461] ZND-LC0032-CCAP001: DHCP=✓ (25 scopes)
2026-01-04 00:06:58,493 - __main__ - INFO - [457/461] EDM-LC0001-CCAP001: DHCP=✓ (29 scopes)
2026-01-04 00:06:58,621 - __main__ - INFO - [458/461] LAND-RC0001-CCAP001: DHCP=✓ (101 scopes)
2026-01-04 00:06:58,729 - __main__ - INFO - [459/461] rt40cbr65: DHCP=✓ (27 scopes)
2026-01-04 00:06:58,838 - __main__ - INFO - [460/461] DT-LC0001-CCAP001: DHCP=✓ (47 scopes)
2026-01-04 00:06:58,952 - __main__ - INFO - [461/461] ad05abr40: DHCP=✓ (42 scopes)
2026-01-04 00:06:58,953 - __main__ - INFO - Cleaning up expired cache entries...
2026-01-04 00:06:59,008 - app_cache - INFO - Cleaned up 0 expired cache entries
2026-01-04 00:06:59,009 - __main__ - INFO - ============================================================
2026-01-04 00:06:59,009 - __main__ - INFO - Cache warmer completed in 51.6s
2026-01-04 00:06:59,009 - __main__ - INFO - Success: 455, Errors: 0
2026-01-04 00:06:59,009 - __main__ - INFO - ============================================================
