2026-01-04 00:00:49,516 - __main__ - INFO - ============================================================
2026-01-04 00:00:49,516 - __main__ - INFO - Starting cache warmer job
2026-01-04 00:00:49,516 - cache_manager - INFO - Cache manager initialized: .cache
2026-01-04 00:00:49,516 - cache_manager - INFO - Default TTL: 86400 seconds (24.0 hours)
2026-01-04 00:00:49,516 - netshot_api - INFO - Caching enabled: TTL=86400s, dir=.cache
2026-01-04 00:00:49,622 - dhcp_database - INFO - Connected to DHCP database at 127.0.0.1:3306
2026-01-04 00:00:49,730 - app_cache - INFO - Connected to cache database: localhost:3307/li_xml
2026-01-04 00:00:49,730 - __main__ - INFO - Fetching CMTS devices from Netshot...
2026-01-04 00:00:49,737 - __main__ - INFO - Found 461 CMTS devices
2026-01-04 00:00:49,845 - __main__ - INFO - [1/461] lw05cbr65: DHCP=✓ (9 scopes)
2026-01-04 00:00:50,005 - __main__ - INFO - [2/461] BVK-LC0001-CCAP001: DHCP=✓ (74 scopes)
2026-01-04 00:00:50,120 - __main__ - INFO - [3/461] WS-RC0001-CCAP002: DHCP=✓ (29 scopes)
2026-01-04 00:00:50,237 - __main__ - INFO - [4/461] SSH-RC0004-CCAP005: DHCP=✓ (36 scopes)
2026-01-04 00:00:50,368 - __main__ - INFO - [5/461] rt33cbr61: DHCP=✓ (26 scopes)
2026-01-04 00:00:50,477 - __main__ - INFO - [6/461] ERB-LC0012-CCAP201: DHCP=✓ (9 scopes)
2026-01-04 00:00:50,588 - __main__ - INFO - [7/461] ad32abr48: DHCP=✓ (67 scopes)
2026-01-04 00:00:50,697 - __main__ - INFO - [8/461] ASD-LC0107-CCAP201: DHCP=✓ (34 scopes)
2026-01-04 00:00:50,802 - __main__ - INFO - [9/461] WM-LC0112-CCAP202: DHCP=✓ (14 scopes)
2026-01-04 00:00:50,912 - __main__ - INFO - [10/461] ZH-LC0001-CCAP001: DHCP=✓ (30 scopes)
2026-01-04 00:00:51,021 - __main__ - INFO - [11/461] UT-LC0002-CCAP001: DHCP=✓ (68 scopes)
2026-01-04 00:00:51,129 - __main__ - INFO - [12/461] RML-LC0022-CCAP201: DHCP=✓ (31 scopes)
2026-01-04 00:00:51,243 - __main__ - INFO - [13/461] GN-LC0006-CCAP001: DHCP=✓ (46 scopes)
2026-01-04 00:00:51,362 - __main__ - INFO - [14/461] RY-LC0031-CCAP201: DHCP=✓ (19 scopes)
2026-01-04 00:00:51,509 - __main__ - INFO - [15/461] HGL-RC0001-CCAP201: DHCP=✓ (39 scopes)
2026-01-04 00:00:51,637 - __main__ - INFO - [16/461] OV-LC0001-CCAP001: DHCP=✓ (21 scopes)
2026-01-04 00:00:51,774 - __main__ - INFO - [17/461] HVS-RC0002-CCAP001: DHCP=✓ (56 scopes)
2026-01-04 00:00:51,774 - __main__ - WARNING - [18/461] [NONAME]: Missing primary subnet or hostname
2026-01-04 00:00:51,905 - __main__ - INFO - [19/461] zv01cbr63: DHCP=✓ (40 scopes)
2026-01-04 00:00:52,005 - __main__ - INFO - [20/461] ah00cbr67: DHCP=✓ (33 scopes)
2026-01-04 00:00:52,125 - __main__ - INFO - [21/461] ZVB-LC0022-CCAP201: DHCP=✓ (26 scopes)
2026-01-04 00:00:52,247 - __main__ - INFO - [22/461] nm05cbr69: DHCP=✓ (10 scopes)
2026-01-04 00:00:52,372 - __main__ - INFO - [23/461] GR-RC0001-CCAP202: DHCP=✓ (40 scopes)
2026-01-04 00:00:52,495 - __main__ - INFO - [24/461] NV-LC0001-CCAP001: DHCP=✓ (31 scopes)
2026-01-04 00:00:52,631 - __main__ - INFO - [25/461] ZTM-LC0002-CCAP001: DHCP=✓ (40 scopes)
2026-01-04 00:00:52,765 - __main__ - INFO - [26/461] TB-LC0013-CCAP001: DHCP=✓ (28 scopes)
2026-01-04 00:00:52,893 - __main__ - INFO - [27/461] VT-LC0051-CCAP001: DHCP=✓ (23 scopes)
2026-01-04 00:00:53,026 - __main__ - INFO - [28/461] ad32abr49: DHCP=✓ (6 scopes)
2026-01-04 00:00:53,154 - __main__ - INFO - [29/461] ASN-LC0001-CCAP001: DHCP=✓ (34 scopes)
2026-01-04 00:00:53,273 - __main__ - INFO - [30/461] HVS-RC0002-CCAP201: DHCP=✓ (46 scopes)
2026-01-04 00:00:53,399 - __main__ - INFO - [31/461] BGNH-LC0001-CCAP001: DHCP=✓ (30 scopes)
2026-01-04 00:00:53,525 - __main__ - INFO - [32/461] LML-RC0001-CCAP001: DHCP=✓ (50 scopes)
2026-01-04 00:00:53,642 - __main__ - INFO - [33/461] HV-LC0052-CCAP201: DHCP=✓ (18 scopes)
2026-01-04 00:00:53,643 - __main__ - WARNING - [34/461] GV-RC0011-VCAS001: Missing primary subnet or hostname
2026-01-04 00:00:53,767 - __main__ - INFO - [35/461] NM-LC0100-CCAP202: DHCP=✓ (17 scopes)
2026-01-04 00:00:53,898 - __main__ - INFO - [36/461] HT-LC0014-CCAP001: DHCP=✓ (21 scopes)
2026-01-04 00:00:54,025 - __main__ - INFO - [37/461] ad00cbr68: DHCP=✓ (25 scopes)
2026-01-04 00:00:54,138 - __main__ - INFO - [38/461] zv26cbr64: DHCP=✓ (22 scopes)
2026-01-04 00:00:54,249 - __main__ - INFO - [39/461] TB-LC0051-CCAP201: DHCP=✓ (16 scopes)
2026-01-04 00:00:54,364 - __main__ - INFO - [40/461] hm10cbr66: DHCP=✓ (30 scopes)
2026-01-04 00:00:54,472 - __main__ - INFO - [41/461] HT-LC0011-CCAP001: DHCP=✓ (31 scopes)
2026-01-04 00:00:54,570 - __main__ - INFO - [42/461] lw11cbr61: DHCP=✓ (25 scopes)
2026-01-04 00:00:54,679 - __main__ - INFO - [43/461] rt72cbr65: DHCP=✓ (34 scopes)
2026-01-04 00:00:54,780 - __main__ - INFO - [44/461] nm01cbr62: DHCP=✓ (38 scopes)
2026-01-04 00:00:54,889 - __main__ - INFO - [45/461] DBR-LC0001-CCAP001: DHCP=✓ (24 scopes)
2026-01-04 00:00:54,998 - __main__ - INFO - [46/461] rt01abr47: DHCP=✓ (18 scopes)
2026-01-04 00:00:55,105 - __main__ - INFO - [47/461] nm04cbr62: DHCP=✓ (17 scopes)
2026-01-04 00:00:55,224 - __main__ - INFO - [48/461] BD-RC0002-CCAP002: DHCP=✓ (54 scopes)
2026-01-04 00:00:55,338 - __main__ - INFO - [49/461] MND-RC0001-CCAP202: DHCP=✓ (34 scopes)
2026-01-04 00:00:55,446 - __main__ - INFO - [50/461] ad00cbr65: DHCP=✓ (48 scopes)
2026-01-04 00:00:55,555 - __main__ - INFO - [51/461] TB-RC0001-CCAP003: DHCP=✓ (72 scopes)
2026-01-04 00:00:55,665 - __main__ - INFO - [52/461] VENR-RC0001-CCAP201: DHCP=✓ (42 scopes)
2026-01-04 00:00:55,773 - __main__ - INFO - [53/461] MP-LC0001-CCAP201: DHCP=✓ (56 scopes)
2026-01-04 00:00:55,874 - __main__ - INFO - [54/461] zv33cbr60: DHCP=✓ (17 scopes)
2026-01-04 00:00:55,982 - __main__ - INFO - [55/461] zv54abr44: DHCP=✓ (19 scopes)
2026-01-04 00:00:56,087 - __main__ - INFO - [56/461] BERH-LC0001-CCAP001: DHCP=✓ (16 scopes)
2026-01-04 00:00:56,194 - __main__ - INFO - [57/461] ES-LC0006-CCAP001: DHCP=✓ (36 scopes)
2026-01-04 00:00:56,302 - __main__ - INFO - [58/461] DV-LC0001-CCAP001: DHCP=✓ (22 scopes)
2026-01-04 00:00:56,405 - __main__ - INFO - [59/461] BRGN-LC0012-CCAP201: DHCP=✓ (29 scopes)
2026-01-04 00:00:56,515 - __main__ - INFO - [60/461] HLO-LC0001-CCAP201: DHCP=✓ (57 scopes)
2026-01-04 00:00:56,638 - __main__ - INFO - [61/461] AL-RC0263-CCAP001: DHCP=✓ (65 scopes)
2026-01-04 00:00:56,738 - __main__ - INFO - [62/461] rt43cbr64: DHCP=✓ (15 scopes)
2026-01-04 00:00:56,846 - __main__ - INFO - [63/461] hm14cbr61: DHCP=✓ (29 scopes)
2026-01-04 00:00:56,966 - __main__ - INFO - [64/461] ASV-RC0004-CCAP001: DHCP=✓ (51 scopes)
2026-01-04 00:00:57,075 - __main__ - INFO - [65/461] LPK-LC0001-CCAP001: DHCP=✓ (35 scopes)
2026-01-04 00:00:57,193 - __main__ - INFO - [66/461] TB-LC0043-CCAP001: DHCP=✓ (27 scopes)
2026-01-04 00:00:57,305 - __main__ - INFO - [67/461] AL-RC0263-CCAP003: DHCP=✓ (9 scopes)
2026-01-04 00:00:57,424 - __main__ - INFO - [68/461] OTH-LC0007-CCAP003: DHCP=✓ (70 scopes)
2026-01-04 00:00:57,547 - __main__ - INFO - [69/461] WVN-LC0001-CCAP001: DHCP=✓ (27 scopes)
2026-01-04 00:00:57,657 - __main__ - INFO - [70/461] LD-LC0001-CCAP001: DHCP=✓ (66 scopes)
2026-01-04 00:00:57,774 - __main__ - INFO - [71/461] rt72cbr66: DHCP=✓ (35 scopes)
2026-01-04 00:00:57,923 - __main__ - INFO - [72/461] KP-LC0001-CCAP002: DHCP=✓ (54 scopes)
2026-01-04 00:00:58,037 - __main__ - INFO - [73/461] hv00cbr60: DHCP=✓ (22 scopes)
2026-01-04 00:00:58,154 - __main__ - INFO - [74/461] LEDN-LC0001-CCAP001: DHCP=✓ (60 scopes)
2026-01-04 00:00:58,281 - __main__ - INFO - [75/461] HEDR-LC0001-CCAP001: DHCP=✓ (59 scopes)
2026-01-04 00:00:58,392 - __main__ - INFO - [76/461] HGV-LC0001-CCAP201: DHCP=✓ (53 scopes)
2026-01-04 00:00:58,510 - __main__ - INFO - [77/461] VND-RC0001-CCAP002: DHCP=✓ (45 scopes)
2026-01-04 00:00:58,663 - __main__ - INFO - [78/461] SK-RC0001-CCAP001: DHCP=✓ (64 scopes)
2026-01-04 00:00:58,803 - __main__ - INFO - [79/461] GV-LC0005-CCAP001: DHCP=✓ (58 scopes)
2026-01-04 00:00:58,916 - __main__ - INFO - [80/461] rt18cbr69: DHCP=✓ (34 scopes)
2026-01-04 00:00:59,042 - __main__ - INFO - [81/461] ad11cbr65: DHCP=✓ (30 scopes)
2026-01-04 00:00:59,042 - __main__ - WARNING - [82/461] [NONAME]: Missing primary subnet or hostname
2026-01-04 00:00:59,146 - __main__ - INFO - [83/461] VAAL-LC0011-CCAP201: DHCP=✓ (16 scopes)
2026-01-04 00:00:59,266 - __main__ - INFO - [84/461] YM-LC0001-CCAP001: DHCP=✓ (48 scopes)
2026-01-04 00:00:59,371 - __main__ - INFO - [85/461] nm01cbr63: DHCP=✓ (17 scopes)
2026-01-04 00:00:59,484 - __main__ - INFO - [86/461] hm03abr48: DHCP=✓ (20 scopes)
2026-01-04 00:00:59,592 - __main__ - INFO - [87/461] rt30cbr61: DHCP=✓ (17 scopes)
2026-01-04 00:00:59,704 - __main__ - INFO - [88/461] KH-LC0035-CCAP001: DHCP=✓ (31 scopes)
2026-01-04 00:00:59,837 - __main__ - INFO - [89/461] BV-LC0001-CCAP001: DHCP=✓ (50 scopes)
2026-01-04 00:00:59,954 - __main__ - INFO - [90/461] GN-RC0001-CCAP001: DHCP=✓ (54 scopes)
2026-01-04 00:01:00,075 - __main__ - INFO - [91/461] lw00cbr68: DHCP=✓ (33 scopes)
2026-01-04 00:01:00,076 - __main__ - WARNING - [92/461] [NONAME]: Missing primary subnet or hostname
2026-01-04 00:01:00,200 - __main__ - INFO - [93/461] ZL-RC0001-CCAP002: DHCP=✓ (67 scopes)
2026-01-04 00:01:00,310 - __main__ - INFO - [94/461] ap04cbr64: DHCP=✓ (32 scopes)
2026-01-04 00:01:00,417 - __main__ - INFO - [95/461] DT-LC0002-CCAP001: DHCP=✓ (52 scopes)
2026-01-04 00:01:00,522 - __main__ - INFO - [96/461] UD-LC0014-CCAP201: DHCP=✓ (32 scopes)
2026-01-04 00:01:00,622 - __main__ - INFO - [97/461] LEK-LC0001-CCAP001: DHCP=✓ (29 scopes)
2026-01-04 00:01:00,735 - __main__ - INFO - [98/461] al01cbr61: DHCP=✓ (31 scopes)
2026-01-04 00:01:00,840 - __main__ - INFO - [99/461] ML-RC0002-CCAP201: DHCP=✓ (21 scopes)
2026-01-04 00:01:00,963 - __main__ - INFO - [100/461] ad33abr49: DHCP=✓ (13 scopes)
2026-01-04 00:01:01,087 - __main__ - INFO - [101/461] GENN-LC0031-CCAP201: DHCP=✓ (29 scopes)
2026-01-04 00:01:01,204 - __main__ - INFO - [102/461] GN-LC0003-CCAP001: DHCP=✓ (42 scopes)
2026-01-04 00:01:01,317 - __main__ - INFO - [103/461] VENL-RC0003-CCAP001: DHCP=✓ (45 scopes)
2026-01-04 00:01:01,441 - __main__ - INFO - [104/461] SOS-LC0001-CCAP001: DHCP=✓ (37 scopes)
2026-01-04 00:01:01,556 - __main__ - INFO - [105/461] BLT-LC0011-CCAP001: DHCP=✓ (53 scopes)
2026-01-04 00:01:01,683 - __main__ - INFO - [106/461] GV-RC0052-CCAP002: DHCP=✓ (58 scopes)
2026-01-04 00:01:01,792 - __main__ - INFO - [107/461] zv02abr41: DHCP=✓ (38 scopes)
2026-01-04 00:01:01,914 - __main__ - INFO - [108/461] ap05abr41: DHCP=✓ (16 scopes)
2026-01-04 00:01:02,040 - __main__ - INFO - [109/461] ah02cbr63: DHCP=✓ (41 scopes)
2026-01-04 00:01:02,148 - __main__ - INFO - [110/461] BBK-LC0011-CCAP201: DHCP=✓ (30 scopes)
2026-01-04 00:01:02,277 - __main__ - INFO - [111/461] BORN-LC0021-CCAP201: DHCP=✓ (34 scopes)
2026-01-04 00:01:02,382 - __main__ - INFO - [112/461] RSH-LC0001-CCAP001: DHCP=✓ (11 scopes)
2026-01-04 00:01:02,489 - __main__ - INFO - [113/461] hm03abr47: DHCP=✓ (40 scopes)
2026-01-04 00:01:02,600 - __main__ - INFO - [114/461] ROER-LC0021-CCAP001: DHCP=✓ (26 scopes)
2026-01-04 00:01:02,697 - __main__ - INFO - [115/461] lw10cbr60: DHCP=✓ (32 scopes)
2026-01-04 00:01:02,806 - __main__ - INFO - [116/461] ls02abr43: DHCP=✓ (29 scopes)
2026-01-04 00:01:02,916 - __main__ - INFO - [117/461] hm02cbr62: DHCP=✓ (35 scopes)
2026-01-04 00:01:03,026 - __main__ - INFO - [118/461] NKK-LC0053-CCAP001: DHCP=✓ (45 scopes)
2026-01-04 00:01:03,146 - __main__ - INFO - [119/461] ES-LC0001-CCAP001: DHCP=✓ (35 scopes)
2026-01-04 00:01:03,257 - __main__ - INFO - [120/461] ad16abr45: DHCP=✓ (37 scopes)
2026-01-04 00:01:03,360 - __main__ - INFO - [121/461] ap09cbr69: DHCP=✓ (11 scopes)
2026-01-04 00:01:03,467 - __main__ - INFO - [122/461] rt72cbr67: DHCP=✓ (42 scopes)
2026-01-04 00:01:03,575 - __main__ - INFO - [123/461] lw03cbr67: DHCP=✓ (18 scopes)
2026-01-04 00:01:03,690 - __main__ - INFO - [124/461] rt37abr49: DHCP=✓ (42 scopes)
2026-01-04 00:01:03,808 - __main__ - INFO - [125/461] hm05abr42: DHCP=✓ (16 scopes)
2026-01-04 00:01:03,912 - __main__ - INFO - [126/461] hm23cbr63: DHCP=✓ (18 scopes)
2026-01-04 00:01:04,012 - __main__ - INFO - [127/461] rt53cbr68: DHCP=✓ (17 scopes)
2026-01-04 00:01:04,128 - __main__ - INFO - [128/461] GN-RC0001-CCAP002: DHCP=✓ (63 scopes)
2026-01-04 00:01:04,243 - __main__ - INFO - [129/461] HHW-LC0001-CCAP001: DHCP=✓ (68 scopes)
2026-01-04 00:01:04,356 - __main__ - INFO - [130/461] rt13cbr68: DHCP=✓ (38 scopes)
2026-01-04 00:01:04,463 - __main__ - INFO - [131/461] rt23cbr63: DHCP=✓ (38 scopes)
2026-01-04 00:01:04,571 - __main__ - INFO - [132/461] ZWDK-LC0001-CCAP001: DHCP=✓ (45 scopes)
2026-01-04 00:01:04,674 - __main__ - INFO - [133/461] WRW-LC0001-CCAP001: DHCP=✓ (18 scopes)
2026-01-04 00:01:04,779 - __main__ - INFO - [134/461] ap08abr48: DHCP=✓ (19 scopes)
2026-01-04 00:01:04,882 - __main__ - INFO - [135/461] zv19abr43: DHCP=✓ (20 scopes)
2026-01-04 00:01:04,992 - __main__ - INFO - [136/461] ed02cbr62: DHCP=✓ (29 scopes)
2026-01-04 00:01:05,096 - __main__ - INFO - [137/461] rt12cbr69: DHCP=✓ (40 scopes)
2026-01-04 00:01:05,222 - __main__ - INFO - [138/461] HGZ-LC0001-CCAP001: DHCP=✓ (46 scopes)
2026-01-04 00:01:05,334 - __main__ - INFO - [139/461] SBRN-RC0001-CCAP202: DHCP=✓ (23 scopes)
2026-01-04 00:01:05,444 - __main__ - INFO - [140/461] HMS-LC0001-CCAP001: DHCP=✓ (28 scopes)
2026-01-04 00:01:05,579 - __main__ - INFO - [141/461] ad05abr44: DHCP=✓ (47 scopes)
2026-01-04 00:01:05,703 - __main__ - INFO - [142/461] HFD-LC0011-CCAP201: DHCP=✓ (23 scopes)
2026-01-04 00:01:05,814 - __main__ - INFO - [143/461] VB-LC0001-CCAP002: DHCP=✓ (40 scopes)
2026-01-04 00:01:05,934 - __main__ - INFO - [144/461] SMH-LC0001-CCAP001: DHCP=✓ (14 scopes)
2026-01-04 00:01:06,038 - __main__ - INFO - [145/461] MAS-LC0002-CCAP001: DHCP=✓ (32 scopes)
2026-01-04 00:01:06,151 - __main__ - INFO - [146/461] DV-LC0003-CCAP001: DHCP=✓ (22 scopes)
2026-01-04 00:01:06,271 - __main__ - INFO - [147/461] rt26cbr67: DHCP=✓ (32 scopes)
2026-01-04 00:01:06,380 - __main__ - INFO - [148/461] ASD-LC0107-CCAP202: DHCP=✓ (31 scopes)
2026-01-04 00:01:06,493 - __main__ - INFO - [149/461] SAK-LC0021-CCAP001: DHCP=✓ (28 scopes)
2026-01-04 00:01:06,599 - __main__ - INFO - [150/461] TL-LC0108-CCAP201: DHCP=✓ (29 scopes)
2026-01-04 00:01:06,699 - __main__ - INFO - [151/461] hm06cbr66: DHCP=✓ (22 scopes)
2026-01-04 00:01:06,803 - __main__ - INFO - [152/461] MP-LC0001-CCAP202: DHCP=✓ (8 scopes)
2026-01-04 00:01:06,920 - __main__ - INFO - [153/461] HLM-LC0122-CCAP202: DHCP=✓ (23 scopes)
2026-01-04 00:01:07,053 - __main__ - INFO - [154/461] rt72cbr64: DHCP=✓ (35 scopes)
2026-01-04 00:01:07,168 - __main__ - INFO - [155/461] HRST-LC0022-CCAP201: DHCP=✓ (35 scopes)
2026-01-04 00:01:07,479 - __main__ - INFO - [156/461] zv02abr42: DHCP=✓ (24 scopes)
2026-01-04 00:01:07,603 - __main__ - INFO - [157/461] ap02cbr62: DHCP=✓ (13 scopes)
2026-01-04 00:01:07,711 - __main__ - INFO - [158/461] er76cbr65: DHCP=✓ (15 scopes)
2026-01-04 00:01:07,824 - __main__ - INFO - [159/461] HEDR-LC0002-CCAP201: DHCP=✓ (42 scopes)
2026-01-04 00:01:07,948 - __main__ - INFO - [160/461] VB-LC0001-CCAP001: DHCP=✓ (54 scopes)
2026-01-04 00:01:08,069 - __main__ - INFO - [161/461] hm07cbr68: DHCP=✓ (26 scopes)
2026-01-04 00:01:08,189 - __main__ - INFO - [162/461] HL-LC0001-CCAP201: DHCP=✓ (25 scopes)
2026-01-04 00:01:08,300 - __main__ - INFO - [163/461] DV-RC0001-CCAP001: DHCP=✓ (19 scopes)
2026-01-04 00:01:08,410 - __main__ - INFO - [164/461] ah00cbr68: DHCP=✓ (35 scopes)
2026-01-04 00:01:08,519 - __main__ - INFO - [165/461] CA-RC0002-CCAP002: DHCP=✓ (11 scopes)
2026-01-04 00:01:08,642 - __main__ - INFO - [166/461] HL-LC0001-CCAP001: DHCP=✓ (15 scopes)
2026-01-04 00:01:08,742 - __main__ - INFO - [167/461] RSN-LC0004-CCAP001: DHCP=✓ (17 scopes)
2026-01-04 00:01:08,846 - __main__ - INFO - [168/461] MSDK-LC0031-CCAP001: DHCP=✓ (19 scopes)
2026-01-04 00:01:08,942 - __main__ - INFO - [169/461] DBR-RC0133-CCAP001: DHCP=✓ (17 scopes)
2026-01-04 00:01:09,045 - __main__ - INFO - [170/461] rt27cbr63: DHCP=✓ (15 scopes)
2026-01-04 00:01:09,172 - __main__ - INFO - [171/461] GV-RC0011-CCAPV001: DHCP=✓ (69 scopes)
2026-01-04 00:01:09,305 - __main__ - INFO - [172/461] nm03cbr63: DHCP=✓ (37 scopes)
2026-01-04 00:01:09,422 - __main__ - INFO - [173/461] MAS-LC0001-CCAP001: DHCP=✓ (26 scopes)
2026-01-04 00:01:09,543 - __main__ - INFO - [174/461] hv01cbr69: DHCP=✓ (22 scopes)
2026-01-04 00:01:09,652 - __main__ - INFO - [175/461] rt51cbr67: DHCP=✓ (17 scopes)
2026-01-04 00:01:09,771 - __main__ - INFO - [176/461] rt35cbr65: DHCP=✓ (43 scopes)
2026-01-04 00:01:09,885 - __main__ - INFO - [177/461] ZL-RC0001-CCAP001: DHCP=✓ (61 scopes)
2026-01-04 00:01:10,001 - __main__ - INFO - [178/461] GV-LC0003-CCAP001: DHCP=✓ (43 scopes)
2026-01-04 00:01:10,112 - __main__ - INFO - [179/461] HDB-LC0001-CCAP201: DHCP=✓ (42 scopes)
2026-01-04 00:01:10,228 - __main__ - INFO - [180/461] rt73cbr60: DHCP=✓ (38 scopes)
2026-01-04 00:01:10,345 - __main__ - INFO - [181/461] ES-LC0004-CCAP201: DHCP=✓ (30 scopes)
2026-01-04 00:01:10,461 - __main__ - INFO - [182/461] mt01cbr61: DHCP=✓ (28 scopes)
2026-01-04 00:01:10,589 - __main__ - INFO - [183/461] rt06cbr62: DHCP=✓ (27 scopes)
2026-01-04 00:01:10,689 - __main__ - INFO - [184/461] zv01cbr64: DHCP=✓ (10 scopes)
2026-01-04 00:01:10,806 - __main__ - INFO - [185/461] MA-LC0001-CCAP001: DHCP=✓ (25 scopes)
2026-01-04 00:01:10,927 - __main__ - INFO - [186/461] GV-RC0011-CCAP006: DHCP=✓ (52 scopes)
2026-01-04 00:01:11,063 - __main__ - INFO - [187/461] er60cbr69: DHCP=✓ (35 scopes)
2026-01-04 00:01:11,179 - __main__ - INFO - [188/461] LS-LC0001-CCAP201: DHCP=✓ (26 scopes)
2026-01-04 00:01:11,293 - __main__ - INFO - [189/461] ASD-LC0104-CCAP202: DHCP=✓ (23 scopes)
2026-01-04 00:01:11,403 - __main__ - INFO - [190/461] MOE-LC0022-CCAP201: DHCP=✓ (38 scopes)
2026-01-04 00:01:11,527 - __main__ - INFO - [191/461] GV-RC0011-CCAP005: DHCP=✓ (57 scopes)
2026-01-04 00:01:11,648 - __main__ - INFO - [192/461] BLT-LC0011-CCAP002: DHCP=✓ (39 scopes)
2026-01-04 00:01:11,762 - __main__ - INFO - [193/461] MND-RC0001-CCAP001: DHCP=✓ (24 scopes)
2026-01-04 00:01:11,894 - __main__ - INFO - [194/461] ASV-RC0004-CCAP002: DHCP=✓ (56 scopes)
2026-01-04 00:01:12,012 - __main__ - INFO - [195/461] hm27cbr66: DHCP=✓ (41 scopes)
2026-01-04 00:01:12,121 - __main__ - INFO - [196/461] rt13cbr69: DHCP=✓ (21 scopes)
2026-01-04 00:01:12,237 - __main__ - INFO - [197/461] lw08cbr68: DHCP=✓ (30 scopes)
2026-01-04 00:01:12,349 - __main__ - INFO - [198/461] UT-LC0005-CCAP001: DHCP=✓ (32 scopes)
2026-01-04 00:01:12,452 - __main__ - INFO - [199/461] rt25cbr62: DHCP=✓ (8 scopes)
2026-01-04 00:01:12,576 - __main__ - INFO - [200/461] STWK-LC0001-CCAP001: DHCP=✓ (40 scopes)
2026-01-04 00:01:12,693 - __main__ - INFO - [201/461] ap03cbr69: DHCP=✓ (28 scopes)
2026-01-04 00:01:12,792 - __main__ - INFO - [202/461] hm13cbr66: DHCP=✓ (14 scopes)
2026-01-04 00:01:12,900 - __main__ - INFO - [203/461] GN-RC0001-CCAP201: DHCP=✓ (35 scopes)
2026-01-04 00:01:13,029 - __main__ - INFO - [204/461] HDR-LC0111-CCAP201: DHCP=✓ (38 scopes)
2026-01-04 00:01:13,157 - __main__ - INFO - [205/461] GV-RC0011-CCAP004: DHCP=✓ (58 scopes)
2026-01-04 00:01:13,280 - __main__ - INFO - [206/461] VENL-RC0003-CCAP002: DHCP=✓ (54 scopes)
2026-01-04 00:01:13,400 - __main__ - INFO - [207/461] zv38abr48: DHCP=✓ (44 scopes)
2026-01-04 00:01:13,513 - __main__ - INFO - [208/461] hm18cbr61: DHCP=✓ (32 scopes)
2026-01-04 00:01:13,625 - __main__ - INFO - [209/461] rt28abr44: DHCP=✓ (19 scopes)
2026-01-04 00:01:13,726 - __main__ - INFO - [210/461] AH-LC0105-CCAP202: DHCP=✓ (5 scopes)
2026-01-04 00:01:13,825 - __main__ - INFO - [211/461] ah06cbr66: DHCP=✓ (18 scopes)
2026-01-04 00:01:13,937 - __main__ - INFO - [212/461] rt42cbr69: DHCP=✓ (27 scopes)
2026-01-04 00:01:14,050 - __main__ - INFO - [213/461] APG-LC0001-CCAP001: DHCP=✓ (52 scopes)
2026-01-04 00:01:14,165 - __main__ - INFO - [214/461] rt19abr44: DHCP=✓ (42 scopes)
2026-01-04 00:01:14,274 - __main__ - INFO - [215/461] DBR-RC0133-CCAP002: DHCP=✓ (24 scopes)
2026-01-04 00:01:14,373 - __main__ - INFO - [216/461] ls05abr42: DHCP=✓ (16 scopes)
2026-01-04 00:01:14,488 - __main__ - INFO - [217/461] BDH-LC0001-CCAP001: DHCP=✓ (19 scopes)
2026-01-04 00:01:14,629 - __main__ - INFO - [218/461] GV-LC0009-CCAP001: DHCP=✓ (49 scopes)
2026-01-04 00:01:14,752 - __main__ - INFO - [219/461] GELE-RC0002-CCAP202: DHCP=✓ (45 scopes)
2026-01-04 00:01:14,850 - __main__ - INFO - [220/461] nm03cbr64: DHCP=✓ (6 scopes)
2026-01-04 00:01:14,967 - __main__ - INFO - [221/461] NM-LC0100-CCAP201: DHCP=✓ (41 scopes)
2026-01-04 00:01:15,078 - __main__ - INFO - [222/461] rt52cbr67: DHCP=✓ (19 scopes)
2026-01-04 00:01:15,183 - __main__ - INFO - [223/461] zv30cbr64: DHCP=✓ (19 scopes)
2026-01-04 00:01:15,306 - __main__ - INFO - [224/461] HLM-LC0122-CCAP203: DHCP=✓ (59 scopes)
2026-01-04 00:01:15,418 - __main__ - INFO - [225/461] HFD-LC0002-CCAP001: DHCP=✓ (19 scopes)
2026-01-04 00:01:15,541 - __main__ - INFO - [226/461] BD-LC0004-CCAP002: DHCP=✓ (53 scopes)
2026-01-04 00:01:15,655 - __main__ - INFO - [227/461] hm27cbr65: DHCP=✓ (35 scopes)
2026-01-04 00:01:15,786 - __main__ - INFO - [228/461] ad16abr43: DHCP=✓ (53 scopes)
2026-01-04 00:01:15,892 - __main__ - INFO - [229/461] rt04abr43: DHCP=✓ (27 scopes)
2026-01-04 00:01:15,993 - __main__ - INFO - [230/461] TTR-LC0001-CCAP001: DHCP=✓ (13 scopes)
2026-01-04 00:01:16,108 - __main__ - INFO - [231/461] nm09cbr67: DHCP=✓ (26 scopes)
2026-01-04 00:01:16,228 - __main__ - INFO - [232/461] GV-RC0011-CCAP003: DHCP=✓ (63 scopes)
2026-01-04 00:01:16,343 - __main__ - INFO - [233/461] MARG-LC0022-CCAP201: DHCP=✓ (40 scopes)
2026-01-04 00:01:16,461 - __main__ - INFO - [234/461] hm02cbr61: DHCP=✓ (15 scopes)
2026-01-04 00:01:16,584 - __main__ - INFO - [235/461] rt14cbr61: DHCP=✓ (37 scopes)
2026-01-04 00:01:16,703 - __main__ - INFO - [236/461] NUTH-LC0034-CCAP201: DHCP=✓ (33 scopes)
2026-01-04 00:01:16,820 - __main__ - INFO - [237/461] er72cbr62: DHCP=✓ (30 scopes)
2026-01-04 00:01:16,938 - __main__ - INFO - [238/461] nm10cbr62: DHCP=✓ (30 scopes)
2026-01-04 00:01:17,051 - __main__ - INFO - [239/461] zv08cbr65: DHCP=✓ (16 scopes)
2026-01-04 00:01:17,160 - __main__ - INFO - [240/461] TB-LC0041-CCAP201: DHCP=✓ (40 scopes)
2026-01-04 00:01:17,273 - __main__ - INFO - [241/461] RSD-RC0001-CCAP001: DHCP=✓ (50 scopes)
2026-01-04 00:01:17,373 - __main__ - INFO - [242/461] hm10cbr69: DHCP=✓ (19 scopes)
2026-01-04 00:01:17,481 - __main__ - INFO - [243/461] RWK-LC0001-CCAP001: DHCP=✓ (57 scopes)
2026-01-04 00:01:17,602 - __main__ - INFO - [244/461] ROD-LC0001-CCAP001: DHCP=✓ (29 scopes)
2026-01-04 00:01:17,716 - __main__ - INFO - [245/461] BD-RC0002-CCAP001: DHCP=✓ (56 scopes)
2026-01-04 00:01:17,836 - __main__ - INFO - [246/461] OS-LC0033-CCAP003: DHCP=✓ (62 scopes)
2026-01-04 00:01:17,957 - __main__ - INFO - [247/461] ls01cbr65: DHCP=✓ (18 scopes)
2026-01-04 00:01:18,079 - __main__ - INFO - [248/461] rt41cbr62: DHCP=✓ (29 scopes)
2026-01-04 00:01:18,206 - __main__ - INFO - [249/461] CO-LC0001-CCAP001: DHCP=✓ (21 scopes)
2026-01-04 00:01:18,330 - __main__ - INFO - [250/461] AL-RC0263-CCAP004: DHCP=✓ (57 scopes)
2026-01-04 00:01:18,440 - __main__ - INFO - [251/461] er82cbr64: DHCP=✓ (15 scopes)
2026-01-04 00:01:18,542 - __main__ - INFO - [252/461] SPK-LC0001-CCAP001: DHCP=✓ (24 scopes)
2026-01-04 00:01:18,653 - __main__ - INFO - [253/461] RSD-LC0003-CCAP001: DHCP=✓ (34 scopes)
2026-01-04 00:01:18,773 - __main__ - INFO - [254/461] FA-LC0021-CCAP201: DHCP=✓ (18 scopes)
2026-01-04 00:01:18,895 - __main__ - INFO - [255/461] HT-RC0001-CCAP002: DHCP=✓ (66 scopes)
2026-01-04 00:01:19,037 - __main__ - INFO - [256/461] HLM-LC0001-CCAP201: DHCP=✓ (27 scopes)
2026-01-04 00:01:19,161 - __main__ - INFO - [257/461] BEEK-LC0012-CCAP201: DHCP=✓ (44 scopes)
2026-01-04 00:01:19,336 - __main__ - INFO - [258/461] GV-LC0001-CCAP001: DHCP=✓ (53 scopes)
2026-01-04 00:01:19,453 - __main__ - INFO - [259/461] WAR-LC0001-CCAP001: DHCP=✓ (15 scopes)
2026-01-04 00:01:19,575 - __main__ - INFO - [260/461] KERK-LC0031-CCAP201: DHCP=✓ (63 scopes)
2026-01-04 00:01:19,700 - __main__ - INFO - [261/461] ap10cbr60: DHCP=✓ (42 scopes)
2026-01-04 00:01:19,800 - __main__ - INFO - [262/461] rt19abr45: DHCP=✓ (9 scopes)
2026-01-04 00:01:19,912 - __main__ - INFO - [263/461] HM-LC0111-CCAP201: DHCP=✓ (37 scopes)
2026-01-04 00:01:20,031 - __main__ - INFO - [264/461] ah01abr40: DHCP=✓ (14 scopes)
2026-01-04 00:01:20,159 - __main__ - INFO - [265/461] LAND-RC0001-CCAP202: DHCP=✓ (53 scopes)
2026-01-04 00:01:20,268 - __main__ - INFO - [266/461] OWD-LC0001-CCAP001: DHCP=✓ (24 scopes)
2026-01-04 00:01:20,387 - __main__ - INFO - [267/461] WS-RC0001-CCAP001: DHCP=✓ (56 scopes)
2026-01-04 00:01:20,499 - __main__ - INFO - [268/461] BDG-LC0001-CCAP001: DHCP=✓ (22 scopes)
2026-01-04 00:01:20,623 - __main__ - INFO - [269/461] NVEN-LC0001-CCAP001: DHCP=✓ (27 scopes)
2026-01-04 00:01:20,623 - __main__ - WARNING - [270/461] AMF-RC0004-CCAP002: Missing primary subnet or hostname
2026-01-04 00:01:20,740 - __main__ - INFO - [271/461] BOL-LC0001-CCAP001: DHCP=✓ (37 scopes)
2026-01-04 00:01:20,847 - __main__ - INFO - [272/461] rt54abr46: DHCP=✓ (21 scopes)
2026-01-04 00:01:21,108 - __main__ - INFO - [273/461] AMF-RC0004-CCAP004: DHCP=✓ (84 scopes)
2026-01-04 00:01:21,231 - __main__ - INFO - [274/461] ak00cbr60: DHCP=✓ (45 scopes)
2026-01-04 00:01:21,345 - __main__ - INFO - [275/461] mt06cbr69: DHCP=✓ (19 scopes)
2026-01-04 00:01:21,463 - __main__ - INFO - [276/461] HT-LC0024-CCAP001: DHCP=✓ (30 scopes)
2026-01-04 00:01:21,590 - __main__ - INFO - [277/461] WM-LC0112-CCAP201: DHCP=✓ (51 scopes)
2026-01-04 00:01:21,704 - __main__ - INFO - [278/461] VENL-RC0003-CCAP003: DHCP=✓ (57 scopes)
2026-01-04 00:01:21,816 - __main__ - INFO - [279/461] er66cbr64: DHCP=✓ (28 scopes)
2026-01-04 00:01:21,924 - __main__ - INFO - [280/461] BD-RC0002-CCAP202: DHCP=✓ (45 scopes)
2026-01-04 00:01:22,024 - __main__ - INFO - [281/461] hv02abr42: DHCP=✓ (7 scopes)
2026-01-04 00:01:22,138 - __main__ - INFO - [282/461] rt46cbr64: DHCP=✓ (27 scopes)
2026-01-04 00:01:22,243 - __main__ - INFO - [283/461] HVS-LC0108-CCAP202: DHCP=✓ (22 scopes)
2026-01-04 00:01:22,347 - __main__ - INFO - [284/461] SIMP-LC0032-CCAP201: DHCP=✓ (16 scopes)
2026-01-04 00:01:22,452 - __main__ - INFO - [285/461] ed02cbr63: DHCP=✓ (15 scopes)
2026-01-04 00:01:22,569 - __main__ - INFO - [286/461] ed03abr43: DHCP=✓ (26 scopes)
2026-01-04 00:01:22,697 - __main__ - INFO - [287/461] TB-RC0001-CCAP001: DHCP=✓ (61 scopes)
2026-01-04 00:01:22,814 - __main__ - INFO - [288/461] EMN-RC0001-CCAP002: DHCP=✓ (51 scopes)
2026-01-04 00:01:22,935 - __main__ - INFO - [289/461] HFD-LC0013-CCAP201: DHCP=✓ (29 scopes)
2026-01-04 00:01:23,050 - __main__ - INFO - [290/461] MRLO-LC0021-CCAP001: DHCP=✓ (12 scopes)
2026-01-04 00:01:23,167 - __main__ - INFO - [291/461] HGL-RC0001-CCAP202: DHCP=✓ (40 scopes)
2026-01-04 00:01:23,279 - __main__ - INFO - [292/461] rt01abr46: DHCP=✓ (50 scopes)
2026-01-04 00:01:23,398 - __main__ - INFO - [293/461] ES-LC0003-CCAP001: DHCP=✓ (25 scopes)
2026-01-04 00:01:23,498 - __main__ - INFO - [294/461] GV-LC0006-CCAP002: DHCP=✓ (10 scopes)
2026-01-04 00:01:23,619 - __main__ - INFO - [295/461] lw07cbr62: DHCP=✓ (26 scopes)
2026-01-04 00:01:23,747 - __main__ - INFO - [296/461] ad11abr47: DHCP=✓ (89 scopes)
2026-01-04 00:01:23,868 - __main__ - INFO - [297/461] LML-RC0001-CCAP002: DHCP=✓ (52 scopes)
2026-01-04 00:01:23,991 - __main__ - INFO - [298/461] MND-RC0001-CCAP004: DHCP=✓ (71 scopes)
2026-01-04 00:01:24,101 - __main__ - INFO - [299/461] TL-LC0108-CCAP202: DHCP=✓ (18 scopes)
2026-01-04 00:01:24,214 - __main__ - INFO - [300/461] hm20cbr63: DHCP=✓ (25 scopes)
2026-01-04 00:01:24,322 - __main__ - INFO - [301/461] HOO-LC0011-CCAP201: DHCP=✓ (21 scopes)
2026-01-04 00:01:24,431 - __main__ - INFO - [302/461] al03cbr63: DHCP=✓ (21 scopes)
2026-01-04 00:01:24,551 - __main__ - INFO - [303/461] GLE-LC0024-CCAP001: DHCP=✓ (32 scopes)
2026-01-04 00:01:24,658 - __main__ - INFO - [304/461] hm21cbr67: DHCP=✓ (19 scopes)
2026-01-04 00:01:24,784 - __main__ - INFO - [305/461] rt44abr46: DHCP=✓ (52 scopes)
2026-01-04 00:01:24,904 - __main__ - INFO - [306/461] ZTM-LC0003-CCAP001: DHCP=✓ (45 scopes)
2026-01-04 00:01:25,027 - __main__ - INFO - [307/461] HZ-LC0002-CCAP001: DHCP=✓ (27 scopes)
2026-01-04 00:01:25,139 - __main__ - INFO - [308/461] ah04cbr68: DHCP=✓ (27 scopes)
2026-01-04 00:01:25,252 - __main__ - INFO - [309/461] ad05abr46: DHCP=✓ (32 scopes)
2026-01-04 00:01:25,373 - __main__ - INFO - [310/461] rt47cbr68: DHCP=✓ (18 scopes)
2026-01-04 00:01:25,488 - __main__ - INFO - [311/461] VESB-LC0001-CCAP001: DHCP=✓ (33 scopes)
2026-01-04 00:01:25,595 - __main__ - INFO - [312/461] er78cbr66: DHCP=✓ (13 scopes)
2026-01-04 00:01:25,713 - __main__ - INFO - [313/461] NW-LC0001-CCAP001: DHCP=✓ (51 scopes)
2026-01-04 00:01:25,820 - __main__ - INFO - [314/461] lw06cbr63: DHCP=✓ (8 scopes)
2026-01-04 00:01:25,921 - __main__ - INFO - [315/461] hm16cbr67: DHCP=✓ (33 scopes)
2026-01-04 00:01:26,033 - __main__ - INFO - [316/461] SDL-LC0042-CCAP001: DHCP=✓ (19 scopes)
2026-01-04 00:01:26,147 - __main__ - INFO - [317/461] ad01cbr61: DHCP=✓ (34 scopes)
2026-01-04 00:01:26,260 - __main__ - INFO - [318/461] HVS-LC0108-CCAP201: DHCP=✓ (37 scopes)
2026-01-04 00:01:26,376 - __main__ - INFO - [319/461] al04cbr61: DHCP=✓ (9 scopes)
2026-01-04 00:01:26,493 - __main__ - INFO - [320/461] GN-LC0002-CCAP201: DHCP=✓ (41 scopes)
2026-01-04 00:01:26,617 - __main__ - INFO - [321/461] ed01cbr61: DHCP=✓ (39 scopes)
2026-01-04 00:01:26,735 - __main__ - INFO - [322/461] ZL-RC0001-CCAP003: DHCP=✓ (71 scopes)
2026-01-04 00:01:26,841 - __main__ - INFO - [323/461] HEEM-LC0002-CCAP001: DHCP=✓ (66 scopes)
2026-01-04 00:01:26,956 - __main__ - INFO - [324/461] ad13cbr60: DHCP=✓ (30 scopes)
2026-01-04 00:01:27,058 - __main__ - INFO - [325/461] ap10cbr61: DHCP=✓ (27 scopes)
2026-01-04 00:01:27,167 - __main__ - INFO - [326/461] HM-LC0111-CCAP202: DHCP=✓ (19 scopes)
2026-01-04 00:01:27,295 - __main__ - INFO - [327/461] ad33abr47: DHCP=✓ (63 scopes)
2026-01-04 00:01:27,412 - __main__ - INFO - [328/461] rt25cbr61: DHCP=✓ (37 scopes)
2026-01-04 00:01:27,528 - __main__ - INFO - [329/461] zv32cbr65: DHCP=✓ (11 scopes)
2026-01-04 00:01:27,650 - __main__ - INFO - [330/461] SK-RC0001-CCAP002: DHCP=✓ (76 scopes)
2026-01-04 00:01:27,774 - __main__ - INFO - [331/461] hm04cbr65: DHCP=✓ (13 scopes)
2026-01-04 00:01:27,883 - __main__ - INFO - [332/461] hm24cbr64: DHCP=✓ (14 scopes)
2026-01-04 00:01:28,000 - __main__ - INFO - [333/461] ASD-LC0104-CCAP201: DHCP=✓ (55 scopes)
2026-01-04 00:01:28,113 - __main__ - INFO - [334/461] MND-RC0001-CCAP005: DHCP=✓ (72 scopes)
2026-01-04 00:01:28,229 - __main__ - INFO - [335/461] LW-LC0102-CCAP201: DHCP=✓ (44 scopes)
2026-01-04 00:01:28,349 - __main__ - INFO - [336/461] ZOB-LC0002-CCAP001: DHCP=✓ (49 scopes)
2026-01-04 00:01:28,466 - __main__ - INFO - [337/461] ad33abr48: DHCP=✓ (64 scopes)
2026-01-04 00:01:28,595 - __main__ - INFO - [338/461] SSH-RC0004-CCAP004: DHCP=✓ (55 scopes)
2026-01-04 00:01:28,715 - __main__ - INFO - [339/461] SK-RC0001-CCAP003: DHCP=✓ (56 scopes)
2026-01-04 00:01:28,825 - __main__ - INFO - [340/461] rt05abr40: DHCP=✓ (63 scopes)
2026-01-04 00:01:28,935 - __main__ - INFO - [341/461] SCHN-LC0013-CCAP201: DHCP=✓ (30 scopes)
2026-01-04 00:01:29,054 - __main__ - INFO - [342/461] CU-LC0024-CCAP001: DHCP=✓ (28 scopes)
2026-01-04 00:01:29,173 - __main__ - INFO - [343/461] WR-LC0001-CCAP001: DHCP=✓ (44 scopes)
2026-01-04 00:01:29,276 - __main__ - INFO - [344/461] ZW-LC0001-CCAP001: DHCP=✓ (43 scopes)
2026-01-04 00:01:29,396 - __main__ - INFO - [345/461] BD-RC0002-CCAP201: DHCP=✓ (55 scopes)
2026-01-04 00:01:29,497 - __main__ - INFO - [346/461] VEG-LC0013-CCAP001: DHCP=✓ (28 scopes)
2026-01-04 00:01:29,603 - __main__ - INFO - [347/461] BEN-LC0001-CCAP001: DHCP=✓ (10 scopes)
2026-01-04 00:01:29,722 - __main__ - INFO - [348/461] HLM-LC0122-CCAP201: DHCP=✓ (47 scopes)
2026-01-04 00:01:29,831 - __main__ - INFO - [349/461] NVEN-LC0002-CCAP001: DHCP=✓ (19 scopes)
2026-01-04 00:01:29,931 - __main__ - INFO - [350/461] VHZ-LC0001-CCAP001: DHCP=✓ (6 scopes)
2026-01-04 00:01:30,034 - __main__ - INFO - [351/461] al04cbr64: DHCP=✓ (40 scopes)
2026-01-04 00:01:30,148 - __main__ - INFO - [352/461] PM-LC0110-CCAP202: DHCP=✓ (36 scopes)
2026-01-04 00:01:30,266 - __main__ - INFO - [353/461] ad32abr47: DHCP=✓ (71 scopes)
2026-01-04 00:01:30,381 - __main__ - INFO - [354/461] ad00cbr66: DHCP=✓ (52 scopes)
2026-01-04 00:01:30,487 - __main__ - INFO - [355/461] OGT-LC0007-CCAP201: DHCP=✓ (35 scopes)
2026-01-04 00:01:30,593 - __main__ - INFO - [356/461] hm09cbr60: DHCP=✓ (16 scopes)
2026-01-04 00:01:30,713 - __main__ - INFO - [357/461] hm27cbr67: DHCP=✓ (5 scopes)
2026-01-04 00:01:30,821 - __main__ - INFO - [358/461] BKP-LC0001-CCAP001: DHCP=✓ (19 scopes)
2026-01-04 00:01:30,943 - __main__ - INFO - [359/461] EMN-RC0001-CCAP001: DHCP=✓ (61 scopes)
2026-01-04 00:01:31,058 - __main__ - INFO - [360/461] ad16abr44: DHCP=✓ (49 scopes)
2026-01-04 00:01:31,190 - __main__ - INFO - [361/461] rt29abr44: DHCP=✓ (23 scopes)
2026-01-04 00:01:31,299 - __main__ - INFO - [362/461] MTRI-RC0001-CCAP202: DHCP=✓ (20 scopes)
2026-01-04 00:01:31,415 - __main__ - INFO - [363/461] GN-LC0005-CCAP001: DHCP=✓ (36 scopes)
2026-01-04 00:01:31,530 - __main__ - INFO - [364/461] ASN-RC0002-CCAP001: DHCP=✓ (63 scopes)
2026-01-04 00:01:31,637 - __main__ - INFO - [365/461] GRD-LC0001-CCAP201: DHCP=✓ (28 scopes)
2026-01-04 00:01:31,745 - __main__ - INFO - [366/461] ls04cbr61: DHCP=✓ (20 scopes)
2026-01-04 00:01:31,846 - __main__ - INFO - [367/461] BT-LC0044-CCAP001: DHCP=✓ (19 scopes)
2026-01-04 00:01:31,961 - __main__ - INFO - [368/461] AMF-RC0004-CCAP003: DHCP=✓ (40 scopes)
2026-01-04 00:01:32,063 - __main__ - INFO - [369/461] ls00cbr60: DHCP=✓ (6 scopes)
2026-01-04 00:01:32,185 - __main__ - INFO - [370/461] BLOK-LC0002-CCAP001: DHCP=✓ (57 scopes)
2026-01-04 00:01:32,296 - __main__ - INFO - [371/461] HAEL-LC0012-CCAP001: DHCP=✓ (42 scopes)
2026-01-04 00:01:32,411 - __main__ - INFO - [372/461] TB-LC0052-CCAP001: DHCP=✓ (40 scopes)
2026-01-04 00:01:32,585 - __main__ - INFO - [373/461] mt00cbr69: DHCP=✓ (9 scopes)
2026-01-04 00:01:32,718 - __main__ - INFO - [374/461] VENL-RC0003-CCAP201: DHCP=✓ (15 scopes)
2026-01-04 00:01:32,835 - __main__ - INFO - [375/461] MND-RC0001-CCAP201: DHCP=✓ (37 scopes)
2026-01-04 00:01:32,952 - __main__ - INFO - [376/461] NWK-LC0001-CCAP001: DHCP=✓ (34 scopes)
2026-01-04 00:01:33,063 - __main__ - INFO - [377/461] TB-RC0001-CCAP002: DHCP=✓ (5 scopes)
2026-01-04 00:01:33,180 - __main__ - INFO - [378/461] ZTM-LC0004-CCAP001: DHCP=✓ (44 scopes)
2026-01-04 00:01:33,293 - __main__ - INFO - [379/461] SSH-RC0004-CCAP001: DHCP=✓ (47 scopes)
2026-01-04 00:01:33,405 - __main__ - INFO - [380/461] EYSD-LC0001-CCAP201: DHCP=✓ (19 scopes)
2026-01-04 00:01:33,519 - __main__ - INFO - [381/461] rt31cbr69: DHCP=✓ (23 scopes)
2026-01-04 00:01:33,635 - __main__ - INFO - [382/461] SGN-LC0001-CCAP001: DHCP=✓ (28 scopes)
2026-01-04 00:01:33,751 - __main__ - INFO - [383/461] SB-LC0013-CCAP001: DHCP=✓ (25 scopes)
2026-01-04 00:01:33,857 - __main__ - INFO - [384/461] lw01cbr63: DHCP=✓ (16 scopes)
2026-01-04 00:01:33,965 - __main__ - INFO - [385/461] rt32cbr64: DHCP=✓ (32 scopes)
2026-01-04 00:01:34,078 - __main__ - INFO - [386/461] HT-RC0001-CCAP001: DHCP=✓ (23 scopes)
2026-01-04 00:01:34,183 - __main__ - INFO - [387/461] RUP-LC0033-CCAP001: DHCP=✓ (38 scopes)
2026-01-04 00:01:34,291 - __main__ - INFO - [388/461] GV-LC0008-CCAP001: DHCP=✓ (48 scopes)
2026-01-04 00:01:34,402 - __main__ - INFO - [389/461] rt56cbr62: DHCP=✓ (34 scopes)
2026-01-04 00:01:34,515 - __main__ - INFO - [390/461] BWD-LC0001-CCAP001: DHCP=✓ (29 scopes)
2026-01-04 00:01:34,642 - __main__ - INFO - [391/461] GN-LC0004-CCAP201: DHCP=✓ (35 scopes)
2026-01-04 00:01:34,757 - __main__ - INFO - [392/461] MSBT-RC0001-CCAP201: DHCP=✓ (37 scopes)
2026-01-04 00:01:34,871 - __main__ - INFO - [393/461] GV-LC0011-CCAP001: DHCP=✓ (37 scopes)
2026-01-04 00:01:35,008 - __main__ - INFO - [394/461] CA-RC0002-CCAP001: DHCP=✓ (67 scopes)
2026-01-04 00:01:35,116 - __main__ - INFO - [395/461] BEES-LC0011-CCAP201: DHCP=✓ (30 scopes)
2026-01-04 00:01:35,224 - __main__ - INFO - [396/461] ad00cbr67: DHCP=✓ (44 scopes)
2026-01-04 00:01:35,346 - __main__ - INFO - [397/461] NDK-LC0001-CCAP001: DHCP=✓ (41 scopes)
2026-01-04 00:01:35,457 - __main__ - INFO - [398/461] hm15cbr65: DHCP=✓ (33 scopes)
2026-01-04 00:01:35,575 - __main__ - INFO - [399/461] lw09cbr69: DHCP=✓ (30 scopes)
2026-01-04 00:01:35,691 - __main__ - INFO - [400/461] GN-LC0001-CCAP201: DHCP=✓ (48 scopes)
2026-01-04 00:01:35,801 - __main__ - INFO - [401/461] KERK-LC0031-CCAP202: DHCP=✓ (12 scopes)
2026-01-04 00:01:35,919 - __main__ - INFO - [402/461] MND-RC0001-CCAP003: DHCP=✓ (61 scopes)
2026-01-04 00:01:35,920 - __main__ - WARNING - [403/461] BRN-LC0011-CCAP001: Missing primary subnet or hostname
2026-01-04 00:01:36,041 - __main__ - INFO - [404/461] MTRI-LC0002-CCAP001: DHCP=✓ (41 scopes)
2026-01-04 00:01:36,151 - __main__ - INFO - [405/461] HKB-LC0001-CCAP001: DHCP=✓ (19 scopes)
2026-01-04 00:01:36,269 - __main__ - INFO - [406/461] HLEN-LC0023-CCAP001: DHCP=✓ (49 scopes)
2026-01-04 00:01:36,390 - __main__ - INFO - [407/461] al00abr49: DHCP=✓ (26 scopes)
2026-01-04 00:01:36,503 - __main__ - INFO - [408/461] VND-RC0001-CCAP001: DHCP=✓ (30 scopes)
2026-01-04 00:01:36,611 - __main__ - INFO - [409/461] WD-LC0002-CCAP001: DHCP=✓ (42 scopes)
2026-01-04 00:01:36,723 - __main__ - INFO - [410/461] rt50cbr66: DHCP=✓ (27 scopes)
2026-01-04 00:01:36,825 - __main__ - INFO - [411/461] ls03cbr65: DHCP=✓ (18 scopes)
2026-01-04 00:01:36,936 - __main__ - INFO - [412/461] AH-LC0105-CCAP201: DHCP=✓ (35 scopes)
2026-01-04 00:01:37,055 - __main__ - INFO - [413/461] hm12abr45: DHCP=✓ (16 scopes)
2026-01-04 00:01:37,172 - __main__ - INFO - [414/461] ad01cbr60: DHCP=✓ (39 scopes)
2026-01-04 00:01:37,298 - __main__ - INFO - [415/461] GV-LC0006-CCAP001: DHCP=✓ (52 scopes)
2026-01-04 00:01:37,417 - __main__ - INFO - [416/461] UT-LC0003-CCAP001: DHCP=✓ (48 scopes)
2026-01-04 00:01:37,524 - __main__ - INFO - [417/461] HGV-LC0001-CCAP202: DHCP=✓ (23 scopes)
2026-01-04 00:01:37,635 - __main__ - INFO - [418/461] ad14cbr60: DHCP=✓ (21 scopes)
2026-01-04 00:01:37,741 - __main__ - INFO - [419/461] HRN-LC0001-CCAP201: DHCP=✓ (28 scopes)
2026-01-04 00:01:37,868 - __main__ - INFO - [420/461] BOZ-RC0001-CCAP003: DHCP=✓ (63 scopes)
2026-01-04 00:01:37,984 - __main__ - INFO - [421/461] lw04abr45: DHCP=✓ (21 scopes)
2026-01-04 00:01:38,094 - __main__ - INFO - [422/461] al02cbr62: DHCP=✓ (26 scopes)
2026-01-04 00:01:38,213 - __main__ - INFO - [423/461] ASD-LC0107-CCAP203: DHCP=✓ (26 scopes)
2026-01-04 00:01:38,335 - __main__ - INFO - [424/461] TB-LC0042-CCAP201: DHCP=✓ (25 scopes)
2026-01-04 00:01:38,443 - __main__ - INFO - [425/461] rt39cbr63: DHCP=✓ (27 scopes)
2026-01-04 00:01:38,546 - __main__ - INFO - [426/461] ad01cbr62: DHCP=✓ (7 scopes)
2026-01-04 00:01:38,662 - __main__ - INFO - [427/461] ASN-RC0002-CCAP002: DHCP=✓ (78 scopes)
2026-01-04 00:01:38,780 - __main__ - INFO - [428/461] ah07cbr61: DHCP=✓ (31 scopes)
2026-01-04 00:01:38,882 - __main__ - INFO - [429/461] BN-LC0001-CCAP201: DHCP=✓ (21 scopes)
2026-01-04 00:01:38,996 - __main__ - INFO - [430/461] PM-LC0110-CCAP201: DHCP=✓ (41 scopes)
2026-01-04 00:01:39,111 - __main__ - INFO - [431/461] DV-LC0002-CCAP001: DHCP=✓ (17 scopes)
2026-01-04 00:01:39,219 - __main__ - INFO - [432/461] GV-RC0011-CCAP001: DHCP=✓ (6 scopes)
2026-01-04 00:01:39,333 - __main__ - INFO - [433/461] WEER-LC0022-CCAP201: DHCP=✓ (47 scopes)
2026-01-04 00:01:39,448 - __main__ - INFO - [434/461] CAS-LC0001-CCAP001: DHCP=✓ (32 scopes)
2026-01-04 00:01:39,551 - __main__ - INFO - [435/461] nm08cbr69: DHCP=✓ (16 scopes)
2026-01-04 00:01:39,661 - __main__ - INFO - [436/461] MI-LC0041-CCAP001: DHCP=✓ (27 scopes)
2026-01-04 00:01:39,774 - __main__ - INFO - [437/461] hm17cbr60: DHCP=✓ (14 scopes)
2026-01-04 00:01:39,889 - __main__ - INFO - [438/461] RMND-RC0001-CCAP202: DHCP=✓ (34 scopes)
2026-01-04 00:01:39,997 - __main__ - INFO - [439/461] mt04cbr68: DHCP=✓ (17 scopes)
2026-01-04 00:01:40,105 - __main__ - INFO - [440/461] ah03cbr63: DHCP=✓ (23 scopes)
2026-01-04 00:01:40,204 - __main__ - INFO - [441/461] hm19cbr66: DHCP=✓ (15 scopes)
2026-01-04 00:01:40,335 - __main__ - INFO - [442/461] ak00cbr62: DHCP=✓ (25 scopes)
2026-01-04 00:01:40,448 - __main__ - INFO - [443/461] nm07cbr62: DHCP=✓ (23 scopes)
2026-01-04 00:01:40,564 - __main__ - INFO - [444/461] RMND-RC0001-CCAP201: DHCP=✓ (58 scopes)
2026-01-04 00:01:40,675 - __main__ - INFO - [445/461] ZNB-LC0001-CCAP001: DHCP=✓ (16 scopes)
2026-01-04 00:01:40,782 - __main__ - INFO - [446/461] ad11cbr60: DHCP=✓ (22 scopes)
2026-01-04 00:01:40,896 - __main__ - INFO - [447/461] rt03cbr62: DHCP=✓ (31 scopes)
2026-01-04 00:01:41,025 - __main__ - INFO - [448/461] ak00cbr61: DHCP=✓ (37 scopes)
2026-01-04 00:01:41,135 - __main__ - INFO - [449/461] mt02cbr68: DHCP=✓ (8 scopes)
2026-01-04 00:01:41,245 - __main__ - INFO - [450/461] rt48cbr68: DHCP=✓ (25 scopes)
2026-01-04 00:01:41,371 - __main__ - INFO - [451/461] LEDN-LC0002-CCAP001: DHCP=✓ (74 scopes)
2026-01-04 00:01:41,495 - __main__ - INFO - [452/461] GELE-RC0002-CCAP001: DHCP=✓ (64 scopes)
2026-01-04 00:01:41,612 - __main__ - INFO - [453/461] HTN-LC0002-CCAP201: DHCP=✓ (39 scopes)
2026-01-04 00:01:41,726 - __main__ - INFO - [454/461] HT-LC0013-CCAP001: DHCP=✓ (28 scopes)
2026-01-04 00:01:41,838 - __main__ - INFO - [455/461] HZ-LC0001-CCAP002: DHCP=✓ (41 scopes)
2026-01-04 00:01:41,957 - __main__ - INFO - [456/461] ZND-LC0032-CCAP001: DHCP=✓ (26 scopes)
2026-01-04 00:01:42,064 - __main__ - INFO - [457/461] EDM-LC0001-CCAP001: DHCP=✓ (30 scopes)
2026-01-04 00:01:42,350 - __main__ - INFO - [458/461] LAND-RC0001-CCAP001: DHCP=✓ (102 scopes)
2026-01-04 00:01:42,463 - __main__ - INFO - [459/461] rt40cbr65: DHCP=✓ (28 scopes)
2026-01-04 00:01:42,573 - __main__ - INFO - [460/461] DT-LC0001-CCAP001: DHCP=✓ (48 scopes)
2026-01-04 00:01:42,742 - __main__ - INFO - [461/461] ad05abr40: DHCP=✓ (43 scopes)
2026-01-04 00:01:42,743 - __main__ - INFO - Cleaning up expired cache entries...
2026-01-04 00:01:42,793 - app_cache - INFO - Cleaned up 0 expired cache entries
2026-01-04 00:01:42,794 - __main__ - INFO - ============================================================
2026-01-04 00:01:42,794 - __main__ - INFO - Cache warmer completed in 53.3s
2026-01-04 00:01:42,794 - __main__ - INFO - Success: 455, Errors: 0
2026-01-04 00:01:42,794 - __main__ - INFO - ============================================================
