2026-01-04 00:30:32,201 - __main__ - INFO - ============================================================
2026-01-04 00:30:32,201 - __main__ - INFO - Starting cache warmer job
2026-01-04 00:30:32,201 - cache_manager - INFO - Cache manager initialized: .cache
2026-01-04 00:30:32,201 - cache_manager - INFO - Default TTL: 86400 seconds (24.0 hours)
2026-01-04 00:30:32,201 - netshot_api - INFO - Caching enabled: TTL=86400s, dir=.cache
2026-01-04 00:30:32,297 - dhcp_database - INFO - Connected to DHCP database at 127.0.0.1:3306
2026-01-04 00:30:32,406 - app_cache - INFO - Connected to cache database: localhost:3307/li_xml
2026-01-04 00:30:32,406 - __main__ - INFO - Fetching CMTS devices from Netshot...
2026-01-04 00:30:32,406 - netshot_api - INFO - Fetching CMTS devices from Netshot group 207
2026-01-04 00:30:33,067 - netshot_api - INFO - Found 8 subnets from CMTS_LI_SUBNETS diagnostic for lw05cbr65
2026-01-04 00:30:33,727 - netshot_api - INFO - Found 73 subnets from CMTS_LI_SUBNETS diagnostic for BVK-LC0001-CCAP001
2026-01-04 00:30:34,094 - netshot_api - INFO - Found 28 subnets from CMTS_LI_SUBNETS diagnostic for WS-RC0001-CCAP002
2026-01-04 00:30:34,678 - netshot_api - INFO - Found 35 subnets from CMTS_LI_SUBNETS diagnostic for SSH-RC0004-CCAP005
2026-01-04 00:30:35,224 - netshot_api - INFO - Found 25 subnets from CMTS_LI_SUBNETS diagnostic for rt33cbr61
2026-01-04 00:30:36,340 - netshot_api - INFO - Found 8 subnets from CMTS_LI_SUBNETS diagnostic for ERB-LC0012-CCAP201
2026-01-04 00:30:36,909 - netshot_api - INFO - Found 66 subnets from CMTS_LI_SUBNETS diagnostic for ad32abr48
2026-01-04 00:30:37,743 - netshot_api - INFO - Found 33 subnets from CMTS_LI_SUBNETS diagnostic for ASD-LC0107-CCAP201
2026-01-04 00:30:38,205 - netshot_api - INFO - Found 13 subnets from CMTS_LI_SUBNETS diagnostic for WM-LC0112-CCAP202
2026-01-04 00:30:38,707 - netshot_api - INFO - Found 29 subnets from CMTS_LI_SUBNETS diagnostic for ZH-LC0001-CCAP001
2026-01-04 00:30:39,425 - netshot_api - INFO - Found 67 subnets from CMTS_LI_SUBNETS diagnostic for UT-LC0002-CCAP001
2026-01-04 00:30:39,847 - netshot_api - INFO - Found 30 subnets from CMTS_LI_SUBNETS diagnostic for RML-LC0022-CCAP201
2026-01-04 00:30:40,313 - netshot_api - INFO - Found 45 subnets from CMTS_LI_SUBNETS diagnostic for GN-LC0006-CCAP001
2026-01-04 00:30:41,026 - netshot_api - INFO - Found 18 subnets from CMTS_LI_SUBNETS diagnostic for RY-LC0031-CCAP201
2026-01-04 00:30:41,466 - netshot_api - INFO - Found 38 subnets from CMTS_LI_SUBNETS diagnostic for HGL-RC0001-CCAP201
2026-01-04 00:30:41,955 - netshot_api - INFO - Found 20 subnets from CMTS_LI_SUBNETS diagnostic for OV-LC0001-CCAP001
2026-01-04 00:30:42,476 - netshot_api - INFO - Found 55 subnets from CMTS_LI_SUBNETS diagnostic for HVS-RC0002-CCAP001
2026-01-04 00:30:43,147 - netshot_api - WARNING - CMTS_LI_SUBNETS diagnostic not found for [NONAME] (found 0 other diagnostics)
2026-01-04 00:30:43,568 - netshot_api - INFO - Found 39 subnets from CMTS_LI_SUBNETS diagnostic for zv01cbr63
2026-01-04 00:30:44,416 - netshot_api - INFO - Found 32 subnets from CMTS_LI_SUBNETS diagnostic for ah00cbr67
2026-01-04 00:30:45,313 - netshot_api - INFO - Found 25 subnets from CMTS_LI_SUBNETS diagnostic for ZVB-LC0022-CCAP201
2026-01-04 00:30:46,021 - netshot_api - INFO - Found 9 subnets from CMTS_LI_SUBNETS diagnostic for nm05cbr69
2026-01-04 00:30:46,979 - netshot_api - INFO - Found 39 subnets from CMTS_LI_SUBNETS diagnostic for GR-RC0001-CCAP202
2026-01-04 00:30:47,658 - netshot_api - INFO - Found 30 subnets from CMTS_LI_SUBNETS diagnostic for NV-LC0001-CCAP001
2026-01-04 00:30:48,188 - netshot_api - INFO - Found 39 subnets from CMTS_LI_SUBNETS diagnostic for ZTM-LC0002-CCAP001
2026-01-04 00:30:48,584 - netshot_api - INFO - Found 27 subnets from CMTS_LI_SUBNETS diagnostic for TB-LC0013-CCAP001
2026-01-04 00:30:49,054 - netshot_api - INFO - Found 22 subnets from CMTS_LI_SUBNETS diagnostic for VT-LC0051-CCAP001
2026-01-04 00:30:49,689 - netshot_api - INFO - Found 5 subnets from CMTS_LI_SUBNETS diagnostic for ad32abr49
2026-01-04 00:30:50,624 - netshot_api - INFO - Found 33 subnets from CMTS_LI_SUBNETS diagnostic for ASN-LC0001-CCAP001
2026-01-04 00:30:51,134 - netshot_api - INFO - Found 45 subnets from CMTS_LI_SUBNETS diagnostic for HVS-RC0002-CCAP201
2026-01-04 00:30:52,261 - netshot_api - INFO - Found 29 subnets from CMTS_LI_SUBNETS diagnostic for BGNH-LC0001-CCAP001
2026-01-04 00:30:52,736 - netshot_api - INFO - Found 49 subnets from CMTS_LI_SUBNETS diagnostic for LML-RC0001-CCAP001
2026-01-04 00:30:53,256 - netshot_api - INFO - Found 17 subnets from CMTS_LI_SUBNETS diagnostic for HV-LC0052-CCAP201
2026-01-04 00:30:53,985 - netshot_api - WARNING - CMTS_LI_SUBNETS diagnostic exists but returned no subnets for GV-RC0011-VCAS001
2026-01-04 00:30:54,650 - netshot_api - INFO - Found 16 subnets from CMTS_LI_SUBNETS diagnostic for NM-LC0100-CCAP202
2026-01-04 00:30:55,158 - netshot_api - INFO - Found 20 subnets from CMTS_LI_SUBNETS diagnostic for HT-LC0014-CCAP001
2026-01-04 00:30:55,690 - netshot_api - INFO - Found 24 subnets from CMTS_LI_SUBNETS diagnostic for ad00cbr68
2026-01-04 00:30:56,405 - netshot_api - INFO - Found 21 subnets from CMTS_LI_SUBNETS diagnostic for zv26cbr64
2026-01-04 00:30:57,546 - netshot_api - INFO - Found 15 subnets from CMTS_LI_SUBNETS diagnostic for TB-LC0051-CCAP201
2026-01-04 00:30:58,063 - netshot_api - INFO - Found 29 subnets from CMTS_LI_SUBNETS diagnostic for hm10cbr66
2026-01-04 00:30:58,814 - netshot_api - INFO - Found 30 subnets from CMTS_LI_SUBNETS diagnostic for HT-LC0011-CCAP001
2026-01-04 00:30:59,527 - netshot_api - INFO - Found 24 subnets from CMTS_LI_SUBNETS diagnostic for lw11cbr61
2026-01-04 00:31:00,410 - netshot_api - INFO - Found 33 subnets from CMTS_LI_SUBNETS diagnostic for rt72cbr65
2026-01-04 00:31:01,358 - netshot_api - INFO - Found 37 subnets from CMTS_LI_SUBNETS diagnostic for nm01cbr62
2026-01-04 00:31:02,178 - netshot_api - INFO - Found 23 subnets from CMTS_LI_SUBNETS diagnostic for DBR-LC0001-CCAP001
2026-01-04 00:31:02,894 - netshot_api - INFO - Found 17 subnets from CMTS_LI_SUBNETS diagnostic for rt01abr47
2026-01-04 00:31:03,827 - netshot_api - INFO - Found 16 subnets from CMTS_LI_SUBNETS diagnostic for nm04cbr62
2026-01-04 00:31:04,544 - netshot_api - INFO - Found 53 subnets from CMTS_LI_SUBNETS diagnostic for BD-RC0002-CCAP002
2026-01-04 00:31:05,143 - netshot_api - INFO - Found 33 subnets from CMTS_LI_SUBNETS diagnostic for MND-RC0001-CCAP202
2026-01-04 00:31:05,884 - netshot_api - INFO - Found 47 subnets from CMTS_LI_SUBNETS diagnostic for ad00cbr65
2026-01-04 00:31:06,649 - netshot_api - INFO - Found 71 subnets from CMTS_LI_SUBNETS diagnostic for TB-RC0001-CCAP003
2026-01-04 00:31:07,195 - netshot_api - INFO - Found 41 subnets from CMTS_LI_SUBNETS diagnostic for VENR-RC0001-CCAP201
2026-01-04 00:31:07,722 - netshot_api - INFO - Found 55 subnets from CMTS_LI_SUBNETS diagnostic for MP-LC0001-CCAP201
2026-01-04 00:31:08,233 - netshot_api - INFO - Found 16 subnets from CMTS_LI_SUBNETS diagnostic for zv33cbr60
2026-01-04 00:31:09,155 - netshot_api - INFO - Found 18 subnets from CMTS_LI_SUBNETS diagnostic for zv54abr44
2026-01-04 00:31:10,079 - netshot_api - INFO - Found 15 subnets from CMTS_LI_SUBNETS diagnostic for BERH-LC0001-CCAP001
2026-01-04 00:31:10,719 - netshot_api - INFO - Found 35 subnets from CMTS_LI_SUBNETS diagnostic for ES-LC0006-CCAP001
2026-01-04 00:31:11,250 - netshot_api - INFO - Found 21 subnets from CMTS_LI_SUBNETS diagnostic for DV-LC0001-CCAP001
2026-01-04 00:31:11,831 - netshot_api - INFO - Found 28 subnets from CMTS_LI_SUBNETS diagnostic for BRGN-LC0012-CCAP201
2026-01-04 00:31:12,490 - netshot_api - INFO - Found 56 subnets from CMTS_LI_SUBNETS diagnostic for HLO-LC0001-CCAP201
2026-01-04 00:31:12,993 - netshot_api - INFO - Found 64 subnets from CMTS_LI_SUBNETS diagnostic for AL-RC0263-CCAP001
2026-01-04 00:31:13,514 - netshot_api - INFO - Found 14 subnets from CMTS_LI_SUBNETS diagnostic for rt43cbr64
2026-01-04 00:31:14,713 - netshot_api - INFO - Found 28 subnets from CMTS_LI_SUBNETS diagnostic for hm14cbr61
2026-01-04 00:31:16,132 - netshot_api - INFO - Found 50 subnets from CMTS_LI_SUBNETS diagnostic for ASV-RC0004-CCAP001
2026-01-04 00:31:16,538 - netshot_api - INFO - Found 34 subnets from CMTS_LI_SUBNETS diagnostic for LPK-LC0001-CCAP001
2026-01-04 00:31:17,699 - netshot_api - INFO - Found 8 subnets from CMTS_LI_SUBNETS diagnostic for AL-RC0263-CCAP003
2026-01-04 00:31:18,566 - netshot_api - INFO - Found 26 subnets from CMTS_LI_SUBNETS diagnostic for WVN-LC0001-CCAP001
2026-01-04 00:31:19,151 - netshot_api - INFO - Found 65 subnets from CMTS_LI_SUBNETS diagnostic for LD-LC0001-CCAP001
2026-01-04 00:31:19,865 - netshot_api - INFO - Found 34 subnets from CMTS_LI_SUBNETS diagnostic for rt72cbr66
2026-01-04 00:31:21,331 - netshot_api - INFO - Found 21 subnets from CMTS_LI_SUBNETS diagnostic for hv00cbr60
2026-01-04 00:31:22,683 - netshot_api - INFO - Found 59 subnets from CMTS_LI_SUBNETS diagnostic for LEDN-LC0001-CCAP001
2026-01-04 00:31:22,908 - netshot_api - INFO - Found 58 subnets from CMTS_LI_SUBNETS diagnostic for HEDR-LC0001-CCAP001
2026-01-04 00:31:23,623 - netshot_api - INFO - Found 52 subnets from CMTS_LI_SUBNETS diagnostic for HGV-LC0001-CCAP201
2026-01-04 00:31:24,129 - netshot_api - INFO - Found 44 subnets from CMTS_LI_SUBNETS diagnostic for VND-RC0001-CCAP002
2026-01-04 00:31:24,661 - netshot_api - INFO - Found 63 subnets from CMTS_LI_SUBNETS diagnostic for SK-RC0001-CCAP001
2026-01-04 00:31:25,144 - netshot_api - INFO - Found 57 subnets from CMTS_LI_SUBNETS diagnostic for GV-LC0005-CCAP001
2026-01-04 00:31:25,995 - netshot_api - INFO - Found 33 subnets from CMTS_LI_SUBNETS diagnostic for rt18cbr69
2026-01-04 00:31:26,942 - netshot_api - INFO - Found 29 subnets from CMTS_LI_SUBNETS diagnostic for ad11cbr65
2026-01-04 00:31:27,817 - netshot_api - WARNING - CMTS_LI_SUBNETS diagnostic exists but returned no subnets for [NONAME]
2026-01-04 00:31:28,337 - netshot_api - INFO - Found 15 subnets from CMTS_LI_SUBNETS diagnostic for VAAL-LC0011-CCAP201
2026-01-04 00:31:28,936 - netshot_api - INFO - Found 47 subnets from CMTS_LI_SUBNETS diagnostic for YM-LC0001-CCAP001
2026-01-04 00:31:29,486 - netshot_api - INFO - Found 16 subnets from CMTS_LI_SUBNETS diagnostic for nm01cbr63
2026-01-04 00:31:30,223 - netshot_api - INFO - Found 19 subnets from CMTS_LI_SUBNETS diagnostic for hm03abr48
2026-01-04 00:31:31,448 - netshot_api - INFO - Found 16 subnets from CMTS_LI_SUBNETS diagnostic for rt30cbr61
2026-01-04 00:31:32,395 - netshot_api - INFO - Found 30 subnets from CMTS_LI_SUBNETS diagnostic for KH-LC0035-CCAP001
2026-01-04 00:31:32,951 - netshot_api - INFO - Found 49 subnets from CMTS_LI_SUBNETS diagnostic for BV-LC0001-CCAP001
2026-01-04 00:31:33,673 - netshot_api - INFO - Found 53 subnets from CMTS_LI_SUBNETS diagnostic for GN-RC0001-CCAP001
2026-01-04 00:31:34,226 - netshot_api - INFO - Found 32 subnets from CMTS_LI_SUBNETS diagnostic for lw00cbr68
2026-01-04 00:31:34,884 - netshot_api - WARNING - CMTS_LI_SUBNETS diagnostic not found for [NONAME] (found 0 other diagnostics)
2026-01-04 00:31:35,633 - netshot_api - INFO - Found 66 subnets from CMTS_LI_SUBNETS diagnostic for ZL-RC0001-CCAP002
2026-01-04 00:31:36,145 - netshot_api - INFO - Found 31 subnets from CMTS_LI_SUBNETS diagnostic for ap04cbr64
2026-01-04 00:31:37,133 - netshot_api - INFO - Found 51 subnets from CMTS_LI_SUBNETS diagnostic for DT-LC0002-CCAP001
2026-01-04 00:31:37,907 - netshot_api - INFO - Found 31 subnets from CMTS_LI_SUBNETS diagnostic for UD-LC0014-CCAP201
2026-01-04 00:31:38,666 - netshot_api - INFO - Found 28 subnets from CMTS_LI_SUBNETS diagnostic for LEK-LC0001-CCAP001
2026-01-04 00:31:39,059 - netshot_api - INFO - Found 30 subnets from CMTS_LI_SUBNETS diagnostic for al01cbr61
2026-01-04 00:31:40,070 - netshot_api - INFO - Found 20 subnets from CMTS_LI_SUBNETS diagnostic for ML-RC0002-CCAP201
2026-01-04 00:31:40,535 - netshot_api - INFO - Found 12 subnets from CMTS_LI_SUBNETS diagnostic for ad33abr49
2026-01-04 00:31:41,359 - netshot_api - INFO - Found 28 subnets from CMTS_LI_SUBNETS diagnostic for GENN-LC0031-CCAP201
2026-01-04 00:31:42,230 - netshot_api - INFO - Found 41 subnets from CMTS_LI_SUBNETS diagnostic for GN-LC0003-CCAP001
2026-01-04 00:31:42,527 - netshot_api - INFO - Found 44 subnets from CMTS_LI_SUBNETS diagnostic for VENL-RC0003-CCAP001
2026-01-04 00:31:43,242 - netshot_api - INFO - Found 36 subnets from CMTS_LI_SUBNETS diagnostic for SOS-LC0001-CCAP001
2026-01-04 00:31:43,662 - netshot_api - INFO - Found 52 subnets from CMTS_LI_SUBNETS diagnostic for BLT-LC0011-CCAP001
2026-01-04 00:31:44,342 - netshot_api - INFO - Found 57 subnets from CMTS_LI_SUBNETS diagnostic for GV-RC0052-CCAP002
2026-01-04 00:31:44,774 - netshot_api - INFO - Found 37 subnets from CMTS_LI_SUBNETS diagnostic for zv02abr41
2026-01-04 00:31:45,721 - netshot_api - INFO - Found 15 subnets from CMTS_LI_SUBNETS diagnostic for ap05abr41
2026-01-04 00:31:46,662 - netshot_api - INFO - Found 40 subnets from CMTS_LI_SUBNETS diagnostic for ah02cbr63
2026-01-04 00:31:47,594 - netshot_api - INFO - Found 29 subnets from CMTS_LI_SUBNETS diagnostic for BBK-LC0011-CCAP201
2026-01-04 00:31:48,217 - netshot_api - INFO - Found 33 subnets from CMTS_LI_SUBNETS diagnostic for BORN-LC0021-CCAP201
2026-01-04 00:31:48,670 - netshot_api - INFO - Found 10 subnets from CMTS_LI_SUBNETS diagnostic for RSH-LC0001-CCAP001
2026-01-04 00:31:49,373 - netshot_api - INFO - Found 39 subnets from CMTS_LI_SUBNETS diagnostic for hm03abr47
2026-01-04 00:31:50,148 - netshot_api - INFO - Found 25 subnets from CMTS_LI_SUBNETS diagnostic for ROER-LC0021-CCAP001
2026-01-04 00:31:50,776 - netshot_api - INFO - Found 31 subnets from CMTS_LI_SUBNETS diagnostic for lw10cbr60
2026-01-04 00:31:51,600 - netshot_api - INFO - Found 28 subnets from CMTS_LI_SUBNETS diagnostic for ls02abr43
2026-01-04 00:31:52,352 - netshot_api - INFO - Found 34 subnets from CMTS_LI_SUBNETS diagnostic for hm02cbr62
2026-01-04 00:31:53,239 - netshot_api - INFO - Found 44 subnets from CMTS_LI_SUBNETS diagnostic for NKK-LC0053-CCAP001
2026-01-04 00:31:53,862 - netshot_api - INFO - Found 34 subnets from CMTS_LI_SUBNETS diagnostic for ES-LC0001-CCAP001
2026-01-04 00:31:54,518 - netshot_api - INFO - Found 36 subnets from CMTS_LI_SUBNETS diagnostic for ad16abr45
2026-01-04 00:31:55,733 - netshot_api - INFO - Found 10 subnets from CMTS_LI_SUBNETS diagnostic for ap09cbr69
2026-01-04 00:31:56,888 - netshot_api - INFO - Found 41 subnets from CMTS_LI_SUBNETS diagnostic for rt72cbr67
2026-01-04 00:31:57,883 - netshot_api - INFO - Found 17 subnets from CMTS_LI_SUBNETS diagnostic for lw03cbr67
2026-01-04 00:31:58,944 - netshot_api - INFO - Found 41 subnets from CMTS_LI_SUBNETS diagnostic for rt37abr49
2026-01-04 00:31:59,572 - netshot_api - INFO - Found 15 subnets from CMTS_LI_SUBNETS diagnostic for hm05abr42
2026-01-04 00:32:00,503 - netshot_api - INFO - Found 17 subnets from CMTS_LI_SUBNETS diagnostic for hm23cbr63
2026-01-04 00:32:01,658 - netshot_api - INFO - Found 16 subnets from CMTS_LI_SUBNETS diagnostic for rt53cbr68
2026-01-04 00:32:03,000 - netshot_api - INFO - Found 62 subnets from CMTS_LI_SUBNETS diagnostic for GN-RC0001-CCAP002
2026-01-04 00:32:03,443 - netshot_api - INFO - Found 67 subnets from CMTS_LI_SUBNETS diagnostic for HHW-LC0001-CCAP001
2026-01-04 00:32:03,950 - netshot_api - INFO - Found 37 subnets from CMTS_LI_SUBNETS diagnostic for rt13cbr68
2026-01-04 00:32:04,875 - netshot_api - INFO - Found 37 subnets from CMTS_LI_SUBNETS diagnostic for rt23cbr63
2026-01-04 00:32:05,876 - netshot_api - INFO - Found 44 subnets from CMTS_LI_SUBNETS diagnostic for ZWDK-LC0001-CCAP001
2026-01-04 00:32:06,581 - netshot_api - INFO - Found 17 subnets from CMTS_LI_SUBNETS diagnostic for WRW-LC0001-CCAP001
2026-01-04 00:32:07,077 - netshot_api - INFO - Found 18 subnets from CMTS_LI_SUBNETS diagnostic for ap08abr48
2026-01-04 00:32:08,175 - netshot_api - INFO - Found 19 subnets from CMTS_LI_SUBNETS diagnostic for zv19abr43
2026-01-04 00:32:09,079 - netshot_api - INFO - Found 28 subnets from CMTS_LI_SUBNETS diagnostic for ed02cbr62
2026-01-04 00:32:09,856 - netshot_api - INFO - Found 39 subnets from CMTS_LI_SUBNETS diagnostic for rt12cbr69
2026-01-04 00:32:10,623 - netshot_api - INFO - Found 45 subnets from CMTS_LI_SUBNETS diagnostic for HGZ-LC0001-CCAP001
2026-01-04 00:32:11,181 - netshot_api - INFO - Found 22 subnets from CMTS_LI_SUBNETS diagnostic for SBRN-RC0001-CCAP202
2026-01-04 00:32:12,021 - netshot_api - INFO - Found 27 subnets from CMTS_LI_SUBNETS diagnostic for HMS-LC0001-CCAP001
2026-01-04 00:32:12,860 - netshot_api - INFO - Found 46 subnets from CMTS_LI_SUBNETS diagnostic for ad05abr44
2026-01-04 00:32:13,689 - netshot_api - INFO - Found 22 subnets from CMTS_LI_SUBNETS diagnostic for HFD-LC0011-CCAP201
2026-01-04 00:32:14,380 - netshot_api - INFO - Found 39 subnets from CMTS_LI_SUBNETS diagnostic for VB-LC0001-CCAP002
2026-01-04 00:32:14,823 - netshot_api - INFO - Found 13 subnets from CMTS_LI_SUBNETS diagnostic for SMH-LC0001-CCAP001
2026-01-04 00:32:15,487 - netshot_api - INFO - Found 31 subnets from CMTS_LI_SUBNETS diagnostic for MAS-LC0002-CCAP001
2026-01-04 00:32:16,154 - netshot_api - INFO - Found 21 subnets from CMTS_LI_SUBNETS diagnostic for DV-LC0003-CCAP001
2026-01-04 00:32:16,651 - netshot_api - INFO - Found 31 subnets from CMTS_LI_SUBNETS diagnostic for rt26cbr67
2026-01-04 00:32:17,528 - netshot_api - INFO - Found 30 subnets from CMTS_LI_SUBNETS diagnostic for ASD-LC0107-CCAP202
2026-01-04 00:32:18,336 - netshot_api - INFO - Found 27 subnets from CMTS_LI_SUBNETS diagnostic for SAK-LC0021-CCAP001
2026-01-04 00:32:18,842 - netshot_api - INFO - Found 28 subnets from CMTS_LI_SUBNETS diagnostic for TL-LC0108-CCAP201
2026-01-04 00:32:19,249 - netshot_api - INFO - Found 21 subnets from CMTS_LI_SUBNETS diagnostic for hm06cbr66
2026-01-04 00:32:20,547 - netshot_api - INFO - Found 7 subnets from CMTS_LI_SUBNETS diagnostic for MP-LC0001-CCAP202
2026-01-04 00:32:21,144 - netshot_api - INFO - Found 22 subnets from CMTS_LI_SUBNETS diagnostic for HLM-LC0122-CCAP202
2026-01-04 00:32:21,636 - netshot_api - INFO - Found 34 subnets from CMTS_LI_SUBNETS diagnostic for rt72cbr64
2026-01-04 00:32:22,590 - netshot_api - INFO - Found 34 subnets from CMTS_LI_SUBNETS diagnostic for HRST-LC0022-CCAP201
2026-01-04 00:32:23,117 - netshot_api - INFO - Found 23 subnets from CMTS_LI_SUBNETS diagnostic for zv02abr42
2026-01-04 00:32:24,023 - netshot_api - INFO - Found 12 subnets from CMTS_LI_SUBNETS diagnostic for ap02cbr62
2026-01-04 00:32:24,895 - netshot_api - INFO - Found 14 subnets from CMTS_LI_SUBNETS diagnostic for er76cbr65
2026-01-04 00:32:25,784 - netshot_api - INFO - Found 41 subnets from CMTS_LI_SUBNETS diagnostic for HEDR-LC0002-CCAP201
2026-01-04 00:32:26,860 - netshot_api - INFO - Found 25 subnets from CMTS_LI_SUBNETS diagnostic for hm07cbr68
2026-01-04 00:32:27,983 - netshot_api - INFO - Found 24 subnets from CMTS_LI_SUBNETS diagnostic for HL-LC0001-CCAP201
2026-01-04 00:32:28,595 - netshot_api - INFO - Found 18 subnets from CMTS_LI_SUBNETS diagnostic for DV-RC0001-CCAP001
2026-01-04 00:32:29,172 - netshot_api - INFO - Found 34 subnets from CMTS_LI_SUBNETS diagnostic for ah00cbr68
2026-01-04 00:32:29,959 - netshot_api - INFO - Found 10 subnets from CMTS_LI_SUBNETS diagnostic for CA-RC0002-CCAP002
2026-01-04 00:32:30,492 - netshot_api - INFO - Found 14 subnets from CMTS_LI_SUBNETS diagnostic for HL-LC0001-CCAP001
2026-01-04 00:32:31,257 - netshot_api - INFO - Found 16 subnets from CMTS_LI_SUBNETS diagnostic for RSN-LC0004-CCAP001
2026-01-04 00:32:31,568 - netshot_api - INFO - Found 18 subnets from CMTS_LI_SUBNETS diagnostic for MSDK-LC0031-CCAP001
2026-01-04 00:32:32,472 - netshot_api - INFO - Found 16 subnets from CMTS_LI_SUBNETS diagnostic for DBR-RC0133-CCAP001
2026-01-04 00:32:32,788 - netshot_api - INFO - Found 14 subnets from CMTS_LI_SUBNETS diagnostic for rt27cbr63
2026-01-04 00:32:33,926 - netshot_api - INFO - Found 68 subnets from CMTS_LI_SUBNETS diagnostic for GV-RC0011-CCAPV001
2026-01-04 00:32:35,409 - netshot_api - INFO - Found 25 subnets from CMTS_LI_SUBNETS diagnostic for MAS-LC0001-CCAP001
2026-01-04 00:32:35,754 - netshot_api - INFO - Found 21 subnets from CMTS_LI_SUBNETS diagnostic for hv01cbr69
2026-01-04 00:32:36,953 - netshot_api - INFO - Found 16 subnets from CMTS_LI_SUBNETS diagnostic for rt51cbr67
2026-01-04 00:32:37,833 - netshot_api - INFO - Found 42 subnets from CMTS_LI_SUBNETS diagnostic for rt35cbr65
2026-01-04 00:32:38,982 - netshot_api - INFO - Found 60 subnets from CMTS_LI_SUBNETS diagnostic for ZL-RC0001-CCAP001
2026-01-04 00:32:39,714 - netshot_api - INFO - Found 41 subnets from CMTS_LI_SUBNETS diagnostic for HDB-LC0001-CCAP201
2026-01-04 00:32:40,448 - netshot_api - INFO - Found 37 subnets from CMTS_LI_SUBNETS diagnostic for rt73cbr60
2026-01-04 00:32:41,387 - netshot_api - INFO - Found 29 subnets from CMTS_LI_SUBNETS diagnostic for ES-LC0004-CCAP201
2026-01-04 00:32:41,953 - netshot_api - INFO - Found 27 subnets from CMTS_LI_SUBNETS diagnostic for mt01cbr61
2026-01-04 00:32:42,825 - netshot_api - INFO - Found 26 subnets from CMTS_LI_SUBNETS diagnostic for rt06cbr62
2026-01-04 00:32:43,660 - netshot_api - INFO - Found 9 subnets from CMTS_LI_SUBNETS diagnostic for zv01cbr64
2026-01-04 00:32:44,828 - netshot_api - INFO - Found 24 subnets from CMTS_LI_SUBNETS diagnostic for MA-LC0001-CCAP001
2026-01-04 00:32:45,376 - netshot_api - INFO - Found 51 subnets from CMTS_LI_SUBNETS diagnostic for GV-RC0011-CCAP006
2026-01-04 00:32:46,805 - netshot_api - INFO - Found 25 subnets from CMTS_LI_SUBNETS diagnostic for LS-LC0001-CCAP201
2026-01-04 00:32:47,075 - netshot_api - INFO - Found 22 subnets from CMTS_LI_SUBNETS diagnostic for ASD-LC0104-CCAP202
2026-01-04 00:32:47,677 - netshot_api - INFO - Found 37 subnets from CMTS_LI_SUBNETS diagnostic for MOE-LC0022-CCAP201
2026-01-04 00:32:48,497 - netshot_api - INFO - Found 56 subnets from CMTS_LI_SUBNETS diagnostic for GV-RC0011-CCAP005
2026-01-04 00:32:49,140 - netshot_api - INFO - Found 38 subnets from CMTS_LI_SUBNETS diagnostic for BLT-LC0011-CCAP002
2026-01-04 00:32:49,696 - netshot_api - INFO - Found 23 subnets from CMTS_LI_SUBNETS diagnostic for MND-RC0001-CCAP001
2026-01-04 00:32:50,205 - netshot_api - INFO - Found 55 subnets from CMTS_LI_SUBNETS diagnostic for ASV-RC0004-CCAP002
2026-01-04 00:32:51,026 - netshot_api - INFO - Found 40 subnets from CMTS_LI_SUBNETS diagnostic for hm27cbr66
2026-01-04 00:32:51,954 - netshot_api - INFO - Found 20 subnets from CMTS_LI_SUBNETS diagnostic for rt13cbr69
2026-01-04 00:32:53,810 - netshot_api - INFO - Found 29 subnets from CMTS_LI_SUBNETS diagnostic for lw08cbr68
2026-01-04 00:32:54,899 - netshot_api - INFO - Found 31 subnets from CMTS_LI_SUBNETS diagnostic for UT-LC0005-CCAP001
2026-01-04 00:32:55,408 - netshot_api - INFO - Found 7 subnets from CMTS_LI_SUBNETS diagnostic for rt25cbr62
2026-01-04 00:32:56,508 - netshot_api - INFO - Found 39 subnets from CMTS_LI_SUBNETS diagnostic for STWK-LC0001-CCAP001
2026-01-04 00:32:56,863 - netshot_api - INFO - Found 27 subnets from CMTS_LI_SUBNETS diagnostic for ap03cbr69
2026-01-04 00:32:57,626 - netshot_api - INFO - Found 13 subnets from CMTS_LI_SUBNETS diagnostic for hm13cbr66
2026-01-04 00:32:59,043 - netshot_api - INFO - Found 37 subnets from CMTS_LI_SUBNETS diagnostic for HDR-LC0111-CCAP201
2026-01-04 00:32:59,554 - netshot_api - INFO - Found 57 subnets from CMTS_LI_SUBNETS diagnostic for GV-RC0011-CCAP004
2026-01-04 00:33:00,195 - netshot_api - INFO - Found 53 subnets from CMTS_LI_SUBNETS diagnostic for VENL-RC0003-CCAP002
2026-01-04 00:33:00,884 - netshot_api - INFO - Found 43 subnets from CMTS_LI_SUBNETS diagnostic for zv38abr48
2026-01-04 00:33:01,635 - netshot_api - INFO - Found 31 subnets from CMTS_LI_SUBNETS diagnostic for hm18cbr61
2026-01-04 00:33:02,469 - netshot_api - INFO - Found 18 subnets from CMTS_LI_SUBNETS diagnostic for rt28abr44
2026-01-04 00:33:03,032 - netshot_api - INFO - Found 4 subnets from CMTS_LI_SUBNETS diagnostic for AH-LC0105-CCAP202
2026-01-04 00:33:03,721 - netshot_api - INFO - Found 17 subnets from CMTS_LI_SUBNETS diagnostic for ah06cbr66
2026-01-04 00:33:04,470 - netshot_api - INFO - Found 26 subnets from CMTS_LI_SUBNETS diagnostic for rt42cbr69
2026-01-04 00:33:05,614 - netshot_api - INFO - Found 51 subnets from CMTS_LI_SUBNETS diagnostic for APG-LC0001-CCAP001
2026-01-04 00:33:06,048 - netshot_api - INFO - Found 41 subnets from CMTS_LI_SUBNETS diagnostic for rt19abr44
2026-01-04 00:33:06,916 - netshot_api - INFO - Found 23 subnets from CMTS_LI_SUBNETS diagnostic for DBR-RC0133-CCAP002
2026-01-04 00:33:07,387 - netshot_api - INFO - Found 15 subnets from CMTS_LI_SUBNETS diagnostic for ls05abr42
2026-01-04 00:33:08,114 - netshot_api - INFO - Found 18 subnets from CMTS_LI_SUBNETS diagnostic for BDH-LC0001-CCAP001
2026-01-04 00:33:08,580 - netshot_api - INFO - Found 48 subnets from CMTS_LI_SUBNETS diagnostic for GV-LC0009-CCAP001
2026-01-04 00:33:09,227 - netshot_api - INFO - Found 44 subnets from CMTS_LI_SUBNETS diagnostic for GELE-RC0002-CCAP202
2026-01-04 00:33:09,845 - netshot_api - INFO - Found 5 subnets from CMTS_LI_SUBNETS diagnostic for nm03cbr64
2026-01-04 00:33:10,403 - netshot_api - INFO - Found 40 subnets from CMTS_LI_SUBNETS diagnostic for NM-LC0100-CCAP201
2026-01-04 00:33:11,022 - netshot_api - INFO - Found 18 subnets from CMTS_LI_SUBNETS diagnostic for rt52cbr67
2026-01-04 00:33:11,683 - netshot_api - INFO - Found 18 subnets from CMTS_LI_SUBNETS diagnostic for zv30cbr64
2026-01-04 00:33:12,425 - netshot_api - INFO - Found 66 subnets from CMTS_LI_SUBNETS diagnostic for HLM-LC0122-CCAP203
2026-01-04 00:33:12,725 - netshot_api - INFO - Found 18 subnets from CMTS_LI_SUBNETS diagnostic for HFD-LC0002-CCAP001
2026-01-04 00:33:13,012 - netshot_api - INFO - Found 52 subnets from CMTS_LI_SUBNETS diagnostic for BD-LC0004-CCAP002
2026-01-04 00:33:13,633 - netshot_api - INFO - Found 34 subnets from CMTS_LI_SUBNETS diagnostic for hm27cbr65
2026-01-04 00:33:14,388 - netshot_api - INFO - Found 52 subnets from CMTS_LI_SUBNETS diagnostic for ad16abr43
2026-01-04 00:33:15,508 - netshot_api - INFO - Found 26 subnets from CMTS_LI_SUBNETS diagnostic for rt04abr43
2026-01-04 00:33:16,230 - netshot_api - INFO - Found 12 subnets from CMTS_LI_SUBNETS diagnostic for TTR-LC0001-CCAP001
2026-01-04 00:33:16,788 - netshot_api - INFO - Found 25 subnets from CMTS_LI_SUBNETS diagnostic for nm09cbr67
2026-01-04 00:33:18,031 - netshot_api - INFO - Found 62 subnets from CMTS_LI_SUBNETS diagnostic for GV-RC0011-CCAP003
2026-01-04 00:33:18,499 - netshot_api - INFO - Found 39 subnets from CMTS_LI_SUBNETS diagnostic for MARG-LC0022-CCAP201
2026-01-04 00:33:18,808 - netshot_api - INFO - Found 16 subnets from CMTS_LI_SUBNETS diagnostic for hm02cbr61
2026-01-04 00:33:19,971 - netshot_api - INFO - Found 36 subnets from CMTS_LI_SUBNETS diagnostic for rt14cbr61
2026-01-04 00:33:20,583 - netshot_api - INFO - Found 32 subnets from CMTS_LI_SUBNETS diagnostic for NUTH-LC0034-CCAP201
2026-01-04 00:33:21,017 - netshot_api - INFO - Found 29 subnets from CMTS_LI_SUBNETS diagnostic for er72cbr62
2026-01-04 00:33:21,782 - netshot_api - INFO - Found 29 subnets from CMTS_LI_SUBNETS diagnostic for nm10cbr62
2026-01-04 00:33:22,453 - netshot_api - INFO - Found 15 subnets from CMTS_LI_SUBNETS diagnostic for zv08cbr65
2026-01-04 00:33:23,092 - netshot_api - INFO - Found 39 subnets from CMTS_LI_SUBNETS diagnostic for TB-LC0041-CCAP201
2026-01-04 00:33:23,636 - netshot_api - INFO - Found 49 subnets from CMTS_LI_SUBNETS diagnostic for RSD-RC0001-CCAP001
2026-01-04 00:33:24,268 - netshot_api - INFO - Found 18 subnets from CMTS_LI_SUBNETS diagnostic for hm10cbr69
2026-01-04 00:33:24,983 - netshot_api - INFO - Found 56 subnets from CMTS_LI_SUBNETS diagnostic for RWK-LC0001-CCAP001
2026-01-04 00:33:25,707 - netshot_api - INFO - Found 28 subnets from CMTS_LI_SUBNETS diagnostic for ROD-LC0001-CCAP001
2026-01-04 00:33:26,461 - netshot_api - INFO - Found 55 subnets from CMTS_LI_SUBNETS diagnostic for BD-RC0002-CCAP001
2026-01-04 00:33:27,208 - netshot_api - INFO - Found 61 subnets from CMTS_LI_SUBNETS diagnostic for OS-LC0033-CCAP003
2026-01-04 00:33:27,676 - netshot_api - INFO - Found 17 subnets from CMTS_LI_SUBNETS diagnostic for ls01cbr65
2026-01-04 00:33:28,677 - netshot_api - INFO - Found 28 subnets from CMTS_LI_SUBNETS diagnostic for rt41cbr62
2026-01-04 00:33:29,498 - netshot_api - INFO - Found 20 subnets from CMTS_LI_SUBNETS diagnostic for CO-LC0001-CCAP001
2026-01-04 00:33:29,966 - netshot_api - INFO - Found 56 subnets from CMTS_LI_SUBNETS diagnostic for AL-RC0263-CCAP004
2026-01-04 00:33:30,465 - netshot_api - INFO - Found 14 subnets from CMTS_LI_SUBNETS diagnostic for er82cbr64
2026-01-04 00:33:31,236 - netshot_api - INFO - Found 23 subnets from CMTS_LI_SUBNETS diagnostic for SPK-LC0001-CCAP001
2026-01-04 00:33:31,926 - netshot_api - INFO - Found 33 subnets from CMTS_LI_SUBNETS diagnostic for RSD-LC0003-CCAP001
2026-01-04 00:33:32,559 - netshot_api - INFO - Found 17 subnets from CMTS_LI_SUBNETS diagnostic for FA-LC0021-CCAP201
2026-01-04 00:33:33,014 - netshot_api - INFO - Found 65 subnets from CMTS_LI_SUBNETS diagnostic for HT-RC0001-CCAP002
2026-01-04 00:33:33,337 - netshot_api - INFO - Found 26 subnets from CMTS_LI_SUBNETS diagnostic for HLM-LC0001-CCAP201
2026-01-04 00:33:34,038 - netshot_api - INFO - Found 43 subnets from CMTS_LI_SUBNETS diagnostic for BEEK-LC0012-CCAP201
2026-01-04 00:33:34,502 - netshot_api - INFO - Found 52 subnets from CMTS_LI_SUBNETS diagnostic for GV-LC0001-CCAP001
2026-01-04 00:33:34,957 - netshot_api - INFO - Found 14 subnets from CMTS_LI_SUBNETS diagnostic for WAR-LC0001-CCAP001
2026-01-04 00:33:35,654 - netshot_api - INFO - Found 62 subnets from CMTS_LI_SUBNETS diagnostic for KERK-LC0031-CCAP201
2026-01-04 00:33:35,971 - netshot_api - INFO - Found 41 subnets from CMTS_LI_SUBNETS diagnostic for ap10cbr60
2026-01-04 00:33:36,821 - netshot_api - INFO - Found 8 subnets from CMTS_LI_SUBNETS diagnostic for rt19abr45
2026-01-04 00:33:37,793 - netshot_api - INFO - Found 36 subnets from CMTS_LI_SUBNETS diagnostic for HM-LC0111-CCAP201
2026-01-04 00:33:38,220 - netshot_api - INFO - Found 13 subnets from CMTS_LI_SUBNETS diagnostic for ah01abr40
2026-01-04 00:33:39,437 - netshot_api - INFO - Found 52 subnets from CMTS_LI_SUBNETS diagnostic for LAND-RC0001-CCAP202
2026-01-04 00:33:40,279 - netshot_api - INFO - Found 23 subnets from CMTS_LI_SUBNETS diagnostic for OWD-LC0001-CCAP001
2026-01-04 00:33:40,766 - netshot_api - INFO - Found 55 subnets from CMTS_LI_SUBNETS diagnostic for WS-RC0001-CCAP001
2026-01-04 00:33:41,799 - netshot_api - INFO - Found 21 subnets from CMTS_LI_SUBNETS diagnostic for BDG-LC0001-CCAP001
2026-01-04 00:33:42,109 - netshot_api - INFO - Found 26 subnets from CMTS_LI_SUBNETS diagnostic for NVEN-LC0001-CCAP001
2026-01-04 00:33:42,722 - netshot_api - INFO - Found 36 subnets from CMTS_LI_SUBNETS diagnostic for BOL-LC0001-CCAP001
2026-01-04 00:33:43,293 - netshot_api - INFO - Found 20 subnets from CMTS_LI_SUBNETS diagnostic for rt54abr46
2026-01-04 00:33:44,192 - netshot_api - INFO - Found 83 subnets from CMTS_LI_SUBNETS diagnostic for AMF-RC0004-CCAP004
2026-01-04 00:33:44,808 - netshot_api - INFO - Found 44 subnets from CMTS_LI_SUBNETS diagnostic for ak00cbr60
2026-01-04 00:33:45,827 - netshot_api - INFO - Found 18 subnets from CMTS_LI_SUBNETS diagnostic for mt06cbr69
2026-01-04 00:33:46,648 - netshot_api - INFO - Found 29 subnets from CMTS_LI_SUBNETS diagnostic for HT-LC0024-CCAP001
2026-01-04 00:33:47,278 - netshot_api - INFO - Found 50 subnets from CMTS_LI_SUBNETS diagnostic for WM-LC0112-CCAP201
2026-01-04 00:33:47,766 - netshot_api - INFO - Found 56 subnets from CMTS_LI_SUBNETS diagnostic for VENL-RC0003-CCAP003
2026-01-04 00:33:48,303 - netshot_api - INFO - Found 27 subnets from CMTS_LI_SUBNETS diagnostic for er66cbr64
2026-01-04 00:33:49,169 - netshot_api - INFO - Found 44 subnets from CMTS_LI_SUBNETS diagnostic for BD-RC0002-CCAP202
2026-01-04 00:33:49,768 - netshot_api - INFO - Found 6 subnets from CMTS_LI_SUBNETS diagnostic for hv02abr42
2026-01-04 00:33:50,524 - netshot_api - INFO - Found 26 subnets from CMTS_LI_SUBNETS diagnostic for rt46cbr64
2026-01-04 00:33:51,725 - netshot_api - INFO - Found 21 subnets from CMTS_LI_SUBNETS diagnostic for HVS-LC0108-CCAP202
2026-01-04 00:33:52,504 - netshot_api - INFO - Found 15 subnets from CMTS_LI_SUBNETS diagnostic for SIMP-LC0032-CCAP201
2026-01-04 00:33:53,503 - netshot_api - INFO - Found 14 subnets from CMTS_LI_SUBNETS diagnostic for ed02cbr63
2026-01-04 00:33:54,245 - netshot_api - INFO - Found 25 subnets from CMTS_LI_SUBNETS diagnostic for ed03abr43
2026-01-04 00:33:55,334 - netshot_api - INFO - Found 60 subnets from CMTS_LI_SUBNETS diagnostic for TB-RC0001-CCAP001
2026-01-04 00:33:55,858 - netshot_api - INFO - Found 50 subnets from CMTS_LI_SUBNETS diagnostic for EMN-RC0001-CCAP002
2026-01-04 00:33:56,183 - netshot_api - INFO - Found 28 subnets from CMTS_LI_SUBNETS diagnostic for HFD-LC0013-CCAP201
2026-01-04 00:33:56,859 - netshot_api - INFO - Found 11 subnets from CMTS_LI_SUBNETS diagnostic for MRLO-LC0021-CCAP001
2026-01-04 00:33:57,294 - netshot_api - INFO - Found 39 subnets from CMTS_LI_SUBNETS diagnostic for HGL-RC0001-CCAP202
2026-01-04 00:33:57,819 - netshot_api - INFO - Found 49 subnets from CMTS_LI_SUBNETS diagnostic for rt01abr46
2026-01-04 00:33:58,427 - netshot_api - INFO - Found 24 subnets from CMTS_LI_SUBNETS diagnostic for ES-LC0003-CCAP001
2026-01-04 00:33:58,920 - netshot_api - INFO - Found 9 subnets from CMTS_LI_SUBNETS diagnostic for GV-LC0006-CCAP002
2026-01-04 00:33:59,422 - netshot_api - INFO - Found 25 subnets from CMTS_LI_SUBNETS diagnostic for lw07cbr62
2026-01-04 00:34:00,229 - netshot_api - INFO - Found 90 subnets from CMTS_LI_SUBNETS diagnostic for ad11abr47
2026-01-04 00:34:00,875 - netshot_api - INFO - Found 51 subnets from CMTS_LI_SUBNETS diagnostic for LML-RC0001-CCAP002
2026-01-04 00:34:01,331 - netshot_api - INFO - Found 70 subnets from CMTS_LI_SUBNETS diagnostic for MND-RC0001-CCAP004
2026-01-04 00:34:01,790 - netshot_api - INFO - Found 17 subnets from CMTS_LI_SUBNETS diagnostic for TL-LC0108-CCAP202
2026-01-04 00:34:02,257 - netshot_api - INFO - Found 24 subnets from CMTS_LI_SUBNETS diagnostic for hm20cbr63
2026-01-04 00:34:03,120 - netshot_api - INFO - Found 20 subnets from CMTS_LI_SUBNETS diagnostic for HOO-LC0011-CCAP201
2026-01-04 00:34:03,607 - netshot_api - INFO - Found 20 subnets from CMTS_LI_SUBNETS diagnostic for al03cbr63
2026-01-04 00:34:04,364 - netshot_api - INFO - Found 31 subnets from CMTS_LI_SUBNETS diagnostic for GLE-LC0024-CCAP001
2026-01-04 00:34:04,874 - netshot_api - INFO - Found 18 subnets from CMTS_LI_SUBNETS diagnostic for hm21cbr67
2026-01-04 00:34:05,832 - netshot_api - INFO - Found 51 subnets from CMTS_LI_SUBNETS diagnostic for rt44abr46
2026-01-04 00:34:06,682 - netshot_api - INFO - Found 44 subnets from CMTS_LI_SUBNETS diagnostic for ZTM-LC0003-CCAP001
2026-01-04 00:34:07,242 - netshot_api - INFO - Found 26 subnets from CMTS_LI_SUBNETS diagnostic for HZ-LC0002-CCAP001
2026-01-04 00:34:07,744 - netshot_api - INFO - Found 26 subnets from CMTS_LI_SUBNETS diagnostic for ah04cbr68
2026-01-04 00:34:08,737 - netshot_api - INFO - Found 31 subnets from CMTS_LI_SUBNETS diagnostic for ad05abr46
2026-01-04 00:34:09,619 - netshot_api - INFO - Found 17 subnets from CMTS_LI_SUBNETS diagnostic for rt47cbr68
2026-01-04 00:34:10,437 - netshot_api - INFO - Found 32 subnets from CMTS_LI_SUBNETS diagnostic for VESB-LC0001-CCAP001
2026-01-04 00:34:10,940 - netshot_api - INFO - Found 12 subnets from CMTS_LI_SUBNETS diagnostic for er78cbr66
2026-01-04 00:34:11,810 - netshot_api - INFO - Found 50 subnets from CMTS_LI_SUBNETS diagnostic for NW-LC0001-CCAP001
2026-01-04 00:34:12,085 - netshot_api - INFO - Found 7 subnets from CMTS_LI_SUBNETS diagnostic for lw06cbr63
2026-01-04 00:34:12,925 - netshot_api - INFO - Found 32 subnets from CMTS_LI_SUBNETS diagnostic for hm16cbr67
2026-01-04 00:34:14,001 - netshot_api - INFO - Found 18 subnets from CMTS_LI_SUBNETS diagnostic for SDL-LC0042-CCAP001
2026-01-04 00:34:14,599 - netshot_api - INFO - Found 33 subnets from CMTS_LI_SUBNETS diagnostic for ad01cbr61
2026-01-04 00:34:15,374 - netshot_api - INFO - Found 36 subnets from CMTS_LI_SUBNETS diagnostic for HVS-LC0108-CCAP201
2026-01-04 00:34:16,019 - netshot_api - INFO - Found 8 subnets from CMTS_LI_SUBNETS diagnostic for al04cbr61
2026-01-04 00:34:16,863 - netshot_api - INFO - Found 40 subnets from CMTS_LI_SUBNETS diagnostic for GN-LC0002-CCAP201
2026-01-04 00:34:17,545 - netshot_api - INFO - Found 38 subnets from CMTS_LI_SUBNETS diagnostic for ed01cbr61
2026-01-04 00:34:18,540 - netshot_api - INFO - Found 70 subnets from CMTS_LI_SUBNETS diagnostic for ZL-RC0001-CCAP003
2026-01-04 00:34:19,133 - netshot_api - INFO - Found 65 subnets from CMTS_LI_SUBNETS diagnostic for HEEM-LC0002-CCAP001
2026-01-04 00:34:19,658 - netshot_api - INFO - Found 29 subnets from CMTS_LI_SUBNETS diagnostic for ad13cbr60
2026-01-04 00:34:20,672 - netshot_api - INFO - Found 26 subnets from CMTS_LI_SUBNETS diagnostic for ap10cbr61
2026-01-04 00:34:21,573 - netshot_api - INFO - Found 18 subnets from CMTS_LI_SUBNETS diagnostic for HM-LC0111-CCAP202
2026-01-04 00:34:22,209 - netshot_api - INFO - Found 68 subnets from CMTS_LI_SUBNETS diagnostic for ad33abr47
2026-01-04 00:34:23,392 - netshot_api - INFO - Found 37 subnets from CMTS_LI_SUBNETS diagnostic for rt25cbr61
2026-01-04 00:34:24,402 - netshot_api - INFO - Found 10 subnets from CMTS_LI_SUBNETS diagnostic for zv32cbr65
2026-01-04 00:34:25,274 - netshot_api - INFO - Found 75 subnets from CMTS_LI_SUBNETS diagnostic for SK-RC0001-CCAP002
2026-01-04 00:34:25,985 - netshot_api - INFO - Found 12 subnets from CMTS_LI_SUBNETS diagnostic for hm04cbr65
2026-01-04 00:34:26,766 - netshot_api - INFO - Found 13 subnets from CMTS_LI_SUBNETS diagnostic for hm24cbr64
2026-01-04 00:34:27,976 - netshot_api - INFO - Found 54 subnets from CMTS_LI_SUBNETS diagnostic for ASD-LC0104-CCAP201
2026-01-04 00:34:28,463 - netshot_api - INFO - Found 71 subnets from CMTS_LI_SUBNETS diagnostic for MND-RC0001-CCAP005
2026-01-04 00:34:28,891 - netshot_api - INFO - Found 44 subnets from CMTS_LI_SUBNETS diagnostic for LW-LC0102-CCAP201
2026-01-04 00:34:30,391 - netshot_api - INFO - Found 48 subnets from CMTS_LI_SUBNETS diagnostic for ZOB-LC0002-CCAP001
2026-01-04 00:34:30,846 - netshot_api - INFO - Found 63 subnets from CMTS_LI_SUBNETS diagnostic for ad33abr48
2026-01-04 00:34:31,736 - netshot_api - INFO - Found 54 subnets from CMTS_LI_SUBNETS diagnostic for SSH-RC0004-CCAP004
2026-01-04 00:34:32,491 - netshot_api - INFO - Found 55 subnets from CMTS_LI_SUBNETS diagnostic for SK-RC0001-CCAP003
2026-01-04 00:34:32,974 - netshot_api - INFO - Found 62 subnets from CMTS_LI_SUBNETS diagnostic for rt05abr40
2026-01-04 00:34:33,831 - netshot_api - INFO - Found 29 subnets from CMTS_LI_SUBNETS diagnostic for SCHN-LC0013-CCAP201
2026-01-04 00:34:34,335 - netshot_api - INFO - Found 27 subnets from CMTS_LI_SUBNETS diagnostic for CU-LC0024-CCAP001
2026-01-04 00:34:34,791 - netshot_api - INFO - Found 43 subnets from CMTS_LI_SUBNETS diagnostic for WR-LC0001-CCAP001
2026-01-04 00:34:35,376 - netshot_api - INFO - Found 42 subnets from CMTS_LI_SUBNETS diagnostic for ZW-LC0001-CCAP001
2026-01-04 00:34:36,218 - netshot_api - INFO - Found 54 subnets from CMTS_LI_SUBNETS diagnostic for BD-RC0002-CCAP201
2026-01-04 00:34:36,491 - netshot_api - INFO - Found 27 subnets from CMTS_LI_SUBNETS diagnostic for VEG-LC0013-CCAP001
2026-01-04 00:34:37,014 - netshot_api - INFO - Found 9 subnets from CMTS_LI_SUBNETS diagnostic for BEN-LC0001-CCAP001
2026-01-04 00:34:37,482 - netshot_api - INFO - Found 47 subnets from CMTS_LI_SUBNETS diagnostic for HLM-LC0122-CCAP201
2026-01-04 00:34:37,965 - netshot_api - INFO - Found 18 subnets from CMTS_LI_SUBNETS diagnostic for NVEN-LC0002-CCAP001
2026-01-04 00:34:38,553 - netshot_api - INFO - Found 5 subnets from CMTS_LI_SUBNETS diagnostic for VHZ-LC0001-CCAP001
2026-01-04 00:34:39,277 - netshot_api - INFO - Found 39 subnets from CMTS_LI_SUBNETS diagnostic for al04cbr64
2026-01-04 00:34:39,853 - netshot_api - INFO - Found 35 subnets from CMTS_LI_SUBNETS diagnostic for PM-LC0110-CCAP202
2026-01-04 00:34:40,382 - netshot_api - INFO - Found 74 subnets from CMTS_LI_SUBNETS diagnostic for ad32abr47
2026-01-04 00:34:41,253 - netshot_api - INFO - Found 51 subnets from CMTS_LI_SUBNETS diagnostic for ad00cbr66
2026-01-04 00:34:42,034 - netshot_api - INFO - Found 34 subnets from CMTS_LI_SUBNETS diagnostic for OGT-LC0007-CCAP201
2026-01-04 00:34:42,337 - netshot_api - INFO - Found 15 subnets from CMTS_LI_SUBNETS diagnostic for hm09cbr60
2026-01-04 00:34:43,135 - netshot_api - INFO - Found 6 subnets from CMTS_LI_SUBNETS diagnostic for hm27cbr67
2026-01-04 00:34:44,084 - netshot_api - INFO - Found 18 subnets from CMTS_LI_SUBNETS diagnostic for BKP-LC0001-CCAP001
2026-01-04 00:34:44,764 - netshot_api - INFO - Found 60 subnets from CMTS_LI_SUBNETS diagnostic for EMN-RC0001-CCAP001
2026-01-04 00:34:45,311 - netshot_api - INFO - Found 48 subnets from CMTS_LI_SUBNETS diagnostic for ad16abr44
2026-01-04 00:34:46,027 - netshot_api - INFO - Found 22 subnets from CMTS_LI_SUBNETS diagnostic for rt29abr44
2026-01-04 00:34:46,976 - netshot_api - INFO - Found 19 subnets from CMTS_LI_SUBNETS diagnostic for MTRI-RC0001-CCAP202
2026-01-04 00:34:47,712 - netshot_api - INFO - Found 35 subnets from CMTS_LI_SUBNETS diagnostic for GN-LC0005-CCAP001
2026-01-04 00:34:48,070 - netshot_api - INFO - Found 62 subnets from CMTS_LI_SUBNETS diagnostic for ASN-RC0002-CCAP001
2026-01-04 00:34:48,724 - netshot_api - INFO - Found 27 subnets from CMTS_LI_SUBNETS diagnostic for GRD-LC0001-CCAP201
2026-01-04 00:34:49,578 - netshot_api - INFO - Found 19 subnets from CMTS_LI_SUBNETS diagnostic for ls04cbr61
2026-01-04 00:34:50,522 - netshot_api - INFO - Found 18 subnets from CMTS_LI_SUBNETS diagnostic for BT-LC0044-CCAP001
2026-01-04 00:34:51,126 - netshot_api - INFO - Found 39 subnets from CMTS_LI_SUBNETS diagnostic for AMF-RC0004-CCAP003
2026-01-04 00:34:51,833 - netshot_api - INFO - Found 5 subnets from CMTS_LI_SUBNETS diagnostic for ls00cbr60
2026-01-04 00:34:52,453 - netshot_api - INFO - Found 56 subnets from CMTS_LI_SUBNETS diagnostic for BLOK-LC0002-CCAP001
2026-01-04 00:34:52,875 - netshot_api - INFO - Found 41 subnets from CMTS_LI_SUBNETS diagnostic for HAEL-LC0012-CCAP001
2026-01-04 00:34:53,584 - netshot_api - INFO - Found 39 subnets from CMTS_LI_SUBNETS diagnostic for TB-LC0052-CCAP001
2026-01-04 00:34:54,069 - netshot_api - INFO - Found 8 subnets from CMTS_LI_SUBNETS diagnostic for mt00cbr69
2026-01-04 00:34:54,865 - netshot_api - INFO - Found 14 subnets from CMTS_LI_SUBNETS diagnostic for VENL-RC0003-CCAP201
2026-01-04 00:34:55,347 - netshot_api - INFO - Found 36 subnets from CMTS_LI_SUBNETS diagnostic for MND-RC0001-CCAP201
2026-01-04 00:34:56,114 - netshot_api - INFO - Found 33 subnets from CMTS_LI_SUBNETS diagnostic for NWK-LC0001-CCAP001
2026-01-04 00:34:57,041 - netshot_api - INFO - Found 4 subnets from CMTS_LI_SUBNETS diagnostic for TB-RC0001-CCAP002
2026-01-04 00:34:57,683 - netshot_api - INFO - Found 43 subnets from CMTS_LI_SUBNETS diagnostic for ZTM-LC0004-CCAP001
2026-01-04 00:34:58,582 - netshot_api - INFO - Found 18 subnets from CMTS_LI_SUBNETS diagnostic for EYSD-LC0001-CCAP201
2026-01-04 00:34:58,882 - netshot_api - INFO - Found 22 subnets from CMTS_LI_SUBNETS diagnostic for rt31cbr69
2026-01-04 00:34:59,705 - netshot_api - INFO - Found 27 subnets from CMTS_LI_SUBNETS diagnostic for SGN-LC0001-CCAP001
2026-01-04 00:35:00,407 - netshot_api - INFO - Found 24 subnets from CMTS_LI_SUBNETS diagnostic for SB-LC0013-CCAP001
2026-01-04 00:35:00,901 - netshot_api - INFO - Found 15 subnets from CMTS_LI_SUBNETS diagnostic for lw01cbr63
2026-01-04 00:35:01,823 - netshot_api - INFO - Found 31 subnets from CMTS_LI_SUBNETS diagnostic for rt32cbr64
2026-01-04 00:35:02,634 - netshot_api - INFO - Found 22 subnets from CMTS_LI_SUBNETS diagnostic for HT-RC0001-CCAP001
2026-01-04 00:35:02,839 - netshot_api - INFO - Found 37 subnets from CMTS_LI_SUBNETS diagnostic for RUP-LC0033-CCAP001
2026-01-04 00:35:03,599 - netshot_api - INFO - Found 47 subnets from CMTS_LI_SUBNETS diagnostic for GV-LC0008-CCAP001
2026-01-04 00:35:04,005 - netshot_api - INFO - Found 33 subnets from CMTS_LI_SUBNETS diagnostic for rt56cbr62
2026-01-04 00:35:05,007 - netshot_api - INFO - Found 28 subnets from CMTS_LI_SUBNETS diagnostic for BWD-LC0001-CCAP001
2026-01-04 00:35:05,503 - netshot_api - INFO - Found 34 subnets from CMTS_LI_SUBNETS diagnostic for GN-LC0004-CCAP201
2026-01-04 00:35:06,000 - netshot_api - INFO - Found 36 subnets from CMTS_LI_SUBNETS diagnostic for MSBT-RC0001-CCAP201
2026-01-04 00:35:06,428 - netshot_api - INFO - Found 36 subnets from CMTS_LI_SUBNETS diagnostic for GV-LC0011-CCAP001
2026-01-04 00:35:07,200 - netshot_api - INFO - Found 66 subnets from CMTS_LI_SUBNETS diagnostic for CA-RC0002-CCAP001
2026-01-04 00:35:07,473 - netshot_api - INFO - Found 29 subnets from CMTS_LI_SUBNETS diagnostic for BEES-LC0011-CCAP201
2026-01-04 00:35:09,037 - netshot_api - INFO - Found 45 subnets from CMTS_LI_SUBNETS diagnostic for ad00cbr67
2026-01-04 00:35:10,122 - netshot_api - INFO - Found 40 subnets from CMTS_LI_SUBNETS diagnostic for NDK-LC0001-CCAP001
2026-01-04 00:35:10,653 - netshot_api - INFO - Found 32 subnets from CMTS_LI_SUBNETS diagnostic for hm15cbr65
2026-01-04 00:35:11,586 - netshot_api - INFO - Found 29 subnets from CMTS_LI_SUBNETS diagnostic for lw09cbr69
2026-01-04 00:35:12,254 - netshot_api - INFO - Found 47 subnets from CMTS_LI_SUBNETS diagnostic for GN-LC0001-CCAP201
2026-01-04 00:35:12,767 - netshot_api - INFO - Found 11 subnets from CMTS_LI_SUBNETS diagnostic for KERK-LC0031-CCAP202
2026-01-04 00:35:13,252 - netshot_api - INFO - Found 60 subnets from CMTS_LI_SUBNETS diagnostic for MND-RC0001-CCAP003
2026-01-04 00:35:13,991 - netshot_api - INFO - Found 40 subnets from CMTS_LI_SUBNETS diagnostic for MTRI-LC0002-CCAP001
2026-01-04 00:35:14,497 - netshot_api - INFO - Found 18 subnets from CMTS_LI_SUBNETS diagnostic for HKB-LC0001-CCAP001
2026-01-04 00:35:15,208 - netshot_api - INFO - Found 48 subnets from CMTS_LI_SUBNETS diagnostic for HLEN-LC0023-CCAP001
2026-01-04 00:35:15,483 - netshot_api - INFO - Found 25 subnets from CMTS_LI_SUBNETS diagnostic for al00abr49
2026-01-04 00:35:16,332 - netshot_api - INFO - Found 29 subnets from CMTS_LI_SUBNETS diagnostic for VND-RC0001-CCAP001
2026-01-04 00:35:16,922 - netshot_api - INFO - Found 41 subnets from CMTS_LI_SUBNETS diagnostic for WD-LC0002-CCAP001
2026-01-04 00:35:17,674 - netshot_api - INFO - Found 26 subnets from CMTS_LI_SUBNETS diagnostic for rt50cbr66
2026-01-04 00:35:18,480 - netshot_api - INFO - Found 17 subnets from CMTS_LI_SUBNETS diagnostic for ls03cbr65
2026-01-04 00:35:19,186 - netshot_api - INFO - Found 34 subnets from CMTS_LI_SUBNETS diagnostic for AH-LC0105-CCAP201
2026-01-04 00:35:19,825 - netshot_api - INFO - Found 15 subnets from CMTS_LI_SUBNETS diagnostic for hm12abr45
2026-01-04 00:35:21,083 - netshot_api - INFO - Found 38 subnets from CMTS_LI_SUBNETS diagnostic for ad01cbr60
2026-01-04 00:35:21,804 - netshot_api - INFO - Found 51 subnets from CMTS_LI_SUBNETS diagnostic for GV-LC0006-CCAP001
2026-01-04 00:35:22,283 - netshot_api - INFO - Found 47 subnets from CMTS_LI_SUBNETS diagnostic for UT-LC0003-CCAP001
2026-01-04 00:35:22,783 - netshot_api - INFO - Found 22 subnets from CMTS_LI_SUBNETS diagnostic for HGV-LC0001-CCAP202
2026-01-04 00:35:23,365 - netshot_api - INFO - Found 20 subnets from CMTS_LI_SUBNETS diagnostic for ad14cbr60
2026-01-04 00:35:24,922 - netshot_api - INFO - Found 62 subnets from CMTS_LI_SUBNETS diagnostic for BOZ-RC0001-CCAP003
2026-01-04 00:35:25,425 - netshot_api - INFO - Found 20 subnets from CMTS_LI_SUBNETS diagnostic for lw04abr45
2026-01-04 00:35:26,293 - netshot_api - INFO - Found 25 subnets from CMTS_LI_SUBNETS diagnostic for al02cbr62
2026-01-04 00:35:27,409 - netshot_api - INFO - Found 25 subnets from CMTS_LI_SUBNETS diagnostic for ASD-LC0107-CCAP203
2026-01-04 00:35:27,724 - netshot_api - INFO - Found 24 subnets from CMTS_LI_SUBNETS diagnostic for TB-LC0042-CCAP201
2026-01-04 00:35:28,542 - netshot_api - INFO - Found 26 subnets from CMTS_LI_SUBNETS diagnostic for rt39cbr63
2026-01-04 00:35:29,172 - netshot_api - INFO - Found 6 subnets from CMTS_LI_SUBNETS diagnostic for ad01cbr62
2026-01-04 00:35:30,412 - netshot_api - INFO - Found 77 subnets from CMTS_LI_SUBNETS diagnostic for ASN-RC0002-CCAP002
2026-01-04 00:35:30,706 - netshot_api - INFO - Found 30 subnets from CMTS_LI_SUBNETS diagnostic for ah07cbr61
2026-01-04 00:35:31,374 - netshot_api - INFO - Found 20 subnets from CMTS_LI_SUBNETS diagnostic for BN-LC0001-CCAP201
2026-01-04 00:35:32,743 - netshot_api - INFO - Found 40 subnets from CMTS_LI_SUBNETS diagnostic for PM-LC0110-CCAP201
2026-01-04 00:35:33,032 - netshot_api - INFO - Found 16 subnets from CMTS_LI_SUBNETS diagnostic for DV-LC0002-CCAP001
2026-01-04 00:35:34,086 - netshot_api - INFO - Found 5 subnets from CMTS_LI_SUBNETS diagnostic for GV-RC0011-CCAP001
2026-01-04 00:35:34,401 - netshot_api - INFO - Found 46 subnets from CMTS_LI_SUBNETS diagnostic for WEER-LC0022-CCAP201
2026-01-04 00:35:35,101 - netshot_api - INFO - Found 31 subnets from CMTS_LI_SUBNETS diagnostic for CAS-LC0001-CCAP001
2026-01-04 00:35:35,747 - netshot_api - INFO - Found 15 subnets from CMTS_LI_SUBNETS diagnostic for nm08cbr69
2026-01-04 00:35:36,612 - netshot_api - INFO - Found 26 subnets from CMTS_LI_SUBNETS diagnostic for MI-LC0041-CCAP001
2026-01-04 00:35:37,123 - netshot_api - INFO - Found 13 subnets from CMTS_LI_SUBNETS diagnostic for hm17cbr60
2026-01-04 00:35:37,743 - netshot_api - INFO - Found 33 subnets from CMTS_LI_SUBNETS diagnostic for RMND-RC0001-CCAP202
2026-01-04 00:35:38,460 - netshot_api - INFO - Found 16 subnets from CMTS_LI_SUBNETS diagnostic for mt04cbr68
2026-01-04 00:35:39,109 - netshot_api - INFO - Found 22 subnets from CMTS_LI_SUBNETS diagnostic for ah03cbr63
2026-01-04 00:35:39,820 - netshot_api - INFO - Found 14 subnets from CMTS_LI_SUBNETS diagnostic for hm19cbr66
2026-01-04 00:35:40,421 - netshot_api - INFO - Found 24 subnets from CMTS_LI_SUBNETS diagnostic for ak00cbr62
2026-01-04 00:35:41,208 - netshot_api - INFO - Found 22 subnets from CMTS_LI_SUBNETS diagnostic for nm07cbr62
2026-01-04 00:35:42,290 - netshot_api - INFO - Found 57 subnets from CMTS_LI_SUBNETS diagnostic for RMND-RC0001-CCAP201
2026-01-04 00:35:42,686 - netshot_api - INFO - Found 15 subnets from CMTS_LI_SUBNETS diagnostic for ZNB-LC0001-CCAP001
2026-01-04 00:35:43,192 - netshot_api - INFO - Found 21 subnets from CMTS_LI_SUBNETS diagnostic for ad11cbr60
2026-01-04 00:35:43,905 - netshot_api - INFO - Found 30 subnets from CMTS_LI_SUBNETS diagnostic for rt03cbr62
2026-01-04 00:35:45,006 - netshot_api - INFO - Found 36 subnets from CMTS_LI_SUBNETS diagnostic for ak00cbr61
2026-01-04 00:35:45,577 - netshot_api - INFO - Found 7 subnets from CMTS_LI_SUBNETS diagnostic for mt02cbr68
2026-01-04 00:35:46,598 - netshot_api - INFO - Found 24 subnets from CMTS_LI_SUBNETS diagnostic for rt48cbr68
2026-01-04 00:35:47,405 - netshot_api - INFO - Found 73 subnets from CMTS_LI_SUBNETS diagnostic for LEDN-LC0002-CCAP001
2026-01-04 00:35:48,747 - netshot_api - INFO - Found 38 subnets from CMTS_LI_SUBNETS diagnostic for HTN-LC0002-CCAP201
2026-01-04 00:35:49,648 - netshot_api - INFO - Found 40 subnets from CMTS_LI_SUBNETS diagnostic for HZ-LC0001-CCAP002
2026-01-04 00:35:50,138 - netshot_api - INFO - Found 25 subnets from CMTS_LI_SUBNETS diagnostic for ZND-LC0032-CCAP001
2026-01-04 00:35:50,752 - netshot_api - INFO - Found 29 subnets from CMTS_LI_SUBNETS diagnostic for EDM-LC0001-CCAP001
2026-01-04 00:35:51,359 - netshot_api - INFO - Found 101 subnets from CMTS_LI_SUBNETS diagnostic for LAND-RC0001-CCAP001
2026-01-04 00:35:52,177 - netshot_api - INFO - Found 27 subnets from CMTS_LI_SUBNETS diagnostic for rt40cbr65
2026-01-04 00:35:52,698 - netshot_api - INFO - Found 47 subnets from CMTS_LI_SUBNETS diagnostic for DT-LC0001-CCAP001
2026-01-04 00:35:53,348 - netshot_api - INFO - Found 42 subnets from CMTS_LI_SUBNETS diagnostic for ad05abr40
2026-01-04 00:35:53,764 - netshot_api - INFO - Found 459 CMTS devices in group 207
2026-01-04 00:35:53,790 - __main__ - INFO - Found 459 CMTS devices
2026-01-04 00:35:53,896 - __main__ - INFO - [1/459] lw05cbr65: DHCP= (8 scopes)
2026-01-04 00:35:54,035 - __main__ - INFO - [2/459] BVK-LC0001-CCAP001: DHCP= (73 scopes)
2026-01-04 00:35:54,137 - __main__ - INFO - [3/459] WS-RC0001-CCAP002: DHCP= (28 scopes)
2026-01-04 00:35:54,240 - __main__ - INFO - [4/459] SSH-RC0004-CCAP005: DHCP= (35 scopes)
2026-01-04 00:35:54,346 - __main__ - INFO - [5/459] rt33cbr61: DHCP= (25 scopes)
2026-01-04 00:35:54,453 - __main__ - INFO - [6/459] ERB-LC0012-CCAP201: DHCP= (8 scopes)
2026-01-04 00:35:54,572 - __main__ - INFO - [7/459] ad32abr48: DHCP= (66 scopes)
2026-01-04 00:35:54,690 - __main__ - INFO - [8/459] ASD-LC0107-CCAP201: DHCP= (33 scopes)
2026-01-04 00:35:54,795 - __main__ - INFO - [9/459] WM-LC0112-CCAP202: DHCP= (13 scopes)
2026-01-04 00:35:54,904 - __main__ - INFO - [10/459] ZH-LC0001-CCAP001: DHCP= (29 scopes)
2026-01-04 00:35:55,016 - __main__ - INFO - [11/459] UT-LC0002-CCAP001: DHCP= (67 scopes)
2026-01-04 00:35:55,111 - __main__ - INFO - [12/459] RML-LC0022-CCAP201: DHCP= (30 scopes)
2026-01-04 00:35:55,204 - __main__ - INFO - [13/459] GN-LC0006-CCAP001: DHCP= (45 scopes)
2026-01-04 00:35:55,313 - __main__ - INFO - [14/459] RY-LC0031-CCAP201: DHCP= (18 scopes)
2026-01-04 00:35:55,431 - __main__ - INFO - [15/459] HGL-RC0001-CCAP201: DHCP= (38 scopes)
2026-01-04 00:35:55,551 - __main__ - INFO - [16/459] OV-LC0001-CCAP001: DHCP= (20 scopes)
2026-01-04 00:35:55,658 - __main__ - INFO - [17/459] HVS-RC0002-CCAP001: DHCP= (55 scopes)
2026-01-04 00:35:55,658 - __main__ - WARNING - [18/459] [NONAME]: Missing primary subnet or hostname
2026-01-04 00:35:55,764 - __main__ - INFO - [19/459] zv01cbr63: DHCP= (39 scopes)
2026-01-04 00:35:55,870 - __main__ - INFO - [20/459] ah00cbr67: DHCP= (32 scopes)
2026-01-04 00:35:55,982 - __main__ - INFO - [21/459] ZVB-LC0022-CCAP201: DHCP= (25 scopes)
2026-01-04 00:35:56,082 - __main__ - INFO - [22/459] nm05cbr69: DHCP= (9 scopes)
2026-01-04 00:35:56,190 - __main__ - INFO - [23/459] GR-RC0001-CCAP202: DHCP= (39 scopes)
2026-01-04 00:35:56,295 - __main__ - INFO - [24/459] NV-LC0001-CCAP001: DHCP= (30 scopes)
2026-01-04 00:35:56,395 - __main__ - INFO - [25/459] ZTM-LC0002-CCAP001: DHCP= (39 scopes)
2026-01-04 00:35:56,502 - __main__ - INFO - [26/459] TB-LC0013-CCAP001: DHCP= (27 scopes)
2026-01-04 00:35:56,612 - __main__ - INFO - [27/459] VT-LC0051-CCAP001: DHCP= (22 scopes)
2026-01-04 00:35:56,730 - __main__ - INFO - [28/459] ad32abr49: DHCP= (5 scopes)
2026-01-04 00:35:56,845 - __main__ - INFO - [29/459] ASN-LC0001-CCAP001: DHCP= (33 scopes)
2026-01-04 00:35:56,961 - __main__ - INFO - [30/459] HVS-RC0002-CCAP201: DHCP= (45 scopes)
2026-01-04 00:35:57,060 - __main__ - INFO - [31/459] BGNH-LC0001-CCAP001: DHCP= (29 scopes)
2026-01-04 00:35:57,179 - __main__ - INFO - [32/459] LML-RC0001-CCAP001: DHCP= (49 scopes)
2026-01-04 00:35:57,282 - __main__ - INFO - [33/459] HV-LC0052-CCAP201: DHCP= (17 scopes)
2026-01-04 00:35:57,282 - __main__ - WARNING - [34/459] GV-RC0011-VCAS001: Missing primary subnet or hostname
2026-01-04 00:35:57,395 - __main__ - INFO - [35/459] NM-LC0100-CCAP202: DHCP= (16 scopes)
2026-01-04 00:35:57,493 - __main__ - INFO - [36/459] HT-LC0014-CCAP001: DHCP= (20 scopes)
2026-01-04 00:35:57,601 - __main__ - INFO - [37/459] ad00cbr68: DHCP= (24 scopes)
2026-01-04 00:35:57,712 - __main__ - INFO - [38/459] zv26cbr64: DHCP= (21 scopes)
2026-01-04 00:35:57,830 - __main__ - INFO - [39/459] TB-LC0051-CCAP201: DHCP= (15 scopes)
2026-01-04 00:35:57,957 - __main__ - INFO - [40/459] hm10cbr66: DHCP= (29 scopes)
2026-01-04 00:35:58,076 - __main__ - INFO - [41/459] HT-LC0011-CCAP001: DHCP= (30 scopes)
2026-01-04 00:35:58,202 - __main__ - INFO - [42/459] lw11cbr61: DHCP= (24 scopes)
2026-01-04 00:35:58,325 - __main__ - INFO - [43/459] rt72cbr65: DHCP= (33 scopes)
2026-01-04 00:35:58,430 - __main__ - INFO - [44/459] nm01cbr62: DHCP= (37 scopes)
2026-01-04 00:35:58,555 - __main__ - INFO - [45/459] DBR-LC0001-CCAP001: DHCP= (23 scopes)
2026-01-04 00:35:58,662 - __main__ - INFO - [46/459] rt01abr47: DHCP= (17 scopes)
2026-01-04 00:35:58,762 - __main__ - INFO - [47/459] nm04cbr62: DHCP= (16 scopes)
2026-01-04 00:35:58,876 - __main__ - INFO - [48/459] BD-RC0002-CCAP002: DHCP= (53 scopes)
2026-01-04 00:35:58,979 - __main__ - INFO - [49/459] MND-RC0001-CCAP202: DHCP= (33 scopes)
2026-01-04 00:35:59,083 - __main__ - INFO - [50/459] ad00cbr65: DHCP= (47 scopes)
2026-01-04 00:35:59,209 - __main__ - INFO - [51/459] TB-RC0001-CCAP003: DHCP= (71 scopes)
2026-01-04 00:35:59,320 - __main__ - INFO - [52/459] VENR-RC0001-CCAP201: DHCP= (41 scopes)
2026-01-04 00:35:59,437 - __main__ - INFO - [53/459] MP-LC0001-CCAP201: DHCP= (55 scopes)
2026-01-04 00:35:59,542 - __main__ - INFO - [54/459] zv33cbr60: DHCP= (16 scopes)
2026-01-04 00:35:59,650 - __main__ - INFO - [55/459] zv54abr44: DHCP= (18 scopes)
2026-01-04 00:35:59,749 - __main__ - INFO - [56/459] BERH-LC0001-CCAP001: DHCP= (15 scopes)
2026-01-04 00:35:59,859 - __main__ - INFO - [57/459] ES-LC0006-CCAP001: DHCP= (35 scopes)
2026-01-04 00:35:59,962 - __main__ - INFO - [58/459] DV-LC0001-CCAP001: DHCP= (21 scopes)
2026-01-04 00:36:00,068 - __main__ - INFO - [59/459] BRGN-LC0012-CCAP201: DHCP= (28 scopes)
2026-01-04 00:36:00,175 - __main__ - INFO - [60/459] HLO-LC0001-CCAP201: DHCP= (56 scopes)
2026-01-04 00:36:00,286 - __main__ - INFO - [61/459] AL-RC0263-CCAP001: DHCP= (64 scopes)
2026-01-04 00:36:00,393 - __main__ - INFO - [62/459] rt43cbr64: DHCP= (14 scopes)
2026-01-04 00:36:00,502 - __main__ - INFO - [63/459] hm14cbr61: DHCP= (28 scopes)
2026-01-04 00:36:00,618 - __main__ - INFO - [64/459] ASV-RC0004-CCAP001: DHCP= (50 scopes)
2026-01-04 00:36:00,734 - __main__ - INFO - [65/459] LPK-LC0001-CCAP001: DHCP= (34 scopes)
2026-01-04 00:36:00,841 - __main__ - INFO - [66/459] TB-LC0043-CCAP001: DHCP= (26 scopes)
2026-01-04 00:36:00,942 - __main__ - INFO - [67/459] AL-RC0263-CCAP003: DHCP= (8 scopes)
2026-01-04 00:36:01,049 - __main__ - INFO - [68/459] OTH-LC0007-CCAP003: DHCP= (69 scopes)
2026-01-04 00:36:01,153 - __main__ - INFO - [69/459] WVN-LC0001-CCAP001: DHCP= (26 scopes)
2026-01-04 00:36:01,261 - __main__ - INFO - [70/459] LD-LC0001-CCAP001: DHCP= (65 scopes)
2026-01-04 00:36:01,370 - __main__ - INFO - [71/459] rt72cbr66: DHCP= (34 scopes)
2026-01-04 00:36:01,477 - __main__ - INFO - [72/459] KP-LC0001-CCAP002: DHCP= (53 scopes)
2026-01-04 00:36:01,580 - __main__ - INFO - [73/459] hv00cbr60: DHCP= (21 scopes)
2026-01-04 00:36:01,699 - __main__ - INFO - [74/459] LEDN-LC0001-CCAP001: DHCP= (59 scopes)
2026-01-04 00:36:01,811 - __main__ - INFO - [75/459] HEDR-LC0001-CCAP001: DHCP= (58 scopes)
2026-01-04 00:36:01,918 - __main__ - INFO - [76/459] HGV-LC0001-CCAP201: DHCP= (52 scopes)
2026-01-04 00:36:02,028 - __main__ - INFO - [77/459] VND-RC0001-CCAP002: DHCP= (44 scopes)
2026-01-04 00:36:02,142 - __main__ - INFO - [78/459] SK-RC0001-CCAP001: DHCP= (63 scopes)
2026-01-04 00:36:02,245 - __main__ - INFO - [79/459] GV-LC0005-CCAP001: DHCP= (57 scopes)
2026-01-04 00:36:02,354 - __main__ - INFO - [80/459] rt18cbr69: DHCP= (33 scopes)
2026-01-04 00:36:02,464 - __main__ - INFO - [81/459] ad11cbr65: DHCP= (29 scopes)
2026-01-04 00:36:02,464 - __main__ - WARNING - [82/459] [NONAME]: Missing primary subnet or hostname
2026-01-04 00:36:02,568 - __main__ - INFO - [83/459] VAAL-LC0011-CCAP201: DHCP= (15 scopes)
2026-01-04 00:36:02,674 - __main__ - INFO - [84/459] YM-LC0001-CCAP001: DHCP= (47 scopes)
2026-01-04 00:36:02,784 - __main__ - INFO - [85/459] nm01cbr63: DHCP= (16 scopes)
2026-01-04 00:36:02,887 - __main__ - INFO - [86/459] hm03abr48: DHCP= (19 scopes)
2026-01-04 00:36:02,989 - __main__ - INFO - [87/459] rt30cbr61: DHCP= (16 scopes)
2026-01-04 00:36:03,101 - __main__ - INFO - [88/459] KH-LC0035-CCAP001: DHCP= (30 scopes)
2026-01-04 00:36:03,198 - __main__ - INFO - [89/459] BV-LC0001-CCAP001: DHCP= (49 scopes)
2026-01-04 00:36:03,308 - __main__ - INFO - [90/459] GN-RC0001-CCAP001: DHCP= (53 scopes)
2026-01-04 00:36:03,416 - __main__ - INFO - [91/459] lw00cbr68: DHCP= (32 scopes)
2026-01-04 00:36:03,416 - __main__ - WARNING - [92/459] [NONAME]: Missing primary subnet or hostname
2026-01-04 00:36:03,540 - __main__ - INFO - [93/459] ZL-RC0001-CCAP002: DHCP= (66 scopes)
2026-01-04 00:36:03,658 - __main__ - INFO - [94/459] ap04cbr64: DHCP= (31 scopes)
2026-01-04 00:36:03,796 - __main__ - INFO - [95/459] DT-LC0002-CCAP001: DHCP= (51 scopes)
2026-01-04 00:36:03,906 - __main__ - INFO - [96/459] UD-LC0014-CCAP201: DHCP= (31 scopes)
2026-01-04 00:36:04,023 - __main__ - INFO - [97/459] LEK-LC0001-CCAP001: DHCP= (28 scopes)
2026-01-04 00:36:04,151 - __main__ - INFO - [98/459] al01cbr61: DHCP= (30 scopes)
2026-01-04 00:36:04,292 - __main__ - INFO - [99/459] ML-RC0002-CCAP201: DHCP= (20 scopes)
2026-01-04 00:36:04,409 - __main__ - INFO - [100/459] ad33abr49: DHCP= (12 scopes)
2026-01-04 00:36:04,525 - __main__ - INFO - [101/459] GENN-LC0031-CCAP201: DHCP= (28 scopes)
2026-01-04 00:36:04,643 - __main__ - INFO - [102/459] GN-LC0003-CCAP001: DHCP= (41 scopes)
2026-01-04 00:36:04,759 - __main__ - INFO - [103/459] VENL-RC0003-CCAP001: DHCP= (44 scopes)
2026-01-04 00:36:04,877 - __main__ - INFO - [104/459] SOS-LC0001-CCAP001: DHCP= (36 scopes)
2026-01-04 00:36:05,006 - __main__ - INFO - [105/459] BLT-LC0011-CCAP001: DHCP= (52 scopes)
2026-01-04 00:36:05,129 - __main__ - INFO - [106/459] GV-RC0052-CCAP002: DHCP= (57 scopes)
2026-01-04 00:36:05,251 - __main__ - INFO - [107/459] zv02abr41: DHCP= (37 scopes)
2026-01-04 00:36:05,357 - __main__ - INFO - [108/459] ap05abr41: DHCP= (15 scopes)
2026-01-04 00:36:05,469 - __main__ - INFO - [109/459] ah02cbr63: DHCP= (40 scopes)
2026-01-04 00:36:05,608 - __main__ - INFO - [110/459] BBK-LC0011-CCAP201: DHCP= (29 scopes)
2026-01-04 00:36:05,730 - __main__ - INFO - [111/459] BORN-LC0021-CCAP201: DHCP= (33 scopes)
2026-01-04 00:36:05,838 - __main__ - INFO - [112/459] RSH-LC0001-CCAP001: DHCP= (10 scopes)
2026-01-04 00:36:05,946 - __main__ - INFO - [113/459] hm03abr47: DHCP= (39 scopes)
2026-01-04 00:36:06,062 - __main__ - INFO - [114/459] ROER-LC0021-CCAP001: DHCP= (25 scopes)
2026-01-04 00:36:06,184 - __main__ - INFO - [115/459] lw10cbr60: DHCP= (31 scopes)
2026-01-04 00:36:06,310 - __main__ - INFO - [116/459] ls02abr43: DHCP= (28 scopes)
2026-01-04 00:36:06,441 - __main__ - INFO - [117/459] hm02cbr62: DHCP= (34 scopes)
2026-01-04 00:36:06,566 - __main__ - INFO - [118/459] NKK-LC0053-CCAP001: DHCP= (44 scopes)
2026-01-04 00:36:06,688 - __main__ - INFO - [119/459] ES-LC0001-CCAP001: DHCP= (34 scopes)
2026-01-04 00:36:06,814 - __main__ - INFO - [120/459] ad16abr45: DHCP= (36 scopes)
2026-01-04 00:36:06,920 - __main__ - INFO - [121/459] ap09cbr69: DHCP= (10 scopes)
2026-01-04 00:36:07,044 - __main__ - INFO - [122/459] rt72cbr67: DHCP= (41 scopes)
2026-01-04 00:36:07,158 - __main__ - INFO - [123/459] lw03cbr67: DHCP= (17 scopes)
2026-01-04 00:36:07,283 - __main__ - INFO - [124/459] rt37abr49: DHCP= (41 scopes)
2026-01-04 00:36:07,396 - __main__ - INFO - [125/459] hm05abr42: DHCP= (15 scopes)
2026-01-04 00:36:07,503 - __main__ - INFO - [126/459] hm23cbr63: DHCP= (17 scopes)
2026-01-04 00:36:07,625 - __main__ - INFO - [127/459] rt53cbr68: DHCP= (16 scopes)
2026-01-04 00:36:07,737 - __main__ - INFO - [128/459] GN-RC0001-CCAP002: DHCP= (62 scopes)
2026-01-04 00:36:07,856 - __main__ - INFO - [129/459] HHW-LC0001-CCAP001: DHCP= (67 scopes)
2026-01-04 00:36:07,960 - __main__ - INFO - [130/459] rt13cbr68: DHCP= (37 scopes)
2026-01-04 00:36:08,104 - __main__ - INFO - [131/459] rt23cbr63: DHCP= (37 scopes)
2026-01-04 00:36:08,224 - __main__ - INFO - [132/459] ZWDK-LC0001-CCAP001: DHCP= (44 scopes)
2026-01-04 00:36:08,332 - __main__ - INFO - [133/459] WRW-LC0001-CCAP001: DHCP= (17 scopes)
2026-01-04 00:36:08,439 - __main__ - INFO - [134/459] ap08abr48: DHCP= (18 scopes)
2026-01-04 00:36:08,552 - __main__ - INFO - [135/459] zv19abr43: DHCP= (19 scopes)
2026-01-04 00:36:08,665 - __main__ - INFO - [136/459] ed02cbr62: DHCP= (28 scopes)
2026-01-04 00:36:08,779 - __main__ - INFO - [137/459] rt12cbr69: DHCP= (39 scopes)
2026-01-04 00:36:08,904 - __main__ - INFO - [138/459] HGZ-LC0001-CCAP001: DHCP= (45 scopes)
2026-01-04 00:36:09,017 - __main__ - INFO - [139/459] SBRN-RC0001-CCAP202: DHCP= (22 scopes)
2026-01-04 00:36:09,134 - __main__ - INFO - [140/459] HMS-LC0001-CCAP001: DHCP= (27 scopes)
2026-01-04 00:36:09,245 - __main__ - INFO - [141/459] ad05abr44: DHCP= (46 scopes)
2026-01-04 00:36:09,343 - __main__ - INFO - [142/459] HFD-LC0011-CCAP201: DHCP= (22 scopes)
2026-01-04 00:36:09,460 - __main__ - INFO - [143/459] VB-LC0001-CCAP002: DHCP= (39 scopes)
2026-01-04 00:36:09,560 - __main__ - INFO - [144/459] SMH-LC0001-CCAP001: DHCP= (13 scopes)
2026-01-04 00:36:09,667 - __main__ - INFO - [145/459] MAS-LC0002-CCAP001: DHCP= (31 scopes)
2026-01-04 00:36:09,781 - __main__ - INFO - [146/459] DV-LC0003-CCAP001: DHCP= (21 scopes)
2026-01-04 00:36:09,883 - __main__ - INFO - [147/459] rt26cbr67: DHCP= (31 scopes)
2026-01-04 00:36:10,003 - __main__ - INFO - [148/459] ASD-LC0107-CCAP202: DHCP= (30 scopes)
2026-01-04 00:36:10,112 - __main__ - INFO - [149/459] SAK-LC0021-CCAP001: DHCP= (27 scopes)
2026-01-04 00:36:10,225 - __main__ - INFO - [150/459] TL-LC0108-CCAP201: DHCP= (28 scopes)
2026-01-04 00:36:10,324 - __main__ - INFO - [151/459] hm06cbr66: DHCP= (21 scopes)
2026-01-04 00:36:10,437 - __main__ - INFO - [152/459] MP-LC0001-CCAP202: DHCP= (7 scopes)
2026-01-04 00:36:10,536 - __main__ - INFO - [153/459] HLM-LC0122-CCAP202: DHCP= (22 scopes)
2026-01-04 00:36:10,638 - __main__ - INFO - [154/459] rt72cbr64: DHCP= (34 scopes)
2026-01-04 00:36:10,744 - __main__ - INFO - [155/459] HRST-LC0022-CCAP201: DHCP= (34 scopes)
2026-01-04 00:36:10,846 - __main__ - INFO - [156/459] zv02abr42: DHCP= (23 scopes)
2026-01-04 00:36:10,952 - __main__ - INFO - [157/459] ap02cbr62: DHCP= (12 scopes)
2026-01-04 00:36:11,053 - __main__ - INFO - [158/459] er76cbr65: DHCP= (14 scopes)
2026-01-04 00:36:11,178 - __main__ - INFO - [159/459] HEDR-LC0002-CCAP201: DHCP= (41 scopes)
2026-01-04 00:36:11,301 - __main__ - INFO - [160/459] VB-LC0001-CCAP001: DHCP= (53 scopes)
2026-01-04 00:36:11,416 - __main__ - INFO - [161/459] hm07cbr68: DHCP= (25 scopes)
2026-01-04 00:36:11,518 - __main__ - INFO - [162/459] HL-LC0001-CCAP201: DHCP= (24 scopes)
2026-01-04 00:36:11,637 - __main__ - INFO - [163/459] DV-RC0001-CCAP001: DHCP= (18 scopes)
2026-01-04 00:36:11,732 - __main__ - INFO - [164/459] ah00cbr68: DHCP= (34 scopes)
2026-01-04 00:36:11,843 - __main__ - INFO - [165/459] CA-RC0002-CCAP002: DHCP= (10 scopes)
2026-01-04 00:36:11,939 - __main__ - INFO - [166/459] HL-LC0001-CCAP001: DHCP= (14 scopes)
2026-01-04 00:36:12,036 - __main__ - INFO - [167/459] RSN-LC0004-CCAP001: DHCP= (16 scopes)
2026-01-04 00:36:12,140 - __main__ - INFO - [168/459] MSDK-LC0031-CCAP001: DHCP= (18 scopes)
2026-01-04 00:36:12,254 - __main__ - INFO - [169/459] DBR-RC0133-CCAP001: DHCP= (16 scopes)
2026-01-04 00:36:12,372 - __main__ - INFO - [170/459] rt27cbr63: DHCP= (14 scopes)
2026-01-04 00:36:12,495 - __main__ - INFO - [171/459] GV-RC0011-CCAPV001: DHCP= (68 scopes)
2026-01-04 00:36:12,612 - __main__ - INFO - [172/459] nm03cbr63: DHCP= (36 scopes)
2026-01-04 00:36:12,734 - __main__ - INFO - [173/459] MAS-LC0001-CCAP001: DHCP= (25 scopes)
2026-01-04 00:36:12,853 - __main__ - INFO - [174/459] hv01cbr69: DHCP= (21 scopes)
2026-01-04 00:36:12,958 - __main__ - INFO - [175/459] rt51cbr67: DHCP= (16 scopes)
2026-01-04 00:36:13,058 - __main__ - INFO - [176/459] rt35cbr65: DHCP= (42 scopes)
2026-01-04 00:36:13,167 - __main__ - INFO - [177/459] ZL-RC0001-CCAP001: DHCP= (60 scopes)
2026-01-04 00:36:13,277 - __main__ - INFO - [178/459] GV-LC0003-CCAP001: DHCP= (42 scopes)
2026-01-04 00:36:13,391 - __main__ - INFO - [179/459] HDB-LC0001-CCAP201: DHCP= (41 scopes)
2026-01-04 00:36:13,496 - __main__ - INFO - [180/459] rt73cbr60: DHCP= (37 scopes)
2026-01-04 00:36:13,601 - __main__ - INFO - [181/459] ES-LC0004-CCAP201: DHCP= (29 scopes)
2026-01-04 00:36:13,706 - __main__ - INFO - [182/459] mt01cbr61: DHCP= (27 scopes)
2026-01-04 00:36:13,811 - __main__ - INFO - [183/459] rt06cbr62: DHCP= (26 scopes)
2026-01-04 00:36:13,925 - __main__ - INFO - [184/459] zv01cbr64: DHCP= (9 scopes)
2026-01-04 00:36:14,045 - __main__ - INFO - [185/459] MA-LC0001-CCAP001: DHCP= (24 scopes)
2026-01-04 00:36:14,165 - __main__ - INFO - [186/459] GV-RC0011-CCAP006: DHCP= (51 scopes)
2026-01-04 00:36:14,271 - __main__ - INFO - [187/459] er60cbr69: DHCP= (34 scopes)
2026-01-04 00:36:14,366 - __main__ - INFO - [188/459] LS-LC0001-CCAP201: DHCP= (25 scopes)
2026-01-04 00:36:14,473 - __main__ - INFO - [189/459] ASD-LC0104-CCAP202: DHCP= (22 scopes)
2026-01-04 00:36:14,596 - __main__ - INFO - [190/459] MOE-LC0022-CCAP201: DHCP= (37 scopes)
2026-01-04 00:36:14,718 - __main__ - INFO - [191/459] GV-RC0011-CCAP005: DHCP= (56 scopes)
2026-01-04 00:36:14,824 - __main__ - INFO - [192/459] BLT-LC0011-CCAP002: DHCP= (38 scopes)
2026-01-04 00:36:14,931 - __main__ - INFO - [193/459] MND-RC0001-CCAP001: DHCP= (23 scopes)
2026-01-04 00:36:15,046 - __main__ - INFO - [194/459] ASV-RC0004-CCAP002: DHCP= (55 scopes)
2026-01-04 00:36:15,154 - __main__ - INFO - [195/459] hm27cbr66: DHCP= (40 scopes)
2026-01-04 00:36:15,269 - __main__ - INFO - [196/459] rt13cbr69: DHCP= (20 scopes)
2026-01-04 00:36:15,379 - __main__ - INFO - [197/459] lw08cbr68: DHCP= (29 scopes)
2026-01-04 00:36:15,489 - __main__ - INFO - [198/459] UT-LC0005-CCAP001: DHCP= (31 scopes)
2026-01-04 00:36:15,592 - __main__ - INFO - [199/459] rt25cbr62: DHCP= (7 scopes)
2026-01-04 00:36:15,711 - __main__ - INFO - [200/459] STWK-LC0001-CCAP001: DHCP= (39 scopes)
2026-01-04 00:36:15,828 - __main__ - INFO - [201/459] ap03cbr69: DHCP= (27 scopes)
2026-01-04 00:36:15,941 - __main__ - INFO - [202/459] hm13cbr66: DHCP= (13 scopes)
2026-01-04 00:36:16,054 - __main__ - INFO - [203/459] GN-RC0001-CCAP201: DHCP= (34 scopes)
2026-01-04 00:36:16,166 - __main__ - INFO - [204/459] HDR-LC0111-CCAP201: DHCP= (37 scopes)
2026-01-04 00:36:16,291 - __main__ - INFO - [205/459] GV-RC0011-CCAP004: DHCP= (57 scopes)
2026-01-04 00:36:16,410 - __main__ - INFO - [206/459] VENL-RC0003-CCAP002: DHCP= (53 scopes)
2026-01-04 00:36:16,525 - __main__ - INFO - [207/459] zv38abr48: DHCP= (43 scopes)
2026-01-04 00:36:16,654 - __main__ - INFO - [208/459] hm18cbr61: DHCP= (31 scopes)
2026-01-04 00:36:16,755 - __main__ - INFO - [209/459] rt28abr44: DHCP= (18 scopes)
2026-01-04 00:36:16,879 - __main__ - INFO - [210/459] AH-LC0105-CCAP202: DHCP= (4 scopes)
2026-01-04 00:36:17,002 - __main__ - INFO - [211/459] ah06cbr66: DHCP= (17 scopes)
2026-01-04 00:36:17,120 - __main__ - INFO - [212/459] rt42cbr69: DHCP= (26 scopes)
2026-01-04 00:36:17,253 - __main__ - INFO - [213/459] APG-LC0001-CCAP001: DHCP= (51 scopes)
2026-01-04 00:36:17,388 - __main__ - INFO - [214/459] rt19abr44: DHCP= (41 scopes)
2026-01-04 00:36:17,504 - __main__ - INFO - [215/459] DBR-RC0133-CCAP002: DHCP= (23 scopes)
2026-01-04 00:36:17,633 - __main__ - INFO - [216/459] ls05abr42: DHCP= (15 scopes)
2026-01-04 00:36:17,747 - __main__ - INFO - [217/459] BDH-LC0001-CCAP001: DHCP= (18 scopes)
2026-01-04 00:36:17,863 - __main__ - INFO - [218/459] GV-LC0009-CCAP001: DHCP= (48 scopes)
2026-01-04 00:36:17,985 - __main__ - INFO - [219/459] GELE-RC0002-CCAP202: DHCP= (44 scopes)
2026-01-04 00:36:18,088 - __main__ - INFO - [220/459] nm03cbr64: DHCP= (5 scopes)
2026-01-04 00:36:18,209 - __main__ - INFO - [221/459] NM-LC0100-CCAP201: DHCP= (40 scopes)
2026-01-04 00:36:18,327 - __main__ - INFO - [222/459] rt52cbr67: DHCP= (18 scopes)
2026-01-04 00:36:18,446 - __main__ - INFO - [223/459] zv30cbr64: DHCP= (18 scopes)
2026-01-04 00:36:18,572 - __main__ - INFO - [224/459] HLM-LC0122-CCAP203: DHCP= (58 scopes)
2026-01-04 00:36:18,701 - __main__ - INFO - [225/459] HFD-LC0002-CCAP001: DHCP= (18 scopes)
2026-01-04 00:36:18,825 - __main__ - INFO - [226/459] BD-LC0004-CCAP002: DHCP= (52 scopes)
2026-01-04 00:36:18,934 - __main__ - INFO - [227/459] hm27cbr65: DHCP= (34 scopes)
2026-01-04 00:36:19,045 - __main__ - INFO - [228/459] ad16abr43: DHCP= (52 scopes)
2026-01-04 00:36:19,154 - __main__ - INFO - [229/459] rt04abr43: DHCP= (26 scopes)
2026-01-04 00:36:19,261 - __main__ - INFO - [230/459] TTR-LC0001-CCAP001: DHCP= (12 scopes)
2026-01-04 00:36:19,368 - __main__ - INFO - [231/459] nm09cbr67: DHCP= (25 scopes)
2026-01-04 00:36:19,479 - __main__ - INFO - [232/459] GV-RC0011-CCAP003: DHCP= (62 scopes)
2026-01-04 00:36:19,585 - __main__ - INFO - [233/459] MARG-LC0022-CCAP201: DHCP= (39 scopes)
2026-01-04 00:36:19,696 - __main__ - INFO - [234/459] hm02cbr61: DHCP= (15 scopes)
2026-01-04 00:36:19,811 - __main__ - INFO - [235/459] rt14cbr61: DHCP= (36 scopes)
2026-01-04 00:36:19,919 - __main__ - INFO - [236/459] NUTH-LC0034-CCAP201: DHCP= (32 scopes)
2026-01-04 00:36:20,028 - __main__ - INFO - [237/459] er72cbr62: DHCP= (29 scopes)
2026-01-04 00:36:20,127 - __main__ - INFO - [238/459] nm10cbr62: DHCP= (29 scopes)
2026-01-04 00:36:20,225 - __main__ - INFO - [239/459] zv08cbr65: DHCP= (15 scopes)
2026-01-04 00:36:20,330 - __main__ - INFO - [240/459] TB-LC0041-CCAP201: DHCP= (39 scopes)
2026-01-04 00:36:20,434 - __main__ - INFO - [241/459] RSD-RC0001-CCAP001: DHCP= (49 scopes)
2026-01-04 00:36:20,562 - __main__ - INFO - [242/459] hm10cbr69: DHCP= (18 scopes)
2026-01-04 00:36:20,680 - __main__ - INFO - [243/459] RWK-LC0001-CCAP001: DHCP= (56 scopes)
2026-01-04 00:36:20,799 - __main__ - INFO - [244/459] ROD-LC0001-CCAP001: DHCP= (28 scopes)
2026-01-04 00:36:20,937 - __main__ - INFO - [245/459] BD-RC0002-CCAP001: DHCP= (55 scopes)
2026-01-04 00:36:21,047 - __main__ - INFO - [246/459] OS-LC0033-CCAP003: DHCP= (61 scopes)
2026-01-04 00:36:21,153 - __main__ - INFO - [247/459] ls01cbr65: DHCP= (17 scopes)
2026-01-04 00:36:21,258 - __main__ - INFO - [248/459] rt41cbr62: DHCP= (28 scopes)
2026-01-04 00:36:21,355 - __main__ - INFO - [249/459] CO-LC0001-CCAP001: DHCP= (20 scopes)
2026-01-04 00:36:21,467 - __main__ - INFO - [250/459] AL-RC0263-CCAP004: DHCP= (56 scopes)
2026-01-04 00:36:21,565 - __main__ - INFO - [251/459] er82cbr64: DHCP= (14 scopes)
2026-01-04 00:36:21,664 - __main__ - INFO - [252/459] SPK-LC0001-CCAP001: DHCP= (23 scopes)
2026-01-04 00:36:21,773 - __main__ - INFO - [253/459] RSD-LC0003-CCAP001: DHCP= (33 scopes)
2026-01-04 00:36:21,876 - __main__ - INFO - [254/459] FA-LC0021-CCAP201: DHCP= (17 scopes)
2026-01-04 00:36:21,988 - __main__ - INFO - [255/459] HT-RC0001-CCAP002: DHCP= (65 scopes)
2026-01-04 00:36:22,102 - __main__ - INFO - [256/459] HLM-LC0001-CCAP201: DHCP= (26 scopes)
2026-01-04 00:36:22,208 - __main__ - INFO - [257/459] BEEK-LC0012-CCAP201: DHCP= (43 scopes)
2026-01-04 00:36:22,318 - __main__ - INFO - [258/459] GV-LC0001-CCAP001: DHCP= (52 scopes)
2026-01-04 00:36:22,418 - __main__ - INFO - [259/459] WAR-LC0001-CCAP001: DHCP= (14 scopes)
2026-01-04 00:36:22,530 - __main__ - INFO - [260/459] KERK-LC0031-CCAP201: DHCP= (62 scopes)
2026-01-04 00:36:22,637 - __main__ - INFO - [261/459] ap10cbr60: DHCP= (41 scopes)
2026-01-04 00:36:22,739 - __main__ - INFO - [262/459] rt19abr45: DHCP= (8 scopes)
2026-01-04 00:36:22,838 - __main__ - INFO - [263/459] HM-LC0111-CCAP201: DHCP= (36 scopes)
2026-01-04 00:36:22,944 - __main__ - INFO - [264/459] ah01abr40: DHCP= (13 scopes)
2026-01-04 00:36:23,047 - __main__ - INFO - [265/459] LAND-RC0001-CCAP202: DHCP= (52 scopes)
2026-01-04 00:36:23,157 - __main__ - INFO - [266/459] OWD-LC0001-CCAP001: DHCP= (23 scopes)
2026-01-04 00:36:23,285 - __main__ - INFO - [267/459] WS-RC0001-CCAP001: DHCP= (55 scopes)
2026-01-04 00:36:23,384 - __main__ - INFO - [268/459] BDG-LC0001-CCAP001: DHCP= (21 scopes)
2026-01-04 00:36:23,496 - __main__ - INFO - [269/459] NVEN-LC0001-CCAP001: DHCP= (26 scopes)
2026-01-04 00:36:23,598 - __main__ - INFO - [270/459] BOL-LC0001-CCAP001: DHCP= (36 scopes)
2026-01-04 00:36:23,702 - __main__ - INFO - [271/459] rt54abr46: DHCP= (20 scopes)
2026-01-04 00:36:23,808 - __main__ - INFO - [272/459] AMF-RC0004-CCAP004: DHCP= (83 scopes)
2026-01-04 00:36:23,919 - __main__ - INFO - [273/459] ak00cbr60: DHCP= (44 scopes)
2026-01-04 00:36:24,054 - __main__ - INFO - [274/459] mt06cbr69: DHCP= (18 scopes)
2026-01-04 00:36:24,161 - __main__ - INFO - [275/459] HT-LC0024-CCAP001: DHCP= (29 scopes)
2026-01-04 00:36:24,312 - __main__ - INFO - [276/459] WM-LC0112-CCAP201: DHCP= (50 scopes)
2026-01-04 00:36:24,435 - __main__ - INFO - [277/459] VENL-RC0003-CCAP003: DHCP= (56 scopes)
2026-01-04 00:36:24,549 - __main__ - INFO - [278/459] er66cbr64: DHCP= (27 scopes)
2026-01-04 00:36:24,676 - __main__ - INFO - [279/459] BD-RC0002-CCAP202: DHCP= (44 scopes)
2026-01-04 00:36:24,804 - __main__ - INFO - [280/459] hv02abr42: DHCP= (6 scopes)
2026-01-04 00:36:24,926 - __main__ - INFO - [281/459] rt46cbr64: DHCP= (26 scopes)
2026-01-04 00:36:25,033 - __main__ - INFO - [282/459] HVS-LC0108-CCAP202: DHCP= (21 scopes)
2026-01-04 00:36:25,151 - __main__ - INFO - [283/459] SIMP-LC0032-CCAP201: DHCP= (15 scopes)
2026-01-04 00:36:25,251 - __main__ - INFO - [284/459] ed02cbr63: DHCP= (14 scopes)
2026-01-04 00:36:25,378 - __main__ - INFO - [285/459] ed03abr43: DHCP= (25 scopes)
2026-01-04 00:36:25,506 - __main__ - INFO - [286/459] TB-RC0001-CCAP001: DHCP= (60 scopes)
2026-01-04 00:36:25,634 - __main__ - INFO - [287/459] EMN-RC0001-CCAP002: DHCP= (50 scopes)
2026-01-04 00:36:25,759 - __main__ - INFO - [288/459] HFD-LC0013-CCAP201: DHCP= (28 scopes)
2026-01-04 00:36:25,871 - __main__ - INFO - [289/459] MRLO-LC0021-CCAP001: DHCP= (11 scopes)
2026-01-04 00:36:25,999 - __main__ - INFO - [290/459] HGL-RC0001-CCAP202: DHCP= (39 scopes)
2026-01-04 00:36:26,125 - __main__ - INFO - [291/459] rt01abr46: DHCP= (49 scopes)
2026-01-04 00:36:26,243 - __main__ - INFO - [292/459] ES-LC0003-CCAP001: DHCP= (24 scopes)
2026-01-04 00:36:26,348 - __main__ - INFO - [293/459] GV-LC0006-CCAP002: DHCP= (9 scopes)
2026-01-04 00:36:26,456 - __main__ - INFO - [294/459] lw07cbr62: DHCP= (25 scopes)
2026-01-04 00:36:26,572 - __main__ - INFO - [295/459] ad11abr47: DHCP= (89 scopes)
2026-01-04 00:36:26,697 - __main__ - INFO - [296/459] LML-RC0001-CCAP002: DHCP= (51 scopes)
2026-01-04 00:36:26,824 - __main__ - INFO - [297/459] MND-RC0001-CCAP004: DHCP= (70 scopes)
2026-01-04 00:36:26,943 - __main__ - INFO - [298/459] TL-LC0108-CCAP202: DHCP= (17 scopes)
2026-01-04 00:36:27,067 - __main__ - INFO - [299/459] hm20cbr63: DHCP= (24 scopes)
2026-01-04 00:36:27,182 - __main__ - INFO - [300/459] HOO-LC0011-CCAP201: DHCP= (20 scopes)
2026-01-04 00:36:27,288 - __main__ - INFO - [301/459] al03cbr63: DHCP= (20 scopes)
2026-01-04 00:36:27,423 - __main__ - INFO - [302/459] GLE-LC0024-CCAP001: DHCP= (31 scopes)
2026-01-04 00:36:27,534 - __main__ - INFO - [303/459] hm21cbr67: DHCP= (18 scopes)
2026-01-04 00:36:27,671 - __main__ - INFO - [304/459] rt44abr46: DHCP= (51 scopes)
2026-01-04 00:36:27,792 - __main__ - INFO - [305/459] ZTM-LC0003-CCAP001: DHCP= (44 scopes)
2026-01-04 00:36:27,914 - __main__ - INFO - [306/459] HZ-LC0002-CCAP001: DHCP= (26 scopes)
2026-01-04 00:36:28,031 - __main__ - INFO - [307/459] ah04cbr68: DHCP= (26 scopes)
2026-01-04 00:36:28,151 - __main__ - INFO - [308/459] ad05abr46: DHCP= (31 scopes)
2026-01-04 00:36:28,269 - __main__ - INFO - [309/459] rt47cbr68: DHCP= (17 scopes)
2026-01-04 00:36:28,384 - __main__ - INFO - [310/459] VESB-LC0001-CCAP001: DHCP= (32 scopes)
2026-01-04 00:36:28,504 - __main__ - INFO - [311/459] er78cbr66: DHCP= (12 scopes)
2026-01-04 00:36:28,629 - __main__ - INFO - [312/459] NW-LC0001-CCAP001: DHCP= (50 scopes)
2026-01-04 00:36:28,751 - __main__ - INFO - [313/459] lw06cbr63: DHCP= (7 scopes)
2026-01-04 00:36:28,867 - __main__ - INFO - [314/459] hm16cbr67: DHCP= (32 scopes)
2026-01-04 00:36:28,984 - __main__ - INFO - [315/459] SDL-LC0042-CCAP001: DHCP= (18 scopes)
2026-01-04 00:36:29,106 - __main__ - INFO - [316/459] ad01cbr61: DHCP= (33 scopes)
2026-01-04 00:36:29,214 - __main__ - INFO - [317/459] HVS-LC0108-CCAP201: DHCP= (36 scopes)
2026-01-04 00:36:29,346 - __main__ - INFO - [318/459] al04cbr61: DHCP= (8 scopes)
2026-01-04 00:36:29,471 - __main__ - INFO - [319/459] GN-LC0002-CCAP201: DHCP= (40 scopes)
2026-01-04 00:36:29,593 - __main__ - INFO - [320/459] ed01cbr61: DHCP= (38 scopes)
2026-01-04 00:36:29,709 - __main__ - INFO - [321/459] ZL-RC0001-CCAP003: DHCP= (70 scopes)
2026-01-04 00:36:29,837 - __main__ - INFO - [322/459] HEEM-LC0002-CCAP001: DHCP= (65 scopes)
2026-01-04 00:36:29,936 - __main__ - INFO - [323/459] ad13cbr60: DHCP= (29 scopes)
2026-01-04 00:36:30,059 - __main__ - INFO - [324/459] ap10cbr61: DHCP= (26 scopes)
2026-01-04 00:36:30,171 - __main__ - INFO - [325/459] HM-LC0111-CCAP202: DHCP= (18 scopes)
2026-01-04 00:36:30,288 - __main__ - INFO - [326/459] ad33abr47: DHCP= (62 scopes)
2026-01-04 00:36:30,407 - __main__ - INFO - [327/459] rt25cbr61: DHCP= (36 scopes)
2026-01-04 00:36:30,530 - __main__ - INFO - [328/459] zv32cbr65: DHCP= (10 scopes)
2026-01-04 00:36:30,658 - __main__ - INFO - [329/459] SK-RC0001-CCAP002: DHCP= (75 scopes)
2026-01-04 00:36:30,773 - __main__ - INFO - [330/459] hm04cbr65: DHCP= (12 scopes)
2026-01-04 00:36:30,877 - __main__ - INFO - [331/459] hm24cbr64: DHCP= (13 scopes)
2026-01-04 00:36:30,982 - __main__ - INFO - [332/459] ASD-LC0104-CCAP201: DHCP= (54 scopes)
2026-01-04 00:36:31,100 - __main__ - INFO - [333/459] MND-RC0001-CCAP005: DHCP= (71 scopes)
2026-01-04 00:36:31,213 - __main__ - INFO - [334/459] LW-LC0102-CCAP201: DHCP= (43 scopes)
2026-01-04 00:36:31,327 - __main__ - INFO - [335/459] ZOB-LC0002-CCAP001: DHCP= (48 scopes)
2026-01-04 00:36:31,444 - __main__ - INFO - [336/459] ad33abr48: DHCP= (63 scopes)
2026-01-04 00:36:31,551 - __main__ - INFO - [337/459] SSH-RC0004-CCAP004: DHCP= (54 scopes)
2026-01-04 00:36:31,671 - __main__ - INFO - [338/459] SK-RC0001-CCAP003: DHCP= (55 scopes)
2026-01-04 00:36:31,803 - __main__ - INFO - [339/459] rt05abr40: DHCP= (62 scopes)
2026-01-04 00:36:31,917 - __main__ - INFO - [340/459] SCHN-LC0013-CCAP201: DHCP= (29 scopes)
2026-01-04 00:36:32,041 - __main__ - INFO - [341/459] CU-LC0024-CCAP001: DHCP= (27 scopes)
2026-01-04 00:36:32,152 - __main__ - INFO - [342/459] WR-LC0001-CCAP001: DHCP= (43 scopes)
2026-01-04 00:36:32,266 - __main__ - INFO - [343/459] ZW-LC0001-CCAP001: DHCP= (42 scopes)
2026-01-04 00:36:32,372 - __main__ - INFO - [344/459] BD-RC0002-CCAP201: DHCP= (54 scopes)
2026-01-04 00:36:32,491 - __main__ - INFO - [345/459] VEG-LC0013-CCAP001: DHCP= (27 scopes)
2026-01-04 00:36:32,607 - __main__ - INFO - [346/459] BEN-LC0001-CCAP001: DHCP= (9 scopes)
2026-01-04 00:36:32,726 - __main__ - INFO - [347/459] HLM-LC0122-CCAP201: DHCP= (46 scopes)
2026-01-04 00:36:32,830 - __main__ - INFO - [348/459] NVEN-LC0002-CCAP001: DHCP= (18 scopes)
2026-01-04 00:36:32,949 - __main__ - INFO - [349/459] VHZ-LC0001-CCAP001: DHCP= (5 scopes)
2026-01-04 00:36:33,062 - __main__ - INFO - [350/459] al04cbr64: DHCP= (39 scopes)
2026-01-04 00:36:33,185 - __main__ - INFO - [351/459] PM-LC0110-CCAP202: DHCP= (35 scopes)
2026-01-04 00:36:33,303 - __main__ - INFO - [352/459] ad32abr47: DHCP= (70 scopes)
2026-01-04 00:36:33,423 - __main__ - INFO - [353/459] ad00cbr66: DHCP= (51 scopes)
2026-01-04 00:36:33,538 - __main__ - INFO - [354/459] OGT-LC0007-CCAP201: DHCP= (34 scopes)
2026-01-04 00:36:33,645 - __main__ - INFO - [355/459] hm09cbr60: DHCP= (15 scopes)
2026-01-04 00:36:33,758 - __main__ - INFO - [356/459] hm27cbr67: DHCP= (5 scopes)
2026-01-04 00:36:33,871 - __main__ - INFO - [357/459] BKP-LC0001-CCAP001: DHCP= (18 scopes)
2026-01-04 00:36:34,008 - __main__ - INFO - [358/459] EMN-RC0001-CCAP001: DHCP= (60 scopes)
2026-01-04 00:36:34,135 - __main__ - INFO - [359/459] ad16abr44: DHCP= (48 scopes)
2026-01-04 00:36:34,246 - __main__ - INFO - [360/459] rt29abr44: DHCP= (22 scopes)
2026-01-04 00:36:34,369 - __main__ - INFO - [361/459] MTRI-RC0001-CCAP202: DHCP= (19 scopes)
2026-01-04 00:36:34,475 - __main__ - INFO - [362/459] GN-LC0005-CCAP001: DHCP= (35 scopes)
2026-01-04 00:36:34,589 - __main__ - INFO - [363/459] ASN-RC0002-CCAP001: DHCP= (62 scopes)
2026-01-04 00:36:34,697 - __main__ - INFO - [364/459] GRD-LC0001-CCAP201: DHCP= (27 scopes)
2026-01-04 00:36:34,804 - __main__ - INFO - [365/459] ls04cbr61: DHCP= (19 scopes)
2026-01-04 00:36:34,899 - __main__ - INFO - [366/459] BT-LC0044-CCAP001: DHCP= (18 scopes)
2026-01-04 00:36:35,008 - __main__ - INFO - [367/459] AMF-RC0004-CCAP003: DHCP= (39 scopes)
2026-01-04 00:36:35,125 - __main__ - INFO - [368/459] ls00cbr60: DHCP= (5 scopes)
2026-01-04 00:36:35,233 - __main__ - INFO - [369/459] BLOK-LC0002-CCAP001: DHCP= (56 scopes)
2026-01-04 00:36:35,337 - __main__ - INFO - [370/459] HAEL-LC0012-CCAP001: DHCP= (41 scopes)
2026-01-04 00:36:35,440 - __main__ - INFO - [371/459] TB-LC0052-CCAP001: DHCP= (39 scopes)
2026-01-04 00:36:35,539 - __main__ - INFO - [372/459] mt00cbr69: DHCP= (8 scopes)
2026-01-04 00:36:35,640 - __main__ - INFO - [373/459] VENL-RC0003-CCAP201: DHCP= (14 scopes)
2026-01-04 00:36:35,742 - __main__ - INFO - [374/459] MND-RC0001-CCAP201: DHCP= (36 scopes)
2026-01-04 00:36:35,846 - __main__ - INFO - [375/459] NWK-LC0001-CCAP001: DHCP= (33 scopes)
2026-01-04 00:36:35,948 - __main__ - INFO - [376/459] TB-RC0001-CCAP002: DHCP= (4 scopes)
2026-01-04 00:36:36,057 - __main__ - INFO - [377/459] ZTM-LC0004-CCAP001: DHCP= (43 scopes)
2026-01-04 00:36:36,166 - __main__ - INFO - [378/459] SSH-RC0004-CCAP001: DHCP= (46 scopes)
2026-01-04 00:36:36,265 - __main__ - INFO - [379/459] EYSD-LC0001-CCAP201: DHCP= (18 scopes)
2026-01-04 00:36:36,372 - __main__ - INFO - [380/459] rt31cbr69: DHCP= (22 scopes)
2026-01-04 00:36:36,482 - __main__ - INFO - [381/459] SGN-LC0001-CCAP001: DHCP= (27 scopes)
2026-01-04 00:36:36,596 - __main__ - INFO - [382/459] SB-LC0013-CCAP001: DHCP= (24 scopes)
2026-01-04 00:36:36,700 - __main__ - INFO - [383/459] lw01cbr63: DHCP= (15 scopes)
2026-01-04 00:36:36,813 - __main__ - INFO - [384/459] rt32cbr64: DHCP= (31 scopes)
2026-01-04 00:36:36,912 - __main__ - INFO - [385/459] HT-RC0001-CCAP001: DHCP= (22 scopes)
2026-01-04 00:36:37,014 - __main__ - INFO - [386/459] RUP-LC0033-CCAP001: DHCP= (37 scopes)
2026-01-04 00:36:37,123 - __main__ - INFO - [387/459] GV-LC0008-CCAP001: DHCP= (47 scopes)
2026-01-04 00:36:37,219 - __main__ - INFO - [388/459] rt56cbr62: DHCP= (33 scopes)
2026-01-04 00:36:37,328 - __main__ - INFO - [389/459] BWD-LC0001-CCAP001: DHCP= (28 scopes)
2026-01-04 00:36:37,444 - __main__ - INFO - [390/459] GN-LC0004-CCAP201: DHCP= (34 scopes)
2026-01-04 00:36:37,546 - __main__ - INFO - [391/459] MSBT-RC0001-CCAP201: DHCP= (36 scopes)
2026-01-04 00:36:37,657 - __main__ - INFO - [392/459] GV-LC0011-CCAP001: DHCP= (36 scopes)
2026-01-04 00:36:37,773 - __main__ - INFO - [393/459] CA-RC0002-CCAP001: DHCP= (66 scopes)
2026-01-04 00:36:37,878 - __main__ - INFO - [394/459] BEES-LC0011-CCAP201: DHCP= (29 scopes)
2026-01-04 00:36:38,002 - __main__ - INFO - [395/459] ad00cbr67: DHCP= (43 scopes)
2026-01-04 00:36:38,111 - __main__ - INFO - [396/459] NDK-LC0001-CCAP001: DHCP= (40 scopes)
2026-01-04 00:36:38,211 - __main__ - INFO - [397/459] hm15cbr65: DHCP= (32 scopes)
2026-01-04 00:36:38,305 - __main__ - INFO - [398/459] lw09cbr69: DHCP= (29 scopes)
2026-01-04 00:36:38,433 - __main__ - INFO - [399/459] GN-LC0001-CCAP201: DHCP= (47 scopes)
2026-01-04 00:36:38,541 - __main__ - INFO - [400/459] KERK-LC0031-CCAP202: DHCP= (11 scopes)
2026-01-04 00:36:38,650 - __main__ - INFO - [401/459] MND-RC0001-CCAP003: DHCP= (60 scopes)
2026-01-04 00:36:38,752 - __main__ - INFO - [402/459] MTRI-LC0002-CCAP001: DHCP= (40 scopes)
2026-01-04 00:36:38,874 - __main__ - INFO - [403/459] HKB-LC0001-CCAP001: DHCP= (18 scopes)
2026-01-04 00:36:38,996 - __main__ - INFO - [404/459] HLEN-LC0023-CCAP001: DHCP= (48 scopes)
2026-01-04 00:36:39,114 - __main__ - INFO - [405/459] al00abr49: DHCP= (25 scopes)
2026-01-04 00:36:39,235 - __main__ - INFO - [406/459] VND-RC0001-CCAP001: DHCP= (29 scopes)
2026-01-04 00:36:39,355 - __main__ - INFO - [407/459] WD-LC0002-CCAP001: DHCP= (41 scopes)
2026-01-04 00:36:39,490 - __main__ - INFO - [408/459] rt50cbr66: DHCP= (26 scopes)
2026-01-04 00:36:39,610 - __main__ - INFO - [409/459] ls03cbr65: DHCP= (17 scopes)
2026-01-04 00:36:39,735 - __main__ - INFO - [410/459] AH-LC0105-CCAP201: DHCP= (34 scopes)
2026-01-04 00:36:39,855 - __main__ - INFO - [411/459] hm12abr45: DHCP= (15 scopes)
2026-01-04 00:36:39,991 - __main__ - INFO - [412/459] ad01cbr60: DHCP= (38 scopes)
2026-01-04 00:36:40,127 - __main__ - INFO - [413/459] GV-LC0006-CCAP001: DHCP= (51 scopes)
2026-01-04 00:36:40,258 - __main__ - INFO - [414/459] UT-LC0003-CCAP001: DHCP= (47 scopes)
2026-01-04 00:36:40,361 - __main__ - INFO - [415/459] HGV-LC0001-CCAP202: DHCP= (22 scopes)
2026-01-04 00:36:40,474 - __main__ - INFO - [416/459] ad14cbr60: DHCP= (20 scopes)
2026-01-04 00:36:40,591 - __main__ - INFO - [417/459] HRN-LC0001-CCAP201: DHCP= (27 scopes)
2026-01-04 00:36:40,715 - __main__ - INFO - [418/459] BOZ-RC0001-CCAP003: DHCP= (62 scopes)
2026-01-04 00:36:40,822 - __main__ - INFO - [419/459] lw04abr45: DHCP= (20 scopes)
2026-01-04 00:36:40,945 - __main__ - INFO - [420/459] al02cbr62: DHCP= (25 scopes)
2026-01-04 00:36:41,060 - __main__ - INFO - [421/459] ASD-LC0107-CCAP203: DHCP= (25 scopes)
2026-01-04 00:36:41,193 - __main__ - INFO - [422/459] TB-LC0042-CCAP201: DHCP= (24 scopes)
2026-01-04 00:36:41,296 - __main__ - INFO - [423/459] rt39cbr63: DHCP= (26 scopes)
2026-01-04 00:36:41,401 - __main__ - INFO - [424/459] ad01cbr62: DHCP= (6 scopes)
2026-01-04 00:36:41,539 - __main__ - INFO - [425/459] ASN-RC0002-CCAP002: DHCP= (77 scopes)
2026-01-04 00:36:41,664 - __main__ - INFO - [426/459] ah07cbr61: DHCP= (30 scopes)
2026-01-04 00:36:41,773 - __main__ - INFO - [427/459] BN-LC0001-CCAP201: DHCP= (20 scopes)
2026-01-04 00:36:41,889 - __main__ - INFO - [428/459] PM-LC0110-CCAP201: DHCP= (40 scopes)
2026-01-04 00:36:42,004 - __main__ - INFO - [429/459] DV-LC0002-CCAP001: DHCP= (16 scopes)
2026-01-04 00:36:42,112 - __main__ - INFO - [430/459] GV-RC0011-CCAP001: DHCP= (5 scopes)
2026-01-04 00:36:42,237 - __main__ - INFO - [431/459] WEER-LC0022-CCAP201: DHCP= (46 scopes)
2026-01-04 00:36:42,357 - __main__ - INFO - [432/459] CAS-LC0001-CCAP001: DHCP= (31 scopes)
2026-01-04 00:36:42,473 - __main__ - INFO - [433/459] nm08cbr69: DHCP= (15 scopes)
2026-01-04 00:36:42,586 - __main__ - INFO - [434/459] MI-LC0041-CCAP001: DHCP= (26 scopes)
2026-01-04 00:36:42,699 - __main__ - INFO - [435/459] hm17cbr60: DHCP= (13 scopes)
2026-01-04 00:36:42,825 - __main__ - INFO - [436/459] RMND-RC0001-CCAP202: DHCP= (33 scopes)
2026-01-04 00:36:42,933 - __main__ - INFO - [437/459] mt04cbr68: DHCP= (16 scopes)
2026-01-04 00:36:43,050 - __main__ - INFO - [438/459] ah03cbr63: DHCP= (22 scopes)
2026-01-04 00:36:43,163 - __main__ - INFO - [439/459] hm19cbr66: DHCP= (14 scopes)
2026-01-04 00:36:43,281 - __main__ - INFO - [440/459] ak00cbr62: DHCP= (24 scopes)
2026-01-04 00:36:43,402 - __main__ - INFO - [441/459] nm07cbr62: DHCP= (22 scopes)
2026-01-04 00:36:43,524 - __main__ - INFO - [442/459] RMND-RC0001-CCAP201: DHCP= (57 scopes)
2026-01-04 00:36:43,638 - __main__ - INFO - [443/459] ZNB-LC0001-CCAP001: DHCP= (15 scopes)
2026-01-04 00:36:43,751 - __main__ - INFO - [444/459] ad11cbr60: DHCP= (21 scopes)
2026-01-04 00:36:43,862 - __main__ - INFO - [445/459] rt03cbr62: DHCP= (30 scopes)
2026-01-04 00:36:43,976 - __main__ - INFO - [446/459] ak00cbr61: DHCP= (36 scopes)
2026-01-04 00:36:44,073 - __main__ - INFO - [447/459] mt02cbr68: DHCP= (7 scopes)
2026-01-04 00:36:44,188 - __main__ - INFO - [448/459] rt48cbr68: DHCP= (24 scopes)
2026-01-04 00:36:44,292 - __main__ - INFO - [449/459] LEDN-LC0002-CCAP001: DHCP= (73 scopes)
2026-01-04 00:36:44,394 - __main__ - INFO - [450/459] GELE-RC0002-CCAP001: DHCP= (63 scopes)
2026-01-04 00:36:44,502 - __main__ - INFO - [451/459] HTN-LC0002-CCAP201: DHCP= (38 scopes)
2026-01-04 00:36:44,611 - __main__ - INFO - [452/459] HT-LC0013-CCAP001: DHCP= (27 scopes)
2026-01-04 00:36:44,724 - __main__ - INFO - [453/459] HZ-LC0001-CCAP002: DHCP= (40 scopes)
2026-01-04 00:36:44,829 - __main__ - INFO - [454/459] ZND-LC0032-CCAP001: DHCP= (25 scopes)
2026-01-04 00:36:44,934 - __main__ - INFO - [455/459] EDM-LC0001-CCAP001: DHCP= (29 scopes)
2026-01-04 00:36:45,046 - __main__ - INFO - [456/459] LAND-RC0001-CCAP001: DHCP= (101 scopes)
2026-01-04 00:36:45,156 - __main__ - INFO - [457/459] rt40cbr65: DHCP= (27 scopes)
2026-01-04 00:36:45,264 - __main__ - INFO - [458/459] DT-LC0001-CCAP001: DHCP= (47 scopes)
2026-01-04 00:36:45,358 - __main__ - INFO - [459/459] ad05abr40: DHCP= (42 scopes)
2026-01-04 00:36:45,358 - __main__ - INFO - Cleaning up expired cache entries...
2026-01-04 00:36:45,413 - app_cache - INFO - Cleaned up 0 expired cache entries
2026-01-04 00:36:45,413 - __main__ - INFO - ============================================================
2026-01-04 00:36:45,413 - __main__ - INFO - Cache warmer completed in 373.2s
2026-01-04 00:36:45,413 - __main__ - INFO - Success: 455, Errors: 0
2026-01-04 00:36:45,413 - __main__ - INFO - ============================================================
